<?xml version="1.0" encoding="UTF-8"?>
<coverage generated="1621621812064" clover="3.2.0">
  <project timestamp="1621621812064" name="All files">
    <metrics statements="1061" coveredstatements="860" conditionals="156" coveredconditionals="88" methods="222" coveredmethods="124" elements="1439" coveredelements="1072" complexity="0" loc="1061" ncloc="1061" packages="64" files="103" classes="103"/>
    <package name="app_public">
      <metrics statements="0" coveredstatements="0" conditionals="0" coveredconditionals="0" methods="0" coveredmethods="0"/>
      <file name="karma.conf.js" path="C:/Users/Matevzv/Documents/GitHub/LP234-13/src/app_public/karma.conf.js">
        <metrics statements="0" coveredstatements="0" conditionals="0" coveredconditionals="0" methods="0" coveredmethods="0"/>
      </file>
    </package>
    <package name="app_public.coverage.lcov-report">
      <metrics statements="0" coveredstatements="0" conditionals="0" coveredconditionals="0" methods="0" coveredmethods="0"/>
      <file name="block-navigation.js" path="C:/Users/Matevzv/Documents/GitHub/LP234-13/src/app_public/coverage/lcov-report/block-navigation.js">
        <metrics statements="0" coveredstatements="0" conditionals="0" coveredconditionals="0" methods="0" coveredmethods="0"/>
      </file>
      <file name="prettify.js" path="C:/Users/Matevzv/Documents/GitHub/LP234-13/src/app_public/coverage/lcov-report/prettify.js">
        <metrics statements="0" coveredstatements="0" conditionals="0" coveredconditionals="0" methods="0" coveredmethods="0"/>
      </file>
      <file name="sorter.js" path="C:/Users/Matevzv/Documents/GitHub/LP234-13/src/app_public/coverage/lcov-report/sorter.js">
        <metrics statements="0" coveredstatements="0" conditionals="0" coveredconditionals="0" methods="0" coveredmethods="0"/>
      </file>
    </package>
    <package name="app_public.cypress">
      <metrics statements="0" coveredstatements="0" conditionals="0" coveredconditionals="0" methods="0" coveredmethods="0"/>
      <file name="coverage.webpack.js" path="C:/Users/Matevzv/Documents/GitHub/LP234-13/src/app_public/cypress/coverage.webpack.js">
        <metrics statements="0" coveredstatements="0" conditionals="0" coveredconditionals="0" methods="0" coveredmethods="0"/>
      </file>
    </package>
    <package name="app_public.cypress.integration">
      <metrics statements="0" coveredstatements="0" conditionals="0" coveredconditionals="0" methods="0" coveredmethods="0"/>
      <file name="spec.ts" path="C:/Users/Matevzv/Documents/GitHub/LP234-13/src/app_public/cypress/integration/spec.ts">
        <metrics statements="0" coveredstatements="0" conditionals="0" coveredconditionals="0" methods="0" coveredmethods="0"/>
      </file>
    </package>
    <package name="app_public.cypress.plugins">
      <metrics statements="0" coveredstatements="0" conditionals="0" coveredconditionals="0" methods="0" coveredmethods="0"/>
      <file name="cy-ts-preprocessor.js" path="C:/Users/Matevzv/Documents/GitHub/LP234-13/src/app_public/cypress/plugins/cy-ts-preprocessor.js">
        <metrics statements="0" coveredstatements="0" conditionals="0" coveredconditionals="0" methods="0" coveredmethods="0"/>
      </file>
      <file name="index.js" path="C:/Users/Matevzv/Documents/GitHub/LP234-13/src/app_public/cypress/plugins/index.js">
        <metrics statements="0" coveredstatements="0" conditionals="0" coveredconditionals="0" methods="0" coveredmethods="0"/>
      </file>
    </package>
    <package name="app_public.cypress.support">
      <metrics statements="0" coveredstatements="0" conditionals="0" coveredconditionals="0" methods="0" coveredmethods="0"/>
      <file name="commands.ts" path="C:/Users/Matevzv/Documents/GitHub/LP234-13/src/app_public/cypress/support/commands.ts">
        <metrics statements="0" coveredstatements="0" conditionals="0" coveredconditionals="0" methods="0" coveredmethods="0"/>
      </file>
      <file name="index.ts" path="C:/Users/Matevzv/Documents/GitHub/LP234-13/src/app_public/cypress/support/index.ts">
        <metrics statements="0" coveredstatements="0" conditionals="0" coveredconditionals="0" methods="0" coveredmethods="0"/>
      </file>
    </package>
    <package name="app_public.instrumented">
      <metrics statements="0" coveredstatements="0" conditionals="0" coveredconditionals="0" methods="0" coveredmethods="0"/>
      <file name="main.ts" path="C:/Users/Matevzv/Documents/GitHub/LP234-13/src/app_public/instrumented/main.ts">
        <metrics statements="0" coveredstatements="0" conditionals="0" coveredconditionals="0" methods="0" coveredmethods="0"/>
      </file>
      <file name="polyfills.ts" path="C:/Users/Matevzv/Documents/GitHub/LP234-13/src/app_public/instrumented/polyfills.ts">
        <metrics statements="0" coveredstatements="0" conditionals="0" coveredconditionals="0" methods="0" coveredmethods="0"/>
      </file>
    </package>
    <package name="app_public.instrumented.app">
      <metrics statements="0" coveredstatements="0" conditionals="0" coveredconditionals="0" methods="0" coveredmethods="0"/>
      <file name="app.module.ts" path="C:/Users/Matevzv/Documents/GitHub/LP234-13/src/app_public/instrumented/app/app.module.ts">
        <metrics statements="0" coveredstatements="0" conditionals="0" coveredconditionals="0" methods="0" coveredmethods="0"/>
      </file>
    </package>
    <package name="app_public.instrumented.app.Classes">
      <metrics statements="0" coveredstatements="0" conditionals="0" coveredconditionals="0" methods="0" coveredmethods="0"/>
      <file name="authenticationResult.ts" path="C:/Users/Matevzv/Documents/GitHub/LP234-13/src/app_public/instrumented/app/Classes/authenticationResult.ts">
        <metrics statements="0" coveredstatements="0" conditionals="0" coveredconditionals="0" methods="0" coveredmethods="0"/>
      </file>
      <file name="storage.ts" path="C:/Users/Matevzv/Documents/GitHub/LP234-13/src/app_public/instrumented/app/Classes/storage.ts">
        <metrics statements="0" coveredstatements="0" conditionals="0" coveredconditionals="0" methods="0" coveredmethods="0"/>
      </file>
    </package>
    <package name="app_public.instrumented.app.Models">
      <metrics statements="0" coveredstatements="0" conditionals="0" coveredconditionals="0" methods="0" coveredmethods="0"/>
      <file name="Comment.ts" path="C:/Users/Matevzv/Documents/GitHub/LP234-13/src/app_public/instrumented/app/Models/Comment.ts">
        <metrics statements="0" coveredstatements="0" conditionals="0" coveredconditionals="0" methods="0" coveredmethods="0"/>
      </file>
      <file name="Oglas.ts" path="C:/Users/Matevzv/Documents/GitHub/LP234-13/src/app_public/instrumented/app/Models/Oglas.ts">
        <metrics statements="0" coveredstatements="0" conditionals="0" coveredconditionals="0" methods="0" coveredmethods="0"/>
      </file>
      <file name="User.ts" path="C:/Users/Matevzv/Documents/GitHub/LP234-13/src/app_public/instrumented/app/Models/User.ts">
        <metrics statements="0" coveredstatements="0" conditionals="0" coveredconditionals="0" methods="0" coveredmethods="0"/>
      </file>
    </package>
    <package name="app_public.instrumented.app.components.home-page">
      <metrics statements="0" coveredstatements="0" conditionals="0" coveredconditionals="0" methods="0" coveredmethods="0"/>
      <file name="home-page.component.ts" path="C:/Users/Matevzv/Documents/GitHub/LP234-13/src/app_public/instrumented/app/components/home-page/home-page.component.ts">
        <metrics statements="0" coveredstatements="0" conditionals="0" coveredconditionals="0" methods="0" coveredmethods="0"/>
      </file>
    </package>
    <package name="app_public.instrumented.app.components.komentar">
      <metrics statements="0" coveredstatements="0" conditionals="0" coveredconditionals="0" methods="0" coveredmethods="0"/>
      <file name="komentar.component.ts" path="C:/Users/Matevzv/Documents/GitHub/LP234-13/src/app_public/instrumented/app/components/komentar/komentar.component.ts">
        <metrics statements="0" coveredstatements="0" conditionals="0" coveredconditionals="0" methods="0" coveredmethods="0"/>
      </file>
    </package>
    <package name="app_public.instrumented.app.components.navbar">
      <metrics statements="0" coveredstatements="0" conditionals="0" coveredconditionals="0" methods="0" coveredmethods="0"/>
      <file name="navbar.component.ts" path="C:/Users/Matevzv/Documents/GitHub/LP234-13/src/app_public/instrumented/app/components/navbar/navbar.component.ts">
        <metrics statements="0" coveredstatements="0" conditionals="0" coveredconditionals="0" methods="0" coveredmethods="0"/>
      </file>
    </package>
    <package name="app_public.instrumented.app.components.ogled-oglasa">
      <metrics statements="0" coveredstatements="0" conditionals="0" coveredconditionals="0" methods="0" coveredmethods="0"/>
      <file name="ogled-oglasa.component.ts" path="C:/Users/Matevzv/Documents/GitHub/LP234-13/src/app_public/instrumented/app/components/ogled-oglasa/ogled-oglasa.component.ts">
        <metrics statements="0" coveredstatements="0" conditionals="0" coveredconditionals="0" methods="0" coveredmethods="0"/>
      </file>
    </package>
    <package name="app_public.instrumented.app.components.ogled-profila">
      <metrics statements="0" coveredstatements="0" conditionals="0" coveredconditionals="0" methods="0" coveredmethods="0"/>
      <file name="ogled-profila.component.ts" path="C:/Users/Matevzv/Documents/GitHub/LP234-13/src/app_public/instrumented/app/components/ogled-profila/ogled-profila.component.ts">
        <metrics statements="0" coveredstatements="0" conditionals="0" coveredconditionals="0" methods="0" coveredmethods="0"/>
      </file>
    </package>
    <package name="app_public.instrumented.app.components.ogrodje">
      <metrics statements="0" coveredstatements="0" conditionals="0" coveredconditionals="0" methods="0" coveredmethods="0"/>
      <file name="ogrodje.component.ts" path="C:/Users/Matevzv/Documents/GitHub/LP234-13/src/app_public/instrumented/app/components/ogrodje/ogrodje.component.ts">
        <metrics statements="0" coveredstatements="0" conditionals="0" coveredconditionals="0" methods="0" coveredmethods="0"/>
      </file>
    </package>
    <package name="app_public.instrumented.app.components.profil-uporabnika">
      <metrics statements="0" coveredstatements="0" conditionals="0" coveredconditionals="0" methods="0" coveredmethods="0"/>
      <file name="profil-uporabnika.component.ts" path="C:/Users/Matevzv/Documents/GitHub/LP234-13/src/app_public/instrumented/app/components/profil-uporabnika/profil-uporabnika.component.ts">
        <metrics statements="0" coveredstatements="0" conditionals="0" coveredconditionals="0" methods="0" coveredmethods="0"/>
      </file>
    </package>
    <package name="app_public.instrumented.app.components.registracija">
      <metrics statements="0" coveredstatements="0" conditionals="0" coveredconditionals="0" methods="0" coveredmethods="0"/>
      <file name="registracija.component.ts" path="C:/Users/Matevzv/Documents/GitHub/LP234-13/src/app_public/instrumented/app/components/registracija/registracija.component.ts">
        <metrics statements="0" coveredstatements="0" conditionals="0" coveredconditionals="0" methods="0" coveredmethods="0"/>
      </file>
    </package>
    <package name="app_public.instrumented.app.components.urejanje-profila">
      <metrics statements="0" coveredstatements="0" conditionals="0" coveredconditionals="0" methods="0" coveredmethods="0"/>
      <file name="urejanje-profila.component.ts" path="C:/Users/Matevzv/Documents/GitHub/LP234-13/src/app_public/instrumented/app/components/urejanje-profila/urejanje-profila.component.ts">
        <metrics statements="0" coveredstatements="0" conditionals="0" coveredconditionals="0" methods="0" coveredmethods="0"/>
      </file>
    </package>
    <package name="app_public.instrumented.app.components.vsi-oglasi">
      <metrics statements="0" coveredstatements="0" conditionals="0" coveredconditionals="0" methods="0" coveredmethods="0"/>
      <file name="vsi-oglasi.component.ts" path="C:/Users/Matevzv/Documents/GitHub/LP234-13/src/app_public/instrumented/app/components/vsi-oglasi/vsi-oglasi.component.ts">
        <metrics statements="0" coveredstatements="0" conditionals="0" coveredconditionals="0" methods="0" coveredmethods="0"/>
      </file>
    </package>
    <package name="app_public.instrumented.app.components.vsi-oglasi.oglas">
      <metrics statements="0" coveredstatements="0" conditionals="0" coveredconditionals="0" methods="0" coveredmethods="0"/>
      <file name="oglas.component.ts" path="C:/Users/Matevzv/Documents/GitHub/LP234-13/src/app_public/instrumented/app/components/vsi-oglasi/oglas/oglas.component.ts">
        <metrics statements="0" coveredstatements="0" conditionals="0" coveredconditionals="0" methods="0" coveredmethods="0"/>
      </file>
    </package>
    <package name="app_public.instrumented.app.pipes">
      <metrics statements="0" coveredstatements="0" conditionals="0" coveredconditionals="0" methods="0" coveredmethods="0"/>
      <file name="invert.pipe.ts" path="C:/Users/Matevzv/Documents/GitHub/LP234-13/src/app_public/instrumented/app/pipes/invert.pipe.ts">
        <metrics statements="0" coveredstatements="0" conditionals="0" coveredconditionals="0" methods="0" coveredmethods="0"/>
      </file>
    </package>
    <package name="app_public.instrumented.app.services">
      <metrics statements="0" coveredstatements="0" conditionals="0" coveredconditionals="0" methods="0" coveredmethods="0"/>
      <file name="app-data.service.ts" path="C:/Users/Matevzv/Documents/GitHub/LP234-13/src/app_public/instrumented/app/services/app-data.service.ts">
        <metrics statements="0" coveredstatements="0" conditionals="0" coveredconditionals="0" methods="0" coveredmethods="0"/>
      </file>
      <file name="authentication.service.ts" path="C:/Users/Matevzv/Documents/GitHub/LP234-13/src/app_public/instrumented/app/services/authentication.service.ts">
        <metrics statements="0" coveredstatements="0" conditionals="0" coveredconditionals="0" methods="0" coveredmethods="0"/>
      </file>
      <file name="oglasi.service.ts" path="C:/Users/Matevzv/Documents/GitHub/LP234-13/src/app_public/instrumented/app/services/oglasi.service.ts">
        <metrics statements="0" coveredstatements="0" conditionals="0" coveredconditionals="0" methods="0" coveredmethods="0"/>
      </file>
    </package>
    <package name="app_public.instrumented.environments">
      <metrics statements="0" coveredstatements="0" conditionals="0" coveredconditionals="0" methods="0" coveredmethods="0"/>
      <file name="environment.prod.ts" path="C:/Users/Matevzv/Documents/GitHub/LP234-13/src/app_public/instrumented/environments/environment.prod.ts">
        <metrics statements="0" coveredstatements="0" conditionals="0" coveredconditionals="0" methods="0" coveredmethods="0"/>
      </file>
      <file name="environment.ts" path="C:/Users/Matevzv/Documents/GitHub/LP234-13/src/app_public/instrumented/environments/environment.ts">
        <metrics statements="0" coveredstatements="0" conditionals="0" coveredconditionals="0" methods="0" coveredmethods="0"/>
      </file>
    </package>
    <package name="app_public.src">
      <metrics statements="4" coveredstatements="2" conditionals="2" coveredconditionals="1" methods="1" coveredmethods="0"/>
      <file name="main.ts" path="C:\Users\Matevzv\Documents\GitHub\LP234-13\src\app_public\src\main.ts">
        <metrics statements="4" coveredstatements="2" conditionals="2" coveredconditionals="1" methods="1" coveredmethods="0"/>
        <line num="7" count="52" type="cond" truecount="1" falsecount="1"/>
        <line num="8" count="0" type="stmt"/>
        <line num="11" count="52" type="stmt"/>
        <line num="12" count="0" type="stmt"/>
      </file>
      <file name="test.ts" path="C:/Users/Matevzv/Documents/GitHub/LP234-13/src/app_public/src/test.ts">
        <metrics statements="0" coveredstatements="0" conditionals="0" coveredconditionals="0" methods="0" coveredmethods="0"/>
      </file>
    </package>
    <package name="app_public.src.app">
      <metrics statements="2" coveredstatements="2" conditionals="5" coveredconditionals="4" methods="1" coveredmethods="1"/>
      <file name="app.module.ts" path="C:\Users\Matevzv\Documents\GitHub\LP234-13\src\app_public\src\app\app.module.ts">
        <metrics statements="2" coveredstatements="2" conditionals="5" coveredconditionals="4" methods="1" coveredmethods="1"/>
        <line num="75" count="52" type="stmt"/>
        <line num="78" count="104" type="cond" truecount="4" falsecount="1"/>
      </file>
    </package>
    <package name="app_public.src.app.Classes">
      <metrics statements="2" coveredstatements="2" conditionals="0" coveredconditionals="0" methods="1" coveredmethods="1"/>
      <file name="authenticationResult.ts" path="C:/Users/Matevzv/Documents/GitHub/LP234-13/src/app_public/src/app/Classes/authenticationResult.ts">
        <metrics statements="0" coveredstatements="0" conditionals="0" coveredconditionals="0" methods="0" coveredmethods="0"/>
      </file>
      <file name="storage.ts" path="C:\Users\Matevzv\Documents\GitHub\LP234-13\src\app_public\src\app\Classes\storage.ts">
        <metrics statements="2" coveredstatements="2" conditionals="0" coveredconditionals="0" methods="1" coveredmethods="1"/>
        <line num="3" count="52" type="stmt"/>
        <line num="7" count="52" type="stmt"/>
      </file>
    </package>
    <package name="app_public.src.app.Models">
      <metrics statements="0" coveredstatements="0" conditionals="0" coveredconditionals="0" methods="0" coveredmethods="0"/>
      <file name="User.ts" path="C:/Users/Matevzv/Documents/GitHub/LP234-13/src/app_public/src/app/Models/User.ts">
        <metrics statements="0" coveredstatements="0" conditionals="0" coveredconditionals="0" methods="0" coveredmethods="0"/>
      </file>
    </package>
    <package name="app_public.src.app.components.hitri-kontakti">
      <metrics statements="13" coveredstatements="1" conditionals="2" coveredconditionals="0" methods="4" coveredmethods="0"/>
      <file name="hitri-kontakti.component.html" path="C:\Users\Matevzv\Documents\GitHub\LP234-13\src\app_public\src\app\components\hitri-kontakti\hitri-kontakti.component.html">
        <metrics statements="7" coveredstatements="0" conditionals="0" coveredconditionals="0" methods="0" coveredmethods="0"/>
        <line num="1" count="0" type="stmt"/>
        <line num="3" count="0" type="stmt"/>
        <line num="4" count="0" type="stmt"/>
        <line num="5" count="0" type="stmt"/>
        <line num="6" count="0" type="stmt"/>
        <line num="8" count="0" type="stmt"/>
        <line num="10" count="0" type="stmt"/>
      </file>
      <file name="hitri-kontakti.component.ts" path="C:\Users\Matevzv\Documents\GitHub\LP234-13\src\app_public\src\app\components\hitri-kontakti\hitri-kontakti.component.ts">
        <metrics statements="6" coveredstatements="1" conditionals="2" coveredconditionals="0" methods="4" coveredmethods="0"/>
        <line num="12" count="52" type="cond" truecount="0" falsecount="2"/>
        <line num="14" count="0" type="stmt"/>
        <line num="20" count="0" type="stmt"/>
        <line num="21" count="0" type="stmt"/>
        <line num="22" count="0" type="stmt"/>
        <line num="27" count="0" type="stmt"/>
      </file>
    </package>
    <package name="app_public.src.app.components.hitri-kontakti.kontakt">
      <metrics statements="9" coveredstatements="1" conditionals="2" coveredconditionals="0" methods="3" coveredmethods="0"/>
      <file name="kontakt.component.html" path="C:\Users\Matevzv\Documents\GitHub\LP234-13\src\app_public\src\app\components\hitri-kontakti\kontakt\kontakt.component.html">
        <metrics statements="8" coveredstatements="0" conditionals="0" coveredconditionals="0" methods="0" coveredmethods="0"/>
        <line num="1" count="0" type="stmt"/>
        <line num="2" count="0" type="stmt"/>
        <line num="3" count="0" type="stmt"/>
        <line num="4" count="0" type="stmt"/>
        <line num="5" count="0" type="stmt"/>
        <line num="6" count="0" type="stmt"/>
        <line num="7" count="0" type="stmt"/>
        <line num="8" count="0" type="stmt"/>
      </file>
      <file name="kontakt.component.ts" path="C:\Users\Matevzv\Documents\GitHub\LP234-13\src\app_public\src\app\components\hitri-kontakti\kontakt\kontakt.component.ts">
        <metrics statements="1" coveredstatements="1" conditionals="2" coveredconditionals="0" methods="3" coveredmethods="0"/>
        <line num="8" count="52" type="cond" truecount="0" falsecount="2"/>
      </file>
    </package>
    <package name="app_public.src.app.components.home-page">
      <metrics statements="31" coveredstatements="31" conditionals="2" coveredconditionals="2" methods="7" coveredmethods="7"/>
      <file name="home-page.component.html" path="C:\Users\Matevzv\Documents\GitHub\LP234-13\src\app_public\src\app\components\home-page\home-page.component.html">
        <metrics statements="22" coveredstatements="22" conditionals="0" coveredconditionals="0" methods="1" coveredmethods="1"/>
        <line num="1" count="45" type="stmt"/>
        <line num="2" count="45" type="stmt"/>
        <line num="3" count="45" type="stmt"/>
        <line num="6" count="45" type="stmt"/>
        <line num="7" count="45" type="stmt"/>
        <line num="8" count="45" type="stmt"/>
        <line num="9" count="45" type="stmt"/>
        <line num="10" count="45" type="stmt"/>
        <line num="11" count="45" type="stmt"/>
        <line num="12" count="45" type="stmt"/>
        <line num="13" count="45" type="stmt"/>
        <line num="14" count="45" type="stmt"/>
        <line num="15" count="45" type="stmt"/>
        <line num="16" count="45" type="stmt"/>
        <line num="17" count="45" type="stmt"/>
        <line num="18" count="45" type="stmt"/>
        <line num="19" count="45" type="stmt"/>
        <line num="20" count="45" type="stmt"/>
        <line num="21" count="45" type="stmt"/>
        <line num="22" count="45" type="stmt"/>
        <line num="24" count="45" type="stmt"/>
        <line num="25" count="45" type="stmt"/>
      </file>
      <file name="home-page.component.ts" path="C:\Users\Matevzv\Documents\GitHub\LP234-13\src\app_public\src\app\components\home-page\home-page.component.ts">
        <metrics statements="9" coveredstatements="9" conditionals="2" coveredconditionals="2" methods="6" coveredmethods="6"/>
        <line num="12" count="97" type="cond" truecount="2" falsecount="0"/>
        <line num="17" count="45" type="stmt"/>
        <line num="29" count="34" type="stmt"/>
        <line num="30" count="34" type="stmt"/>
        <line num="31" count="34" type="stmt"/>
        <line num="32" count="34" type="stmt"/>
        <line num="33" count="34" type="stmt"/>
        <line num="34" count="32" type="stmt"/>
        <line num="36" count="2" type="stmt"/>
      </file>
    </package>
    <package name="app_public.src.app.components.komentar">
      <metrics statements="5" coveredstatements="1" conditionals="4" coveredconditionals="0" methods="3" coveredmethods="0"/>
      <file name="komentar.component.html" path="C:\Users\Matevzv\Documents\GitHub\LP234-13\src\app_public\src\app\components\komentar\komentar.component.html">
        <metrics statements="1" coveredstatements="0" conditionals="0" coveredconditionals="0" methods="0" coveredmethods="0"/>
        <line num="1" count="0" type="stmt"/>
      </file>
      <file name="komentar.component.ts" path="C:\Users\Matevzv\Documents\GitHub\LP234-13\src\app_public\src\app\components\komentar\komentar.component.ts">
        <metrics statements="4" coveredstatements="1" conditionals="4" coveredconditionals="0" methods="3" coveredmethods="0"/>
        <line num="9" count="52" type="cond" truecount="0" falsecount="2"/>
        <line num="15" count="0" type="cond" truecount="0" falsecount="2"/>
        <line num="16" count="0" type="stmt"/>
        <line num="18" count="0" type="stmt"/>
      </file>
    </package>
    <package name="app_public.src.app.components.navbar">
      <metrics statements="16" coveredstatements="13" conditionals="2" coveredconditionals="2" methods="8" coveredmethods="4"/>
      <file name="navbar.component.html" path="C:\Users\Matevzv\Documents\GitHub\LP234-13\src\app_public\src\app\components\navbar\navbar.component.html">
        <metrics statements="10" coveredstatements="10" conditionals="0" coveredconditionals="0" methods="2" coveredmethods="0"/>
        <line num="1" count="76" type="stmt"/>
        <line num="2" count="76" type="stmt"/>
        <line num="3" count="76" type="stmt"/>
        <line num="5" count="76" type="stmt"/>
        <line num="6" count="76" type="stmt"/>
        <line num="7" count="76" type="stmt"/>
        <line num="8" count="76" type="stmt"/>
        <line num="9" count="2500" type="stmt"/>
        <line num="10" count="76" type="stmt"/>
        <line num="11" count="76" type="stmt"/>
      </file>
      <file name="navbar.component.ts" path="C:\Users\Matevzv\Documents\GitHub\LP234-13\src\app_public\src\app\components\navbar\navbar.component.ts">
        <metrics statements="6" coveredstatements="3" conditionals="2" coveredconditionals="2" methods="6" coveredmethods="4"/>
        <line num="10" count="128" type="cond" truecount="2" falsecount="0"/>
        <line num="12" count="76" type="stmt"/>
        <line num="18" count="0" type="stmt"/>
        <line num="19" count="0" type="stmt"/>
        <line num="23" count="1250" type="stmt"/>
        <line num="27" count="0" type="stmt"/>
      </file>
    </package>
    <package name="app_public.src.app.components.oglasi-profila">
      <metrics statements="25" coveredstatements="22" conditionals="2" coveredconditionals="2" methods="8" coveredmethods="5"/>
      <file name="oglasi-profila.component.html" path="C:\Users\Matevzv\Documents\GitHub\LP234-13\src\app_public\src\app\components\oglasi-profila\oglasi-profila.component.html">
        <metrics statements="15" coveredstatements="15" conditionals="0" coveredconditionals="0" methods="1" coveredmethods="0"/>
        <line num="1" count="2" type="stmt"/>
        <line num="2" count="2" type="stmt"/>
        <line num="3" count="2" type="stmt"/>
        <line num="4" count="2" type="stmt"/>
        <line num="5" count="2" type="stmt"/>
        <line num="6" count="2" type="stmt"/>
        <line num="7" count="2" type="stmt"/>
        <line num="8" count="56" type="stmt"/>
        <line num="9" count="16" type="stmt"/>
        <line num="10" count="2" type="stmt"/>
        <line num="11" count="2" type="stmt"/>
        <line num="12" count="2" type="stmt"/>
        <line num="15" count="2" type="stmt"/>
        <line num="16" count="2" type="stmt"/>
        <line num="18" count="2" type="stmt"/>
      </file>
      <file name="oglasi-profila.component.ts" path="C:\Users\Matevzv\Documents\GitHub\LP234-13\src\app_public\src\app\components\oglasi-profila\oglasi-profila.component.ts">
        <metrics statements="10" coveredstatements="7" conditionals="2" coveredconditionals="2" methods="7" coveredmethods="5"/>
        <line num="13" count="54" type="cond" truecount="2" falsecount="0"/>
        <line num="18" count="2" type="stmt"/>
        <line num="21" count="2" type="stmt"/>
        <line num="22" count="2" type="stmt"/>
        <line num="26" count="2" type="stmt"/>
        <line num="27" count="2" type="stmt"/>
        <line num="28" count="2" type="stmt"/>
        <line num="30" count="0" type="stmt"/>
        <line num="31" count="0" type="stmt"/>
        <line num="36" count="0" type="stmt"/>
      </file>
    </package>
    <package name="app_public.src.app.components.oglasi-profila.oglas">
      <metrics statements="0" coveredstatements="0" conditionals="0" coveredconditionals="0" methods="0" coveredmethods="0"/>
      <file name="oglas.component.ts" path="C:/Users/Matevzv/Documents/GitHub/LP234-13/src/app_public/src/app/components/oglasi-profila/oglas/oglas.component.ts">
        <metrics statements="0" coveredstatements="0" conditionals="0" coveredconditionals="0" methods="0" coveredmethods="0"/>
      </file>
    </package>
    <package name="app_public.src.app.components.ogled-oglasa">
      <metrics statements="153" coveredstatements="135" conditionals="10" coveredconditionals="8" methods="20" coveredmethods="8"/>
      <file name="ogled-oglasa.component.html" path="C:\Users\Matevzv\Documents\GitHub\LP234-13\src\app_public\src\app\components\ogled-oglasa\ogled-oglasa.component.html">
        <metrics statements="114" coveredstatements="114" conditionals="2" coveredconditionals="2" methods="4" coveredmethods="1"/>
        <line num="1" count="11" type="stmt"/>
        <line num="2" count="11" type="stmt"/>
        <line num="4" count="336" type="stmt"/>
        <line num="5" count="11" type="stmt"/>
        <line num="6" count="11" type="stmt"/>
        <line num="7" count="11" type="stmt"/>
        <line num="8" count="11" type="stmt"/>
        <line num="9" count="11" type="stmt"/>
        <line num="10" count="11" type="stmt"/>
        <line num="11" count="11" type="stmt"/>
        <line num="12" count="11" type="stmt"/>
        <line num="13" count="11" type="stmt"/>
        <line num="14" count="11" type="stmt"/>
        <line num="15" count="127" type="stmt"/>
        <line num="16" count="11" type="stmt"/>
        <line num="17" count="116" type="cond" truecount="2" falsecount="0"/>
        <line num="18" count="7" type="stmt"/>
        <line num="19" count="7" type="stmt"/>
        <line num="20" count="7" type="stmt"/>
        <line num="21" count="7" type="stmt"/>
        <line num="22" count="7" type="stmt"/>
        <line num="23" count="7" type="stmt"/>
        <line num="24" count="7" type="stmt"/>
        <line num="25" count="11" type="stmt"/>
        <line num="27" count="11" type="stmt"/>
        <line num="28" count="11" type="stmt"/>
        <line num="29" count="11" type="stmt"/>
        <line num="30" count="108" type="stmt"/>
        <line num="31" count="11" type="stmt"/>
        <line num="32" count="11" type="stmt"/>
        <line num="33" count="11" type="stmt"/>
        <line num="34" count="11" type="stmt"/>
        <line num="35" count="11" type="stmt"/>
        <line num="36" count="11" type="stmt"/>
        <line num="37" count="11" type="stmt"/>
        <line num="38" count="11" type="stmt"/>
        <line num="40" count="11" type="stmt"/>
        <line num="41" count="11" type="stmt"/>
        <line num="42" count="119" type="stmt"/>
        <line num="43" count="11" type="stmt"/>
        <line num="44" count="11" type="stmt"/>
        <line num="45" count="11" type="stmt"/>
        <line num="47" count="11" type="stmt"/>
        <line num="48" count="11" type="stmt"/>
        <line num="49" count="11" type="stmt"/>
        <line num="50" count="11" type="stmt"/>
        <line num="52" count="11" type="stmt"/>
        <line num="53" count="119" type="stmt"/>
        <line num="54" count="11" type="stmt"/>
        <line num="55" count="11" type="stmt"/>
        <line num="57" count="11" type="stmt"/>
        <line num="58" count="11" type="stmt"/>
        <line num="61" count="11" type="stmt"/>
        <line num="64" count="11" type="stmt"/>
        <line num="67" count="11" type="stmt"/>
        <line num="68" count="11" type="stmt"/>
        <line num="69" count="11" type="stmt"/>
        <line num="70" count="11" type="stmt"/>
        <line num="71" count="11" type="stmt"/>
        <line num="72" count="11" type="stmt"/>
        <line num="73" count="11" type="stmt"/>
        <line num="74" count="11" type="stmt"/>
        <line num="75" count="11" type="stmt"/>
        <line num="76" count="108" type="stmt"/>
        <line num="77" count="11" type="stmt"/>
        <line num="78" count="11" type="stmt"/>
        <line num="79" count="11" type="stmt"/>
        <line num="80" count="108" type="stmt"/>
        <line num="81" count="11" type="stmt"/>
        <line num="82" count="11" type="stmt"/>
        <line num="83" count="11" type="stmt"/>
        <line num="84" count="11" type="stmt"/>
        <line num="85" count="11" type="stmt"/>
        <line num="87" count="11" type="stmt"/>
        <line num="88" count="11" type="stmt"/>
        <line num="89" count="108" type="stmt"/>
        <line num="90" count="11" type="stmt"/>
        <line num="91" count="11" type="stmt"/>
        <line num="92" count="11" type="stmt"/>
        <line num="93" count="11" type="stmt"/>
        <line num="94" count="11" type="stmt"/>
        <line num="95" count="11" type="stmt"/>
        <line num="96" count="11" type="stmt"/>
        <line num="97" count="11" type="stmt"/>
        <line num="98" count="11" type="stmt"/>
        <line num="99" count="11" type="stmt"/>
        <line num="100" count="11" type="stmt"/>
        <line num="101" count="11" type="stmt"/>
        <line num="103" count="11" type="stmt"/>
        <line num="104" count="11" type="stmt"/>
        <line num="105" count="11" type="stmt"/>
        <line num="107" count="11" type="stmt"/>
        <line num="108" count="11" type="stmt"/>
        <line num="109" count="11" type="stmt"/>
        <line num="110" count="11" type="stmt"/>
        <line num="111" count="11" type="stmt"/>
        <line num="112" count="11" type="stmt"/>
        <line num="113" count="11" type="stmt"/>
        <line num="114" count="11" type="stmt"/>
        <line num="115" count="11" type="stmt"/>
        <line num="116" count="11" type="stmt"/>
        <line num="117" count="11" type="stmt"/>
        <line num="118" count="11" type="stmt"/>
        <line num="119" count="11" type="stmt"/>
        <line num="120" count="11" type="stmt"/>
        <line num="121" count="11" type="stmt"/>
        <line num="122" count="11" type="stmt"/>
        <line num="123" count="11" type="stmt"/>
        <line num="124" count="11" type="stmt"/>
        <line num="125" count="11" type="stmt"/>
        <line num="126" count="11" type="stmt"/>
        <line num="127" count="11" type="stmt"/>
        <line num="128" count="11" type="stmt"/>
        <line num="131" count="11" type="stmt"/>
      </file>
      <file name="ogled-oglasa.component.ts" path="C:\Users\Matevzv\Documents\GitHub\LP234-13\src\app_public\src\app\components\ogled-oglasa\ogled-oglasa.component.ts">
        <metrics statements="39" coveredstatements="21" conditionals="8" coveredconditionals="6" methods="16" coveredmethods="7"/>
        <line num="16" count="63" type="cond" truecount="2" falsecount="0"/>
        <line num="21" count="11" type="stmt"/>
        <line num="24" count="11" type="stmt"/>
        <line num="25" count="11" type="stmt"/>
        <line num="26" count="11" type="stmt"/>
        <line num="35" count="11" type="stmt"/>
        <line num="36" count="11" type="stmt"/>
        <line num="37" count="11" type="stmt"/>
        <line num="39" count="0" type="stmt"/>
        <line num="40" count="0" type="stmt"/>
        <line num="45" count="0" type="stmt"/>
        <line num="49" count="0" type="stmt"/>
        <line num="50" count="0" type="stmt"/>
        <line num="51" count="0" type="stmt"/>
        <line num="52" count="0" type="stmt"/>
        <line num="54" count="0" type="stmt"/>
        <line num="55" count="0" type="stmt"/>
        <line num="60" count="3" type="stmt"/>
        <line num="61" count="3" type="cond" truecount="2" falsecount="0"/>
        <line num="62" count="1" type="stmt"/>
        <line num="64" count="2" type="stmt"/>
        <line num="65" count="2" type="stmt"/>
        <line num="67" count="1" type="cond" truecount="1" falsecount="1"/>
        <line num="68" count="1" type="stmt"/>
        <line num="70" count="0" type="stmt"/>
        <line num="71" count="0" type="stmt"/>
        <line num="73" count="1" type="stmt"/>
        <line num="74" count="1" type="cond" truecount="1" falsecount="1"/>
        <line num="75" count="0" type="stmt"/>
        <line num="77" count="1" type="stmt"/>
        <line num="79" count="1" type="stmt"/>
        <line num="80" count="1" type="stmt"/>
        <line num="81" count="1" type="stmt"/>
        <line num="84" count="0" type="stmt"/>
        <line num="85" count="0" type="stmt"/>
        <line num="90" count="0" type="stmt"/>
        <line num="91" count="0" type="stmt"/>
        <line num="95" count="0" type="stmt"/>
        <line num="99" count="0" type="stmt"/>
      </file>
    </package>
    <package name="app_public.src.app.components.ogled-profila">
      <metrics statements="177" coveredstatements="153" conditionals="20" coveredconditionals="12" methods="28" coveredmethods="16"/>
      <file name="ogled-profila.component.html" path="C:\Users\Matevzv\Documents\GitHub\LP234-13\src\app_public\src\app\components\ogled-profila\ogled-profila.component.html">
        <metrics statements="132" coveredstatements="127" conditionals="12" coveredconditionals="7" methods="7" coveredmethods="4"/>
        <line num="1" count="16" type="stmt"/>
        <line num="2" count="16" type="stmt"/>
        <line num="4" count="596" type="stmt"/>
        <line num="5" count="16" type="stmt"/>
        <line num="6" count="16" type="stmt"/>
        <line num="7" count="16" type="stmt"/>
        <line num="8" count="16" type="stmt"/>
        <line num="9" count="16" type="stmt"/>
        <line num="10" count="16" type="stmt"/>
        <line num="11" count="16" type="stmt"/>
        <line num="12" count="16" type="stmt"/>
        <line num="13" count="16" type="stmt"/>
        <line num="14" count="16" type="stmt"/>
        <line num="15" count="16" type="stmt"/>
        <line num="16" count="16" type="stmt"/>
        <line num="17" count="16" type="stmt"/>
        <line num="19" count="16" type="stmt"/>
        <line num="21" count="228" type="stmt"/>
        <line num="22" count="228" type="stmt"/>
        <line num="23" count="228" type="stmt"/>
        <line num="24" count="16" type="stmt"/>
        <line num="25" count="16" type="stmt"/>
        <line num="26" count="16" type="stmt"/>
        <line num="27" count="16" type="stmt"/>
        <line num="28" count="16" type="stmt"/>
        <line num="29" count="16" type="stmt"/>
        <line num="31" count="16" type="stmt"/>
        <line num="32" count="16" type="stmt"/>
        <line num="33" count="16" type="stmt"/>
        <line num="34" count="16" type="stmt"/>
        <line num="35" count="212" type="cond" truecount="2" falsecount="0"/>
        <line num="36" count="212" type="cond" truecount="1" falsecount="1"/>
        <line num="37" count="212" type="cond" truecount="1" falsecount="1"/>
        <line num="38" count="212" type="cond" truecount="1" falsecount="1"/>
        <line num="39" count="212" type="cond" truecount="1" falsecount="1"/>
        <line num="40" count="16" type="stmt"/>
        <line num="41" count="16" type="stmt"/>
        <line num="42" count="16" type="stmt"/>
        <line num="43" count="16" type="stmt"/>
        <line num="44" count="16" type="stmt"/>
        <line num="45" count="16" type="stmt"/>
        <line num="47" count="16" type="stmt"/>
        <line num="48" count="16" type="stmt"/>
        <line num="49" count="16" type="stmt"/>
        <line num="50" count="16" type="stmt"/>
        <line num="51" count="16" type="stmt"/>
        <line num="53" count="16" type="stmt"/>
        <line num="54" count="16" type="stmt"/>
        <line num="55" count="16" type="stmt"/>
        <line num="56" count="212" type="stmt"/>
        <line num="57" count="54" type="stmt"/>
        <line num="58" count="54" type="stmt"/>
        <line num="59" count="48" type="cond" truecount="1" falsecount="1"/>
        <line num="60" count="6" type="stmt"/>
        <line num="61" count="6" type="stmt"/>
        <line num="62" count="6" type="stmt"/>
        <line num="63" count="16" type="stmt"/>
        <line num="64" count="16" type="stmt"/>
        <line num="65" count="16" type="stmt"/>
        <line num="67" count="16" type="stmt"/>
        <line num="68" count="16" type="stmt"/>
        <line num="69" count="16" type="stmt"/>
        <line num="70" count="16" type="stmt"/>
        <line num="71" count="16" type="stmt"/>
        <line num="72" count="16" type="stmt"/>
        <line num="73" count="16" type="stmt"/>
        <line num="74" count="16" type="stmt"/>
        <line num="75" count="16" type="stmt"/>
        <line num="76" count="16" type="stmt"/>
        <line num="77" count="16" type="stmt"/>
        <line num="78" count="16" type="stmt"/>
        <line num="79" count="16" type="stmt"/>
        <line num="80" count="16" type="stmt"/>
        <line num="81" count="16" type="stmt"/>
        <line num="82" count="16" type="stmt"/>
        <line num="84" count="16" type="stmt"/>
        <line num="85" count="16" type="stmt"/>
        <line num="86" count="16" type="stmt"/>
        <line num="87" count="16" type="stmt"/>
        <line num="88" count="16" type="stmt"/>
        <line num="89" count="16" type="stmt"/>
        <line num="90" count="16" type="stmt"/>
        <line num="91" count="16" type="stmt"/>
        <line num="92" count="16" type="stmt"/>
        <line num="93" count="16" type="stmt"/>
        <line num="94" count="16" type="stmt"/>
        <line num="95" count="16" type="stmt"/>
        <line num="96" count="612" type="stmt"/>
        <line num="97" count="596" type="stmt"/>
        <line num="98" count="596" type="stmt"/>
        <line num="99" count="596" type="stmt"/>
        <line num="100" count="596" type="stmt"/>
        <line num="101" count="596" type="stmt"/>
        <line num="102" count="16" type="stmt"/>
        <line num="103" count="16" type="stmt"/>
        <line num="104" count="596" type="stmt"/>
        <line num="105" count="0" type="stmt"/>
        <line num="106" count="0" type="stmt"/>
        <line num="107" count="0" type="stmt"/>
        <line num="108" count="0" type="stmt"/>
        <line num="109" count="0" type="stmt"/>
        <line num="110" count="596" type="stmt"/>
        <line num="111" count="16" type="stmt"/>
        <line num="112" count="16" type="stmt"/>
        <line num="113" count="16" type="stmt"/>
        <line num="114" count="16" type="stmt"/>
        <line num="115" count="16" type="stmt"/>
        <line num="116" count="16" type="stmt"/>
        <line num="117" count="16" type="stmt"/>
        <line num="118" count="16" type="stmt"/>
        <line num="120" count="16" type="stmt"/>
        <line num="121" count="16" type="stmt"/>
        <line num="122" count="16" type="stmt"/>
        <line num="123" count="16" type="stmt"/>
        <line num="124" count="16" type="stmt"/>
        <line num="125" count="16" type="stmt"/>
        <line num="126" count="16" type="stmt"/>
        <line num="127" count="16" type="stmt"/>
        <line num="128" count="16" type="stmt"/>
        <line num="129" count="16" type="stmt"/>
        <line num="130" count="16" type="stmt"/>
        <line num="131" count="16" type="stmt"/>
        <line num="132" count="16" type="stmt"/>
        <line num="133" count="16" type="stmt"/>
        <line num="134" count="16" type="stmt"/>
        <line num="135" count="16" type="stmt"/>
        <line num="136" count="16" type="stmt"/>
        <line num="137" count="16" type="stmt"/>
        <line num="138" count="16" type="stmt"/>
        <line num="139" count="16" type="stmt"/>
        <line num="140" count="16" type="stmt"/>
        <line num="142" count="16" type="stmt"/>
      </file>
      <file name="ogled-profila.component.ts" path="C:\Users\Matevzv\Documents\GitHub\LP234-13\src\app_public\src\app\components\ogled-profila\ogled-profila.component.ts">
        <metrics statements="45" coveredstatements="26" conditionals="8" coveredconditionals="5" methods="21" coveredmethods="12"/>
        <line num="13" count="68" type="cond" truecount="2" falsecount="0"/>
        <line num="16" count="16" type="stmt"/>
        <line num="17" count="16" type="stmt"/>
        <line num="18" count="16" type="stmt"/>
        <line num="19" count="16" type="stmt"/>
        <line num="21" count="16" type="stmt"/>
        <line num="24" count="16" type="stmt"/>
        <line num="25" count="16" type="stmt"/>
        <line num="26" count="16" type="stmt"/>
        <line num="28" count="16" type="cond" truecount="1" falsecount="1"/>
        <line num="29" count="0" type="stmt"/>
        <line num="36" count="16" type="stmt"/>
        <line num="37" count="16" type="stmt"/>
        <line num="39" count="0" type="stmt"/>
        <line num="40" count="0" type="stmt"/>
        <line num="45" count="24" type="stmt"/>
        <line num="49" count="1" type="stmt"/>
        <line num="50" count="1" type="stmt"/>
        <line num="52" count="1" type="stmt"/>
        <line num="53" count="1" type="stmt"/>
        <line num="55" count="0" type="stmt"/>
        <line num="56" count="0" type="stmt"/>
        <line num="61" count="0" type="stmt"/>
        <line num="62" count="0" type="stmt"/>
        <line num="66" count="0" type="stmt"/>
        <line num="67" count="0" type="stmt"/>
        <line num="69" count="0" type="stmt"/>
        <line num="70" count="0" type="stmt"/>
        <line num="72" count="0" type="stmt"/>
        <line num="73" count="0" type="stmt"/>
        <line num="78" count="2" type="stmt"/>
        <line num="82" count="1" type="stmt"/>
        <line num="83" count="1" type="cond" truecount="1" falsecount="1"/>
        <line num="84" count="1" type="stmt"/>
        <line num="85" count="1" type="stmt"/>
        <line num="87" count="1" type="stmt"/>
        <line num="88" count="1" type="cond" truecount="1" falsecount="1"/>
        <line num="89" count="1" type="stmt"/>
        <line num="90" count="0" type="stmt"/>
        <line num="92" count="0" type="stmt"/>
        <line num="96" count="1" type="stmt"/>
        <line num="102" count="0" type="stmt"/>
        <line num="103" count="0" type="stmt"/>
        <line num="105" count="0" type="stmt"/>
        <line num="106" count="0" type="stmt"/>
      </file>
    </package>
    <package name="app_public.src.app.components.ogrodje">
      <metrics statements="2" coveredstatements="2" conditionals="2" coveredconditionals="2" methods="3" coveredmethods="3"/>
      <file name="ogrodje.component.html" path="C:\Users\Matevzv\Documents\GitHub\LP234-13\src\app_public\src\app\components\ogrodje\ogrodje.component.html">
        <metrics statements="1" coveredstatements="1" conditionals="0" coveredconditionals="0" methods="0" coveredmethods="0"/>
        <line num="1" count="52" type="stmt"/>
      </file>
      <file name="ogrodje.component.ts" path="C:\Users\Matevzv\Documents\GitHub\LP234-13\src\app_public\src\app\components\ogrodje\ogrodje.component.ts">
        <metrics statements="1" coveredstatements="1" conditionals="2" coveredconditionals="2" methods="3" coveredmethods="3"/>
        <line num="8" count="104" type="cond" truecount="2" falsecount="0"/>
      </file>
    </package>
    <package name="app_public.src.app.components.profil-uporabnika">
      <metrics statements="94" coveredstatements="83" conditionals="6" coveredconditionals="3" methods="11" coveredmethods="6"/>
      <file name="profil-uporabnika.component.html" path="C:\Users\Matevzv\Documents\GitHub\LP234-13\src\app_public\src\app\components\profil-uporabnika\profil-uporabnika.component.html">
        <metrics statements="80" coveredstatements="73" conditionals="2" coveredconditionals="0" methods="2" coveredmethods="0"/>
        <line num="1" count="4" type="stmt"/>
        <line num="2" count="4" type="stmt"/>
        <line num="4" count="112" type="stmt"/>
        <line num="5" count="4" type="stmt"/>
        <line num="6" count="4" type="stmt"/>
        <line num="7" count="4" type="stmt"/>
        <line num="8" count="4" type="stmt"/>
        <line num="9" count="4" type="stmt"/>
        <line num="10" count="4" type="stmt"/>
        <line num="11" count="4" type="stmt"/>
        <line num="12" count="4" type="stmt"/>
        <line num="14" count="4" type="stmt"/>
        <line num="15" count="4" type="stmt"/>
        <line num="17" count="4" type="stmt"/>
        <line num="19" count="4" type="stmt"/>
        <line num="20" count="4" type="stmt"/>
        <line num="21" count="116" type="stmt"/>
        <line num="22" count="116" type="stmt"/>
        <line num="23" count="116" type="stmt"/>
        <line num="24" count="4" type="stmt"/>
        <line num="25" count="4" type="stmt"/>
        <line num="27" count="4" type="stmt"/>
        <line num="28" count="4" type="stmt"/>
        <line num="29" count="4" type="stmt"/>
        <line num="30" count="4" type="stmt"/>
        <line num="31" count="4" type="stmt"/>
        <line num="33" count="4" type="stmt"/>
        <line num="34" count="4" type="stmt"/>
        <line num="35" count="116" type="stmt"/>
        <line num="36" count="4" type="stmt"/>
        <line num="37" count="4" type="stmt"/>
        <line num="38" count="4" type="stmt"/>
        <line num="39" count="4" type="stmt"/>
        <line num="40" count="4" type="stmt"/>
        <line num="41" count="4" type="stmt"/>
        <line num="42" count="4" type="stmt"/>
        <line num="43" count="4" type="stmt"/>
        <line num="44" count="4" type="stmt"/>
        <line num="45" count="4" type="stmt"/>
        <line num="47" count="4" type="stmt"/>
        <line num="49" count="4" type="stmt"/>
        <line num="50" count="4" type="stmt"/>
        <line num="52" count="4" type="stmt"/>
        <line num="53" count="4" type="stmt"/>
        <line num="55" count="4" type="stmt"/>
        <line num="56" count="4" type="stmt"/>
        <line num="57" count="4" type="stmt"/>
        <line num="58" count="112" type="stmt"/>
        <line num="59" count="0" type="stmt"/>
        <line num="60" count="0" type="stmt"/>
        <line num="61" count="0" type="stmt"/>
        <line num="62" count="0" type="cond" truecount="0" falsecount="2"/>
        <line num="63" count="0" type="stmt"/>
        <line num="64" count="0" type="stmt"/>
        <line num="65" count="0" type="stmt"/>
        <line num="66" count="4" type="stmt"/>
        <line num="67" count="4" type="stmt"/>
        <line num="69" count="4" type="stmt"/>
        <line num="70" count="4" type="stmt"/>
        <line num="71" count="4" type="stmt"/>
        <line num="72" count="4" type="stmt"/>
        <line num="73" count="4" type="stmt"/>
        <line num="74" count="4" type="stmt"/>
        <line num="75" count="4" type="stmt"/>
        <line num="76" count="4" type="stmt"/>
        <line num="77" count="4" type="stmt"/>
        <line num="78" count="4" type="stmt"/>
        <line num="79" count="4" type="stmt"/>
        <line num="80" count="4" type="stmt"/>
        <line num="81" count="4" type="stmt"/>
        <line num="82" count="4" type="stmt"/>
        <line num="83" count="4" type="stmt"/>
        <line num="84" count="4" type="stmt"/>
        <line num="85" count="4" type="stmt"/>
        <line num="86" count="4" type="stmt"/>
        <line num="87" count="4" type="stmt"/>
        <line num="88" count="4" type="stmt"/>
        <line num="89" count="4" type="stmt"/>
        <line num="91" count="4" type="stmt"/>
        <line num="95" count="4" type="stmt"/>
      </file>
      <file name="profil-uporabnika.component.ts" path="C:\Users\Matevzv\Documents\GitHub\LP234-13\src\app_public\src\app\components\profil-uporabnika\profil-uporabnika.component.ts">
        <metrics statements="14" coveredstatements="10" conditionals="4" coveredconditionals="3" methods="9" coveredmethods="6"/>
        <line num="15" count="56" type="cond" truecount="2" falsecount="0"/>
        <line num="18" count="4" type="stmt"/>
        <line num="21" count="4" type="stmt"/>
        <line num="27" count="4" type="cond" truecount="1" falsecount="1"/>
        <line num="28" count="0" type="stmt"/>
        <line num="31" count="4" type="stmt"/>
        <line num="32" count="4" type="stmt"/>
        <line num="39" count="4" type="stmt"/>
        <line num="40" count="4" type="stmt"/>
        <line num="42" count="0" type="stmt"/>
        <line num="43" count="0" type="stmt"/>
        <line num="48" count="4" type="stmt"/>
        <line num="49" count="4" type="stmt"/>
        <line num="53" count="0" type="stmt"/>
      </file>
    </package>
    <package name="app_public.src.app.components.registracija">
      <metrics statements="107" coveredstatements="100" conditionals="35" coveredconditionals="27" methods="12" coveredmethods="10"/>
      <file name="registracija.component.html" path="C:\Users\Matevzv\Documents\GitHub\LP234-13\src\app_public\src\app\components\registracija\registracija.component.html">
        <metrics statements="55" coveredstatements="55" conditionals="0" coveredconditionals="0" methods="3" coveredmethods="2"/>
        <line num="1" count="8" type="stmt"/>
        <line num="2" count="8" type="stmt"/>
        <line num="5" count="8" type="stmt"/>
        <line num="6" count="8" type="stmt"/>
        <line num="7" count="8" type="stmt"/>
        <line num="8" count="8" type="stmt"/>
        <line num="9" count="8" type="stmt"/>
        <line num="10" count="8" type="stmt"/>
        <line num="11" count="8" type="stmt"/>
        <line num="12" count="8" type="stmt"/>
        <line num="13" count="8" type="stmt"/>
        <line num="14" count="8" type="stmt"/>
        <line num="15" count="8" type="stmt"/>
        <line num="16" count="8" type="stmt"/>
        <line num="17" count="8" type="stmt"/>
        <line num="18" count="8" type="stmt"/>
        <line num="19" count="8" type="stmt"/>
        <line num="20" count="8" type="stmt"/>
        <line num="21" count="8" type="stmt"/>
        <line num="22" count="8" type="stmt"/>
        <line num="23" count="8" type="stmt"/>
        <line num="24" count="8" type="stmt"/>
        <line num="25" count="8" type="stmt"/>
        <line num="26" count="8" type="stmt"/>
        <line num="27" count="8" type="stmt"/>
        <line num="28" count="8" type="stmt"/>
        <line num="29" count="8" type="stmt"/>
        <line num="30" count="8" type="stmt"/>
        <line num="31" count="8" type="stmt"/>
        <line num="32" count="8" type="stmt"/>
        <line num="33" count="8" type="stmt"/>
        <line num="34" count="8" type="stmt"/>
        <line num="35" count="8" type="stmt"/>
        <line num="36" count="8" type="stmt"/>
        <line num="37" count="8" type="stmt"/>
        <line num="38" count="8" type="stmt"/>
        <line num="39" count="8" type="stmt"/>
        <line num="40" count="8" type="stmt"/>
        <line num="41" count="8" type="stmt"/>
        <line num="42" count="8" type="stmt"/>
        <line num="43" count="8" type="stmt"/>
        <line num="44" count="16" type="stmt"/>
        <line num="45" count="8" type="stmt"/>
        <line num="46" count="16" type="stmt"/>
        <line num="47" count="8" type="stmt"/>
        <line num="48" count="8" type="stmt"/>
        <line num="49" count="8" type="stmt"/>
        <line num="50" count="192" type="stmt"/>
        <line num="51" count="8" type="stmt"/>
        <line num="52" count="8" type="stmt"/>
        <line num="54" count="8" type="stmt"/>
        <line num="55" count="8" type="stmt"/>
        <line num="56" count="8" type="stmt"/>
        <line num="57" count="8" type="stmt"/>
        <line num="59" count="8" type="stmt"/>
      </file>
      <file name="registracija.component.ts" path="C:\Users\Matevzv\Documents\GitHub\LP234-13\src\app_public\src\app\components\registracija\registracija.component.ts">
        <metrics statements="52" coveredstatements="45" conditionals="35" coveredconditionals="27" methods="9" coveredmethods="8"/>
        <line num="11" count="60" type="cond" truecount="2" falsecount="0"/>
        <line num="13" count="8" type="stmt"/>
        <line num="27" count="8" type="stmt"/>
        <line num="37" count="8" type="stmt"/>
        <line num="40" count="8" type="stmt"/>
        <line num="44" count="8" type="stmt"/>
        <line num="45" count="8" type="stmt"/>
        <line num="46" count="8" type="stmt"/>
        <line num="47" count="8" type="stmt"/>
        <line num="48" count="8" type="stmt"/>
        <line num="49" count="8" type="stmt"/>
        <line num="50" count="8" type="stmt"/>
        <line num="51" count="8" type="stmt"/>
        <line num="52" count="8" type="stmt"/>
        <line num="53" count="8" type="stmt"/>
        <line num="54" count="8" type="cond" truecount="1" falsecount="1"/>
        <line num="63" count="0" type="stmt"/>
        <line num="66" count="8" type="stmt"/>
        <line num="67" count="8" type="stmt"/>
        <line num="68" count="8" type="stmt"/>
        <line num="69" count="8" type="stmt"/>
        <line num="71" count="8" type="stmt"/>
        <line num="72" count="8" type="stmt"/>
        <line num="73" count="8" type="stmt"/>
        <line num="74" count="8" type="stmt"/>
        <line num="75" count="8" type="stmt"/>
        <line num="78" count="8" type="stmt"/>
        <line num="79" count="8" type="cond" truecount="1" falsecount="1"/>
        <line num="80" count="8" type="stmt"/>
        <line num="81" count="8" type="cond" truecount="1" falsecount="1"/>
        <line num="82" count="8" type="stmt"/>
        <line num="86" count="8" type="cond" truecount="1" falsecount="1"/>
        <line num="87" count="0" type="stmt"/>
        <line num="89" count="8" type="cond" truecount="1" falsecount="1"/>
        <line num="90" count="0" type="stmt"/>
        <line num="92" count="8" type="cond" truecount="2" falsecount="0"/>
        <line num="93" count="2" type="stmt"/>
        <line num="95" count="8" type="cond" truecount="1" falsecount="1"/>
        <line num="96" count="0" type="stmt"/>
        <line num="98" count="8" type="cond" truecount="1" falsecount="1"/>
        <line num="99" count="0" type="stmt"/>
        <line num="101" count="8" type="cond" truecount="1" falsecount="1"/>
        <line num="102" count="0" type="stmt"/>
        <line num="104" count="8" type="cond" truecount="8" falsecount="0"/>
        <line num="105" count="6" type="stmt"/>
        <line num="115" count="6" type="stmt"/>
        <line num="116" count="6" type="stmt"/>
        <line num="121" count="6" type="stmt"/>
        <line num="123" count="6" type="stmt"/>
        <line num="124" count="0" type="stmt"/>
        <line num="128" count="8" type="stmt"/>
        <line num="129" count="8" type="stmt"/>
      </file>
    </package>
    <package name="app_public.src.app.components.urejanje-profila">
      <metrics statements="164" coveredstatements="113" conditionals="32" coveredconditionals="3" methods="22" coveredmethods="4"/>
      <file name="urejanje-profila.component.html" path="C:\Users\Matevzv\Documents\GitHub\LP234-13\src\app_public\src\app\components\urejanje-profila\urejanje-profila.component.html">
        <metrics statements="108" coveredstatements="103" conditionals="0" coveredconditionals="0" methods="10" coveredmethods="0"/>
        <line num="1" count="2" type="stmt"/>
        <line num="2" count="2" type="stmt"/>
        <line num="4" count="16" type="stmt"/>
        <line num="5" count="2" type="stmt"/>
        <line num="6" count="2" type="stmt"/>
        <line num="7" count="2" type="stmt"/>
        <line num="8" count="2" type="stmt"/>
        <line num="9" count="2" type="stmt"/>
        <line num="10" count="2" type="stmt"/>
        <line num="11" count="2" type="stmt"/>
        <line num="12" count="2" type="stmt"/>
        <line num="13" count="2" type="stmt"/>
        <line num="14" count="2" type="stmt"/>
        <line num="15" count="2" type="stmt"/>
        <line num="16" count="2" type="stmt"/>
        <line num="17" count="2" type="stmt"/>
        <line num="18" count="2" type="stmt"/>
        <line num="19" count="16" type="stmt"/>
        <line num="20" count="2" type="stmt"/>
        <line num="21" count="2" type="stmt"/>
        <line num="22" count="2" type="stmt"/>
        <line num="23" count="16" type="stmt"/>
        <line num="24" count="2" type="stmt"/>
        <line num="25" count="2" type="stmt"/>
        <line num="26" count="2" type="stmt"/>
        <line num="27" count="2" type="stmt"/>
        <line num="28" count="2" type="stmt"/>
        <line num="29" count="2" type="stmt"/>
        <line num="30" count="2" type="stmt"/>
        <line num="31" count="2" type="stmt"/>
        <line num="32" count="2" type="stmt"/>
        <line num="33" count="2" type="stmt"/>
        <line num="34" count="16" type="stmt"/>
        <line num="35" count="2" type="stmt"/>
        <line num="36" count="2" type="stmt"/>
        <line num="37" count="2" type="stmt"/>
        <line num="38" count="16" type="stmt"/>
        <line num="39" count="2" type="stmt"/>
        <line num="40" count="2" type="stmt"/>
        <line num="41" count="2" type="stmt"/>
        <line num="42" count="16" type="stmt"/>
        <line num="43" count="2" type="stmt"/>
        <line num="44" count="2" type="stmt"/>
        <line num="45" count="2" type="stmt"/>
        <line num="46" count="16" type="stmt"/>
        <line num="47" count="2" type="stmt"/>
        <line num="48" count="2" type="stmt"/>
        <line num="49" count="2" type="stmt"/>
        <line num="50" count="2" type="stmt"/>
        <line num="51" count="2" type="stmt"/>
        <line num="52" count="2" type="stmt"/>
        <line num="53" count="2" type="stmt"/>
        <line num="54" count="2" type="stmt"/>
        <line num="55" count="2" type="stmt"/>
        <line num="56" count="2" type="stmt"/>
        <line num="57" count="2" type="stmt"/>
        <line num="58" count="2" type="stmt"/>
        <line num="59" count="16" type="stmt"/>
        <line num="60" count="2" type="stmt"/>
        <line num="61" count="2" type="stmt"/>
        <line num="62" count="2" type="stmt"/>
        <line num="63" count="18" type="stmt"/>
        <line num="64" count="2" type="stmt"/>
        <line num="65" count="2" type="stmt"/>
        <line num="66" count="2" type="stmt"/>
        <line num="68" count="2" type="stmt"/>
        <line num="69" count="2" type="stmt"/>
        <line num="70" count="2" type="stmt"/>
        <line num="71" count="2" type="stmt"/>
        <line num="72" count="2" type="stmt"/>
        <line num="73" count="2" type="stmt"/>
        <line num="74" count="2" type="stmt"/>
        <line num="76" count="2" type="stmt"/>
        <line num="77" count="2" type="stmt"/>
        <line num="78" count="2" type="stmt"/>
        <line num="79" count="2" type="stmt"/>
        <line num="80" count="2" type="stmt"/>
        <line num="81" count="2" type="stmt"/>
        <line num="82" count="2" type="stmt"/>
        <line num="83" count="2" type="stmt"/>
        <line num="84" count="2" type="stmt"/>
        <line num="85" count="2" type="stmt"/>
        <line num="86" count="2" type="stmt"/>
        <line num="87" count="2" type="stmt"/>
        <line num="88" count="2" type="stmt"/>
        <line num="89" count="2" type="stmt"/>
        <line num="90" count="2" type="stmt"/>
        <line num="91" count="2" type="stmt"/>
        <line num="92" count="2" type="stmt"/>
        <line num="93" count="2" type="stmt"/>
        <line num="94" count="16" type="stmt"/>
        <line num="95" count="16" type="stmt"/>
        <line num="96" count="0" type="stmt"/>
        <line num="97" count="0" type="stmt"/>
        <line num="98" count="0" type="stmt"/>
        <line num="99" count="0" type="stmt"/>
        <line num="100" count="0" type="stmt"/>
        <line num="101" count="16" type="stmt"/>
        <line num="102" count="2" type="stmt"/>
        <line num="103" count="2" type="stmt"/>
        <line num="104" count="2" type="stmt"/>
        <line num="105" count="2" type="stmt"/>
        <line num="106" count="2" type="stmt"/>
        <line num="107" count="2" type="stmt"/>
        <line num="108" count="2" type="stmt"/>
        <line num="109" count="2" type="stmt"/>
        <line num="110" count="2" type="stmt"/>
        <line num="111" count="2" type="stmt"/>
      </file>
      <file name="urejanje-profila.component.ts" path="C:\Users\Matevzv\Documents\GitHub\LP234-13\src\app_public\src\app\components\urejanje-profila\urejanje-profila.component.ts">
        <metrics statements="56" coveredstatements="10" conditionals="32" coveredconditionals="3" methods="12" coveredmethods="4"/>
        <line num="12" count="54" type="cond" truecount="2" falsecount="0"/>
        <line num="16" count="2" type="stmt"/>
        <line num="17" count="2" type="stmt"/>
        <line num="18" count="2" type="stmt"/>
        <line num="21" count="2" type="stmt"/>
        <line num="24" count="2" type="cond" truecount="1" falsecount="1"/>
        <line num="25" count="2" type="stmt"/>
        <line num="30" count="2" type="stmt"/>
        <line num="31" count="2" type="stmt"/>
        <line num="32" count="2" type="stmt"/>
        <line num="36" count="0" type="stmt"/>
        <line num="38" count="0" type="stmt"/>
        <line num="39" count="0" type="stmt"/>
        <line num="44" count="0" type="cond" truecount="0" falsecount="2"/>
        <line num="45" count="0" type="stmt"/>
        <line num="50" count="0" type="stmt"/>
        <line num="52" count="0" type="stmt"/>
        <line num="53" count="0" type="stmt"/>
        <line num="55" count="0" type="stmt"/>
        <line num="56" count="0" type="stmt"/>
        <line num="57" count="0" type="cond" truecount="0" falsecount="2"/>
        <line num="58" count="0" type="stmt"/>
        <line num="59" count="0" type="stmt"/>
        <line num="61" count="0" type="cond" truecount="0" falsecount="2"/>
        <line num="62" count="0" type="stmt"/>
        <line num="64" count="0" type="cond" truecount="0" falsecount="2"/>
        <line num="65" count="0" type="stmt"/>
        <line num="67" count="0" type="stmt"/>
        <line num="69" count="0" type="cond" truecount="0" falsecount="4"/>
        <line num="70" count="0" type="stmt"/>
        <line num="72" count="0" type="cond" truecount="0" falsecount="2"/>
        <line num="73" count="0" type="stmt"/>
        <line num="74" count="0" type="stmt"/>
        <line num="76" count="0" type="stmt"/>
        <line num="80" count="0" type="stmt"/>
        <line num="87" count="0" type="stmt"/>
        <line num="88" count="0" type="stmt"/>
        <line num="89" count="0" type="stmt"/>
        <line num="91" count="0" type="stmt"/>
        <line num="92" count="0" type="stmt"/>
        <line num="93" count="0" type="stmt"/>
        <line num="94" count="0" type="stmt"/>
        <line num="97" count="0" type="cond" truecount="0" falsecount="2"/>
        <line num="98" count="0" type="stmt"/>
        <line num="100" count="0" type="cond" truecount="0" falsecount="2"/>
        <line num="101" count="0" type="stmt"/>
        <line num="103" count="0" type="cond" truecount="0" falsecount="2"/>
        <line num="104" count="0" type="stmt"/>
        <line num="106" count="0" type="cond" truecount="0" falsecount="2"/>
        <line num="107" count="0" type="stmt"/>
        <line num="109" count="0" type="cond" truecount="0" falsecount="6"/>
        <line num="110" count="0" type="stmt"/>
        <line num="111" count="0" type="stmt"/>
        <line num="113" count="0" type="stmt"/>
        <line num="118" count="0" type="stmt"/>
        <line num="119" count="0" type="stmt"/>
      </file>
    </package>
    <package name="app_public.src.app.components.vsi-oglasi">
      <metrics statements="105" coveredstatements="88" conditionals="2" coveredconditionals="2" methods="24" coveredmethods="10"/>
      <file name="vsi-oglasi.component.html" path="C:\Users\Matevzv\Documents\GitHub\LP234-13\src\app_public\src\app\components\vsi-oglasi\vsi-oglasi.component.html">
        <metrics statements="73" coveredstatements="67" conditionals="0" coveredconditionals="0" methods="4" coveredmethods="1"/>
        <line num="1" count="41" type="stmt"/>
        <line num="2" count="41" type="stmt"/>
        <line num="3" count="41" type="stmt"/>
        <line num="4" count="41" type="stmt"/>
        <line num="5" count="41" type="stmt"/>
        <line num="6" count="41" type="stmt"/>
        <line num="7" count="41" type="stmt"/>
        <line num="8" count="41" type="stmt"/>
        <line num="9" count="41" type="stmt"/>
        <line num="10" count="41" type="stmt"/>
        <line num="11" count="41" type="stmt"/>
        <line num="12" count="41" type="stmt"/>
        <line num="13" count="82" type="stmt"/>
        <line num="14" count="41" type="stmt"/>
        <line num="15" count="41" type="stmt"/>
        <line num="16" count="41" type="stmt"/>
        <line num="17" count="41" type="stmt"/>
        <line num="18" count="41" type="stmt"/>
        <line num="19" count="41" type="stmt"/>
        <line num="20" count="41" type="stmt"/>
        <line num="21" count="41" type="stmt"/>
        <line num="22" count="1392" type="stmt"/>
        <line num="23" count="444" type="stmt"/>
        <line num="24" count="41" type="stmt"/>
        <line num="25" count="41" type="stmt"/>
        <line num="26" count="41" type="stmt"/>
        <line num="29" count="41" type="stmt"/>
        <line num="30" count="41" type="stmt"/>
        <line num="33" count="41" type="stmt"/>
        <line num="34" count="41" type="stmt"/>
        <line num="35" count="41" type="stmt"/>
        <line num="36" count="41" type="stmt"/>
        <line num="37" count="41" type="stmt"/>
        <line num="38" count="41" type="stmt"/>
        <line num="39" count="41" type="stmt"/>
        <line num="40" count="41" type="stmt"/>
        <line num="41" count="41" type="stmt"/>
        <line num="42" count="41" type="stmt"/>
        <line num="43" count="41" type="stmt"/>
        <line num="44" count="41" type="stmt"/>
        <line num="45" count="41" type="stmt"/>
        <line num="46" count="41" type="stmt"/>
        <line num="47" count="41" type="stmt"/>
        <line num="48" count="41" type="stmt"/>
        <line num="49" count="41" type="stmt"/>
        <line num="50" count="41" type="stmt"/>
        <line num="51" count="41" type="stmt"/>
        <line num="53" count="41" type="stmt"/>
        <line num="54" count="41" type="stmt"/>
        <line num="55" count="41" type="stmt"/>
        <line num="56" count="41" type="stmt"/>
        <line num="57" count="41" type="stmt"/>
        <line num="58" count="1392" type="stmt"/>
        <line num="59" count="41" type="stmt"/>
        <line num="60" count="82" type="stmt"/>
        <line num="61" count="41" type="stmt"/>
        <line num="62" count="41" type="stmt"/>
        <line num="63" count="1392" type="stmt"/>
        <line num="64" count="0" type="stmt"/>
        <line num="65" count="0" type="stmt"/>
        <line num="66" count="0" type="stmt"/>
        <line num="67" count="0" type="stmt"/>
        <line num="68" count="0" type="stmt"/>
        <line num="69" count="0" type="stmt"/>
        <line num="70" count="41" type="stmt"/>
        <line num="71" count="41" type="stmt"/>
        <line num="72" count="41" type="stmt"/>
        <line num="73" count="41" type="stmt"/>
        <line num="74" count="41" type="stmt"/>
        <line num="76" count="41" type="stmt"/>
        <line num="77" count="41" type="stmt"/>
        <line num="78" count="41" type="stmt"/>
        <line num="79" count="41" type="stmt"/>
      </file>
      <file name="vsi-oglasi.component.ts" path="C:\Users\Matevzv\Documents\GitHub\LP234-13\src\app_public\src\app\components\vsi-oglasi\vsi-oglasi.component.ts">
        <metrics statements="32" coveredstatements="21" conditionals="2" coveredconditionals="2" methods="20" coveredmethods="9"/>
        <line num="14" count="93" type="cond" truecount="2" falsecount="0"/>
        <line num="17" count="41" type="stmt"/>
        <line num="19" count="41" type="stmt"/>
        <line num="28" count="41" type="stmt"/>
        <line num="32" count="41" type="stmt"/>
        <line num="33" count="41" type="stmt"/>
        <line num="36" count="0" type="stmt"/>
        <line num="37" count="0" type="stmt"/>
        <line num="42" count="0" type="stmt"/>
        <line num="48" count="41" type="stmt"/>
        <line num="49" count="5" type="stmt"/>
        <line num="50" count="5" type="stmt"/>
        <line num="51" count="5" type="stmt"/>
        <line num="52" count="5" type="stmt"/>
        <line num="53" count="5" type="stmt"/>
        <line num="54" count="5" type="stmt"/>
        <line num="55" count="5" type="stmt"/>
        <line num="57" count="5" type="stmt"/>
        <line num="58" count="3" type="stmt"/>
        <line num="59" count="3" type="stmt"/>
        <line num="62" count="1" type="stmt"/>
        <line num="63" count="1" type="stmt"/>
        <line num="70" count="0" type="stmt"/>
        <line num="71" count="0" type="stmt"/>
        <line num="73" count="0" type="stmt"/>
        <line num="77" count="41" type="stmt"/>
        <line num="78" count="0" type="stmt"/>
        <line num="79" count="0" type="stmt"/>
        <line num="80" count="0" type="stmt"/>
        <line num="81" count="0" type="stmt"/>
        <line num="84" count="41" type="stmt"/>
        <line num="85" count="0" type="stmt"/>
      </file>
    </package>
    <package name="app_public.src.app.components.vsi-oglasi.oglas">
      <metrics statements="25" coveredstatements="24" conditionals="4" coveredconditionals="3" methods="7" coveredmethods="7"/>
      <file name="oglas.component.html" path="C:\Users\Matevzv\Documents\GitHub\LP234-13\src\app_public\src\app\components\vsi-oglasi\oglas\oglas.component.html">
        <metrics statements="16" coveredstatements="16" conditionals="0" coveredconditionals="0" methods="2" coveredmethods="2"/>
        <line num="1" count="302" type="stmt"/>
        <line num="2" count="61" type="stmt"/>
        <line num="3" count="61" type="stmt"/>
        <line num="5" count="61" type="stmt"/>
        <line num="6" count="604" type="stmt"/>
        <line num="7" count="61" type="stmt"/>
        <line num="8" count="665" type="stmt"/>
        <line num="9" count="665" type="stmt"/>
        <line num="11" count="61" type="stmt"/>
        <line num="12" count="61" type="stmt"/>
        <line num="13" count="61" type="stmt"/>
        <line num="15" count="61" type="stmt"/>
        <line num="16" count="61" type="stmt"/>
        <line num="17" count="61" type="stmt"/>
        <line num="19" count="61" type="stmt"/>
        <line num="20" count="61" type="stmt"/>
      </file>
      <file name="oglas.component.ts" path="C:\Users\Matevzv\Documents\GitHub\LP234-13\src\app_public\src\app\components\vsi-oglasi\oglas\oglas.component.ts">
        <metrics statements="9" coveredstatements="8" conditionals="4" coveredconditionals="3" methods="5" coveredmethods="5"/>
        <line num="12" count="113" type="cond" truecount="2" falsecount="0"/>
        <line num="17" count="61" type="stmt"/>
        <line num="21" count="61" type="cond" truecount="1" falsecount="1"/>
        <line num="24" count="0" type="stmt"/>
        <line num="29" count="9" type="stmt"/>
        <line num="30" count="9" type="stmt"/>
        <line num="34" count="12" type="stmt"/>
        <line num="35" count="12" type="stmt"/>
        <line num="36" count="12" type="stmt"/>
      </file>
    </package>
    <package name="app_public.src.app.pipes">
      <metrics statements="2" coveredstatements="2" conditionals="2" coveredconditionals="2" methods="2" coveredmethods="2"/>
      <file name="invert.pipe.ts" path="C:\Users\Matevzv\Documents\GitHub\LP234-13\src\app_public\src\app\pipes\invert.pipe.ts">
        <metrics statements="2" coveredstatements="2" conditionals="2" coveredconditionals="2" methods="2" coveredmethods="2"/>
        <line num="6" count="147" type="cond" truecount="2" falsecount="0"/>
        <line num="9" count="43" type="stmt"/>
      </file>
    </package>
    <package name="app_public.src.app.services">
      <metrics statements="124" coveredstatements="84" conditionals="22" coveredconditionals="15" methods="57" coveredmethods="40"/>
      <file name="app-data.service.ts" path="C:\Users\Matevzv\Documents\GitHub\LP234-13\src\app_public\src\app\services\app-data.service.ts">
        <metrics statements="11" coveredstatements="11" conditionals="4" coveredconditionals="3" methods="7" coveredmethods="7"/>
        <line num="10" count="104" type="cond" truecount="2" falsecount="0"/>
        <line num="12" count="52" type="stmt"/>
        <line num="13" count="52" type="stmt"/>
        <line num="16" count="34" type="stmt"/>
        <line num="21" count="6" type="stmt"/>
        <line num="25" count="40" type="stmt"/>
        <line num="26" count="40" type="stmt"/>
        <line num="27" count="40" type="stmt"/>
        <line num="30" count="38" type="stmt"/>
        <line num="36" count="2" type="stmt"/>
        <line num="37" count="2" type="cond" truecount="1" falsecount="1"/>
      </file>
      <file name="authentication.service.ts" path="C:\Users\Matevzv\Documents\GitHub\LP234-13\src\app_public\src\app\services\authentication.service.ts">
        <metrics statements="30" coveredstatements="22" conditionals="8" coveredconditionals="6" methods="14" coveredmethods="10"/>
        <line num="13" count="104" type="cond" truecount="2" falsecount="0"/>
        <line num="15" count="52" type="stmt"/>
        <line num="17" count="52" type="stmt"/>
        <line num="18" count="52" type="stmt"/>
        <line num="21" count="34" type="stmt"/>
        <line num="24" count="32" type="stmt"/>
        <line num="25" count="32" type="stmt"/>
        <line num="30" count="6" type="stmt"/>
        <line num="33" count="6" type="stmt"/>
        <line num="34" count="6" type="stmt"/>
        <line num="39" count="0" type="stmt"/>
        <line num="40" count="0" type="stmt"/>
        <line num="41" count="0" type="stmt"/>
        <line num="46" count="0" type="stmt"/>
        <line num="49" count="0" type="stmt"/>
        <line num="54" count="0" type="stmt"/>
        <line num="58" count="1422" type="stmt"/>
        <line num="62" count="38" type="stmt"/>
        <line num="67" count="1333" type="stmt"/>
        <line num="68" count="1333" type="cond" truecount="2" falsecount="0"/>
        <line num="69" count="1255" type="stmt"/>
        <line num="72" count="1255" type="stmt"/>
        <line num="74" count="78" type="stmt"/>
        <line num="79" count="77" type="cond" truecount="2" falsecount="0"/>
        <line num="80" count="75" type="stmt"/>
        <line num="92" count="75" type="stmt"/>
        <line num="93" count="75" type="stmt"/>
        <line num="94" count="75" type="stmt"/>
        <line num="111" count="0" type="stmt"/>
        <line num="112" count="0" type="cond" truecount="0" falsecount="2"/>
      </file>
      <file name="oglasi.service.ts" path="C:\Users\Matevzv\Documents\GitHub\LP234-13\src\app_public\src\app\services\oglasi.service.ts">
        <metrics statements="29" coveredstatements="24" conditionals="6" coveredconditionals="4" methods="13" coveredmethods="11"/>
        <line num="10" count="95" type="cond" truecount="2" falsecount="0"/>
        <line num="12" count="43" type="stmt"/>
        <line num="14" count="43" type="stmt"/>
        <line num="19" count="41" type="stmt"/>
        <line num="20" count="41" type="cond" truecount="1" falsecount="1"/>
        <line num="21" count="41" type="stmt"/>
        <line num="22" count="41" type="stmt"/>
        <line num="25" count="41" type="stmt"/>
        <line num="31" count="11" type="stmt"/>
        <line num="32" count="11" type="stmt"/>
        <line num="33" count="11" type="stmt"/>
        <line num="36" count="11" type="stmt"/>
        <line num="43" count="5" type="stmt"/>
        <line num="44" count="5" type="stmt"/>
        <line num="49" count="5" type="stmt"/>
        <line num="50" count="5" type="stmt"/>
        <line num="53" count="3" type="stmt"/>
        <line num="59" count="1" type="stmt"/>
        <line num="60" count="1" type="stmt"/>
        <line num="65" count="1" type="stmt"/>
        <line num="66" count="1" type="stmt"/>
        <line num="69" count="1" type="stmt"/>
        <line num="75" count="0" type="stmt"/>
        <line num="76" count="0" type="stmt"/>
        <line num="81" count="0" type="stmt"/>
        <line num="82" count="0" type="stmt"/>
        <line num="85" count="0" type="stmt"/>
        <line num="92" count="1" type="stmt"/>
        <line num="93" count="1" type="cond" truecount="1" falsecount="1"/>
      </file>
      <file name="user.service.ts" path="C:\Users\Matevzv\Documents\GitHub\LP234-13\src\app_public\src\app\services\user.service.ts">
        <metrics statements="54" coveredstatements="27" conditionals="4" coveredconditionals="2" methods="23" coveredmethods="12"/>
        <line num="13" count="88" type="cond" truecount="2" falsecount="0"/>
        <line num="15" count="36" type="stmt"/>
        <line num="17" count="36" type="stmt"/>
        <line num="20" count="16" type="stmt"/>
        <line num="21" count="16" type="stmt"/>
        <line num="22" count="16" type="stmt"/>
        <line num="25" count="16" type="stmt"/>
        <line num="30" count="0" type="stmt"/>
        <line num="31" count="0" type="stmt"/>
        <line num="32" count="0" type="stmt"/>
        <line num="35" count="0" type="stmt"/>
        <line num="40" count="2" type="stmt"/>
        <line num="41" count="2" type="stmt"/>
        <line num="43" count="2" type="stmt"/>
        <line num="49" count="2" type="stmt"/>
        <line num="52" count="2" type="stmt"/>
        <line num="58" count="1" type="stmt"/>
        <line num="59" count="1" type="stmt"/>
        <line num="64" count="1" type="stmt"/>
        <line num="65" count="1" type="stmt"/>
        <line num="68" count="1" type="stmt"/>
        <line num="73" count="0" type="stmt"/>
        <line num="74" count="0" type="stmt"/>
        <line num="80" count="0" type="stmt"/>
        <line num="81" count="0" type="stmt"/>
        <line num="84" count="0" type="stmt"/>
        <line num="89" count="4" type="stmt"/>
        <line num="90" count="4" type="stmt"/>
        <line num="95" count="4" type="stmt"/>
        <line num="96" count="4" type="stmt"/>
        <line num="99" count="4" type="stmt"/>
        <line num="104" count="0" type="stmt"/>
        <line num="105" count="0" type="stmt"/>
        <line num="107" count="0" type="stmt"/>
        <line num="113" count="0" type="stmt"/>
        <line num="116" count="0" type="stmt"/>
        <line num="121" count="1" type="stmt"/>
        <line num="122" count="1" type="stmt"/>
        <line num="124" count="1" type="stmt"/>
        <line num="129" count="1" type="stmt"/>
        <line num="132" count="1" type="stmt"/>
        <line num="137" count="0" type="stmt"/>
        <line num="138" count="0" type="stmt"/>
        <line num="139" count="0" type="stmt"/>
        <line num="141" count="0" type="stmt"/>
        <line num="146" count="0" type="stmt"/>
        <line num="149" count="0" type="stmt"/>
        <line num="154" count="0" type="stmt"/>
        <line num="155" count="0" type="stmt"/>
        <line num="156" count="0" type="stmt"/>
        <line num="161" count="0" type="stmt"/>
        <line num="164" count="0" type="stmt"/>
        <line num="170" count="0" type="stmt"/>
        <line num="171" count="0" type="cond" truecount="0" falsecount="2"/>
      </file>
    </package>
    <package name="app_public.src.environments">
      <metrics statements="1" coveredstatements="1" conditionals="0" coveredconditionals="0" methods="0" coveredmethods="0"/>
      <file name="environment.prod.ts" path="C:/Users/Matevzv/Documents/GitHub/LP234-13/src/app_public/src/environments/environment.prod.ts">
        <metrics statements="0" coveredstatements="0" conditionals="0" coveredconditionals="0" methods="0" coveredmethods="0"/>
      </file>
      <file name="environment.ts" path="C:\Users\Matevzv\Documents\GitHub\LP234-13\src\app_public\src\environments\environment.ts">
        <metrics statements="1" coveredstatements="1" conditionals="0" coveredconditionals="0" methods="0" coveredmethods="0"/>
        <line num="5" count="52" type="stmt"/>
      </file>
    </package>
    <package name="app_public.src.instrumented">
      <metrics statements="0" coveredstatements="0" conditionals="0" coveredconditionals="0" methods="0" coveredmethods="0"/>
      <file name="main.ts" path="C:/Users/Matevzv/Documents/GitHub/LP234-13/src/app_public/src/instrumented/main.ts">
        <metrics statements="0" coveredstatements="0" conditionals="0" coveredconditionals="0" methods="0" coveredmethods="0"/>
      </file>
      <file name="polyfills.ts" path="C:/Users/Matevzv/Documents/GitHub/LP234-13/src/app_public/src/instrumented/polyfills.ts">
        <metrics statements="0" coveredstatements="0" conditionals="0" coveredconditionals="0" methods="0" coveredmethods="0"/>
      </file>
    </package>
    <package name="app_public.src.instrumented.app">
      <metrics statements="0" coveredstatements="0" conditionals="0" coveredconditionals="0" methods="0" coveredmethods="0"/>
      <file name="app.module.ts" path="C:/Users/Matevzv/Documents/GitHub/LP234-13/src/app_public/src/instrumented/app/app.module.ts">
        <metrics statements="0" coveredstatements="0" conditionals="0" coveredconditionals="0" methods="0" coveredmethods="0"/>
      </file>
    </package>
    <package name="app_public.src.instrumented.app.Classes">
      <metrics statements="0" coveredstatements="0" conditionals="0" coveredconditionals="0" methods="0" coveredmethods="0"/>
      <file name="authenticationResult.ts" path="C:/Users/Matevzv/Documents/GitHub/LP234-13/src/app_public/src/instrumented/app/Classes/authenticationResult.ts">
        <metrics statements="0" coveredstatements="0" conditionals="0" coveredconditionals="0" methods="0" coveredmethods="0"/>
      </file>
      <file name="storage.ts" path="C:/Users/Matevzv/Documents/GitHub/LP234-13/src/app_public/src/instrumented/app/Classes/storage.ts">
        <metrics statements="0" coveredstatements="0" conditionals="0" coveredconditionals="0" methods="0" coveredmethods="0"/>
      </file>
    </package>
    <package name="app_public.src.instrumented.app.Models">
      <metrics statements="0" coveredstatements="0" conditionals="0" coveredconditionals="0" methods="0" coveredmethods="0"/>
      <file name="Comment.ts" path="C:/Users/Matevzv/Documents/GitHub/LP234-13/src/app_public/src/instrumented/app/Models/Comment.ts">
        <metrics statements="0" coveredstatements="0" conditionals="0" coveredconditionals="0" methods="0" coveredmethods="0"/>
      </file>
      <file name="Oglas.ts" path="C:/Users/Matevzv/Documents/GitHub/LP234-13/src/app_public/src/instrumented/app/Models/Oglas.ts">
        <metrics statements="0" coveredstatements="0" conditionals="0" coveredconditionals="0" methods="0" coveredmethods="0"/>
      </file>
      <file name="User.ts" path="C:/Users/Matevzv/Documents/GitHub/LP234-13/src/app_public/src/instrumented/app/Models/User.ts">
        <metrics statements="0" coveredstatements="0" conditionals="0" coveredconditionals="0" methods="0" coveredmethods="0"/>
      </file>
    </package>
    <package name="app_public.src.instrumented.app.components.home-page">
      <metrics statements="0" coveredstatements="0" conditionals="0" coveredconditionals="0" methods="0" coveredmethods="0"/>
      <file name="home-page.component.ts" path="C:/Users/Matevzv/Documents/GitHub/LP234-13/src/app_public/src/instrumented/app/components/home-page/home-page.component.ts">
        <metrics statements="0" coveredstatements="0" conditionals="0" coveredconditionals="0" methods="0" coveredmethods="0"/>
      </file>
    </package>
    <package name="app_public.src.instrumented.app.components.komentar">
      <metrics statements="0" coveredstatements="0" conditionals="0" coveredconditionals="0" methods="0" coveredmethods="0"/>
      <file name="komentar.component.ts" path="C:/Users/Matevzv/Documents/GitHub/LP234-13/src/app_public/src/instrumented/app/components/komentar/komentar.component.ts">
        <metrics statements="0" coveredstatements="0" conditionals="0" coveredconditionals="0" methods="0" coveredmethods="0"/>
      </file>
    </package>
    <package name="app_public.src.instrumented.app.components.navbar">
      <metrics statements="0" coveredstatements="0" conditionals="0" coveredconditionals="0" methods="0" coveredmethods="0"/>
      <file name="navbar.component.ts" path="C:/Users/Matevzv/Documents/GitHub/LP234-13/src/app_public/src/instrumented/app/components/navbar/navbar.component.ts">
        <metrics statements="0" coveredstatements="0" conditionals="0" coveredconditionals="0" methods="0" coveredmethods="0"/>
      </file>
    </package>
    <package name="app_public.src.instrumented.app.components.ogled-oglasa">
      <metrics statements="0" coveredstatements="0" conditionals="0" coveredconditionals="0" methods="0" coveredmethods="0"/>
      <file name="ogled-oglasa.component.ts" path="C:/Users/Matevzv/Documents/GitHub/LP234-13/src/app_public/src/instrumented/app/components/ogled-oglasa/ogled-oglasa.component.ts">
        <metrics statements="0" coveredstatements="0" conditionals="0" coveredconditionals="0" methods="0" coveredmethods="0"/>
      </file>
    </package>
    <package name="app_public.src.instrumented.app.components.ogled-profila">
      <metrics statements="0" coveredstatements="0" conditionals="0" coveredconditionals="0" methods="0" coveredmethods="0"/>
      <file name="ogled-profila.component.ts" path="C:/Users/Matevzv/Documents/GitHub/LP234-13/src/app_public/src/instrumented/app/components/ogled-profila/ogled-profila.component.ts">
        <metrics statements="0" coveredstatements="0" conditionals="0" coveredconditionals="0" methods="0" coveredmethods="0"/>
      </file>
    </package>
    <package name="app_public.src.instrumented.app.components.ogrodje">
      <metrics statements="0" coveredstatements="0" conditionals="0" coveredconditionals="0" methods="0" coveredmethods="0"/>
      <file name="ogrodje.component.ts" path="C:/Users/Matevzv/Documents/GitHub/LP234-13/src/app_public/src/instrumented/app/components/ogrodje/ogrodje.component.ts">
        <metrics statements="0" coveredstatements="0" conditionals="0" coveredconditionals="0" methods="0" coveredmethods="0"/>
      </file>
    </package>
    <package name="app_public.src.instrumented.app.components.profil-uporabnika">
      <metrics statements="0" coveredstatements="0" conditionals="0" coveredconditionals="0" methods="0" coveredmethods="0"/>
      <file name="profil-uporabnika.component.ts" path="C:/Users/Matevzv/Documents/GitHub/LP234-13/src/app_public/src/instrumented/app/components/profil-uporabnika/profil-uporabnika.component.ts">
        <metrics statements="0" coveredstatements="0" conditionals="0" coveredconditionals="0" methods="0" coveredmethods="0"/>
      </file>
    </package>
    <package name="app_public.src.instrumented.app.components.registracija">
      <metrics statements="0" coveredstatements="0" conditionals="0" coveredconditionals="0" methods="0" coveredmethods="0"/>
      <file name="registracija.component.ts" path="C:/Users/Matevzv/Documents/GitHub/LP234-13/src/app_public/src/instrumented/app/components/registracija/registracija.component.ts">
        <metrics statements="0" coveredstatements="0" conditionals="0" coveredconditionals="0" methods="0" coveredmethods="0"/>
      </file>
    </package>
    <package name="app_public.src.instrumented.app.components.urejanje-profila">
      <metrics statements="0" coveredstatements="0" conditionals="0" coveredconditionals="0" methods="0" coveredmethods="0"/>
      <file name="urejanje-profila.component.ts" path="C:/Users/Matevzv/Documents/GitHub/LP234-13/src/app_public/src/instrumented/app/components/urejanje-profila/urejanje-profila.component.ts">
        <metrics statements="0" coveredstatements="0" conditionals="0" coveredconditionals="0" methods="0" coveredmethods="0"/>
      </file>
    </package>
    <package name="app_public.src.instrumented.app.components.vsi-oglasi">
      <metrics statements="0" coveredstatements="0" conditionals="0" coveredconditionals="0" methods="0" coveredmethods="0"/>
      <file name="vsi-oglasi.component.ts" path="C:/Users/Matevzv/Documents/GitHub/LP234-13/src/app_public/src/instrumented/app/components/vsi-oglasi/vsi-oglasi.component.ts">
        <metrics statements="0" coveredstatements="0" conditionals="0" coveredconditionals="0" methods="0" coveredmethods="0"/>
      </file>
    </package>
    <package name="app_public.src.instrumented.app.components.vsi-oglasi.oglas">
      <metrics statements="0" coveredstatements="0" conditionals="0" coveredconditionals="0" methods="0" coveredmethods="0"/>
      <file name="oglas.component.ts" path="C:/Users/Matevzv/Documents/GitHub/LP234-13/src/app_public/src/instrumented/app/components/vsi-oglasi/oglas/oglas.component.ts">
        <metrics statements="0" coveredstatements="0" conditionals="0" coveredconditionals="0" methods="0" coveredmethods="0"/>
      </file>
    </package>
    <package name="app_public.src.instrumented.app.pipes">
      <metrics statements="0" coveredstatements="0" conditionals="0" coveredconditionals="0" methods="0" coveredmethods="0"/>
      <file name="invert.pipe.ts" path="C:/Users/Matevzv/Documents/GitHub/LP234-13/src/app_public/src/instrumented/app/pipes/invert.pipe.ts">
        <metrics statements="0" coveredstatements="0" conditionals="0" coveredconditionals="0" methods="0" coveredmethods="0"/>
      </file>
    </package>
    <package name="app_public.src.instrumented.app.services">
      <metrics statements="0" coveredstatements="0" conditionals="0" coveredconditionals="0" methods="0" coveredmethods="0"/>
      <file name="app-data.service.ts" path="C:/Users/Matevzv/Documents/GitHub/LP234-13/src/app_public/src/instrumented/app/services/app-data.service.ts">
        <metrics statements="0" coveredstatements="0" conditionals="0" coveredconditionals="0" methods="0" coveredmethods="0"/>
      </file>
      <file name="authentication.service.ts" path="C:/Users/Matevzv/Documents/GitHub/LP234-13/src/app_public/src/instrumented/app/services/authentication.service.ts">
        <metrics statements="0" coveredstatements="0" conditionals="0" coveredconditionals="0" methods="0" coveredmethods="0"/>
      </file>
      <file name="oglasi.service.ts" path="C:/Users/Matevzv/Documents/GitHub/LP234-13/src/app_public/src/instrumented/app/services/oglasi.service.ts">
        <metrics statements="0" coveredstatements="0" conditionals="0" coveredconditionals="0" methods="0" coveredmethods="0"/>
      </file>
      <file name="user.service.ts" path="C:/Users/Matevzv/Documents/GitHub/LP234-13/src/app_public/src/instrumented/app/services/user.service.ts">
        <metrics statements="0" coveredstatements="0" conditionals="0" coveredconditionals="0" methods="0" coveredmethods="0"/>
      </file>
    </package>
    <package name="app_public.src.instrumented.environments">
      <metrics statements="0" coveredstatements="0" conditionals="0" coveredconditionals="0" methods="0" coveredmethods="0"/>
      <file name="environment.prod.ts" path="C:/Users/Matevzv/Documents/GitHub/LP234-13/src/app_public/src/instrumented/environments/environment.prod.ts">
        <metrics statements="0" coveredstatements="0" conditionals="0" coveredconditionals="0" methods="0" coveredmethods="0"/>
      </file>
      <file name="environment.ts" path="C:/Users/Matevzv/Documents/GitHub/LP234-13/src/app_public/src/instrumented/environments/environment.ts">
        <metrics statements="0" coveredstatements="0" conditionals="0" coveredconditionals="0" methods="0" coveredmethods="0"/>
      </file>
    </package>
  </project>
</coverage>
