{"C:/Users/Matevzv/Documents/GitHub/LP234-13/src/app_public/karma.conf.js": {"path":"C:/Users/Matevzv/Documents/GitHub/LP234-13/src/app_public/karma.conf.js","statementMap":{},"fnMap":{},"branchMap":{},"s":{},"f":{},"b":{}}
,"C:/Users/Matevzv/Documents/GitHub/LP234-13/src/app_public/coverage/lcov-report/block-navigation.js": {"path":"C:/Users/Matevzv/Documents/GitHub/LP234-13/src/app_public/coverage/lcov-report/block-navigation.js","statementMap":{},"fnMap":{},"branchMap":{},"s":{},"f":{},"b":{}}
,"C:/Users/Matevzv/Documents/GitHub/LP234-13/src/app_public/coverage/lcov-report/prettify.js": {"path":"C:/Users/Matevzv/Documents/GitHub/LP234-13/src/app_public/coverage/lcov-report/prettify.js","statementMap":{},"fnMap":{},"branchMap":{},"s":{},"f":{},"b":{}}
,"C:/Users/Matevzv/Documents/GitHub/LP234-13/src/app_public/coverage/lcov-report/sorter.js": {"path":"C:/Users/Matevzv/Documents/GitHub/LP234-13/src/app_public/coverage/lcov-report/sorter.js","statementMap":{},"fnMap":{},"branchMap":{},"s":{},"f":{},"b":{}}
,"C:/Users/Matevzv/Documents/GitHub/LP234-13/src/app_public/cypress/coverage.webpack.js": {"path":"C:/Users/Matevzv/Documents/GitHub/LP234-13/src/app_public/cypress/coverage.webpack.js","statementMap":{},"fnMap":{},"branchMap":{},"s":{},"f":{},"b":{}}
,"C:/Users/Matevzv/Documents/GitHub/LP234-13/src/app_public/cypress/integration/spec.ts": {"path":"C:/Users/Matevzv/Documents/GitHub/LP234-13/src/app_public/cypress/integration/spec.ts","statementMap":{},"fnMap":{},"branchMap":{},"s":{},"f":{},"b":{}}
,"C:/Users/Matevzv/Documents/GitHub/LP234-13/src/app_public/cypress/plugins/cy-ts-preprocessor.js": {"path":"C:/Users/Matevzv/Documents/GitHub/LP234-13/src/app_public/cypress/plugins/cy-ts-preprocessor.js","statementMap":{},"fnMap":{},"branchMap":{},"s":{},"f":{},"b":{}}
,"C:/Users/Matevzv/Documents/GitHub/LP234-13/src/app_public/cypress/plugins/index.js": {"path":"C:/Users/Matevzv/Documents/GitHub/LP234-13/src/app_public/cypress/plugins/index.js","statementMap":{},"fnMap":{},"branchMap":{},"s":{},"f":{},"b":{}}
,"C:/Users/Matevzv/Documents/GitHub/LP234-13/src/app_public/cypress/support/commands.ts": {"path":"C:/Users/Matevzv/Documents/GitHub/LP234-13/src/app_public/cypress/support/commands.ts","statementMap":{},"fnMap":{},"branchMap":{},"s":{},"f":{},"b":{}}
,"C:/Users/Matevzv/Documents/GitHub/LP234-13/src/app_public/cypress/support/index.ts": {"path":"C:/Users/Matevzv/Documents/GitHub/LP234-13/src/app_public/cypress/support/index.ts","statementMap":{},"fnMap":{},"branchMap":{},"s":{},"f":{},"b":{}}
,"C:/Users/Matevzv/Documents/GitHub/LP234-13/src/app_public/instrumented/main.ts": {"path":"C:/Users/Matevzv/Documents/GitHub/LP234-13/src/app_public/instrumented/main.ts","statementMap":{},"fnMap":{},"branchMap":{},"s":{},"f":{},"b":{}}
,"C:/Users/Matevzv/Documents/GitHub/LP234-13/src/app_public/instrumented/polyfills.ts": {"path":"C:/Users/Matevzv/Documents/GitHub/LP234-13/src/app_public/instrumented/polyfills.ts","statementMap":{},"fnMap":{},"branchMap":{},"s":{},"f":{},"b":{}}
,"C:/Users/Matevzv/Documents/GitHub/LP234-13/src/app_public/instrumented/app/app.module.ts": {"path":"C:/Users/Matevzv/Documents/GitHub/LP234-13/src/app_public/instrumented/app/app.module.ts","statementMap":{},"fnMap":{},"branchMap":{},"s":{},"f":{},"b":{}}
,"C:/Users/Matevzv/Documents/GitHub/LP234-13/src/app_public/instrumented/app/Classes/authenticationResult.ts": {"path":"C:/Users/Matevzv/Documents/GitHub/LP234-13/src/app_public/instrumented/app/Classes/authenticationResult.ts","statementMap":{},"fnMap":{},"branchMap":{},"s":{},"f":{},"b":{}}
,"C:/Users/Matevzv/Documents/GitHub/LP234-13/src/app_public/instrumented/app/Classes/storage.ts": {"path":"C:/Users/Matevzv/Documents/GitHub/LP234-13/src/app_public/instrumented/app/Classes/storage.ts","statementMap":{},"fnMap":{},"branchMap":{},"s":{},"f":{},"b":{}}
,"C:/Users/Matevzv/Documents/GitHub/LP234-13/src/app_public/instrumented/app/Models/Comment.ts": {"path":"C:/Users/Matevzv/Documents/GitHub/LP234-13/src/app_public/instrumented/app/Models/Comment.ts","statementMap":{},"fnMap":{},"branchMap":{},"s":{},"f":{},"b":{}}
,"C:/Users/Matevzv/Documents/GitHub/LP234-13/src/app_public/instrumented/app/Models/Oglas.ts": {"path":"C:/Users/Matevzv/Documents/GitHub/LP234-13/src/app_public/instrumented/app/Models/Oglas.ts","statementMap":{},"fnMap":{},"branchMap":{},"s":{},"f":{},"b":{}}
,"C:/Users/Matevzv/Documents/GitHub/LP234-13/src/app_public/instrumented/app/Models/User.ts": {"path":"C:/Users/Matevzv/Documents/GitHub/LP234-13/src/app_public/instrumented/app/Models/User.ts","statementMap":{},"fnMap":{},"branchMap":{},"s":{},"f":{},"b":{}}
,"C:/Users/Matevzv/Documents/GitHub/LP234-13/src/app_public/instrumented/app/components/home-page/home-page.component.ts": {"path":"C:/Users/Matevzv/Documents/GitHub/LP234-13/src/app_public/instrumented/app/components/home-page/home-page.component.ts","statementMap":{},"fnMap":{},"branchMap":{},"s":{},"f":{},"b":{}}
,"C:/Users/Matevzv/Documents/GitHub/LP234-13/src/app_public/instrumented/app/components/komentar/komentar.component.ts": {"path":"C:/Users/Matevzv/Documents/GitHub/LP234-13/src/app_public/instrumented/app/components/komentar/komentar.component.ts","statementMap":{},"fnMap":{},"branchMap":{},"s":{},"f":{},"b":{}}
,"C:/Users/Matevzv/Documents/GitHub/LP234-13/src/app_public/instrumented/app/components/navbar/navbar.component.ts": {"path":"C:/Users/Matevzv/Documents/GitHub/LP234-13/src/app_public/instrumented/app/components/navbar/navbar.component.ts","statementMap":{},"fnMap":{},"branchMap":{},"s":{},"f":{},"b":{}}
,"C:/Users/Matevzv/Documents/GitHub/LP234-13/src/app_public/instrumented/app/components/ogled-oglasa/ogled-oglasa.component.ts": {"path":"C:/Users/Matevzv/Documents/GitHub/LP234-13/src/app_public/instrumented/app/components/ogled-oglasa/ogled-oglasa.component.ts","statementMap":{},"fnMap":{},"branchMap":{},"s":{},"f":{},"b":{}}
,"C:/Users/Matevzv/Documents/GitHub/LP234-13/src/app_public/instrumented/app/components/ogled-profila/ogled-profila.component.ts": {"path":"C:/Users/Matevzv/Documents/GitHub/LP234-13/src/app_public/instrumented/app/components/ogled-profila/ogled-profila.component.ts","statementMap":{},"fnMap":{},"branchMap":{},"s":{},"f":{},"b":{}}
,"C:/Users/Matevzv/Documents/GitHub/LP234-13/src/app_public/instrumented/app/components/ogrodje/ogrodje.component.ts": {"path":"C:/Users/Matevzv/Documents/GitHub/LP234-13/src/app_public/instrumented/app/components/ogrodje/ogrodje.component.ts","statementMap":{},"fnMap":{},"branchMap":{},"s":{},"f":{},"b":{}}
,"C:/Users/Matevzv/Documents/GitHub/LP234-13/src/app_public/instrumented/app/components/profil-uporabnika/profil-uporabnika.component.ts": {"path":"C:/Users/Matevzv/Documents/GitHub/LP234-13/src/app_public/instrumented/app/components/profil-uporabnika/profil-uporabnika.component.ts","statementMap":{},"fnMap":{},"branchMap":{},"s":{},"f":{},"b":{}}
,"C:/Users/Matevzv/Documents/GitHub/LP234-13/src/app_public/instrumented/app/components/registracija/registracija.component.ts": {"path":"C:/Users/Matevzv/Documents/GitHub/LP234-13/src/app_public/instrumented/app/components/registracija/registracija.component.ts","statementMap":{},"fnMap":{},"branchMap":{},"s":{},"f":{},"b":{}}
,"C:/Users/Matevzv/Documents/GitHub/LP234-13/src/app_public/instrumented/app/components/urejanje-profila/urejanje-profila.component.ts": {"path":"C:/Users/Matevzv/Documents/GitHub/LP234-13/src/app_public/instrumented/app/components/urejanje-profila/urejanje-profila.component.ts","statementMap":{},"fnMap":{},"branchMap":{},"s":{},"f":{},"b":{}}
,"C:/Users/Matevzv/Documents/GitHub/LP234-13/src/app_public/instrumented/app/components/vsi-oglasi/vsi-oglasi.component.ts": {"path":"C:/Users/Matevzv/Documents/GitHub/LP234-13/src/app_public/instrumented/app/components/vsi-oglasi/vsi-oglasi.component.ts","statementMap":{},"fnMap":{},"branchMap":{},"s":{},"f":{},"b":{}}
,"C:/Users/Matevzv/Documents/GitHub/LP234-13/src/app_public/instrumented/app/components/vsi-oglasi/oglas/oglas.component.ts": {"path":"C:/Users/Matevzv/Documents/GitHub/LP234-13/src/app_public/instrumented/app/components/vsi-oglasi/oglas/oglas.component.ts","statementMap":{},"fnMap":{},"branchMap":{},"s":{},"f":{},"b":{}}
,"C:/Users/Matevzv/Documents/GitHub/LP234-13/src/app_public/instrumented/app/pipes/invert.pipe.ts": {"path":"C:/Users/Matevzv/Documents/GitHub/LP234-13/src/app_public/instrumented/app/pipes/invert.pipe.ts","statementMap":{},"fnMap":{},"branchMap":{},"s":{},"f":{},"b":{}}
,"C:/Users/Matevzv/Documents/GitHub/LP234-13/src/app_public/instrumented/app/services/app-data.service.ts": {"path":"C:/Users/Matevzv/Documents/GitHub/LP234-13/src/app_public/instrumented/app/services/app-data.service.ts","statementMap":{},"fnMap":{},"branchMap":{},"s":{},"f":{},"b":{}}
,"C:/Users/Matevzv/Documents/GitHub/LP234-13/src/app_public/instrumented/app/services/authentication.service.ts": {"path":"C:/Users/Matevzv/Documents/GitHub/LP234-13/src/app_public/instrumented/app/services/authentication.service.ts","statementMap":{},"fnMap":{},"branchMap":{},"s":{},"f":{},"b":{}}
,"C:/Users/Matevzv/Documents/GitHub/LP234-13/src/app_public/instrumented/app/services/oglasi.service.ts": {"path":"C:/Users/Matevzv/Documents/GitHub/LP234-13/src/app_public/instrumented/app/services/oglasi.service.ts","statementMap":{},"fnMap":{},"branchMap":{},"s":{},"f":{},"b":{}}
,"C:/Users/Matevzv/Documents/GitHub/LP234-13/src/app_public/instrumented/environments/environment.prod.ts": {"path":"C:/Users/Matevzv/Documents/GitHub/LP234-13/src/app_public/instrumented/environments/environment.prod.ts","statementMap":{},"fnMap":{},"branchMap":{},"s":{},"f":{},"b":{}}
,"C:/Users/Matevzv/Documents/GitHub/LP234-13/src/app_public/instrumented/environments/environment.ts": {"path":"C:/Users/Matevzv/Documents/GitHub/LP234-13/src/app_public/instrumented/environments/environment.ts","statementMap":{},"fnMap":{},"branchMap":{},"s":{},"f":{},"b":{}}
,"C:\\Users\\Matevzv\\Documents\\GitHub\\LP234-13\\src\\app_public\\src\\main.ts": {"path":"C:\\Users\\Matevzv\\Documents\\GitHub\\LP234-13\\src\\app_public\\src\\main.ts","statementMap":{"0":{"start":{"line":7,"column":0},"end":{"line":9,"column":null}},"1":{"start":{"line":8,"column":2},"end":{"line":8,"column":19}},"2":{"start":{"line":11,"column":0},"end":{"line":12,"column":36}},"3":{"start":{"line":12,"column":16},"end":{"line":12,"column":34}}},"fnMap":{"0":{"name":"(anonymous_0)","decl":{"start":{"line":12,"column":9},"end":{"line":12,"column":12}},"loc":{"start":{"line":12,"column":16},"end":{"line":12,"column":34}}}},"branchMap":{"0":{"loc":{"start":{"line":7,"column":0},"end":{"line":9,"column":null}},"type":"if","locations":[{"start":{"line":7,"column":0},"end":{"line":9,"column":null}},{"start":{"line":7,"column":0},"end":{"line":9,"column":null}}]}},"s":{"0":52,"1":0,"2":52,"3":0},"f":{"0":0},"b":{"0":[0,52]}}
,"C:/Users/Matevzv/Documents/GitHub/LP234-13/src/app_public/src/test.ts": {"path":"C:/Users/Matevzv/Documents/GitHub/LP234-13/src/app_public/src/test.ts","statementMap":{},"fnMap":{},"branchMap":{},"s":{},"f":{},"b":{}}
,"C:\\Users\\Matevzv\\Documents\\GitHub\\LP234-13\\src\\app_public\\src\\app\\app.module.ts": {"path":"C:\\Users\\Matevzv\\Documents\\GitHub\\LP234-13\\src\\app_public\\src\\app\\app.module.ts","statementMap":{"0":{"start":{"line":78,"column":13},"end":{"line":78,"column":null}},"1":{"start":{"line":78,"column":13},"end":{"line":76,"column":null}},"2":{"start":{"line":75,"column":13},"end":{"line":74,"column":null}},"3":{"start":{"line":78,"column":13},"end":{"line":73,"column":null}}},"fnMap":{"0":{"name":"AppModule_Factory","decl":{"start":{"line":78,"column":13},"end":{"line":78,"column":22}},"loc":{"start":{"line":78,"column":13},"end":{"line":78,"column":null}}}},"branchMap":{"0":{"loc":{"start":{"line":78,"column":13},"end":{"line":78,"column":22}},"type":"binary-expr","locations":[{"start":{"line":78,"column":13},"end":{"line":78,"column":22}},{"start":{"line":78,"column":13},"end":{"line":78,"column":22}}]},"1":{"loc":{"start":{"line":78,"column":13},"end":{"line":78,"column":22}},"type":"binary-expr","locations":[{"start":{"line":78,"column":13},"end":{"line":78,"column":22}},{"start":{"line":78,"column":13},"end":{"line":78,"column":22}},{"start":{"line":78,"column":13},"end":{"line":73,"column":null}}]}},"s":{"0":104,"1":52,"2":52,"3":104},"f":{"0":104},"b":{"0":[52,52],"1":[52,0,52]}}
,"C:/Users/Matevzv/Documents/GitHub/LP234-13/src/app_public/src/app/Classes/authenticationResult.ts": {"path":"C:/Users/Matevzv/Documents/GitHub/LP234-13/src/app_public/src/app/Classes/authenticationResult.ts","statementMap":{},"fnMap":{},"branchMap":{},"s":{},"f":{},"b":{}}
,"C:\\Users\\Matevzv\\Documents\\GitHub\\LP234-13\\src\\app_public\\src\\app\\Classes\\storage.ts": {"path":"C:\\Users\\Matevzv\\Documents\\GitHub\\LP234-13\\src\\app_public\\src\\app\\Classes\\storage.ts","statementMap":{"0":{"start":{"line":3,"column":34},"end":{"line":8,"column":null}},"1":{"start":{"line":7,"column":19},"end":{"line":7,"column":31}}},"fnMap":{"0":{"name":"(anonymous_0)","decl":{"start":{"line":7,"column":13},"end":{"line":7,"column":16}},"loc":{"start":{"line":7,"column":19},"end":{"line":7,"column":31}}}},"branchMap":{},"s":{"0":52,"1":52},"f":{"0":52},"b":{}}
,"C:/Users/Matevzv/Documents/GitHub/LP234-13/src/app_public/src/app/Models/User.ts": {"path":"C:/Users/Matevzv/Documents/GitHub/LP234-13/src/app_public/src/app/Models/User.ts","statementMap":{},"fnMap":{},"branchMap":{},"s":{},"f":{},"b":{}}
,"C:\\Users\\Matevzv\\Documents\\GitHub\\LP234-13\\src\\app_public\\src\\app\\components\\hitri-kontakti\\hitri-kontakti.component.html": {"path":"C:\\Users\\Matevzv\\Documents\\GitHub\\LP234-13\\src\\app_public\\src\\app\\components\\hitri-kontakti\\hitri-kontakti.component.html","statementMap":{"0":{"start":{"line":6,"column":8},"end":{"line":6,"column":null}},"1":{"start":{"line":1,"column":0},"end":{"line":1,"column":null}},"2":{"start":{"line":3,"column":0},"end":{"line":3,"column":null}},"3":{"start":{"line":4,"column":4},"end":{"line":4,"column":null}},"4":{"start":{"line":5,"column":8},"end":{"line":5,"column":null}},"5":{"start":{"line":8,"column":4},"end":{"line":8,"column":null}},"6":{"start":{"line":10,"column":0},"end":{"line":10,"column":null}},"7":{"start":{"line":6,"column":41},"end":{"line":6,"column":110}}},"fnMap":{},"branchMap":{},"s":{"0":0,"1":0,"2":0,"3":0,"4":0,"5":0,"6":0,"7":0},"f":{},"b":{}}
,"C:\\Users\\Matevzv\\Documents\\GitHub\\LP234-13\\src\\app_public\\src\\app\\components\\hitri-kontakti\\hitri-kontakti.component.ts": {"path":"C:\\Users\\Matevzv\\Documents\\GitHub\\LP234-13\\src\\app_public\\src\\app\\components\\hitri-kontakti\\hitri-kontakti.component.ts","statementMap":{"0":{"start":{"line":14,"column":22},"end":{"line":14,"column":55}},"1":{"start":{"line":14,"column":65},"end":{"line":14,"column":78}},"2":{"start":{"line":14,"column":88},"end":{"line":14,"column":111}},"3":{"start":{"line":20,"column":4},"end":{"line":20,"column":null}},"4":{"start":{"line":21,"column":4},"end":{"line":21,"column":null}},"5":{"start":{"line":22,"column":4},"end":{"line":22,"column":null}},"6":{"start":{"line":27,"column":4},"end":{"line":27,"column":null}},"7":{"start":{"line":12,"column":13},"end":{"line":12,"column":null}}},"fnMap":{"0":{"name":"(anonymous_1)","decl":{"start":{"line":14,"column":2},"end":{"line":14,"column":22}},"loc":{"start":{"line":14,"column":111},"end":{"line":14,"column":116}}},"1":{"name":"(anonymous_2)","decl":{"start":{"line":19,"column":2},"end":{"line":19,"column":10}},"loc":{"start":{"line":19,"column":10},"end":{"line":24,"column":3}}},"2":{"name":"(anonymous_3)","decl":{"start":{"line":26,"column":2},"end":{"line":26,"column":9}},"loc":{"start":{"line":26,"column":9},"end":{"line":28,"column":3}}},"3":{"name":"HitriKontaktiComponent_Factory","decl":{"start":{"line":12,"column":13},"end":{"line":12,"column":35}},"loc":{"start":{"line":12,"column":13},"end":{"line":12,"column":null}}}},"branchMap":{"0":{"loc":{"start":{"line":12,"column":13},"end":{"line":12,"column":35}},"type":"binary-expr","locations":[{"start":{"line":12,"column":13},"end":{"line":12,"column":35}},{"start":{"line":12,"column":13},"end":{"line":12,"column":35}}]}},"s":{"0":0,"1":0,"2":0,"3":0,"4":0,"5":0,"6":0,"7":52},"f":{"0":0,"1":0,"2":0,"3":0},"b":{"0":[0,0]}}
,"C:\\Users\\Matevzv\\Documents\\GitHub\\LP234-13\\src\\app_public\\src\\app\\components\\hitri-kontakti\\kontakt\\kontakt.component.html": {"path":"C:\\Users\\Matevzv\\Documents\\GitHub\\LP234-13\\src\\app_public\\src\\app\\components\\hitri-kontakti\\kontakt\\kontakt.component.html","statementMap":{"0":{"start":{"line":1,"column":0},"end":{"line":1,"column":null}},"1":{"start":{"line":2,"column":4},"end":{"line":2,"column":null}},"2":{"start":{"line":3,"column":4},"end":{"line":3,"column":null}},"3":{"start":{"line":4,"column":8},"end":{"line":4,"column":null}},"4":{"start":{"line":5,"column":8},"end":{"line":5,"column":38}},"5":{"start":{"line":5,"column":38},"end":{"line":6,"column":17}},"6":{"start":{"line":6,"column":8},"end":{"line":6,"column":null}},"7":{"start":{"line":7,"column":4},"end":{"line":7,"column":null}},"8":{"start":{"line":8,"column":0},"end":{"line":8,"column":null}}},"fnMap":{},"branchMap":{},"s":{"0":0,"1":0,"2":0,"3":0,"4":0,"5":0,"6":0,"7":0,"8":0},"f":{},"b":{}}
,"C:\\Users\\Matevzv\\Documents\\GitHub\\LP234-13\\src\\app_public\\src\\app\\components\\hitri-kontakti\\kontakt\\kontakt.component.ts": {"path":"C:\\Users\\Matevzv\\Documents\\GitHub\\LP234-13\\src\\app_public\\src\\app\\components\\hitri-kontakti\\kontakt\\kontakt.component.ts","statementMap":{"0":{"start":{"line":8,"column":13},"end":{"line":8,"column":null}}},"fnMap":{"0":{"name":"(anonymous_0)","decl":{"start":{"line":10,"column":2},"end":{"line":10,"column":18}},"loc":{"start":{"line":10,"column":2},"end":{"line":10,"column":19}}},"1":{"name":"(anonymous_1)","decl":{"start":{"line":12,"column":2},"end":{"line":12,"column":10}},"loc":{"start":{"line":12,"column":10},"end":{"line":13,"column":3}}},"2":{"name":"KontaktComponent_Factory","decl":{"start":{"line":8,"column":13},"end":{"line":8,"column":29}},"loc":{"start":{"line":8,"column":13},"end":{"line":8,"column":null}}}},"branchMap":{"0":{"loc":{"start":{"line":8,"column":13},"end":{"line":8,"column":29}},"type":"binary-expr","locations":[{"start":{"line":8,"column":13},"end":{"line":8,"column":29}},{"start":{"line":8,"column":13},"end":{"line":8,"column":29}}]}},"s":{"0":52},"f":{"0":0,"1":0,"2":0},"b":{"0":[0,0]}}
,"C:\\Users\\Matevzv\\Documents\\GitHub\\LP234-13\\src\\app_public\\src\\app\\components\\home-page\\home-page.component.html": {"path":"C:\\Users\\Matevzv\\Documents\\GitHub\\LP234-13\\src\\app_public\\src\\app\\components\\home-page\\home-page.component.html","statementMap":{"0":{"start":{"line":1,"column":0},"end":{"line":1,"column":null}},"1":{"start":{"line":2,"column":4},"end":{"line":2,"column":null}},"2":{"start":{"line":3,"column":8},"end":{"line":5,"column":null}},"3":{"start":{"line":6,"column":8},"end":{"line":6,"column":null}},"4":{"start":{"line":7,"column":12},"end":{"line":7,"column":27}},"5":{"start":{"line":7,"column":16},"end":{"line":7,"column":32}},"6":{"start":{"line":7,"column":27},"end":{"line":7,"column":null}},"7":{"start":{"line":8,"column":12},"end":{"line":8,"column":null}},"8":{"start":{"line":9,"column":14},"end":{"line":9,"column":null}},"9":{"start":{"line":10,"column":16},"end":{"line":10,"column":55}},"10":{"start":{"line":10,"column":40},"end":{"line":10,"column":63}},"11":{"start":{"line":10,"column":55},"end":{"line":10,"column":null}},"12":{"start":{"line":11,"column":16},"end":{"line":11,"column":null}},"13":{"start":{"line":12,"column":14},"end":{"line":12,"column":null}},"14":{"start":{"line":13,"column":14},"end":{"line":13,"column":null}},"15":{"start":{"line":14,"column":16},"end":{"line":14,"column":48}},"16":{"start":{"line":14,"column":43},"end":{"line":14,"column":56}},"17":{"start":{"line":14,"column":48},"end":{"line":14,"column":null}},"18":{"start":{"line":15,"column":16},"end":{"line":15,"column":null}},"19":{"start":{"line":16,"column":14},"end":{"line":16,"column":null}},"20":{"start":{"line":17,"column":14},"end":{"line":17,"column":82}},"21":{"start":{"line":17,"column":22},"end":{"line":17,"column":75}},"22":{"start":{"line":17,"column":22},"end":{"line":17,"column":39}},"23":{"start":{"line":17,"column":75},"end":{"line":17,"column":91}},"24":{"start":{"line":17,"column":82},"end":{"line":17,"column":null}},"25":{"start":{"line":18,"column":12},"end":{"line":18,"column":null}},"26":{"start":{"line":19,"column":12},"end":{"line":19,"column":113}},"27":{"start":{"line":19,"column":98},"end":{"line":19,"column":122}},"28":{"start":{"line":19,"column":113},"end":{"line":19,"column":null}},"29":{"start":{"line":20,"column":12},"end":{"line":20,"column":86}},"30":{"start":{"line":20,"column":71},"end":{"line":20,"column":95}},"31":{"start":{"line":20,"column":86},"end":{"line":20,"column":null}},"32":{"start":{"line":21,"column":8},"end":{"line":21,"column":null}},"33":{"start":{"line":22,"column":8},"end":{"line":23,"column":null}},"34":{"start":{"line":24,"column":4},"end":{"line":24,"column":null}},"35":{"start":{"line":25,"column":0},"end":{"line":25,"column":null}}},"fnMap":{"0":{"name":"HomePageComponent_Template_button_click_17_listener","decl":{"start":{"line":17,"column":22},"end":{"line":17,"column":31}},"loc":{"start":{"line":17,"column":22},"end":{"line":17,"column":39}}}},"branchMap":{},"s":{"0":45,"1":45,"2":45,"3":45,"4":45,"5":45,"6":45,"7":45,"8":45,"9":45,"10":45,"11":45,"12":45,"13":45,"14":45,"15":45,"16":45,"17":45,"18":45,"19":45,"20":45,"21":45,"22":34,"23":45,"24":45,"25":45,"26":45,"27":45,"28":45,"29":45,"30":45,"31":45,"32":45,"33":45,"34":45,"35":45},"f":{"0":34},"b":{}}
,"C:\\Users\\Matevzv\\Documents\\GitHub\\LP234-13\\src\\app_public\\src\\app\\components\\home-page\\home-page.component.ts": {"path":"C:\\Users\\Matevzv\\Documents\\GitHub\\LP234-13\\src\\app_public\\src\\app\\components\\home-page\\home-page.component.ts","statementMap":{"0":{"start":{"line":17,"column":22},"end":{"line":17,"column":54}},"1":{"start":{"line":17,"column":64},"end":{"line":17,"column":77}},"2":{"start":{"line":17,"column":86},"end":{"line":17,"column":106}},"3":{"start":{"line":29,"column":4},"end":{"line":29,"column":null}},"4":{"start":{"line":30,"column":4},"end":{"line":30,"column":null}},"5":{"start":{"line":31,"column":30},"end":{"line":31,"column":74}},"6":{"start":{"line":32,"column":4},"end":{"line":32,"column":null}},"7":{"start":{"line":33,"column":4},"end":{"line":37,"column":null}},"8":{"start":{"line":34,"column":6},"end":{"line":34,"column":null}},"9":{"start":{"line":36,"column":6},"end":{"line":36,"column":null}},"10":{"start":{"line":12,"column":13},"end":{"line":12,"column":null}}},"fnMap":{"0":{"name":"(anonymous_0)","decl":{"start":{"line":17,"column":2},"end":{"line":17,"column":22}},"loc":{"start":{"line":17,"column":106},"end":{"line":17,"column":110}}},"1":{"name":"(anonymous_1)","decl":{"start":{"line":22,"column":2},"end":{"line":22,"column":10}},"loc":{"start":{"line":22,"column":10},"end":{"line":26,"column":3}}},"2":{"name":"(anonymous_2)","decl":{"start":{"line":28,"column":2},"end":{"line":28,"column":7}},"loc":{"start":{"line":28,"column":7},"end":{"line":38,"column":3}}},"3":{"name":"(anonymous_3)","decl":{"start":{"line":33,"column":42},"end":{"line":33,"column":43}},"loc":{"start":{"line":33,"column":46},"end":{"line":35,"column":5}}},"4":{"name":"(anonymous_4)","decl":{"start":{"line":35,"column":13},"end":{"line":35,"column":16}},"loc":{"start":{"line":35,"column":19},"end":{"line":37,"column":5}}},"5":{"name":"HomePageComponent_Factory","decl":{"start":{"line":12,"column":13},"end":{"line":12,"column":30}},"loc":{"start":{"line":12,"column":13},"end":{"line":12,"column":null}}}},"branchMap":{"0":{"loc":{"start":{"line":12,"column":13},"end":{"line":12,"column":30}},"type":"binary-expr","locations":[{"start":{"line":12,"column":13},"end":{"line":12,"column":30}},{"start":{"line":12,"column":13},"end":{"line":12,"column":30}}]}},"s":{"0":45,"1":45,"2":45,"3":34,"4":34,"5":34,"6":34,"7":34,"8":32,"9":2,"10":97},"f":{"0":45,"1":45,"2":34,"3":32,"4":2,"5":45},"b":{"0":[45,45]}}
,"C:\\Users\\Matevzv\\Documents\\GitHub\\LP234-13\\src\\app_public\\src\\app\\components\\komentar\\komentar.component.html": {"path":"C:\\Users\\Matevzv\\Documents\\GitHub\\LP234-13\\src\\app_public\\src\\app\\components\\komentar\\komentar.component.html","statementMap":{"0":{"start":{"line":1,"column":0},"end":{"line":1,"column":18}},"1":{"start":{"line":1,"column":3},"end":{"line":1,"column":22}},"2":{"start":{"line":1,"column":18},"end":{"line":1,"column":null}}},"fnMap":{},"branchMap":{},"s":{"0":0,"1":0,"2":0},"f":{},"b":{}}
,"C:\\Users\\Matevzv\\Documents\\GitHub\\LP234-13\\src\\app_public\\src\\app\\components\\komentar\\komentar.component.ts": {"path":"C:\\Users\\Matevzv\\Documents\\GitHub\\LP234-13\\src\\app_public\\src\\app\\components\\komentar\\komentar.component.ts","statementMap":{"0":{"start":{"line":15,"column":4},"end":{"line":19,"column":null}},"1":{"start":{"line":16,"column":6},"end":{"line":16,"column":null}},"2":{"start":{"line":18,"column":6},"end":{"line":18,"column":null}},"3":{"start":{"line":9,"column":13},"end":{"line":9,"column":null}}},"fnMap":{"0":{"name":"(anonymous_0)","decl":{"start":{"line":12,"column":2},"end":{"line":12,"column":18}},"loc":{"start":{"line":12,"column":2},"end":{"line":12,"column":19}}},"1":{"name":"(anonymous_1)","decl":{"start":{"line":14,"column":2},"end":{"line":14,"column":10}},"loc":{"start":{"line":14,"column":10},"end":{"line":20,"column":3}}},"2":{"name":"KomentarComponent_Factory","decl":{"start":{"line":9,"column":13},"end":{"line":9,"column":30}},"loc":{"start":{"line":9,"column":13},"end":{"line":9,"column":null}}}},"branchMap":{"0":{"loc":{"start":{"line":15,"column":4},"end":{"line":19,"column":null}},"type":"if","locations":[{"start":{"line":15,"column":4},"end":{"line":19,"column":null}},{"start":{"line":15,"column":4},"end":{"line":19,"column":null}}]},"1":{"loc":{"start":{"line":9,"column":13},"end":{"line":9,"column":30}},"type":"binary-expr","locations":[{"start":{"line":9,"column":13},"end":{"line":9,"column":30}},{"start":{"line":9,"column":13},"end":{"line":9,"column":30}}]}},"s":{"0":0,"1":0,"2":0,"3":52},"f":{"0":0,"1":0,"2":0},"b":{"0":[0,0],"1":[0,0]}}
,"C:\\Users\\Matevzv\\Documents\\GitHub\\LP234-13\\src\\app_public\\src\\app\\components\\navbar\\navbar.component.html": {"path":"C:\\Users\\Matevzv\\Documents\\GitHub\\LP234-13\\src\\app_public\\src\\app\\components\\navbar\\navbar.component.html","statementMap":{"0":{"start":{"line":9,"column":8},"end":{"line":9,"column":99}},"1":{"start":{"line":9,"column":39},"end":{"line":9,"column":93}},"2":{"start":{"line":9,"column":39},"end":{"line":9,"column":57}},"3":{"start":{"line":9,"column":93},"end":{"line":9,"column":108}},"4":{"start":{"line":9,"column":99},"end":{"line":9,"column":null}},"5":{"start":{"line":1,"column":0},"end":{"line":1,"column":null}},"6":{"start":{"line":2,"column":4},"end":{"line":2,"column":43}},"7":{"start":{"line":2,"column":8},"end":{"line":2,"column":33}},"8":{"start":{"line":2,"column":8},"end":{"line":2,"column":32}},"9":{"start":{"line":2,"column":33},"end":{"line":2,"column":48}},"10":{"start":{"line":2,"column":43},"end":{"line":2,"column":null}},"11":{"start":{"line":3,"column":4},"end":{"line":4,"column":null}},"12":{"start":{"line":5,"column":4},"end":{"line":5,"column":null}},"13":{"start":{"line":6,"column":8},"end":{"line":6,"column":null}},"14":{"start":{"line":7,"column":12},"end":{"line":7,"column":42}},"15":{"start":{"line":7,"column":42},"end":{"line":8,"column":17}},"16":{"start":{"line":8,"column":8},"end":{"line":8,"column":null}},"17":{"start":{"line":9,"column":8},"end":{"line":9,"column":null}},"18":{"start":{"line":10,"column":4},"end":{"line":10,"column":null}},"19":{"start":{"line":11,"column":0},"end":{"line":11,"column":null}},"20":{"start":{"line":9,"column":17},"end":{"line":9,"column":39}}},"fnMap":{"0":{"name":"NavbarComponent_button_8_Template_button_click_0_listener","decl":{"start":{"line":9,"column":39},"end":{"line":9,"column":57}},"loc":{"start":{"line":9,"column":39},"end":{"line":9,"column":57}}},"1":{"name":"NavbarComponent_Template_h3_click_1_listener","decl":{"start":{"line":2,"column":8},"end":{"line":2,"column":17}},"loc":{"start":{"line":2,"column":8},"end":{"line":2,"column":32}}}},"branchMap":{},"s":{"0":70,"1":70,"2":0,"3":70,"4":70,"5":76,"6":76,"7":76,"8":0,"9":76,"10":76,"11":76,"12":76,"13":76,"14":76,"15":76,"16":76,"17":76,"18":76,"19":76,"20":2500},"f":{"0":0,"1":0},"b":{}}
,"C:\\Users\\Matevzv\\Documents\\GitHub\\LP234-13\\src\\app_public\\src\\app\\components\\navbar\\navbar.component.ts": {"path":"C:\\Users\\Matevzv\\Documents\\GitHub\\LP234-13\\src\\app_public\\src\\app\\components\\navbar\\navbar.component.ts","statementMap":{"0":{"start":{"line":12,"column":22},"end":{"line":12,"column":54}},"1":{"start":{"line":12,"column":64},"end":{"line":12,"column":78}},"2":{"start":{"line":18,"column":4},"end":{"line":18,"column":null}},"3":{"start":{"line":19,"column":4},"end":{"line":19,"column":null}},"4":{"start":{"line":23,"column":4},"end":{"line":23,"column":null}},"5":{"start":{"line":27,"column":4},"end":{"line":27,"column":null}},"6":{"start":{"line":10,"column":13},"end":{"line":10,"column":null}}},"fnMap":{"0":{"name":"(anonymous_2)","decl":{"start":{"line":12,"column":2},"end":{"line":12,"column":22}},"loc":{"start":{"line":12,"column":78},"end":{"line":12,"column":83}}},"1":{"name":"(anonymous_3)","decl":{"start":{"line":14,"column":2},"end":{"line":14,"column":10}},"loc":{"start":{"line":14,"column":10},"end":{"line":15,"column":3}}},"2":{"name":"(anonymous_4)","decl":{"start":{"line":17,"column":2},"end":{"line":17,"column":8}},"loc":{"start":{"line":17,"column":8},"end":{"line":20,"column":3}}},"3":{"name":"(anonymous_5)","decl":{"start":{"line":22,"column":2},"end":{"line":22,"column":14}},"loc":{"start":{"line":22,"column":14},"end":{"line":24,"column":3}}},"4":{"name":"(anonymous_6)","decl":{"start":{"line":26,"column":2},"end":{"line":26,"column":14}},"loc":{"start":{"line":26,"column":14},"end":{"line":28,"column":3}}},"5":{"name":"NavbarComponent_Factory","decl":{"start":{"line":10,"column":13},"end":{"line":10,"column":28}},"loc":{"start":{"line":10,"column":13},"end":{"line":10,"column":null}}}},"branchMap":{"0":{"loc":{"start":{"line":10,"column":13},"end":{"line":10,"column":28}},"type":"binary-expr","locations":[{"start":{"line":10,"column":13},"end":{"line":10,"column":28}},{"start":{"line":10,"column":13},"end":{"line":10,"column":28}}]}},"s":{"0":76,"1":76,"2":0,"3":0,"4":1250,"5":0,"6":128},"f":{"0":76,"1":76,"2":0,"3":1250,"4":0,"5":76},"b":{"0":[76,76]}}
,"C:\\Users\\Matevzv\\Documents\\GitHub\\LP234-13\\src\\app_public\\src\\app\\components\\oglasi-profila\\oglasi-profila.component.html": {"path":"C:\\Users\\Matevzv\\Documents\\GitHub\\LP234-13\\src\\app_public\\src\\app\\components\\oglasi-profila\\oglasi-profila.component.html","statementMap":{"0":{"start":{"line":9,"column":8},"end":{"line":9,"column":null}},"1":{"start":{"line":9,"column":57},"end":{"line":9,"column":137}},"2":{"start":{"line":8,"column":6},"end":{"line":8,"column":null}},"3":{"start":{"line":10,"column":6},"end":{"line":10,"column":null}},"4":{"start":{"line":9,"column":37},"end":{"line":9,"column":57}},"5":{"start":{"line":12,"column":8},"end":{"line":12,"column":22}},"6":{"start":{"line":12,"column":12},"end":{"line":12,"column":27}},"7":{"start":{"line":12,"column":22},"end":{"line":12,"column":null}},"8":{"start":{"line":1,"column":0},"end":{"line":1,"column":null}},"9":{"start":{"line":2,"column":2},"end":{"line":2,"column":null}},"10":{"start":{"line":3,"column":2},"end":{"line":3,"column":null}},"11":{"start":{"line":4,"column":4},"end":{"line":4,"column":null}},"12":{"start":{"line":5,"column":6},"end":{"line":5,"column":null}},"13":{"start":{"line":5,"column":14},"end":{"line":5,"column":93}},"14":{"start":{"line":5,"column":14},"end":{"line":5,"column":39}},"15":{"start":{"line":6,"column":8},"end":{"line":6,"column":null}},"16":{"start":{"line":7,"column":6},"end":{"line":7,"column":null}},"17":{"start":{"line":8,"column":6},"end":{"line":10,"column":null}},"18":{"start":{"line":11,"column":6},"end":{"line":13,"column":null}},"19":{"start":{"line":15,"column":4},"end":{"line":15,"column":null}},"20":{"start":{"line":16,"column":2},"end":{"line":16,"column":null}},"21":{"start":{"line":18,"column":0},"end":{"line":18,"column":null}},"22":{"start":{"line":8,"column":12},"end":{"line":8,"column":59}}},"fnMap":{"0":{"name":"OglasiProfilaComponent_Template_button_click_4_listener","decl":{"start":{"line":5,"column":14},"end":{"line":5,"column":23}},"loc":{"start":{"line":5,"column":14},"end":{"line":5,"column":39}}}},"branchMap":{},"s":{"0":4,"1":8,"2":2,"3":2,"4":16,"5":2,"6":2,"7":2,"8":2,"9":2,"10":2,"11":2,"12":2,"13":2,"14":0,"15":2,"16":2,"17":2,"18":2,"19":2,"20":2,"21":2,"22":56},"f":{"0":0},"b":{}}
,"C:\\Users\\Matevzv\\Documents\\GitHub\\LP234-13\\src\\app_public\\src\\app\\components\\oglasi-profila\\oglasi-profila.component.ts": {"path":"C:\\Users\\Matevzv\\Documents\\GitHub\\LP234-13\\src\\app_public\\src\\app\\components\\oglasi-profila\\oglasi-profila.component.ts","statementMap":{"0":{"start":{"line":18,"column":22},"end":{"line":18,"column":45}},"1":{"start":{"line":18,"column":55},"end":{"line":18,"column":82}},"2":{"start":{"line":18,"column":92},"end":{"line":18,"column":112}},"3":{"start":{"line":18,"column":122},"end":{"line":18,"column":155}},"4":{"start":{"line":18,"column":165},"end":{"line":18,"column":178}},"5":{"start":{"line":18,"column":188},"end":{"line":18,"column":207}},"6":{"start":{"line":21,"column":4},"end":{"line":21,"column":null}},"7":{"start":{"line":22,"column":4},"end":{"line":22,"column":null}},"8":{"start":{"line":26,"column":4},"end":{"line":32,"column":null}},"9":{"start":{"line":27,"column":6},"end":{"line":27,"column":null}},"10":{"start":{"line":28,"column":6},"end":{"line":28,"column":null}},"11":{"start":{"line":30,"column":6},"end":{"line":30,"column":null}},"12":{"start":{"line":31,"column":6},"end":{"line":31,"column":null}},"13":{"start":{"line":36,"column":4},"end":{"line":36,"column":null}},"14":{"start":{"line":13,"column":13},"end":{"line":13,"column":null}}},"fnMap":{"0":{"name":"(anonymous_3)","decl":{"start":{"line":18,"column":2},"end":{"line":18,"column":22}},"loc":{"start":{"line":18,"column":207},"end":{"line":18,"column":212}}},"1":{"name":"(anonymous_4)","decl":{"start":{"line":20,"column":2},"end":{"line":20,"column":10}},"loc":{"start":{"line":20,"column":10},"end":{"line":23,"column":3}}},"2":{"name":"(anonymous_5)","decl":{"start":{"line":25,"column":2},"end":{"line":25,"column":14}},"loc":{"start":{"line":25,"column":25},"end":{"line":33,"column":3}}},"3":{"name":"(anonymous_6)","decl":{"start":{"line":26,"column":47},"end":{"line":26,"column":48}},"loc":{"start":{"line":26,"column":65},"end":{"line":29,"column":5}}},"4":{"name":"(anonymous_7)","decl":{"start":{"line":29,"column":13},"end":{"line":29,"column":16}},"loc":{"start":{"line":29,"column":18},"end":{"line":32,"column":5}}},"5":{"name":"(anonymous_8)","decl":{"start":{"line":35,"column":2},"end":{"line":35,"column":15}},"loc":{"start":{"line":35,"column":15},"end":{"line":37,"column":3}}},"6":{"name":"OglasiProfilaComponent_Factory","decl":{"start":{"line":13,"column":13},"end":{"line":13,"column":35}},"loc":{"start":{"line":13,"column":13},"end":{"line":13,"column":null}}}},"branchMap":{"0":{"loc":{"start":{"line":13,"column":13},"end":{"line":13,"column":35}},"type":"binary-expr","locations":[{"start":{"line":13,"column":13},"end":{"line":13,"column":35}},{"start":{"line":13,"column":13},"end":{"line":13,"column":35}}]}},"s":{"0":2,"1":2,"2":2,"3":2,"4":2,"5":2,"6":2,"7":2,"8":2,"9":2,"10":2,"11":0,"12":0,"13":0,"14":54},"f":{"0":2,"1":2,"2":2,"3":2,"4":0,"5":0,"6":2},"b":{"0":[2,2]}}
,"C:/Users/Matevzv/Documents/GitHub/LP234-13/src/app_public/src/app/components/oglasi-profila/oglas/oglas.component.ts": {"path":"C:/Users/Matevzv/Documents/GitHub/LP234-13/src/app_public/src/app/components/oglasi-profila/oglas/oglas.component.ts","statementMap":{},"fnMap":{},"branchMap":{},"s":{},"f":{},"b":{}}
,"C:\\Users\\Matevzv\\Documents\\GitHub\\LP234-13\\src\\app_public\\src\\app\\components\\ogled-oglasa\\ogled-oglasa.component.html": {"path":"C:\\Users\\Matevzv\\Documents\\GitHub\\LP234-13\\src\\app_public\\src\\app\\components\\ogled-oglasa\\ogled-oglasa.component.html","statementMap":{"0":{"start":{"line":17,"column":12},"end":{"line":17,"column":null}},"1":{"start":{"line":18,"column":16},"end":{"line":18,"column":null}},"2":{"start":{"line":19,"column":20},"end":{"line":19,"column":null}},"3":{"start":{"line":20,"column":16},"end":{"line":20,"column":null}},"4":{"start":{"line":21,"column":16},"end":{"line":21,"column":null}},"5":{"start":{"line":22,"column":20},"end":{"line":22,"column":null}},"6":{"start":{"line":23,"column":16},"end":{"line":23,"column":null}},"7":{"start":{"line":24,"column":12},"end":{"line":24,"column":null}},"8":{"start":{"line":4,"column":4},"end":{"line":4,"column":null}},"9":{"start":{"line":5,"column":8},"end":{"line":5,"column":null}},"10":{"start":{"line":6,"column":12},"end":{"line":6,"column":null}},"11":{"start":{"line":7,"column":16},"end":{"line":7,"column":null}},"12":{"start":{"line":7,"column":24},"end":{"line":7,"column":87}},"13":{"start":{"line":7,"column":24},"end":{"line":7,"column":46}},"14":{"start":{"line":8,"column":20},"end":{"line":8,"column":null}},"15":{"start":{"line":9,"column":16},"end":{"line":9,"column":null}},"16":{"start":{"line":10,"column":16},"end":{"line":10,"column":null}},"17":{"start":{"line":10,"column":24},"end":{"line":10,"column":103}},"18":{"start":{"line":10,"column":24},"end":{"line":10,"column":47}},"19":{"start":{"line":11,"column":20},"end":{"line":11,"column":50}},"20":{"start":{"line":11,"column":50},"end":{"line":12,"column":25}},"21":{"start":{"line":12,"column":16},"end":{"line":12,"column":null}},"22":{"start":{"line":13,"column":12},"end":{"line":13,"column":null}},"23":{"start":{"line":14,"column":12},"end":{"line":14,"column":null}},"24":{"start":{"line":15,"column":16},"end":{"line":15,"column":51}},"25":{"start":{"line":15,"column":37},"end":{"line":15,"column":56}},"26":{"start":{"line":15,"column":51},"end":{"line":15,"column":null}},"27":{"start":{"line":16,"column":12},"end":{"line":16,"column":null}},"28":{"start":{"line":17,"column":12},"end":{"line":24,"column":null}},"29":{"start":{"line":25,"column":8},"end":{"line":25,"column":null}},"30":{"start":{"line":27,"column":8},"end":{"line":27,"column":null}},"31":{"start":{"line":28,"column":12},"end":{"line":28,"column":null}},"32":{"start":{"line":29,"column":16},"end":{"line":29,"column":null}},"33":{"start":{"line":30,"column":20},"end":{"line":30,"column":null}},"34":{"start":{"line":31,"column":16},"end":{"line":31,"column":null}},"35":{"start":{"line":32,"column":12},"end":{"line":32,"column":null}},"36":{"start":{"line":33,"column":12},"end":{"line":33,"column":null}},"37":{"start":{"line":34,"column":16},"end":{"line":34,"column":null}},"38":{"start":{"line":35,"column":20},"end":{"line":35,"column":null}},"39":{"start":{"line":36,"column":16},"end":{"line":36,"column":null}},"40":{"start":{"line":37,"column":12},"end":{"line":37,"column":null}},"41":{"start":{"line":38,"column":8},"end":{"line":38,"column":null}},"42":{"start":{"line":40,"column":8},"end":{"line":40,"column":null}},"43":{"start":{"line":41,"column":12},"end":{"line":41,"column":null}},"44":{"start":{"line":42,"column":16},"end":{"line":42,"column":57}},"45":{"start":{"line":42,"column":54},"end":{"line":42,"column":71}},"46":{"start":{"line":42,"column":57},"end":{"line":42,"column":75}},"47":{"start":{"line":42,"column":71},"end":{"line":42,"column":null}},"48":{"start":{"line":42,"column":75},"end":{"line":43,"column":20}},"49":{"start":{"line":43,"column":16},"end":{"line":43,"column":null}},"50":{"start":{"line":44,"column":12},"end":{"line":44,"column":null}},"51":{"start":{"line":45,"column":8},"end":{"line":45,"column":null}},"52":{"start":{"line":47,"column":8},"end":{"line":47,"column":null}},"53":{"start":{"line":48,"column":12},"end":{"line":48,"column":null}},"54":{"start":{"line":49,"column":16},"end":{"line":49,"column":88}},"55":{"start":{"line":49,"column":74},"end":{"line":49,"column":97}},"56":{"start":{"line":49,"column":88},"end":{"line":49,"column":null}},"57":{"start":{"line":50,"column":12},"end":{"line":50,"column":null}},"58":{"start":{"line":52,"column":12},"end":{"line":52,"column":null}},"59":{"start":{"line":53,"column":16},"end":{"line":53,"column":70}},"60":{"start":{"line":53,"column":54},"end":{"line":53,"column":74}},"61":{"start":{"line":53,"column":70},"end":{"line":53,"column":null}},"62":{"start":{"line":54,"column":12},"end":{"line":54,"column":null}},"63":{"start":{"line":55,"column":8},"end":{"line":55,"column":null}},"64":{"start":{"line":57,"column":8},"end":{"line":57,"column":null}},"65":{"start":{"line":58,"column":12},"end":{"line":60,"column":null}},"66":{"start":{"line":61,"column":12},"end":{"line":63,"column":null}},"67":{"start":{"line":64,"column":8},"end":{"line":64,"column":null}},"68":{"start":{"line":67,"column":8},"end":{"line":67,"column":null}},"69":{"start":{"line":68,"column":12},"end":{"line":68,"column":null}},"70":{"start":{"line":69,"column":16},"end":{"line":69,"column":null}},"71":{"start":{"line":70,"column":20},"end":{"line":70,"column":null}},"72":{"start":{"line":71,"column":24},"end":{"line":71,"column":59}},"73":{"start":{"line":71,"column":48},"end":{"line":71,"column":64}},"74":{"start":{"line":71,"column":59},"end":{"line":71,"column":null}},"75":{"start":{"line":72,"column":20},"end":{"line":72,"column":null}},"76":{"start":{"line":73,"column":20},"end":{"line":73,"column":null}},"77":{"start":{"line":74,"column":24},"end":{"line":74,"column":null}},"78":{"start":{"line":75,"column":28},"end":{"line":75,"column":68}},"79":{"start":{"line":75,"column":54},"end":{"line":75,"column":76}},"80":{"start":{"line":75,"column":68},"end":{"line":75,"column":null}},"81":{"start":{"line":76,"column":28},"end":{"line":76,"column":null}},"82":{"start":{"line":77,"column":24},"end":{"line":77,"column":null}},"83":{"start":{"line":78,"column":24},"end":{"line":78,"column":null}},"84":{"start":{"line":79,"column":28},"end":{"line":79,"column":69}},"85":{"start":{"line":79,"column":57},"end":{"line":79,"column":77}},"86":{"start":{"line":79,"column":69},"end":{"line":79,"column":null}},"87":{"start":{"line":80,"column":28},"end":{"line":80,"column":null}},"88":{"start":{"line":81,"column":24},"end":{"line":81,"column":null}},"89":{"start":{"line":82,"column":24},"end":{"line":82,"column":null}},"90":{"start":{"line":83,"column":28},"end":{"line":83,"column":73}},"91":{"start":{"line":83,"column":57},"end":{"line":83,"column":81}},"92":{"start":{"line":83,"column":73},"end":{"line":83,"column":null}},"93":{"start":{"line":84,"column":28},"end":{"line":84,"column":null}},"94":{"start":{"line":85,"column":32},"end":{"line":85,"column":null}},"95":{"start":{"line":87,"column":36},"end":{"line":87,"column":68}},"96":{"start":{"line":87,"column":67},"end":{"line":87,"column":75}},"97":{"start":{"line":87,"column":68},"end":{"line":87,"column":null}},"98":{"start":{"line":88,"column":32},"end":{"line":88,"column":null}},"99":{"start":{"line":89,"column":32},"end":{"line":89,"column":null}},"100":{"start":{"line":90,"column":28},"end":{"line":90,"column":null}},"101":{"start":{"line":91,"column":24},"end":{"line":91,"column":null}},"102":{"start":{"line":92,"column":24},"end":{"line":92,"column":null}},"103":{"start":{"line":93,"column":28},"end":{"line":93,"column":64}},"104":{"start":{"line":93,"column":52},"end":{"line":93,"column":72}},"105":{"start":{"line":93,"column":64},"end":{"line":93,"column":null}},"106":{"start":{"line":94,"column":28},"end":{"line":94,"column":null}},"107":{"start":{"line":95,"column":28},"end":{"line":95,"column":101}},"108":{"start":{"line":95,"column":58},"end":{"line":95,"column":107}},"109":{"start":{"line":95,"column":101},"end":{"line":95,"column":null}},"110":{"start":{"line":96,"column":24},"end":{"line":96,"column":null}},"111":{"start":{"line":97,"column":20},"end":{"line":97,"column":null}},"112":{"start":{"line":98,"column":20},"end":{"line":98,"column":null}},"113":{"start":{"line":99,"column":24},"end":{"line":99,"column":126}},"114":{"start":{"line":99,"column":68},"end":{"line":99,"column":115}},"115":{"start":{"line":99,"column":68},"end":{"line":99,"column":90}},"116":{"start":{"line":99,"column":115},"end":{"line":99,"column":135}},"117":{"start":{"line":99,"column":126},"end":{"line":99,"column":null}},"118":{"start":{"line":100,"column":24},"end":{"line":100,"column":125}},"119":{"start":{"line":100,"column":120},"end":{"line":100,"column":134}},"120":{"start":{"line":100,"column":125},"end":{"line":100,"column":null}},"121":{"start":{"line":101,"column":20},"end":{"line":101,"column":null}},"122":{"start":{"line":103,"column":16},"end":{"line":103,"column":null}},"123":{"start":{"line":104,"column":12},"end":{"line":104,"column":null}},"124":{"start":{"line":105,"column":8},"end":{"line":105,"column":null}},"125":{"start":{"line":107,"column":6},"end":{"line":107,"column":null}},"126":{"start":{"line":108,"column":8},"end":{"line":108,"column":null}},"127":{"start":{"line":109,"column":10},"end":{"line":109,"column":null}},"128":{"start":{"line":110,"column":12},"end":{"line":110,"column":null}},"129":{"start":{"line":111,"column":14},"end":{"line":111,"column":null}},"130":{"start":{"line":112,"column":16},"end":{"line":112,"column":86}},"131":{"start":{"line":112,"column":40},"end":{"line":112,"column":91}},"132":{"start":{"line":112,"column":86},"end":{"line":112,"column":null}},"133":{"start":{"line":113,"column":16},"end":{"line":113,"column":79}},"134":{"start":{"line":113,"column":73},"end":{"line":113,"column":86}},"135":{"start":{"line":113,"column":79},"end":{"line":113,"column":93}},"136":{"start":{"line":113,"column":86},"end":{"line":113,"column":102}},"137":{"start":{"line":113,"column":93},"end":{"line":113,"column":null}},"138":{"start":{"line":114,"column":14},"end":{"line":114,"column":null}},"139":{"start":{"line":115,"column":14},"end":{"line":115,"column":null}},"140":{"start":{"line":116,"column":16},"end":{"line":116,"column":null}},"141":{"start":{"line":117,"column":18},"end":{"line":118,"column":20}},"142":{"start":{"line":118,"column":16},"end":{"line":118,"column":null}},"143":{"start":{"line":119,"column":14},"end":{"line":119,"column":null}},"144":{"start":{"line":120,"column":14},"end":{"line":120,"column":null}},"145":{"start":{"line":121,"column":16},"end":{"line":121,"column":132}},"146":{"start":{"line":121,"column":24},"end":{"line":121,"column":125}},"147":{"start":{"line":121,"column":24},"end":{"line":121,"column":48}},"148":{"start":{"line":121,"column":125},"end":{"line":121,"column":141}},"149":{"start":{"line":121,"column":132},"end":{"line":121,"column":null}},"150":{"start":{"line":122,"column":16},"end":{"line":122,"column":101}},"151":{"start":{"line":122,"column":93},"end":{"line":122,"column":110}},"152":{"start":{"line":122,"column":101},"end":{"line":122,"column":null}},"153":{"start":{"line":123,"column":14},"end":{"line":123,"column":null}},"154":{"start":{"line":124,"column":12},"end":{"line":124,"column":null}},"155":{"start":{"line":125,"column":10},"end":{"line":125,"column":null}},"156":{"start":{"line":126,"column":8},"end":{"line":126,"column":null}},"157":{"start":{"line":127,"column":6},"end":{"line":127,"column":null}},"158":{"start":{"line":128,"column":4},"end":{"line":128,"column":null}},"159":{"start":{"line":17,"column":18},"end":{"line":17,"column":115}},"160":{"start":{"line":30,"column":25},"end":{"line":30,"column":49}},"161":{"start":{"line":76,"column":66},"end":{"line":76,"column":126}},"162":{"start":{"line":80,"column":76},"end":{"line":80,"column":136}},"163":{"start":{"line":89,"column":68},"end":{"line":89,"column":132}},"164":{"start":{"line":1,"column":0},"end":{"line":1,"column":null}},"165":{"start":{"line":2,"column":4},"end":{"line":2,"column":null}},"166":{"start":{"line":4,"column":4},"end":{"line":128,"column":null}},"167":{"start":{"line":131,"column":0},"end":{"line":131,"column":null}},"168":{"start":{"line":4,"column":10},"end":{"line":4,"column":56}}},"fnMap":{"0":{"name":"OgledOglasaComponent_div_2_Template_button_click_3_listener","decl":{"start":{"line":7,"column":24},"end":{"line":7,"column":46}},"loc":{"start":{"line":7,"column":24},"end":{"line":7,"column":46}}},"1":{"name":"OgledOglasaComponent_div_2_Template_button_click_5_listener","decl":{"start":{"line":10,"column":24},"end":{"line":10,"column":47}},"loc":{"start":{"line":10,"column":24},"end":{"line":10,"column":47}}},"2":{"name":"OgledOglasaComponent_div_2_Template_button_click_69_listener","decl":{"start":{"line":99,"column":68},"end":{"line":99,"column":90}},"loc":{"start":{"line":99,"column":68},"end":{"line":99,"column":90}}},"3":{"name":"OgledOglasaComponent_div_2_Template_button_click_87_listener","decl":{"start":{"line":121,"column":24},"end":{"line":121,"column":48}},"loc":{"start":{"line":121,"column":24},"end":{"line":121,"column":48}}}},"branchMap":{"0":{"loc":{"start":{"line":17,"column":18},"end":{"line":17,"column":72}},"type":"binary-expr","locations":[{"start":{"line":17,"column":18},"end":{"line":17,"column":72}},{"start":{"line":17,"column":18},"end":{"line":17,"column":72}}]}},"s":{"0":7,"1":7,"2":7,"3":7,"4":7,"5":7,"6":7,"7":7,"8":11,"9":11,"10":11,"11":11,"12":11,"13":0,"14":11,"15":11,"16":11,"17":11,"18":0,"19":11,"20":11,"21":11,"22":11,"23":11,"24":11,"25":127,"26":11,"27":11,"28":11,"29":11,"30":11,"31":11,"32":11,"33":11,"34":11,"35":11,"36":11,"37":11,"38":11,"39":11,"40":11,"41":11,"42":11,"43":11,"44":11,"45":11,"46":11,"47":11,"48":119,"49":11,"50":11,"51":11,"52":11,"53":11,"54":11,"55":11,"56":11,"57":11,"58":11,"59":11,"60":119,"61":11,"62":11,"63":11,"64":11,"65":11,"66":11,"67":11,"68":11,"69":11,"70":11,"71":11,"72":11,"73":11,"74":11,"75":11,"76":11,"77":11,"78":11,"79":11,"80":11,"81":11,"82":11,"83":11,"84":11,"85":11,"86":11,"87":11,"88":11,"89":11,"90":11,"91":11,"92":11,"93":11,"94":11,"95":11,"96":11,"97":11,"98":11,"99":11,"100":11,"101":11,"102":11,"103":11,"104":11,"105":11,"106":11,"107":11,"108":11,"109":11,"110":11,"111":11,"112":11,"113":11,"114":11,"115":9,"116":11,"117":11,"118":11,"119":11,"120":11,"121":11,"122":11,"123":11,"124":11,"125":11,"126":11,"127":11,"128":11,"129":11,"130":11,"131":11,"132":11,"133":11,"134":11,"135":11,"136":11,"137":11,"138":11,"139":11,"140":11,"141":11,"142":11,"143":11,"144":11,"145":11,"146":11,"147":0,"148":11,"149":11,"150":11,"151":11,"152":11,"153":11,"154":11,"155":11,"156":11,"157":11,"158":11,"159":116,"160":108,"161":108,"162":108,"163":108,"164":11,"165":11,"166":11,"167":11,"168":336},"f":{"0":0,"1":0,"2":3,"3":0},"b":{"0":[58,8]}}
,"C:\\Users\\Matevzv\\Documents\\GitHub\\LP234-13\\src\\app_public\\src\\app\\components\\ogled-oglasa\\ogled-oglasa.component.ts": {"path":"C:\\Users\\Matevzv\\Documents\\GitHub\\LP234-13\\src\\app_public\\src\\app\\components\\ogled-oglasa\\ogled-oglasa.component.ts","statementMap":{"0":{"start":{"line":21,"column":22},"end":{"line":21,"column":49}},"1":{"start":{"line":21,"column":59},"end":{"line":21,"column":79}},"2":{"start":{"line":21,"column":89},"end":{"line":21,"column":102}},"3":{"start":{"line":21,"column":112},"end":{"line":21,"column":145}},"4":{"start":{"line":24,"column":4},"end":{"line":24,"column":null}},"5":{"start":{"line":25,"column":4},"end":{"line":25,"column":null}},"6":{"start":{"line":26,"column":4},"end":{"line":26,"column":null}},"7":{"start":{"line":35,"column":4},"end":{"line":41,"column":null}},"8":{"start":{"line":36,"column":6},"end":{"line":36,"column":null}},"9":{"start":{"line":37,"column":6},"end":{"line":37,"column":null}},"10":{"start":{"line":39,"column":6},"end":{"line":39,"column":null}},"11":{"start":{"line":40,"column":6},"end":{"line":40,"column":null}},"12":{"start":{"line":45,"column":4},"end":{"line":45,"column":null}},"13":{"start":{"line":49,"column":4},"end":{"line":49,"column":null}},"14":{"start":{"line":50,"column":4},"end":{"line":56,"column":null}},"15":{"start":{"line":51,"column":6},"end":{"line":51,"column":null}},"16":{"start":{"line":52,"column":6},"end":{"line":52,"column":null}},"17":{"start":{"line":54,"column":6},"end":{"line":54,"column":null}},"18":{"start":{"line":55,"column":6},"end":{"line":55,"column":null}},"19":{"start":{"line":60,"column":4},"end":{"line":60,"column":null}},"20":{"start":{"line":61,"column":4},"end":{"line":66,"column":null}},"21":{"start":{"line":62,"column":6},"end":{"line":62,"column":null}},"22":{"start":{"line":64,"column":6},"end":{"line":64,"column":null}},"23":{"start":{"line":65,"column":6},"end":{"line":65,"column":12}},"24":{"start":{"line":67,"column":4},"end":{"line":72,"column":null}},"25":{"start":{"line":68,"column":6},"end":{"line":68,"column":null}},"26":{"start":{"line":70,"column":6},"end":{"line":70,"column":null}},"27":{"start":{"line":71,"column":6},"end":{"line":71,"column":12}},"28":{"start":{"line":73,"column":4},"end":{"line":73,"column":null}},"29":{"start":{"line":74,"column":4},"end":{"line":76,"column":null}},"30":{"start":{"line":75,"column":6},"end":{"line":75,"column":null}},"31":{"start":{"line":77,"column":4},"end":{"line":77,"column":null}},"32":{"start":{"line":79,"column":4},"end":{"line":86,"column":null}},"33":{"start":{"line":80,"column":6},"end":{"line":80,"column":null}},"34":{"start":{"line":81,"column":6},"end":{"line":81,"column":null}},"35":{"start":{"line":84,"column":6},"end":{"line":84,"column":null}},"36":{"start":{"line":85,"column":6},"end":{"line":85,"column":null}},"37":{"start":{"line":90,"column":4},"end":{"line":90,"column":null}},"38":{"start":{"line":91,"column":4},"end":{"line":91,"column":null}},"39":{"start":{"line":95,"column":4},"end":{"line":95,"column":null}},"40":{"start":{"line":99,"column":4},"end":{"line":99,"column":null}},"41":{"start":{"line":16,"column":13},"end":{"line":16,"column":null}}},"fnMap":{"0":{"name":"(anonymous_6)","decl":{"start":{"line":21,"column":2},"end":{"line":21,"column":22}},"loc":{"start":{"line":21,"column":145},"end":{"line":21,"column":150}}},"1":{"name":"(anonymous_7)","decl":{"start":{"line":23,"column":2},"end":{"line":23,"column":10}},"loc":{"start":{"line":23,"column":10},"end":{"line":27,"column":3}}},"2":{"name":"(anonymous_8)","decl":{"start":{"line":34,"column":2},"end":{"line":34,"column":13}},"loc":{"start":{"line":34,"column":24},"end":{"line":42,"column":3}}},"3":{"name":"(anonymous_9)","decl":{"start":{"line":35,"column":39},"end":{"line":35,"column":40}},"loc":{"start":{"line":35,"column":55},"end":{"line":38,"column":5}}},"4":{"name":"(anonymous_10)","decl":{"start":{"line":38,"column":13},"end":{"line":38,"column":16}},"loc":{"start":{"line":38,"column":18},"end":{"line":41,"column":5}}},"5":{"name":"(anonymous_11)","decl":{"start":{"line":44,"column":2},"end":{"line":44,"column":16}},"loc":{"start":{"line":44,"column":16},"end":{"line":46,"column":3}}},"6":{"name":"(anonymous_12)","decl":{"start":{"line":48,"column":2},"end":{"line":48,"column":14}},"loc":{"start":{"line":48,"column":14},"end":{"line":57,"column":3}}},"7":{"name":"(anonymous_13)","decl":{"start":{"line":50,"column":47},"end":{"line":50,"column":48}},"loc":{"start":{"line":50,"column":63},"end":{"line":53,"column":5}}},"8":{"name":"(anonymous_14)","decl":{"start":{"line":53,"column":13},"end":{"line":53,"column":16}},"loc":{"start":{"line":53,"column":19},"end":{"line":56,"column":5}}},"9":{"name":"(anonymous_15)","decl":{"start":{"line":59,"column":2},"end":{"line":59,"column":12}},"loc":{"start":{"line":59,"column":12},"end":{"line":87,"column":3}}},"10":{"name":"(anonymous_16)","decl":{"start":{"line":79,"column":56},"end":{"line":79,"column":57}},"loc":{"start":{"line":79,"column":72},"end":{"line":83,"column":5}}},"11":{"name":"(anonymous_17)","decl":{"start":{"line":83,"column":13},"end":{"line":83,"column":16}},"loc":{"start":{"line":83,"column":19},"end":{"line":86,"column":5}}},"12":{"name":"(anonymous_18)","decl":{"start":{"line":89,"column":2},"end":{"line":89,"column":13}},"loc":{"start":{"line":89,"column":13},"end":{"line":92,"column":3}}},"13":{"name":"(anonymous_19)","decl":{"start":{"line":94,"column":2},"end":{"line":94,"column":12}},"loc":{"start":{"line":94,"column":12},"end":{"line":96,"column":3}}},"14":{"name":"(anonymous_20)","decl":{"start":{"line":98,"column":2},"end":{"line":98,"column":27}},"loc":{"start":{"line":98,"column":27},"end":{"line":100,"column":3}}},"15":{"name":"OgledOglasaComponent_Factory","decl":{"start":{"line":16,"column":13},"end":{"line":16,"column":33}},"loc":{"start":{"line":16,"column":13},"end":{"line":16,"column":null}}}},"branchMap":{"0":{"loc":{"start":{"line":61,"column":4},"end":{"line":66,"column":null}},"type":"if","locations":[{"start":{"line":61,"column":4},"end":{"line":66,"column":null}},{"start":{"line":61,"column":4},"end":{"line":66,"column":null}}]},"1":{"loc":{"start":{"line":67,"column":4},"end":{"line":72,"column":null}},"type":"if","locations":[{"start":{"line":67,"column":4},"end":{"line":72,"column":null}},{"start":{"line":67,"column":4},"end":{"line":72,"column":null}}]},"2":{"loc":{"start":{"line":74,"column":4},"end":{"line":76,"column":null}},"type":"if","locations":[{"start":{"line":74,"column":4},"end":{"line":76,"column":null}},{"start":{"line":74,"column":4},"end":{"line":76,"column":null}}]},"3":{"loc":{"start":{"line":16,"column":13},"end":{"line":16,"column":33}},"type":"binary-expr","locations":[{"start":{"line":16,"column":13},"end":{"line":16,"column":33}},{"start":{"line":16,"column":13},"end":{"line":16,"column":33}}]}},"s":{"0":11,"1":11,"2":11,"3":11,"4":11,"5":11,"6":11,"7":11,"8":11,"9":11,"10":0,"11":0,"12":0,"13":0,"14":0,"15":0,"16":0,"17":0,"18":0,"19":3,"20":3,"21":1,"22":2,"23":2,"24":1,"25":1,"26":0,"27":0,"28":1,"29":1,"30":0,"31":1,"32":1,"33":1,"34":1,"35":0,"36":0,"37":0,"38":0,"39":0,"40":0,"41":63},"f":{"0":11,"1":11,"2":11,"3":11,"4":0,"5":0,"6":0,"7":0,"8":0,"9":3,"10":1,"11":0,"12":0,"13":0,"14":0,"15":11},"b":{"0":[1,2],"1":[1,0],"2":[0,1],"3":[11,11]}}
,"C:\\Users\\Matevzv\\Documents\\GitHub\\LP234-13\\src\\app_public\\src\\app\\components\\ogled-profila\\ogled-profila.component.html": {"path":"C:\\Users\\Matevzv\\Documents\\GitHub\\LP234-13\\src\\app_public\\src\\app\\components\\ogled-profila\\ogled-profila.component.html","statementMap":{"0":{"start":{"line":59,"column":20},"end":{"line":59,"column":null}},"1":{"start":{"line":59,"column":145},"end":{"line":59,"column":258}},"2":{"start":{"line":59,"column":145},"end":{"line":59,"column":188}},"3":{"start":{"line":60,"column":20},"end":{"line":60,"column":null}},"4":{"start":{"line":61,"column":18},"end":{"line":61,"column":null}},"5":{"start":{"line":59,"column":124},"end":{"line":59,"column":145}},"6":{"start":{"line":56,"column":16},"end":{"line":56,"column":null}},"7":{"start":{"line":57,"column":20},"end":{"line":57,"column":40}},"8":{"start":{"line":57,"column":23},"end":{"line":57,"column":44}},"9":{"start":{"line":57,"column":40},"end":{"line":57,"column":null}},"10":{"start":{"line":58,"column":20},"end":{"line":58,"column":25}},"11":{"start":{"line":58,"column":25},"end":{"line":59,"column":29}},"12":{"start":{"line":59,"column":20},"end":{"line":61,"column":null}},"13":{"start":{"line":62,"column":16},"end":{"line":62,"column":null}},"14":{"start":{"line":59,"column":29},"end":{"line":59,"column":124}},"15":{"start":{"line":4,"column":4},"end":{"line":4,"column":null}},"16":{"start":{"line":5,"column":8},"end":{"line":5,"column":null}},"17":{"start":{"line":6,"column":12},"end":{"line":6,"column":null}},"18":{"start":{"line":7,"column":16},"end":{"line":7,"column":124}},"19":{"start":{"line":7,"column":24},"end":{"line":7,"column":100}},"20":{"start":{"line":7,"column":24},"end":{"line":7,"column":57}},"21":{"start":{"line":7,"column":100},"end":{"line":7,"column":133}},"22":{"start":{"line":7,"column":124},"end":{"line":7,"column":null}},"23":{"start":{"line":8,"column":16},"end":{"line":8,"column":123}},"24":{"start":{"line":8,"column":24},"end":{"line":8,"column":113}},"25":{"start":{"line":8,"column":24},"end":{"line":8,"column":48}},"26":{"start":{"line":8,"column":113},"end":{"line":8,"column":132}},"27":{"start":{"line":8,"column":123},"end":{"line":8,"column":null}},"28":{"start":{"line":9,"column":12},"end":{"line":9,"column":null}},"29":{"start":{"line":10,"column":12},"end":{"line":10,"column":null}},"30":{"start":{"line":11,"column":16},"end":{"line":11,"column":null}},"31":{"start":{"line":12,"column":20},"end":{"line":12,"column":null}},"32":{"start":{"line":13,"column":16},"end":{"line":13,"column":null}},"33":{"start":{"line":14,"column":12},"end":{"line":14,"column":null}},"34":{"start":{"line":15,"column":8},"end":{"line":15,"column":null}},"35":{"start":{"line":16,"column":8},"end":{"line":16,"column":null}},"36":{"start":{"line":17,"column":8},"end":{"line":17,"column":null}},"37":{"start":{"line":19,"column":12},"end":{"line":19,"column":null}},"38":{"start":{"line":21,"column":16},"end":{"line":21,"column":42}},"39":{"start":{"line":21,"column":39},"end":{"line":21,"column":57}},"40":{"start":{"line":21,"column":42},"end":{"line":21,"column":61}},"41":{"start":{"line":21,"column":57},"end":{"line":21,"column":62}},"42":{"start":{"line":21,"column":62},"end":{"line":21,"column":96}},"43":{"start":{"line":21,"column":92},"end":{"line":21,"column":null}},"44":{"start":{"line":22,"column":16},"end":{"line":22,"column":42}},"45":{"start":{"line":22,"column":39},"end":{"line":22,"column":56}},"46":{"start":{"line":22,"column":42},"end":{"line":22,"column":60}},"47":{"start":{"line":22,"column":56},"end":{"line":22,"column":61}},"48":{"start":{"line":22,"column":61},"end":{"line":22,"column":79}},"49":{"start":{"line":22,"column":75},"end":{"line":22,"column":null}},"50":{"start":{"line":23,"column":16},"end":{"line":23,"column":43}},"51":{"start":{"line":23,"column":40},"end":{"line":23,"column":50}},"52":{"start":{"line":23,"column":43},"end":{"line":23,"column":54}},"53":{"start":{"line":23,"column":50},"end":{"line":23,"column":55}},"54":{"start":{"line":23,"column":55},"end":{"line":23,"column":73}},"55":{"start":{"line":23,"column":69},"end":{"line":23,"column":null}},"56":{"start":{"line":24,"column":12},"end":{"line":24,"column":null}},"57":{"start":{"line":25,"column":12},"end":{"line":25,"column":null}},"58":{"start":{"line":26,"column":16},"end":{"line":26,"column":70}},"59":{"start":{"line":26,"column":67},"end":{"line":26,"column":76}},"60":{"start":{"line":26,"column":70},"end":{"line":26,"column":80}},"61":{"start":{"line":26,"column":76},"end":{"line":26,"column":84}},"62":{"start":{"line":26,"column":80},"end":{"line":26,"column":null}},"63":{"start":{"line":27,"column":16},"end":{"line":27,"column":null}},"64":{"start":{"line":28,"column":12},"end":{"line":28,"column":null}},"65":{"start":{"line":29,"column":8},"end":{"line":29,"column":null}},"66":{"start":{"line":31,"column":8},"end":{"line":31,"column":null}},"67":{"start":{"line":32,"column":12},"end":{"line":32,"column":null}},"68":{"start":{"line":33,"column":16},"end":{"line":33,"column":null}},"69":{"start":{"line":34,"column":20},"end":{"line":34,"column":26}},"70":{"start":{"line":34,"column":23},"end":{"line":34,"column":32}},"71":{"start":{"line":34,"column":26},"end":{"line":34,"column":36}},"72":{"start":{"line":34,"column":32},"end":{"line":34,"column":40}},"73":{"start":{"line":34,"column":36},"end":{"line":34,"column":44}},"74":{"start":{"line":34,"column":40},"end":{"line":34,"column":null}},"75":{"start":{"line":35,"column":18},"end":{"line":35,"column":null}},"76":{"start":{"line":36,"column":18},"end":{"line":36,"column":null}},"77":{"start":{"line":37,"column":18},"end":{"line":37,"column":null}},"78":{"start":{"line":38,"column":18},"end":{"line":38,"column":null}},"79":{"start":{"line":39,"column":18},"end":{"line":39,"column":null}},"80":{"start":{"line":40,"column":16},"end":{"line":40,"column":null}},"81":{"start":{"line":41,"column":14},"end":{"line":41,"column":null}},"82":{"start":{"line":42,"column":16},"end":{"line":42,"column":126}},"83":{"start":{"line":42,"column":115},"end":{"line":42,"column":135}},"84":{"start":{"line":42,"column":126},"end":{"line":42,"column":null}},"85":{"start":{"line":43,"column":14},"end":{"line":43,"column":null}},"86":{"start":{"line":44,"column":12},"end":{"line":44,"column":null}},"87":{"start":{"line":45,"column":8},"end":{"line":45,"column":null}},"88":{"start":{"line":47,"column":8},"end":{"line":47,"column":null}},"89":{"start":{"line":48,"column":12},"end":{"line":48,"column":null}},"90":{"start":{"line":49,"column":16},"end":{"line":49,"column":155}},"91":{"start":{"line":49,"column":141},"end":{"line":49,"column":164}},"92":{"start":{"line":49,"column":155},"end":{"line":49,"column":null}},"93":{"start":{"line":50,"column":12},"end":{"line":50,"column":null}},"94":{"start":{"line":51,"column":12},"end":{"line":51,"column":null}},"95":{"start":{"line":53,"column":16},"end":{"line":53,"column":31}},"96":{"start":{"line":53,"column":19},"end":{"line":53,"column":35}},"97":{"start":{"line":53,"column":31},"end":{"line":53,"column":null}},"98":{"start":{"line":54,"column":12},"end":{"line":54,"column":null}},"99":{"start":{"line":55,"column":12},"end":{"line":55,"column":null}},"100":{"start":{"line":56,"column":16},"end":{"line":62,"column":null}},"101":{"start":{"line":63,"column":12},"end":{"line":63,"column":null}},"102":{"start":{"line":64,"column":8},"end":{"line":64,"column":null}},"103":{"start":{"line":65,"column":4},"end":{"line":65,"column":null}},"104":{"start":{"line":35,"column":21},"end":{"line":35,"column":76}},"105":{"start":{"line":36,"column":21},"end":{"line":36,"column":76}},"106":{"start":{"line":37,"column":21},"end":{"line":37,"column":76}},"107":{"start":{"line":38,"column":21},"end":{"line":38,"column":76}},"108":{"start":{"line":39,"column":21},"end":{"line":39,"column":76}},"109":{"start":{"line":56,"column":41},"end":{"line":56,"column":83}},"110":{"start":{"line":104,"column":10},"end":{"line":104,"column":null}},"111":{"start":{"line":105,"column":12},"end":{"line":105,"column":null}},"112":{"start":{"line":106,"column":14},"end":{"line":107,"column":99}},"113":{"start":{"line":107,"column":14},"end":{"line":107,"column":104}},"114":{"start":{"line":107,"column":99},"end":{"line":107,"column":113}},"115":{"start":{"line":107,"column":104},"end":{"line":107,"column":null}},"116":{"start":{"line":108,"column":12},"end":{"line":108,"column":null}},"117":{"start":{"line":109,"column":10},"end":{"line":109,"column":null}},"118":{"start":{"line":110,"column":10},"end":{"line":110,"column":null}},"119":{"start":{"line":111,"column":12},"end":{"line":111,"column":null}},"120":{"start":{"line":112,"column":14},"end":{"line":112,"column":111}},"121":{"start":{"line":112,"column":22},"end":{"line":112,"column":100}},"122":{"start":{"line":112,"column":22},"end":{"line":112,"column":44}},"123":{"start":{"line":112,"column":100},"end":{"line":112,"column":120}},"124":{"start":{"line":112,"column":111},"end":{"line":112,"column":null}},"125":{"start":{"line":113,"column":12},"end":{"line":113,"column":null}},"126":{"start":{"line":114,"column":10},"end":{"line":114,"column":null}},"127":{"start":{"line":1,"column":0},"end":{"line":1,"column":null}},"128":{"start":{"line":2,"column":4},"end":{"line":2,"column":null}},"129":{"start":{"line":4,"column":4},"end":{"line":65,"column":null}},"130":{"start":{"line":67,"column":4},"end":{"line":67,"column":null}},"131":{"start":{"line":68,"column":8},"end":{"line":68,"column":null}},"132":{"start":{"line":69,"column":12},"end":{"line":69,"column":null}},"133":{"start":{"line":70,"column":16},"end":{"line":70,"column":null}},"134":{"start":{"line":71,"column":20},"end":{"line":71,"column":58}},"135":{"start":{"line":71,"column":44},"end":{"line":71,"column":63}},"136":{"start":{"line":71,"column":58},"end":{"line":71,"column":null}},"137":{"start":{"line":72,"column":16},"end":{"line":72,"column":null}},"138":{"start":{"line":73,"column":16},"end":{"line":73,"column":null}},"139":{"start":{"line":74,"column":20},"end":{"line":74,"column":null}},"140":{"start":{"line":75,"column":24},"end":{"line":75,"column":43}},"141":{"start":{"line":75,"column":31},"end":{"line":75,"column":51}},"142":{"start":{"line":75,"column":43},"end":{"line":75,"column":null}},"143":{"start":{"line":76,"column":24},"end":{"line":76,"column":null}},"144":{"start":{"line":77,"column":20},"end":{"line":77,"column":null}},"145":{"start":{"line":78,"column":16},"end":{"line":78,"column":null}},"146":{"start":{"line":79,"column":16},"end":{"line":79,"column":null}},"147":{"start":{"line":80,"column":20},"end":{"line":80,"column":128}},"148":{"start":{"line":80,"column":64},"end":{"line":80,"column":114}},"149":{"start":{"line":80,"column":64},"end":{"line":80,"column":89}},"150":{"start":{"line":80,"column":114},"end":{"line":80,"column":137}},"151":{"start":{"line":80,"column":128},"end":{"line":80,"column":null}},"152":{"start":{"line":81,"column":20},"end":{"line":81,"column":121}},"153":{"start":{"line":81,"column":116},"end":{"line":81,"column":130}},"154":{"start":{"line":81,"column":121},"end":{"line":81,"column":null}},"155":{"start":{"line":82,"column":16},"end":{"line":82,"column":null}},"156":{"start":{"line":84,"column":12},"end":{"line":84,"column":null}},"157":{"start":{"line":85,"column":8},"end":{"line":85,"column":null}},"158":{"start":{"line":86,"column":4},"end":{"line":86,"column":null}},"159":{"start":{"line":87,"column":2},"end":{"line":87,"column":null}},"160":{"start":{"line":88,"column":4},"end":{"line":88,"column":null}},"161":{"start":{"line":89,"column":6},"end":{"line":89,"column":null}},"162":{"start":{"line":90,"column":8},"end":{"line":90,"column":null}},"163":{"start":{"line":91,"column":10},"end":{"line":91,"column":null}},"164":{"start":{"line":92,"column":12},"end":{"line":92,"column":47}},"165":{"start":{"line":92,"column":36},"end":{"line":92,"column":52}},"166":{"start":{"line":92,"column":47},"end":{"line":92,"column":null}},"167":{"start":{"line":93,"column":12},"end":{"line":93,"column":91}},"168":{"start":{"line":93,"column":85},"end":{"line":93,"column":98}},"169":{"start":{"line":93,"column":91},"end":{"line":93,"column":105}},"170":{"start":{"line":93,"column":98},"end":{"line":93,"column":114}},"171":{"start":{"line":93,"column":105},"end":{"line":93,"column":null}},"172":{"start":{"line":94,"column":10},"end":{"line":94,"column":null}},"173":{"start":{"line":95,"column":10},"end":{"line":95,"column":null}},"174":{"start":{"line":96,"column":12},"end":{"line":96,"column":null}},"175":{"start":{"line":96,"column":20},"end":{"line":96,"column":101}},"176":{"start":{"line":96,"column":20},"end":{"line":96,"column":39}},"177":{"start":{"line":97,"column":14},"end":{"line":97,"column":37}},"178":{"start":{"line":97,"column":36},"end":{"line":97,"column":46}},"179":{"start":{"line":97,"column":37},"end":{"line":97,"column":null}},"180":{"start":{"line":98,"column":14},"end":{"line":98,"column":37}},"181":{"start":{"line":98,"column":36},"end":{"line":98,"column":46}},"182":{"start":{"line":98,"column":37},"end":{"line":98,"column":null}},"183":{"start":{"line":99,"column":14},"end":{"line":99,"column":37}},"184":{"start":{"line":99,"column":36},"end":{"line":99,"column":46}},"185":{"start":{"line":99,"column":37},"end":{"line":99,"column":null}},"186":{"start":{"line":100,"column":14},"end":{"line":100,"column":37}},"187":{"start":{"line":100,"column":36},"end":{"line":100,"column":46}},"188":{"start":{"line":100,"column":37},"end":{"line":100,"column":null}},"189":{"start":{"line":101,"column":14},"end":{"line":101,"column":37}},"190":{"start":{"line":101,"column":36},"end":{"line":101,"column":46}},"191":{"start":{"line":101,"column":37},"end":{"line":101,"column":null}},"192":{"start":{"line":102,"column":12},"end":{"line":102,"column":null}},"193":{"start":{"line":103,"column":10},"end":{"line":103,"column":null}},"194":{"start":{"line":104,"column":10},"end":{"line":109,"column":null}},"195":{"start":{"line":110,"column":10},"end":{"line":114,"column":null}},"196":{"start":{"line":115,"column":8},"end":{"line":115,"column":null}},"197":{"start":{"line":116,"column":6},"end":{"line":116,"column":null}},"198":{"start":{"line":117,"column":4},"end":{"line":117,"column":null}},"199":{"start":{"line":118,"column":2},"end":{"line":118,"column":null}},"200":{"start":{"line":120,"column":2},"end":{"line":120,"column":null}},"201":{"start":{"line":121,"column":4},"end":{"line":121,"column":null}},"202":{"start":{"line":122,"column":6},"end":{"line":122,"column":null}},"203":{"start":{"line":123,"column":8},"end":{"line":123,"column":null}},"204":{"start":{"line":124,"column":10},"end":{"line":124,"column":null}},"205":{"start":{"line":125,"column":12},"end":{"line":125,"column":85}},"206":{"start":{"line":125,"column":36},"end":{"line":125,"column":90}},"207":{"start":{"line":125,"column":85},"end":{"line":125,"column":null}},"208":{"start":{"line":126,"column":12},"end":{"line":126,"column":75}},"209":{"start":{"line":126,"column":69},"end":{"line":126,"column":82}},"210":{"start":{"line":126,"column":75},"end":{"line":126,"column":89}},"211":{"start":{"line":126,"column":82},"end":{"line":126,"column":98}},"212":{"start":{"line":126,"column":89},"end":{"line":126,"column":null}},"213":{"start":{"line":127,"column":10},"end":{"line":127,"column":null}},"214":{"start":{"line":128,"column":10},"end":{"line":128,"column":null}},"215":{"start":{"line":129,"column":12},"end":{"line":129,"column":null}},"216":{"start":{"line":130,"column":14},"end":{"line":131,"column":16}},"217":{"start":{"line":131,"column":12},"end":{"line":131,"column":null}},"218":{"start":{"line":132,"column":10},"end":{"line":132,"column":null}},"219":{"start":{"line":133,"column":10},"end":{"line":133,"column":null}},"220":{"start":{"line":134,"column":12},"end":{"line":134,"column":129}},"221":{"start":{"line":134,"column":20},"end":{"line":134,"column":122}},"222":{"start":{"line":134,"column":20},"end":{"line":134,"column":45}},"223":{"start":{"line":134,"column":122},"end":{"line":134,"column":138}},"224":{"start":{"line":134,"column":129},"end":{"line":134,"column":null}},"225":{"start":{"line":135,"column":12},"end":{"line":135,"column":97}},"226":{"start":{"line":135,"column":89},"end":{"line":135,"column":106}},"227":{"start":{"line":135,"column":97},"end":{"line":135,"column":null}},"228":{"start":{"line":136,"column":10},"end":{"line":136,"column":null}},"229":{"start":{"line":137,"column":8},"end":{"line":137,"column":null}},"230":{"start":{"line":138,"column":6},"end":{"line":138,"column":null}},"231":{"start":{"line":139,"column":4},"end":{"line":139,"column":null}},"232":{"start":{"line":140,"column":2},"end":{"line":140,"column":null}},"233":{"start":{"line":142,"column":0},"end":{"line":142,"column":null}},"234":{"start":{"line":4,"column":10},"end":{"line":4,"column":55}},"235":{"start":{"line":97,"column":22},"end":{"line":97,"column":36}},"236":{"start":{"line":98,"column":22},"end":{"line":98,"column":36}},"237":{"start":{"line":99,"column":22},"end":{"line":99,"column":36}},"238":{"start":{"line":100,"column":22},"end":{"line":100,"column":36}},"239":{"start":{"line":101,"column":22},"end":{"line":101,"column":36}},"240":{"start":{"line":104,"column":29},"end":{"line":104,"column":62}},"241":{"start":{"line":110,"column":29},"end":{"line":110,"column":40}}},"fnMap":{"0":{"name":"OgledProfilaComponent_div_2_div_53_button_5_Template_button_click_0_listener","decl":{"start":{"line":59,"column":145},"end":{"line":59,"column":188}},"loc":{"start":{"line":59,"column":145},"end":{"line":59,"column":188}}},"1":{"name":"OgledProfilaComponent_div_2_Template_button_click_3_listener","decl":{"start":{"line":7,"column":24},"end":{"line":7,"column":57}},"loc":{"start":{"line":7,"column":24},"end":{"line":7,"column":57}}},"2":{"name":"OgledProfilaComponent_div_2_Template_button_click_5_listener","decl":{"start":{"line":8,"column":24},"end":{"line":8,"column":48}},"loc":{"start":{"line":8,"column":24},"end":{"line":8,"column":48}}},"3":{"name":"OgledProfilaComponent_div_43_Template_button_click_2_listener","decl":{"start":{"line":112,"column":22},"end":{"line":112,"column":44}},"loc":{"start":{"line":112,"column":22},"end":{"line":112,"column":44}}},"4":{"name":"OgledProfilaComponent_Template_button_click_16_listener","decl":{"start":{"line":80,"column":64},"end":{"line":80,"column":73}},"loc":{"start":{"line":80,"column":64},"end":{"line":80,"column":89}}},"5":{"name":"OgledProfilaComponent_Template_select_ngModelChange_31_listener","decl":{"start":{"line":96,"column":20},"end":{"line":96,"column":39}},"loc":{"start":{"line":96,"column":20},"end":{"line":96,"column":39}}},"6":{"name":"OgledProfilaComponent_Template_button_click_58_listener","decl":{"start":{"line":134,"column":20},"end":{"line":134,"column":29}},"loc":{"start":{"line":134,"column":20},"end":{"line":134,"column":45}}}},"branchMap":{"0":{"loc":{"start":{"line":59,"column":29},"end":{"line":59,"column":122}},"type":"binary-expr","locations":[{"start":{"line":59,"column":29},"end":{"line":59,"column":122}},{"start":{"line":59,"column":29},"end":{"line":59,"column":122}}]},"1":{"loc":{"start":{"line":35,"column":21},"end":{"line":35,"column":71}},"type":"cond-expr","locations":[{"start":{"line":35,"column":21},"end":{"line":35,"column":71}},{"start":{"line":35,"column":21},"end":{"line":35,"column":71}}]},"2":{"loc":{"start":{"line":36,"column":21},"end":{"line":36,"column":71}},"type":"cond-expr","locations":[{"start":{"line":36,"column":21},"end":{"line":36,"column":71}},{"start":{"line":36,"column":21},"end":{"line":36,"column":71}}]},"3":{"loc":{"start":{"line":37,"column":21},"end":{"line":37,"column":71}},"type":"cond-expr","locations":[{"start":{"line":37,"column":21},"end":{"line":37,"column":71}},{"start":{"line":37,"column":21},"end":{"line":37,"column":71}}]},"4":{"loc":{"start":{"line":38,"column":21},"end":{"line":38,"column":71}},"type":"cond-expr","locations":[{"start":{"line":38,"column":21},"end":{"line":38,"column":71}},{"start":{"line":38,"column":21},"end":{"line":38,"column":71}}]},"5":{"loc":{"start":{"line":39,"column":21},"end":{"line":39,"column":71}},"type":"cond-expr","locations":[{"start":{"line":39,"column":21},"end":{"line":39,"column":71}},{"start":{"line":39,"column":21},"end":{"line":39,"column":71}}]}},"s":{"0":6,"1":6,"2":0,"3":6,"4":6,"5":24,"6":6,"7":6,"8":54,"9":6,"10":6,"11":54,"12":6,"13":6,"14":48,"15":16,"16":16,"17":16,"18":16,"19":16,"20":0,"21":16,"22":16,"23":16,"24":16,"25":6,"26":16,"27":16,"28":16,"29":16,"30":16,"31":16,"32":16,"33":16,"34":16,"35":16,"36":16,"37":16,"38":16,"39":16,"40":16,"41":16,"42":228,"43":16,"44":16,"45":16,"46":16,"47":16,"48":228,"49":16,"50":16,"51":16,"52":16,"53":16,"54":228,"55":16,"56":16,"57":16,"58":16,"59":16,"60":16,"61":16,"62":16,"63":16,"64":16,"65":16,"66":16,"67":16,"68":16,"69":16,"70":16,"71":16,"72":16,"73":16,"74":16,"75":16,"76":16,"77":16,"78":16,"79":16,"80":16,"81":16,"82":16,"83":16,"84":16,"85":16,"86":16,"87":16,"88":16,"89":16,"90":16,"91":16,"92"
[...]
}},"6":{"name":"(anonymous_6)","decl":{"start":{"line":53,"column":12},"end":{"line":53,"column":19}},"loc":{"start":{"line":53,"column":23},"end":{"line":53,"column":39}}},"7":{"name":"(anonymous_7)","decl":{"start":{"line":58,"column":9},"end":{"line":58,"column":15}},"loc":{"start":{"line":58,"column":42},"end":{"line":71,"column":3}}},"8":{"name":"(anonymous_8)","decl":{"start":{"line":69,"column":12},"end":{"line":69,"column":19}},"loc":{"start":{"line":69,"column":23},"end":{"line":69,"column":39}}},"9":{"name":"(anonymous_9)","decl":{"start":{"line":74,"column":9},"end":{"line":74,"column":18}},"loc":{"start":{"line":74,"column":28},"end":{"line":87,"column":3}}},"10":{"name":"(anonymous_10)","decl":{"start":{"line":85,"column":12},"end":{"line":85,"column":19}},"loc":{"start":{"line":85,"column":23},"end":{"line":85,"column":30}}},"11":{"name":"(anonymous_11)","decl":{"start":{"line":91,"column":10},"end":{"line":91,"column":23}},"loc":{"start":{"line":91,"column":35},"end":{"line":94,"column":3}}},"12":{"name":"OglasiService_Factory","decl":{"start":{"line":10,"column":13},"end":{"line":10,"column":26}},"loc":{"start":{"line":10,"column":13},"end":{"line":10,"column":null}}}},"branchMap":{"0":{"loc":{"start":{"line":20,"column":4},"end":{"line":20,"column":null}},"type":"if","locations":[{"start":{"line":20,"column":4},"end":{"line":20,"column":null}},{"start":{"line":20,"column":4},"end":{"line":20,"column":null}}]},"1":{"loc":{"start":{"line":93,"column":26},"end":{"line":93,"column":40}},"type":"binary-expr","locations":[{"start":{"line":93,"column":26},"end":{"line":93,"column":40}},{"start":{"line":93,"column":44},"end":{"line":93,"column":50}}]},"2":{"loc":{"start":{"line":10,"column":13},"end":{"line":10,"column":26}},"type":"binary-expr","locations":[{"start":{"line":10,"column":13},"end":{"line":10,"column":26}},{"start":{"line":10,"column":13},"end":{"line":10,"column":26}}]}},"s":{"0":43,"1":43,"2":43,"3":41,"4":41,"5":0,"6":41,"7":41,"8":41,"9":11,"10":11,"11":11,"12":11,"13":5,"14":5,"15":5,"16":5,"17":3,"18":1,"19":1,"20":1,"21":1,"22":1,"23":0,"24":0,"25":0,"26":0,"27":0,"28":1,"29":1,"30":95,"31":52},"f":{"0":43,"1":41,"2":41,"3":11,"4":11,"5":5,"6":3,"7":1,"8":1,"9":0,"10":0,"11":1,"12":43},"b":{"0":[0,41],"1":[1,0],"2":[43,43]}}
,"C:\\Users\\Matevzv\\Documents\\GitHub\\LP234-13\\src\\app_public\\src\\app\\services\\user.service.ts": {"path":"C:\\Users\\Matevzv\\Documents\\GitHub\\LP234-13\\src\\app_public\\src\\app\\services\\user.service.ts","statementMap":{"0":{"start":{"line":17,"column":22},"end":{"line":17,"column":37}},"1":{"start":{"line":17,"column":47},"end":{"line":17,"column":80}},"2":{"start":{"line":15,"column":10},"end":{"line":15,"column":null}},"3":{"start":{"line":20,"column":24},"end":{"line":20,"column":44}},"4":{"start":{"line":21,"column":4},"end":{"line":21,"column":null}},"5":{"start":{"line":22,"column":4},"end":{"line":26,"column":null}},"6":{"start":{"line":25,"column":23},"end":{"line":25,"column":44}},"7":{"start":{"line":30,"column":24},"end":{"line":30,"column":35}},"8":{"start":{"line":31,"column":4},"end":{"line":31,"column":null}},"9":{"start":{"line":32,"column":4},"end":{"line":36,"column":null}},"10":{"start":{"line":35,"column":23},"end":{"line":35,"column":40}},"11":{"start":{"line":40,"column":24},"end":{"line":40,"column":67}},"12":{"start":{"line":41,"column":4},"end":{"line":41,"column":null}},"13":{"start":{"line":43,"column":24},"end":{"line":47,"column":6}},"14":{"start":{"line":49,"column":4},"end":{"line":53,"column":null}},"15":{"start":{"line":52,"column":23},"end":{"line":52,"column":41}},"16":{"start":{"line":58,"column":24},"end":{"line":58,"column":66}},"17":{"start":{"line":59,"column":24},"end":{"line":63,"column":6}},"18":{"start":{"line":64,"column":4},"end":{"line":64,"column":null}},"19":{"start":{"line":65,"column":4},"end":{"line":69,"column":null}},"20":{"start":{"line":68,"column":23},"end":{"line":68,"column":38}},"21":{"start":{"line":73,"column":24},"end":{"line":73,"column":99}},"22":{"start":{"line":74,"column":24},"end":{"line":78,"column":6}},"23":{"start":{"line":80,"column":4},"end":{"line":80,"column":null}},"24":{"start":{"line":81,"column":6},"end":{"line":85,"column":null}},"25":{"start":{"line":84,"column":25},"end":{"line":84,"column":40}},"26":{"start":{"line":89,"column":24},"end":{"line":89,"column":67}},"27":{"start":{"line":90,"column":24},"end":{"line":94,"column":6}},"28":{"start":{"line":95,"column":4},"end":{"line":95,"column":null}},"29":{"start":{"line":96,"column":4},"end":{"line":100,"column":null}},"30":{"start":{"line":99,"column":23},"end":{"line":99,"column":43}},"31":{"start":{"line":104,"column":24},"end":{"line":104,"column":50}},"32":{"start":{"line":105,"column":4},"end":{"line":105,"column":null}},"33":{"start":{"line":107,"column":24},"end":{"line":111,"column":6}},"34":{"start":{"line":113,"column":4},"end":{"line":117,"column":null}},"35":{"start":{"line":116,"column":23},"end":{"line":116,"column":54}},"36":{"start":{"line":121,"column":24},"end":{"line":121,"column":62}},"37":{"start":{"line":122,"column":4},"end":{"line":122,"column":null}},"38":{"start":{"line":124,"column":24},"end":{"line":128,"column":6}},"39":{"start":{"line":129,"column":4},"end":{"line":133,"column":null}},"40":{"start":{"line":132,"column":23},"end":{"line":132,"column":38}},"41":{"start":{"line":137,"column":24},"end":{"line":137,"column":66}},"42":{"start":{"line":138,"column":4},"end":{"line":138,"column":null}},"43":{"start":{"line":139,"column":4},"end":{"line":139,"column":null}},"44":{"start":{"line":141,"column":24},"end":{"line":145,"column":6}},"45":{"start":{"line":146,"column":4},"end":{"line":150,"column":null}},"46":{"start":{"line":149,"column":23},"end":{"line":149,"column":40}},"47":{"start":{"line":154,"column":24},"end":{"line":154,"column":66}},"48":{"start":{"line":155,"column":4},"end":{"line":155,"column":null}},"49":{"start":{"line":156,"column":24},"end":{"line":160,"column":6}},"50":{"start":{"line":161,"column":4},"end":{"line":165,"column":null}},"51":{"start":{"line":164,"column":23},"end":{"line":164,"column":38}},"52":{"start":{"line":170,"column":4},"end":{"line":170,"column":49}},"53":{"start":{"line":171,"column":4},"end":{"line":171,"column":52}},"54":{"start":{"line":13,"column":13},"end":{"line":13,"column":null}},"55":{"start":{"line":13,"column":13},"end":{"line":11,"column":null}}},"fnMap":{"0":{"name":"(anonymous_0)","decl":{"start":{"line":17,"column":2},"end":{"line":17,"column":22}},"loc":{"start":{"line":17,"column":80},"end":{"line":17,"column":85}}},"1":{"name":"(anonymous_1)","decl":{"start":{"line":19,"column":9},"end":{"line":19,"column":15}},"loc":{"start":{"line":19,"column":25},"end":{"line":27,"column":3}}},"2":{"name":"(anonymous_2)","decl":{"start":{"line":25,"column":12},"end":{"line":25,"column":19}},"loc":{"start":{"line":25,"column":23},"end":{"line":25,"column":44}}},"3":{"name":"(anonymous_3)","decl":{"start":{"line":29,"column":9},"end":{"line":29,"column":15}},"loc":{"start":{"line":29,"column":15},"end":{"line":37,"column":3}}},"4":{"name":"(anonymous_4)","decl":{"start":{"line":35,"column":12},"end":{"line":35,"column":19}},"loc":{"start":{"line":35,"column":23},"end":{"line":35,"column":40}}},"5":{"name":"(anonymous_5)","decl":{"start":{"line":39,"column":9},"end":{"line":39,"column":25}},"loc":{"start":{"line":39,"column":40},"end":{"line":54,"column":3}}},"6":{"name":"(anonymous_6)","decl":{"start":{"line":52,"column":12},"end":{"line":52,"column":19}},"loc":{"start":{"line":52,"column":23},"end":{"line":52,"column":41}}},"7":{"name":"(anonymous_7)","decl":{"start":{"line":57,"column":9},"end":{"line":57,"column":22}},"loc":{"start":{"line":57,"column":50},"end":{"line":70,"column":3}}},"8":{"name":"(anonymous_8)","decl":{"start":{"line":68,"column":12},"end":{"line":68,"column":19}},"loc":{"start":{"line":68,"column":23},"end":{"line":68,"column":38}}},"9":{"name":"(anonymous_9)","decl":{"start":{"line":72,"column":9},"end":{"line":72,"column":22}},"loc":{"start":{"line":72,"column":56},"end":{"line":86,"column":5}}},"10":{"name":"(anonymous_10)","decl":{"start":{"line":84,"column":14},"end":{"line":84,"column":21}},"loc":{"start":{"line":84,"column":25},"end":{"line":84,"column":40}}},"11":{"name":"(anonymous_11)","decl":{"start":{"line":88,"column":9},"end":{"line":88,"column":20}},"loc":{"start":{"line":88,"column":35},"end":{"line":101,"column":3}}},"12":{"name":"(anonymous_12)","decl":{"start":{"line":99,"column":12},"end":{"line":99,"column":19}},"loc":{"start":{"line":99,"column":23},"end":{"line":99,"column":43}}},"13":{"name":"(anonymous_13)","decl":{"start":{"line":103,"column":9},"end":{"line":103,"column":17}},"loc":{"start":{"line":103,"column":47},"end":{"line":118,"column":3}}},"14":{"name":"(anonymous_14)","decl":{"start":{"line":116,"column":12},"end":{"line":116,"column":19}},"loc":{"start":{"line":116,"column":23},"end":{"line":116,"column":54}}},"15":{"name":"(anonymous_15)","decl":{"start":{"line":120,"column":9},"end":{"line":120,"column":19}},"loc":{"start":{"line":120,"column":49},"end":{"line":134,"column":3}}},"16":{"name":"(anonymous_16)","decl":{"start":{"line":132,"column":12},"end":{"line":132,"column":19}},"loc":{"start":{"line":132,"column":23},"end":{"line":132,"column":38}}},"17":{"name":"(anonymous_17)","decl":{"start":{"line":136,"column":9},"end":{"line":136,"column":19}},"loc":{"start":{"line":136,"column":34},"end":{"line":151,"column":3}}},"18":{"name":"(anonymous_18)","decl":{"start":{"line":149,"column":12},"end":{"line":149,"column":19}},"loc":{"start":{"line":149,"column":23},"end":{"line":149,"column":40}}},"19":{"name":"(anonymous_19)","decl":{"start":{"line":153,"column":9},"end":{"line":153,"column":22}},"loc":{"start":{"line":153,"column":37},"end":{"line":166,"column":3}}},"20":{"name":"(anonymous_20)","decl":{"start":{"line":164,"column":12},"end":{"line":164,"column":19}},"loc":{"start":{"line":164,"column":23},"end":{"line":164,"column":38}}},"21":{"name":"(anonymous_21)","decl":{"start":{"line":169,"column":10},"end":{"line":169,"column":23}},"loc":{"start":{"line":169,"column":35},"end":{"line":172,"column":3}}},"22":{"name":"UserService_Factory","decl":{"start":{"line":13,"column":13},"end":{"line":13,"column":24}},"loc":{"start":{"line":13,"column":13},"end":{"line":13,"column":null}}}},"branchMap":{"0":{"loc":{"start":{"line":171,"column":26},"end":{"line":171,"column":40}},"type":"binary-expr","locations":[{"start":{"line":171,"column":26},"end":{"line":171,"column":40}},{"start":{"line":171,"column":44},"end":{"line":171,"column":50}}]},"1":{"loc":{"start":{"line":13,"column":13},"end":{"line":13,"column":24}},"type":"binary-expr","locations":[{"start":{"line":13,"column":13},"end":{"line":13,"column":24}},{"start":{"line":13,"column":13},"end":{"line":13,"column":24}}]}},"s":{"0":36,"1":36,"2":36,"3":16,"4":16,"5":16,"6":16,"7":0,"8":0,"9":0,"10":0,"11":2,"12":2,"13":2,"14":2,"15":2,"16":1,"17":1,"18":1,"19":1,"20":1,"21":0,"22":0,"23":0,"24":0,"25":0,"26":4,"27":4,"28":4,"29":4,"30":4,"31":0,"32":0,"33":0,"34":0,"35":0,"36":1,"37":1,"38":1,"39":1,"40":1,"41":0,"42":0,"43":0,"44":0,"45":0,"46":0,"47":0,"48":0,"49":0,"50":0,"51":0,"52":0,"53":0,"54":88,"55":52},"f":{"0":36,"1":16,"2":16,"3":0,"4":0,"5":2,"6":2,"7":1,"8":1,"9":0,"10":0,"11":4,"12":4,"13":0,"14":0,"15":1,"16":1,"17":0,"18":0,"19":0,"20":0,"21":0,"22":36},"b":{"0":[0,0],"1":[36,36]}}
,"C:/Users/Matevzv/Documents/GitHub/LP234-13/src/app_public/src/environments/environment.prod.ts": {"path":"C:/Users/Matevzv/Documents/GitHub/LP234-13/src/app_public/src/environments/environment.prod.ts","statementMap":{},"fnMap":{},"branchMap":{},"s":{},"f":{},"b":{}}
,"C:\\Users\\Matevzv\\Documents\\GitHub\\LP234-13\\src\\app_public\\src\\environments\\environment.ts": {"path":"C:\\Users\\Matevzv\\Documents\\GitHub\\LP234-13\\src\\app_public\\src\\environments\\environment.ts","statementMap":{"0":{"start":{"line":5,"column":27},"end":{"line":8,"column":2}}},"fnMap":{},"branchMap":{},"s":{"0":52},"f":{},"b":{}}
,"C:/Users/Matevzv/Documents/GitHub/LP234-13/src/app_public/src/instrumented/main.ts": {"path":"C:/Users/Matevzv/Documents/GitHub/LP234-13/src/app_public/src/instrumented/main.ts","statementMap":{},"fnMap":{},"branchMap":{},"s":{},"f":{},"b":{}}
,"C:/Users/Matevzv/Documents/GitHub/LP234-13/src/app_public/src/instrumented/polyfills.ts": {"path":"C:/Users/Matevzv/Documents/GitHub/LP234-13/src/app_public/src/instrumented/polyfills.ts","statementMap":{},"fnMap":{},"branchMap":{},"s":{},"f":{},"b":{}}
,"C:/Users/Matevzv/Documents/GitHub/LP234-13/src/app_public/src/instrumented/app/app.module.ts": {"path":"C:/Users/Matevzv/Documents/GitHub/LP234-13/src/app_public/src/instrumented/app/app.module.ts","statementMap":{},"fnMap":{},"branchMap":{},"s":{},"f":{},"b":{}}
,"C:/Users/Matevzv/Documents/GitHub/LP234-13/src/app_public/src/instrumented/app/Classes/authenticationResult.ts": {"path":"C:/Users/Matevzv/Documents/GitHub/LP234-13/src/app_public/src/instrumented/app/Classes/authenticationResult.ts","statementMap":{},"fnMap":{},"branchMap":{},"s":{},"f":{},"b":{}}
,"C:/Users/Matevzv/Documents/GitHub/LP234-13/src/app_public/src/instrumented/app/Classes/storage.ts": {"path":"C:/Users/Matevzv/Documents/GitHub/LP234-13/src/app_public/src/instrumented/app/Classes/storage.ts","statementMap":{},"fnMap":{},"branchMap":{},"s":{},"f":{},"b":{}}
,"C:/Users/Matevzv/Documents/GitHub/LP234-13/src/app_public/src/instrumented/app/Models/Comment.ts": {"path":"C:/Users/Matevzv/Documents/GitHub/LP234-13/src/app_public/src/instrumented/app/Models/Comment.ts","statementMap":{},"fnMap":{},"branchMap":{},"s":{},"f":{},"b":{}}
,"C:/Users/Matevzv/Documents/GitHub/LP234-13/src/app_public/src/instrumented/app/Models/Oglas.ts": {"path":"C:/Users/Matevzv/Documents/GitHub/LP234-13/src/app_public/src/instrumented/app/Models/Oglas.ts","statementMap":{},"fnMap":{},"branchMap":{},"s":{},"f":{},"b":{}}
,"C:/Users/Matevzv/Documents/GitHub/LP234-13/src/app_public/src/instrumented/app/Models/User.ts": {"path":"C:/Users/Matevzv/Documents/GitHub/LP234-13/src/app_public/src/instrumented/app/Models/User.ts","statementMap":{},"fnMap":{},"branchMap":{},"s":{},"f":{},"b":{}}
,"C:/Users/Matevzv/Documents/GitHub/LP234-13/src/app_public/src/instrumented/app/components/home-page/home-page.component.ts": {"path":"C:/Users/Matevzv/Documents/GitHub/LP234-13/src/app_public/src/instrumented/app/components/home-page/home-page.component.ts","statementMap":{},"fnMap":{},"branchMap":{},"s":{},"f":{},"b":{}}
,"C:/Users/Matevzv/Documents/GitHub/LP234-13/src/app_public/src/instrumented/app/components/komentar/komentar.component.ts": {"path":"C:/Users/Matevzv/Documents/GitHub/LP234-13/src/app_public/src/instrumented/app/components/komentar/komentar.component.ts","statementMap":{},"fnMap":{},"branchMap":{},"s":{},"f":{},"b":{}}
,"C:/Users/Matevzv/Documents/GitHub/LP234-13/src/app_public/src/instrumented/app/components/navbar/navbar.component.ts": {"path":"C:/Users/Matevzv/Documents/GitHub/LP234-13/src/app_public/src/instrumented/app/components/navbar/navbar.component.ts","statementMap":{},"fnMap":{},"branchMap":{},"s":{},"f":{},"b":{}}
,"C:/Users/Matevzv/Documents/GitHub/LP234-13/src/app_public/src/instrumented/app/components/ogled-oglasa/ogled-oglasa.component.ts": {"path":"C:/Users/Matevzv/Documents/GitHub/LP234-13/src/app_public/src/instrumented/app/components/ogled-oglasa/ogled-oglasa.component.ts","statementMap":{},"fnMap":{},"branchMap":{},"s":{},"f":{},"b":{}}
,"C:/Users/Matevzv/Documents/GitHub/LP234-13/src/app_public/src/instrumented/app/components/ogled-profila/ogled-profila.component.ts": {"path":"C:/Users/Matevzv/Documents/GitHub/LP234-13/src/app_public/src/instrumented/app/components/ogled-profila/ogled-profila.component.ts","statementMap":{},"fnMap":{},"branchMap":{},"s":{},"f":{},"b":{}}
,"C:/Users/Matevzv/Documents/GitHub/LP234-13/src/app_public/src/instrumented/app/components/ogrodje/ogrodje.component.ts": {"path":"C:/Users/Matevzv/Documents/GitHub/LP234-13/src/app_public/src/instrumented/app/components/ogrodje/ogrodje.component.ts","statementMap":{},"fnMap":{},"branchMap":{},"s":{},"f":{},"b":{}}
,"C:/Users/Matevzv/Documents/GitHub/LP234-13/src/app_public/src/instrumented/app/components/profil-uporabnika/profil-uporabnika.component.ts": {"path":"C:/Users/Matevzv/Documents/GitHub/LP234-13/src/app_public/src/instrumented/app/components/profil-uporabnika/profil-uporabnika.component.ts","statementMap":{},"fnMap":{},"branchMap":{},"s":{},"f":{},"b":{}}
,"C:/Users/Matevzv/Documents/GitHub/LP234-13/src/app_public/src/instrumented/app/components/registracija/registracija.component.ts": {"path":"C:/Users/Matevzv/Documents/GitHub/LP234-13/src/app_public/src/instrumented/app/components/registracija/registracija.component.ts","statementMap":{},"fnMap":{},"branchMap":{},"s":{},"f":{},"b":{}}
,"C:/Users/Matevzv/Documents/GitHub/LP234-13/src/app_public/src/instrumented/app/components/urejanje-profila/urejanje-profila.component.ts": {"path":"C:/Users/Matevzv/Documents/GitHub/LP234-13/src/app_public/src/instrumented/app/components/urejanje-profila/urejanje-profila.component.ts","statementMap":{},"fnMap":{},"branchMap":{},"s":{},"f":{},"b":{}}
,"C:/Users/Matevzv/Documents/GitHub/LP234-13/src/app_public/src/instrumented/app/components/vsi-oglasi/vsi-oglasi.component.ts": {"path":"C:/Users/Matevzv/Documents/GitHub/LP234-13/src/app_public/src/instrumented/app/components/vsi-oglasi/vsi-oglasi.component.ts","statementMap":{},"fnMap":{},"branchMap":{},"s":{},"f":{},"b":{}}
,"C:/Users/Matevzv/Documents/GitHub/LP234-13/src/app_public/src/instrumented/app/components/vsi-oglasi/oglas/oglas.component.ts": {"path":"C:/Users/Matevzv/Documents/GitHub/LP234-13/src/app_public/src/instrumented/app/components/vsi-oglasi/oglas/oglas.component.ts","statementMap":{},"fnMap":{},"branchMap":{},"s":{},"f":{},"b":{}}
,"C:/Users/Matevzv/Documents/GitHub/LP234-13/src/app_public/src/instrumented/app/pipes/invert.pipe.ts": {"path":"C:/Users/Matevzv/Documents/GitHub/LP234-13/src/app_public/src/instrumented/app/pipes/invert.pipe.ts","statementMap":{},"fnMap":{},"branchMap":{},"s":{},"f":{},"b":{}}
,"C:/Users/Matevzv/Documents/GitHub/LP234-13/src/app_public/src/instrumented/app/services/app-data.service.ts": {"path":"C:/Users/Matevzv/Documents/GitHub/LP234-13/src/app_public/src/instrumented/app/services/app-data.service.ts","statementMap":{},"fnMap":{},"branchMap":{},"s":{},"f":{},"b":{}}
,"C:/Users/Matevzv/Documents/GitHub/LP234-13/src/app_public/src/instrumented/app/services/authentication.service.ts": {"path":"C:/Users/Matevzv/Documents/GitHub/LP234-13/src/app_public/src/instrumented/app/services/authentication.service.ts","statementMap":{},"fnMap":{},"branchMap":{},"s":{},"f":{},"b":{}}
,"C:/Users/Matevzv/Documents/GitHub/LP234-13/src/app_public/src/instrumented/app/services/oglasi.service.ts": {"path":"C:/Users/Matevzv/Documents/GitHub/LP234-13/src/app_public/src/instrumented/app/services/oglasi.service.ts","statementMap":{},"fnMap":{},"branchMap":{},"s":{},"f":{},"b":{}}
,"C:/Users/Matevzv/Documents/GitHub/LP234-13/src/app_public/src/instrumented/app/services/user.service.ts": {"path":"C:/Users/Matevzv/Documents/GitHub/LP234-13/src/app_public/src/instrumented/app/services/user.service.ts","statementMap":{},"fnMap":{},"branchMap":{},"s":{},"f":{},"b":{}}
,"C:/Users/Matevzv/Documents/GitHub/LP234-13/src/app_public/src/instrumented/environments/environment.prod.ts": {"path":"C:/Users/Matevzv/Documents/GitHub/LP234-13/src/app_public/src/instrumented/environments/environment.prod.ts","statementMap":{},"fnMap":{},"branchMap":{},"s":{},"f":{},"b":{}}
,"C:/Users/Matevzv/Documents/GitHub/LP234-13/src/app_public/src/instrumented/environments/environment.ts": {"path":"C:/Users/Matevzv/Documents/GitHub/LP234-13/src/app_public/src/instrumented/environments/environment.ts","statementMap":{},"fnMap":{},"branchMap":{},"s":{},"f":{},"b":{}}
}
