{"total": {"lines":{"total":1132,"covered":1000,"skipped":0,"pct":88.34},"statements":{"total":1650,"covered":1479,"skipped":0,"pct":89.64},"functions":{"total":245,"covered":176,"skipped":0,"pct":71.84},"branches":{"total":172,"covered":111,"skipped":0,"pct":64.53}}
,"C:/Users/Gašper/WebstormProjects/LP234-13/src/app_public/karma.conf.js": {"lines":{"total":0,"covered":0,"skipped":0,"pct":0},"functions":{"total":0,"covered":0,"skipped":0,"pct":0},"statements":{"total":0,"covered":0,"skipped":0,"pct":0},"branches":{"total":0,"covered":0,"skipped":0,"pct":0}}
,"C:/Users/Gašper/WebstormProjects/LP234-13/src/app_public/cypress/coverage.webpack.js": {"lines":{"total":0,"covered":0,"skipped":0,"pct":0},"functions":{"total":0,"covered":0,"skipped":0,"pct":0},"statements":{"total":0,"covered":0,"skipped":0,"pct":0},"branches":{"total":0,"covered":0,"skipped":0,"pct":0}}
,"C:/Users/Gašper/WebstormProjects/LP234-13/src/app_public/cypress/integration/spec.ts": {"lines":{"total":0,"covered":0,"skipped":0,"pct":0},"functions":{"total":0,"covered":0,"skipped":0,"pct":0},"statements":{"total":0,"covered":0,"skipped":0,"pct":0},"branches":{"total":0,"covered":0,"skipped":0,"pct":0}}
,"C:/Users/Gašper/WebstormProjects/LP234-13/src/app_public/cypress/plugins/cy-ts-preprocessor.js": {"lines":{"total":0,"covered":0,"skipped":0,"pct":0},"functions":{"total":0,"covered":0,"skipped":0,"pct":0},"statements":{"total":0,"covered":0,"skipped":0,"pct":0},"branches":{"total":0,"covered":0,"skipped":0,"pct":0}}
,"C:/Users/Gašper/WebstormProjects/LP234-13/src/app_public/cypress/plugins/index.js": {"lines":{"total":0,"covered":0,"skipped":0,"pct":0},"functions":{"total":0,"covered":0,"skipped":0,"pct":0},"statements":{"total":0,"covered":0,"skipped":0,"pct":0},"branches":{"total":0,"covered":0,"skipped":0,"pct":0}}
,"C:/Users/Gašper/WebstormProjects/LP234-13/src/app_public/cypress/support/commands.ts": {"lines":{"total":0,"covered":0,"skipped":0,"pct":0},"functions":{"total":0,"covered":0,"skipped":0,"pct":0},"statements":{"total":0,"covered":0,"skipped":0,"pct":0},"branches":{"total":0,"covered":0,"skipped":0,"pct":0}}
,"C:/Users/Gašper/WebstormProjects/LP234-13/src/app_public/cypress/support/index.ts": {"lines":{"total":0,"covered":0,"skipped":0,"pct":0},"functions":{"total":0,"covered":0,"skipped":0,"pct":0},"statements":{"total":0,"covered":0,"skipped":0,"pct":0},"branches":{"total":0,"covered":0,"skipped":0,"pct":0}}
,"C:/Users/Gašper/WebstormProjects/LP234-13/src/app_public/instrumented/main.ts": {"lines":{"total":0,"covered":0,"skipped":0,"pct":0},"functions":{"total":0,"covered":0,"skipped":0,"pct":0},"statements":{"total":0,"covered":0,"skipped":0,"pct":0},"branches":{"total":0,"covered":0,"skipped":0,"pct":0}}
,"C:/Users/Gašper/WebstormProjects/LP234-13/src/app_public/instrumented/polyfills.ts": {"lines":{"total":0,"covered":0,"skipped":0,"pct":0},"functions":{"total":0,"covered":0,"skipped":0,"pct":0},"statements":{"total":0,"covered":0,"skipped":0,"pct":0},"branches":{"total":0,"covered":0,"skipped":0,"pct":0}}
,"C:/Users/Gašper/WebstormProjects/LP234-13/src/app_public/instrumented/app/app.module.ts": {"lines":{"total":0,"covered":0,"skipped":0,"pct":0},"functions":{"total":0,"covered":0,"skipped":0,"pct":0},"statements":{"total":0,"covered":0,"skipped":0,"pct":0},"branches":{"total":0,"covered":0,"skipped":0,"pct":0}}
,"C:/Users/Gašper/WebstormProjects/LP234-13/src/app_public/instrumented/app/Classes/authenticationResult.ts": {"lines":{"total":0,"covered":0,"skipped":0,"pct":0},"functions":{"total":0,"covered":0,"skipped":0,"pct":0},"statements":{"total":0,"covered":0,"skipped":0,"pct":0},"branches":{"total":0,"covered":0,"skipped":0,"pct":0}}
,"C:/Users/Gašper/WebstormProjects/LP234-13/src/app_public/instrumented/app/Classes/storage.ts": {"lines":{"total":0,"covered":0,"skipped":0,"pct":0},"functions":{"total":0,"covered":0,"skipped":0,"pct":0},"statements":{"total":0,"covered":0,"skipped":0,"pct":0},"branches":{"total":0,"covered":0,"skipped":0,"pct":0}}
,"C:/Users/Gašper/WebstormProjects/LP234-13/src/app_public/instrumented/app/Models/Comment.ts": {"lines":{"total":0,"covered":0,"skipped":0,"pct":0},"functions":{"total":0,"covered":0,"skipped":0,"pct":0},"statements":{"total":0,"covered":0,"skipped":0,"pct":0},"branches":{"total":0,"covered":0,"skipped":0,"pct":0}}
,"C:/Users/Gašper/WebstormProjects/LP234-13/src/app_public/instrumented/app/Models/Oglas.ts": {"lines":{"total":0,"covered":0,"skipped":0,"pct":0},"functions":{"total":0,"covered":0,"skipped":0,"pct":0},"statements":{"total":0,"covered":0,"skipped":0,"pct":0},"branches":{"total":0,"covered":0,"skipped":0,"pct":0}}
,"C:/Users/Gašper/WebstormProjects/LP234-13/src/app_public/instrumented/app/Models/User.ts": {"lines":{"total":0,"covered":0,"skipped":0,"pct":0},"functions":{"total":0,"covered":0,"skipped":0,"pct":0},"statements":{"total":0,"covered":0,"skipped":0,"pct":0},"branches":{"total":0,"covered":0,"skipped":0,"pct":0}}
,"C:/Users/Gašper/WebstormProjects/LP234-13/src/app_public/instrumented/app/components/home-page/home-page.component.ts": {"lines":{"total":0,"covered":0,"skipped":0,"pct":0},"functions":{"total":0,"covered":0,"skipped":0,"pct":0},"statements":{"total":0,"covered":0,"skipped":0,"pct":0},"branches":{"total":0,"covered":0,"skipped":0,"pct":0}}
,"C:/Users/Gašper/WebstormProjects/LP234-13/src/app_public/instrumented/app/components/komentar/komentar.component.ts": {"lines":{"total":0,"covered":0,"skipped":0,"pct":0},"functions":{"total":0,"covered":0,"skipped":0,"pct":0},"statements":{"total":0,"covered":0,"skipped":0,"pct":0},"branches":{"total":0,"covered":0,"skipped":0,"pct":0}}
,"C:/Users/Gašper/WebstormProjects/LP234-13/src/app_public/instrumented/app/components/navbar/navbar.component.ts": {"lines":{"total":0,"covered":0,"skipped":0,"pct":0},"functions":{"total":0,"covered":0,"skipped":0,"pct":0},"statements":{"total":0,"covered":0,"skipped":0,"pct":0},"branches":{"total":0,"covered":0,"skipped":0,"pct":0}}
,"C:/Users/Gašper/WebstormProjects/LP234-13/src/app_public/instrumented/app/components/ogled-oglasa/ogled-oglasa.component.ts": {"lines":{"total":0,"covered":0,"skipped":0,"pct":0},"functions":{"total":0,"covered":0,"skipped":0,"pct":0},"statements":{"total":0,"covered":0,"skipped":0,"pct":0},"branches":{"total":0,"covered":0,"skipped":0,"pct":0}}
,"C:/Users/Gašper/WebstormProjects/LP234-13/src/app_public/instrumented/app/components/ogled-profila/ogled-profila.component.ts": {"lines":{"total":0,"covered":0,"skipped":0,"pct":0},"functions":{"total":0,"covered":0,"skipped":0,"pct":0},"statements":{"total":0,"covered":0,"skipped":0,"pct":0},"branches":{"total":0,"covered":0,"skipped":0,"pct":0}}
,"C:/Users/Gašper/WebstormProjects/LP234-13/src/app_public/instrumented/app/components/ogrodje/ogrodje.component.ts": {"lines":{"total":0,"covered":0,"skipped":0,"pct":0},"functions":{"total":0,"covered":0,"skipped":0,"pct":0},"statements":{"total":0,"covered":0,"skipped":0,"pct":0},"branches":{"total":0,"covered":0,"skipped":0,"pct":0}}
,"C:/Users/Gašper/WebstormProjects/LP234-13/src/app_public/instrumented/app/components/profil-uporabnika/profil-uporabnika.component.ts": {"lines":{"total":0,"covered":0,"skipped":0,"pct":0},"functions":{"total":0,"covered":0,"skipped":0,"pct":0},"statements":{"total":0,"covered":0,"skipped":0,"pct":0},"branches":{"total":0,"covered":0,"skipped":0,"pct":0}}
,"C:/Users/Gašper/WebstormProjects/LP234-13/src/app_public/instrumented/app/components/registracija/registracija.component.ts": {"lines":{"total":0,"covered":0,"skipped":0,"pct":0},"functions":{"total":0,"covered":0,"skipped":0,"pct":0},"statements":{"total":0,"covered":0,"skipped":0,"pct":0},"branches":{"total":0,"covered":0,"skipped":0,"pct":0}}
,"C:/Users/Gašper/WebstormProjects/LP234-13/src/app_public/instrumented/app/components/urejanje-profila/urejanje-profila.component.ts": {"lines":{"total":0,"covered":0,"skipped":0,"pct":0},"functions":{"total":0,"covered":0,"skipped":0,"pct":0},"statements":{"total":0,"covered":0,"skipped":0,"pct":0},"branches":{"total":0,"covered":0,"skipped":0,"pct":0}}
,"C:/Users/Gašper/WebstormProjects/LP234-13/src/app_public/instrumented/app/components/vsi-oglasi/vsi-oglasi.component.ts": {"lines":{"total":0,"covered":0,"skipped":0,"pct":0},"functions":{"total":0,"covered":0,"skipped":0,"pct":0},"statements":{"total":0,"covered":0,"skipped":0,"pct":0},"branches":{"total":0,"covered":0,"skipped":0,"pct":0}}
,"C:/Users/Gašper/WebstormProjects/LP234-13/src/app_public/instrumented/app/components/vsi-oglasi/oglas/oglas.component.ts": {"lines":{"total":0,"covered":0,"skipped":0,"pct":0},"functions":{"total":0,"covered":0,"skipped":0,"pct":0},"statements":{"total":0,"covered":0,"skipped":0,"pct":0},"branches":{"total":0,"covered":0,"skipped":0,"pct":0}}
,"C:/Users/Gašper/WebstormProjects/LP234-13/src/app_public/instrumented/app/pipes/invert.pipe.ts": {"lines":{"total":0,"covered":0,"skipped":0,"pct":0},"functions":{"total":0,"covered":0,"skipped":0,"pct":0},"statements":{"total":0,"covered":0,"skipped":0,"pct":0},"branches":{"total":0,"covered":0,"skipped":0,"pct":0}}
,"C:/Users/Gašper/WebstormProjects/LP234-13/src/app_public/instrumented/app/services/app-data.service.ts": {"lines":{"total":0,"covered":0,"skipped":0,"pct":0},"functions":{"total":0,"covered":0,"skipped":0,"pct":0},"statements":{"total":0,"covered":0,"skipped":0,"pct":0},"branches":{"total":0,"covered":0,"skipped":0,"pct":0}}
,"C:/Users/Gašper/WebstormProjects/LP234-13/src/app_public/instrumented/app/services/authentication.service.ts": {"lines":{"total":0,"covered":0,"skipped":0,"pct":0},"functions":{"total":0,"covered":0,"skipped":0,"pct":0},"statements":{"total":0,"covered":0,"skipped":0,"pct":0},"branches":{"total":0,"covered":0,"skipped":0,"pct":0}}
,"C:/Users/Gašper/WebstormProjects/LP234-13/src/app_public/instrumented/app/services/oglasi.service.ts": {"lines":{"total":0,"covered":0,"skipped":0,"pct":0},"functions":{"total":0,"covered":0,"skipped":0,"pct":0},"statements":{"total":0,"covered":0,"skipped":0,"pct":0},"branches":{"total":0,"covered":0,"skipped":0,"pct":0}}
,"C:/Users/Gašper/WebstormProjects/LP234-13/src/app_public/instrumented/environments/environment.prod.ts": {"lines":{"total":0,"covered":0,"skipped":0,"pct":0},"functions":{"total":0,"covered":0,"skipped":0,"pct":0},"statements":{"total":0,"covered":0,"skipped":0,"pct":0},"branches":{"total":0,"covered":0,"skipped":0,"pct":0}}
,"C:/Users/Gašper/WebstormProjects/LP234-13/src/app_public/instrumented/environments/environment.ts": {"lines":{"total":0,"covered":0,"skipped":0,"pct":0},"functions":{"total":0,"covered":0,"skipped":0,"pct":0},"statements":{"total":0,"covered":0,"skipped":0,"pct":0},"branches":{"total":0,"covered":0,"skipped":0,"pct":0}}
,"C:\\Users\\Gašper\\WebstormProjects\\LP234-13\\src\\app_public\\src\\main.ts": {"lines":{"total":4,"covered":2,"skipped":0,"pct":50},"functions":{"total":1,"covered":0,"skipped":0,"pct":0},"statements":{"total":4,"covered":2,"skipped":0,"pct":50},"branches":{"total":2,"covered":1,"skipped":0,"pct":50}}
,"C:/Users/Gašper/WebstormProjects/LP234-13/src/app_public/src/test.ts": {"lines":{"total":0,"covered":0,"skipped":0,"pct":0},"functions":{"total":0,"covered":0,"skipped":0,"pct":0},"statements":{"total":0,"covered":0,"skipped":0,"pct":0},"branches":{"total":0,"covered":0,"skipped":0,"pct":0}}
,"C:\\Users\\Gašper\\WebstormProjects\\LP234-13\\src\\app_public\\src\\app\\app.module.ts": {"lines":{"total":2,"covered":2,"skipped":0,"pct":100},"functions":{"total":1,"covered":1,"skipped":0,"pct":100},"statements":{"total":4,"covered":4,"skipped":0,"pct":100},"branches":{"total":5,"covered":4,"skipped":0,"pct":80}}
,"C:/Users/Gašper/WebstormProjects/LP234-13/src/app_public/src/app/Classes/authenticationResult.ts": {"lines":{"total":0,"covered":0,"skipped":0,"pct":0},"functions":{"total":0,"covered":0,"skipped":0,"pct":0},"statements":{"total":0,"covered":0,"skipped":0,"pct":0},"branches":{"total":0,"covered":0,"skipped":0,"pct":0}}
,"C:\\Users\\Gašper\\WebstormProjects\\LP234-13\\src\\app_public\\src\\app\\Classes\\storage.ts": {"lines":{"total":2,"covered":2,"skipped":0,"pct":100},"functions":{"total":1,"covered":1,"skipped":0,"pct":100},"statements":{"total":2,"covered":2,"skipped":0,"pct":100},"branches":{"total":0,"covered":0,"skipped":0,"pct":100}}
,"C:/Users/Gašper/WebstormProjects/LP234-13/src/app_public/src/app/Models/User.ts": {"lines":{"total":0,"covered":0,"skipped":0,"pct":0},"functions":{"total":0,"covered":0,"skipped":0,"pct":0},"statements":{"total":0,"covered":0,"skipped":0,"pct":0},"branches":{"total":0,"covered":0,"skipped":0,"pct":0}}
,"C:\\Users\\Gašper\\WebstormProjects\\LP234-13\\src\\app_public\\src\\app\\components\\hitri-kontakti\\hitri-kontakti.component.html": {"lines":{"total":11,"covered":11,"skipped":0,"pct":100},"functions":{"total":1,"covered":0,"skipped":0,"pct":0},"statements":{"total":15,"covered":14,"skipped":0,"pct":93.33},"branches":{"total":0,"covered":0,"skipped":0,"pct":100}}
,"C:\\Users\\Gašper\\WebstormProjects\\LP234-13\\src\\app_public\\src\\app\\components\\hitri-kontakti\\hitri-kontakti.component.ts": {"lines":{"total":7,"covered":6,"skipped":0,"pct":85.71},"functions":{"total":5,"covered":4,"skipped":0,"pct":80},"statements":{"total":9,"covered":8,"skipped":0,"pct":88.89},"branches":{"total":2,"covered":2,"skipped":0,"pct":100}}
,"C:\\Users\\Gašper\\WebstormProjects\\LP234-13\\src\\app_public\\src\\app\\components\\hitri-kontakti\\kontakt\\kontakt.component.html": {"lines":{"total":11,"covered":11,"skipped":0,"pct":100},"functions":{"total":2,"covered":2,"skipped":0,"pct":100},"statements":{"total":19,"covered":19,"skipped":0,"pct":100},"branches":{"total":0,"covered":0,"skipped":0,"pct":100}}
,"C:\\Users\\Gašper\\WebstormProjects\\LP234-13\\src\\app_public\\src\\app\\components\\hitri-kontakti\\kontakt\\kontakt.component.ts": {"lines":{"total":15,"covered":11,"skipped":0,"pct":73.33},"functions":{"total":10,"covered":8,"skipped":0,"pct":80},"statements":{"total":17,"covered":13,"skipped":0,"pct":76.47},"branches":{"total":2,"covered":2,"skipped":0,"pct":100}}
,"C:\\Users\\Gašper\\WebstormProjects\\LP234-13\\src\\app_public\\src\\app\\components\\home-page\\home-page.component.html": {"lines":{"total":22,"covered":22,"skipped":0,"pct":100},"functions":{"total":1,"covered":1,"skipped":0,"pct":100},"statements":{"total":36,"covered":36,"skipped":0,"pct":100},"branches":{"total":0,"covered":0,"skipped":0,"pct":100}}
,"C:\\Users\\Gašper\\WebstormProjects\\LP234-13\\src\\app_public\\src\\app\\components\\home-page\\home-page.component.ts": {"lines":{"total":9,"covered":9,"skipped":0,"pct":100},"functions":{"total":6,"covered":6,"skipped":0,"pct":100},"statements":{"total":11,"covered":11,"skipped":0,"pct":100},"branches":{"total":2,"covered":2,"skipped":0,"pct":100}}
,"C:\\Users\\Gašper\\WebstormProjects\\LP234-13\\src\\app_public\\src\\app\\components\\komentar\\komentar.component.html": {"lines":{"total":1,"covered":0,"skipped":0,"pct":0},"functions":{"total":0,"covered":0,"skipped":0,"pct":100},"statements":{"total":3,"covered":0,"skipped":0,"pct":0},"branches":{"total":0,"covered":0,"skipped":0,"pct":100}}
,"C:\\Users\\Gašper\\WebstormProjects\\LP234-13\\src\\app_public\\src\\app\\components\\komentar\\komentar.component.ts": {"lines":{"total":4,"covered":1,"skipped":0,"pct":25},"functions":{"total":3,"covered":0,"skipped":0,"pct":0},"statements":{"total":4,"covered":1,"skipped":0,"pct":25},"branches":{"total":4,"covered":0,"skipped":0,"pct":0}}
,"C:\\Users\\Gašper\\WebstormProjects\\LP234-13\\src\\app_public\\src\\app\\components\\navbar\\navbar.component.html": {"lines":{"total":10,"covered":10,"skipped":0,"pct":100},"functions":{"total":2,"covered":0,"skipped":0,"pct":0},"statements":{"total":21,"covered":19,"skipped":0,"pct":90.48},"branches":{"total":0,"covered":0,"skipped":0,"pct":100}}
,"C:\\Users\\Gašper\\WebstormProjects\\LP234-13\\src\\app_public\\src\\app\\components\\navbar\\navbar.component.ts": {"lines":{"total":6,"covered":3,"skipped":0,"pct":50},"functions":{"total":6,"covered":4,"skipped":0,"pct":66.67},"statements":{"total":7,"covered":4,"skipped":0,"pct":57.14},"branches":{"total":2,"covered":2,"skipped":0,"pct":100}}
,"C:\\Users\\Gašper\\WebstormProjects\\LP234-13\\src\\app_public\\src\\app\\components\\oglasi-profila\\oglasi-profila.component.html": {"lines":{"total":15,"covered":15,"skipped":0,"pct":100},"functions":{"total":1,"covered":0,"skipped":0,"pct":0},"statements":{"total":23,"covered":22,"skipped":0,"pct":95.65},"branches":{"total":0,"covered":0,"skipped":0,"pct":100}}
,"C:\\Users\\Gašper\\WebstormProjects\\LP234-13\\src\\app_public\\src\\app\\components\\oglasi-profila\\oglasi-profila.component.ts": {"lines":{"total":10,"covered":7,"skipped":0,"pct":70},"functions":{"total":7,"covered":5,"skipped":0,"pct":71.43},"statements":{"total":15,"covered":12,"skipped":0,"pct":80},"branches":{"total":2,"covered":2,"skipped":0,"pct":100}}
,"C:/Users/Gašper/WebstormProjects/LP234-13/src/app_public/src/app/components/oglasi-profila/oglas/oglas.component.ts": {"lines":{"total":0,"covered":0,"skipped":0,"pct":0},"functions":{"total":0,"covered":0,"skipped":0,"pct":0},"statements":{"total":0,"covered":0,"skipped":0,"pct":0},"branches":{"total":0,"covered":0,"skipped":0,"pct":0}}
,"C:\\Users\\Gašper\\WebstormProjects\\LP234-13\\src\\app_public\\src\\app\\components\\ogled-oglasa\\ogled-oglasa.component.html": {"lines":{"total":121,"covered":121,"skipped":0,"pct":100},"functions":{"total":5,"covered":3,"skipped":0,"pct":60},"statements":{"total":189,"covered":187,"skipped":0,"pct":98.94},"branches":{"total":2,"covered":2,"skipped":0,"pct":100}}
,"C:\\Users\\Gašper\\WebstormProjects\\LP234-13\\src\\app_public\\src\\app\\components\\ogled-oglasa\\ogled-oglasa.component.ts": {"lines":{"total":44,"covered":30,"skipped":0,"pct":68.18},"functions":{"total":17,"covered":10,"skipped":0,"pct":58.82},"statements":{"total":47,"covered":33,"skipped":0,"pct":70.21},"branches":{"total":10,"covered":7,"skipped":0,"pct":70}}
,"C:\\Users\\Gašper\\WebstormProjects\\LP234-13\\src\\app_public\\src\\app\\components\\ogled-profila\\ogled-profila.component.html": {"lines":{"total":134,"covered":129,"skipped":0,"pct":96.27},"functions":{"total":9,"covered":9,"skipped":0,"pct":100},"statements":{"total":255,"covered":247,"skipped":0,"pct":96.86},"branches":{"total":12,"covered":7,"skipped":0,"pct":58.33}}
,"C:\\Users\\Gašper\\WebstormProjects\\LP234-13\\src\\app_public\\src\\app\\components\\ogled-profila\\ogled-profila.component.ts": {"lines":{"total":62,"covered":45,"skipped":0,"pct":72.58},"functions":{"total":26,"covered":19,"skipped":0,"pct":73.08},"statements":{"total":65,"covered":48,"skipped":0,"pct":73.85},"branches":{"total":14,"covered":8,"skipped":0,"pct":57.14}}
,"C:\\Users\\Gašper\\WebstormProjects\\LP234-13\\src\\app_public\\src\\app\\components\\ogrodje\\ogrodje.component.html": {"lines":{"total":1,"covered":1,"skipped":0,"pct":100},"functions":{"total":0,"covered":0,"skipped":0,"pct":100},"statements":{"total":1,"covered":1,"skipped":0,"pct":100},"branches":{"total":0,"covered":0,"skipped":0,"pct":100}}
,"C:\\Users\\Gašper\\WebstormProjects\\LP234-13\\src\\app_public\\src\\app\\components\\ogrodje\\ogrodje.component.ts": {"lines":{"total":1,"covered":1,"skipped":0,"pct":100},"functions":{"total":3,"covered":3,"skipped":0,"pct":100},"statements":{"total":1,"covered":1,"skipped":0,"pct":100},"branches":{"total":2,"covered":2,"skipped":0,"pct":100}}
,"C:\\Users\\Gašper\\WebstormProjects\\LP234-13\\src\\app_public\\src\\app\\components\\profil-uporabnika\\profil-uporabnika.component.html": {"lines":{"total":80,"covered":73,"skipped":0,"pct":91.25},"functions":{"total":2,"covered":0,"skipped":0,"pct":0},"statements":{"total":134,"covered":119,"skipped":0,"pct":88.81},"branches":{"total":2,"covered":0,"skipped":0,"pct":0}}
,"C:\\Users\\Gašper\\WebstormProjects\\LP234-13\\src\\app_public\\src\\app\\components\\profil-uporabnika\\profil-uporabnika.component.ts": {"lines":{"total":14,"covered":10,"skipped":0,"pct":71.43},"functions":{"total":8,"covered":6,"skipped":0,"pct":75},"statements":{"total":17,"covered":13,"skipped":0,"pct":76.47},"branches":{"total":4,"covered":3,"skipped":0,"pct":75}}
,"C:\\Users\\Gašper\\WebstormProjects\\LP234-13\\src\\app_public\\src\\app\\components\\registracija\\registracija.component.html": {"lines":{"total":55,"covered":55,"skipped":0,"pct":100},"functions":{"total":3,"covered":3,"skipped":0,"pct":100},"statements":{"total":99,"covered":99,"skipped":0,"pct":100},"branches":{"total":0,"covered":0,"skipped":0,"pct":100}}
,"C:\\Users\\Gašper\\WebstormProjects\\LP234-13\\src\\app_public\\src\\app\\components\\registracija\\registracija.component.ts": {"lines":{"total":52,"covered":45,"skipped":0,"pct":86.54},"functions":{"total":9,"covered":8,"skipped":0,"pct":88.89},"statements":{"total":54,"covered":47,"skipped":0,"pct":87.04},"branches":{"total":35,"covered":27,"skipped":0,"pct":77.14}}
,"C:\\Users\\Gašper\\WebstormProjects\\LP234-13\\src\\app_public\\src\\app\\components\\urejanje-profila\\urejanje-profila.component.html": {"lines":{"total":108,"covered":108,"skipped":0,"pct":100},"functions":{"total":10,"covered":2,"skipped":0,"pct":20},"statements":{"total":190,"covered":179,"skipped":0,"pct":94.21},"branches":{"total":0,"covered":0,"skipped":0,"pct":100}}
,"C:\\Users\\Gašper\\WebstormProjects\\LP234-13\\src\\app_public\\src\\app\\components\\urejanje-profila\\urejanje-profila.component.ts": {"lines":{"total":57,"covered":30,"skipped":0,"pct":52.63},"functions":{"total":12,"covered":7,"skipped":0,"pct":58.33},"statements":{"total":58,"covered":31,"skipped":0,"pct":53.45},"branches":{"total":32,"covered":12,"skipped":0,"pct":37.5}}
,"C:\\Users\\Gašper\\WebstormProjects\\LP234-13\\src\\app_public\\src\\app\\components\\vsi-oglasi\\vsi-oglasi.component.html": {"lines":{"total":78,"covered":72,"skipped":0,"pct":92.31},"functions":{"total":5,"covered":3,"skipped":0,"pct":60},"statements":{"total":125,"covered":115,"skipped":0,"pct":92},"branches":{"total":0,"covered":0,"skipped":0,"pct":100}}
,"C:\\Users\\Gašper\\WebstormProjects\\LP234-13\\src\\app_public\\src\\app\\components\\vsi-oglasi\\vsi-oglasi.component.ts": {"lines":{"total":43,"covered":31,"skipped":0,"pct":72.09},"functions":{"total":23,"covered":13,"skipped":0,"pct":56.52},"statements":{"total":51,"covered":35,"skipped":0,"pct":68.63},"branches":{"total":10,"covered":8,"skipped":0,"pct":80}}
,"C:\\Users\\Gašper\\WebstormProjects\\LP234-13\\src\\app_public\\src\\app\\components\\vsi-oglasi\\oglas\\oglas.component.html": {"lines":{"total":16,"covered":16,"skipped":0,"pct":100},"functions":{"total":2,"covered":2,"skipped":0,"pct":100},"statements":{"total":28,"covered":28,"skipped":0,"pct":100},"branches":{"total":0,"covered":0,"skipped":0,"pct":100}}
,"C:\\Users\\Gašper\\WebstormProjects\\LP234-13\\src\\app_public\\src\\app\\components\\vsi-oglasi\\oglas\\oglas.component.ts": {"lines":{"total":9,"covered":8,"skipped":0,"pct":88.89},"functions":{"total":5,"covered":5,"skipped":0,"pct":100},"statements":{"total":10,"covered":9,"skipped":0,"pct":90},"branches":{"total":4,"covered":3,"skipped":0,"pct":75}}
,"C:\\Users\\Gašper\\WebstormProjects\\LP234-13\\src\\app_public\\src\\app\\pipes\\invert.pipe.ts": {"lines":{"total":2,"covered":2,"skipped":0,"pct":100},"functions":{"total":2,"covered":2,"skipped":0,"pct":100},"statements":{"total":2,"covered":2,"skipped":0,"pct":100},"branches":{"total":2,"covered":2,"skipped":0,"pct":100}}
,"C:\\Users\\Gašper\\WebstormProjects\\LP234-13\\src\\app_public\\src\\app\\services\\app-data.service.ts": {"lines":{"total":11,"covered":11,"skipped":0,"pct":100},"functions":{"total":7,"covered":7,"skipped":0,"pct":100},"statements":{"total":12,"covered":12,"skipped":0,"pct":100},"branches":{"total":4,"covered":3,"skipped":0,"pct":75}}
,"C:\\Users\\Gašper\\WebstormProjects\\LP234-13\\src\\app_public\\src\\app\\services\\authentication.service.ts": {"lines":{"total":30,"covered":27,"skipped":0,"pct":90},"functions":{"total":14,"covered":12,"skipped":0,"pct":85.71},"statements":{"total":32,"covered":29,"skipped":0,"pct":90.63},"branches":{"total":8,"covered":6,"skipped":0,"pct":75}}
,"C:\\Users\\Gašper\\WebstormProjects\\LP234-13\\src\\app_public\\src\\app\\services\\oglasi.service.ts": {"lines":{"total":29,"covered":29,"skipped":0,"pct":100},"functions":{"total":13,"covered":13,"skipped":0,"pct":100},"statements":{"total":32,"covered":31,"skipped":0,"pct":96.88},"branches":{"total":6,"covered":4,"skipped":0,"pct":66.67}}
,"C:\\Users\\Gašper\\WebstormProjects\\LP234-13\\src\\app_public\\src\\app\\services\\user.service.ts": {"lines":{"total":55,"covered":43,"skipped":0,"pct":78.18},"functions":{"total":23,"covered":17,"skipped":0,"pct":73.91},"statements":{"total":57,"covered":45,"skipped":0,"pct":78.95},"branches":{"total":4,"covered":2,"skipped":0,"pct":50}}
,"C:/Users/Gašper/WebstormProjects/LP234-13/src/app_public/src/environments/environment.prod.ts": {"lines":{"total":0,"covered":0,"skipped":0,"pct":0},"functions":{"total":0,"covered":0,"skipped":0,"pct":0},"statements":{"total":0,"covered":0,"skipped":0,"pct":0},"branches":{"total":0,"covered":0,"skipped":0,"pct":0}}
,"C:\\Users\\Gašper\\WebstormProjects\\LP234-13\\src\\app_public\\src\\environments\\environment.ts": {"lines":{"total":1,"covered":1,"skipped":0,"pct":100},"functions":{"total":0,"covered":0,"skipped":0,"pct":100},"statements":{"total":1,"covered":1,"skipped":0,"pct":100},"branches":{"total":0,"covered":0,"skipped":0,"pct":100}}
,"C:/Users/Gašper/WebstormProjects/LP234-13/src/app_public/src/instrumented/main.ts": {"lines":{"total":0,"covered":0,"skipped":0,"pct":0},"functions":{"total":0,"covered":0,"skipped":0,"pct":0},"statements":{"total":0,"covered":0,"skipped":0,"pct":0},"branches":{"total":0,"covered":0,"skipped":0,"pct":0}}
,"C:/Users/Gašper/WebstormProjects/LP234-13/src/app_public/src/instrumented/polyfills.ts": {"lines":{"total":0,"covered":0,"skipped":0,"pct":0},"functions":{"total":0,"covered":0,"skipped":0,"pct":0},"statements":{"total":0,"covered":0,"skipped":0,"pct":0},"branches":{"total":0,"covered":0,"skipped":0,"pct":0}}
,"C:/Users/Gašper/WebstormProjects/LP234-13/src/app_public/src/instrumented/app/app.module.ts": {"lines":{"total":0,"covered":0,"skipped":0,"pct":0},"functions":{"total":0,"covered":0,"skipped":0,"pct":0},"statements":{"total":0,"covered":0,"skipped":0,"pct":0},"branches":{"total":0,"covered":0,"skipped":0,"pct":0}}
,"C:/Users/Gašper/WebstormProjects/LP234-13/src/app_public/src/instrumented/app/Classes/authenticationResult.ts": {"lines":{"total":0,"covered":0,"skipped":0,"pct":0},"functions":{"total":0,"covered":0,"skipped":0,"pct":0},"statements":{"total":0,"covered":0,"skipped":0,"pct":0},"branches":{"total":0,"covered":0,"skipped":0,"pct":0}}
,"C:/Users/Gašper/WebstormProjects/LP234-13/src/app_public/src/instrumented/app/Classes/storage.ts": {"lines":{"total":0,"covered":0,"skipped":0,"pct":0},"functions":{"total":0,"covered":0,"skipped":0,"pct":0},"statements":{"total":0,"covered":0,"skipped":0,"pct":0},"branches":{"total":0,"covered":0,"skipped":0,"pct":0}}
,"C:/Users/Gašper/WebstormProjects/LP234-13/src/app_public/src/instrumented/app/Models/Comment.ts": {"lines":{"total":0,"covered":0,"skipped":0,"pct":0},"functions":{"total":0,"covered":0,"skipped":0,"pct":0},"statements":{"total":0,"covered":0,"skipped":0,"pct":0},"branches":{"total":0,"covered":0,"skipped":0,"pct":0}}
,"C:/Users/Gašper/WebstormProjects/LP234-13/src/app_public/src/instrumented/app/Models/Oglas.ts": {"lines":{"total":0,"covered":0,"skipped":0,"pct":0},"functions":{"total":0,"covered":0,"skipped":0,"pct":0},"statements":{"total":0,"covered":0,"skipped":0,"pct":0},"branches":{"total":0,"covered":0,"skipped":0,"pct":0}}
,"C:/Users/Gašper/WebstormProjects/LP234-13/src/app_public/src/instrumented/app/Models/User.ts": {"lines":{"total":0,"covered":0,"skipped":0,"pct":0},"functions":{"total":0,"covered":0,"skipped":0,"pct":0},"statements":{"total":0,"covered":0,"skipped":0,"pct":0},"branches":{"total":0,"covered":0,"skipped":0,"pct":0}}
,"C:/Users/Gašper/WebstormProjects/LP234-13/src/app_public/src/instrumented/app/components/home-page/home-page.component.ts": {"lines":{"total":0,"covered":0,"skipped":0,"pct":0},"functions":{"total":0,"covered":0,"skipped":0,"pct":0},"statements":{"total":0,"covered":0,"skipped":0,"pct":0},"branches":{"total":0,"covered":0,"skipped":0,"pct":0}}
,"C:/Users/Gašper/WebstormProjects/LP234-13/src/app_public/src/instrumented/app/components/komentar/komentar.component.ts": {"lines":{"total":0,"covered":0,"skipped":0,"pct":0},"functions":{"total":0,"covered":0,"skipped":0,"pct":0},"statements":{"total":0,"covered":0,"skipped":0,"pct":0},"branches":{"total":0,"covered":0,"skipped":0,"pct":0}}
,"C:/Users/Gašper/WebstormProjects/LP234-13/src/app_public/src/instrumented/app/components/navbar/navbar.component.ts": {"lines":{"total":0,"covered":0,"skipped":0,"pct":0},"functions":{"total":0,"covered":0,"skipped":0,"pct":0},"statements":{"total":0,"covered":0,"skipped":0,"pct":0},"branches":{"total":0,"covered":0,"skipped":0,"pct":0}}
,"C:/Users/Gašper/WebstormProjects/LP234-13/src/app_public/src/instrumented/app/components/ogled-oglasa/ogled-oglasa.component.ts": {"lines":{"total":0,"covered":0,"skipped":0,"pct":0},"functions":{"total":0,"covered":0,"skipped":0,"pct":0},"statements":{"total":0,"covered":0,"skipped":0,"pct":0},"branches":{"total":0,"covered":0,"skipped":0,"pct":0}}
,"C:/Users/Gašper/WebstormProjects/LP234-13/src/app_public/src/instrumented/app/components/ogled-profila/ogled-profila.component.ts": {"lines":{"total":0,"covered":0,"skipped":0,"pct":0},"functions":{"total":0,"covered":0,"skipped":0,"pct":0},"statements":{"total":0,"covered":0,"skipped":0,"pct":0},"branches":{"total":0,"covered":0,"skipped":0,"pct":0}}
,"C:/Users/Gašper/WebstormProjects/LP234-13/src/app_public/src/instrumented/app/components/ogrodje/ogrodje.component.ts": {"lines":{"total":0,"covered":0,"skipped":0,"pct":0},"functions":{"total":0,"covered":0,"skipped":0,"pct":0},"statements":{"total":0,"covered":0,"skipped":0,"pct":0},"branches":{"total":0,"covered":0,"skipped":0,"pct":0}}
,"C:/Users/Gašper/WebstormProjects/LP234-13/src/app_public/src/instrumented/app/components/profil-uporabnika/profil-uporabnika.component.ts": {"lines":{"total":0,"covered":0,"skipped":0,"pct":0},"functions":{"total":0,"covered":0,"skipped":0,"pct":0},"statements":{"total":0,"covered":0,"skipped":0,"pct":0},"branches":{"total":0,"covered":0,"skipped":0,"pct":0}}
,"C:/Users/Gašper/WebstormProjects/LP234-13/src/app_public/src/instrumented/app/components/registracija/registracija.component.ts": {"lines":{"total":0,"covered":0,"skipped":0,"pct":0},"functions":{"total":0,"covered":0,"skipped":0,"pct":0},"statements":{"total":0,"covered":0,"skipped":0,"pct":0},"branches":{"total":0,"covered":0,"skipped":0,"pct":0}}
,"C:/Users/Gašper/WebstormProjects/LP234-13/src/app_public/src/instrumented/app/components/urejanje-profila/urejanje-profila.component.ts": {"lines":{"total":0,"covered":0,"skipped":0,"pct":0},"functions":{"total":0,"covered":0,"skipped":0,"pct":0},"statements":{"total":0,"covered":0,"skipped":0,"pct":0},"branches":{"total":0,"covered":0,"skipped":0,"pct":0}}
,"C:/Users/Gašper/WebstormProjects/LP234-13/src/app_public/src/instrumented/app/components/vsi-oglasi/vsi-oglasi.component.ts": {"lines":{"total":0,"covered":0,"skipped":0,"pct":0},"functions":{"total":0,"covered":0,"skipped":0,"pct":0},"statements":{"total":0,"covered":0,"skipped":0,"pct":0},"branches":{"total":0,"covered":0,"skipped":0,"pct":0}}
,"C:/Users/Gašper/WebstormProjects/LP234-13/src/app_public/src/instrumented/app/components/vsi-oglasi/oglas/oglas.component.ts": {"lines":{"total":0,"covered":0,"skipped":0,"pct":0},"functions":{"total":0,"covered":0,"skipped":0,"pct":0},"statements":{"total":0,"covered":0,"skipped":0,"pct":0},"branches":{"total":0,"covered":0,"skipped":0,"pct":0}}
,"C:/Users/Gašper/WebstormProjects/LP234-13/src/app_public/src/instrumented/app/pipes/invert.pipe.ts": {"lines":{"total":0,"covered":0,"skipped":0,"pct":0},"functions":{"total":0,"covered":0,"skipped":0,"pct":0},"statements":{"total":0,"covered":0,"skipped":0,"pct":0},"branches":{"total":0,"covered":0,"skipped":0,"pct":0}}
,"C:/Users/Gašper/WebstormProjects/LP234-13/src/app_public/src/instrumented/app/services/app-data.service.ts": {"lines":{"total":0,"covered":0,"skipped":0,"pct":0},"functions":{"total":0,"covered":0,"skipped":0,"pct":0},"statements":{"total":0,"covered":0,"skipped":0,"pct":0},"branches":{"total":0,"covered":0,"skipped":0,"pct":0}}
,"C:/Users/Gašper/WebstormProjects/LP234-13/src/app_public/src/instrumented/app/services/authentication.service.ts": {"lines":{"total":0,"covered":0,"skipped":0,"pct":0},"functions":{"total":0,"covered":0,"skipped":0,"pct":0},"statements":{"total":0,"covered":0,"skipped":0,"pct":0},"branches":{"total":0,"covered":0,"skipped":0,"pct":0}}
,"C:/Users/Gašper/WebstormProjects/LP234-13/src/app_public/src/instrumented/app/services/oglasi.service.ts": {"lines":{"total":0,"covered":0,"skipped":0,"pct":0},"functions":{"total":0,"covered":0,"skipped":0,"pct":0},"statements":{"total":0,"covered":0,"skipped":0,"pct":0},"branches":{"total":0,"covered":0,"skipped":0,"pct":0}}
,"C:/Users/Gašper/WebstormProjects/LP234-13/src/app_public/src/instrumented/app/services/user.service.ts": {"lines":{"total":0,"covered":0,"skipped":0,"pct":0},"functions":{"total":0,"covered":0,"skipped":0,"pct":0},"statements":{"total":0,"covered":0,"skipped":0,"pct":0},"branches":{"total":0,"covered":0,"skipped":0,"pct":0}}
,"C:/Users/Gašper/WebstormProjects/LP234-13/src/app_public/src/instrumented/environments/environment.prod.ts": {"lines":{"total":0,"covered":0,"skipped":0,"pct":0},"functions":{"total":0,"covered":0,"skipped":0,"pct":0},"statements":{"total":0,"covered":0,"skipped":0,"pct":0},"branches":{"total":0,"covered":0,"skipped":0,"pct":0}}
,"C:/Users/Gašper/WebstormProjects/LP234-13/src/app_public/src/instrumented/environments/environment.ts": {"lines":{"total":0,"covered":0,"skipped":0,"pct":0},"functions":{"total":0,"covered":0,"skipped":0,"pct":0},"statements":{"total":0,"covered":0,"skipped":0,"pct":0},"branches":{"total":0,"covered":0,"skipped":0,"pct":0}}
}
