{"C:/Users/Gašper/WebstormProjects/LP234-13/src/app_public/karma.conf.js": {"path":"C:/Users/Gašper/WebstormProjects/LP234-13/src/app_public/karma.conf.js","statementMap":{},"fnMap":{},"branchMap":{},"s":{},"f":{},"b":{}}
,"C:/Users/Gašper/WebstormProjects/LP234-13/src/app_public/cypress/coverage.webpack.js": {"path":"C:/Users/Gašper/WebstormProjects/LP234-13/src/app_public/cypress/coverage.webpack.js","statementMap":{},"fnMap":{},"branchMap":{},"s":{},"f":{},"b":{}}
,"C:/Users/Gašper/WebstormProjects/LP234-13/src/app_public/cypress/integration/spec.ts": {"path":"C:/Users/Gašper/WebstormProjects/LP234-13/src/app_public/cypress/integration/spec.ts","statementMap":{},"fnMap":{},"branchMap":{},"s":{},"f":{},"b":{}}
,"C:/Users/Gašper/WebstormProjects/LP234-13/src/app_public/cypress/plugins/cy-ts-preprocessor.js": {"path":"C:/Users/Gašper/WebstormProjects/LP234-13/src/app_public/cypress/plugins/cy-ts-preprocessor.js","statementMap":{},"fnMap":{},"branchMap":{},"s":{},"f":{},"b":{}}
,"C:/Users/Gašper/WebstormProjects/LP234-13/src/app_public/cypress/plugins/index.js": {"path":"C:/Users/Gašper/WebstormProjects/LP234-13/src/app_public/cypress/plugins/index.js","statementMap":{},"fnMap":{},"branchMap":{},"s":{},"f":{},"b":{}}
,"C:/Users/Gašper/WebstormProjects/LP234-13/src/app_public/cypress/support/commands.ts": {"path":"C:/Users/Gašper/WebstormProjects/LP234-13/src/app_public/cypress/support/commands.ts","statementMap":{},"fnMap":{},"branchMap":{},"s":{},"f":{},"b":{}}
,"C:/Users/Gašper/WebstormProjects/LP234-13/src/app_public/cypress/support/index.ts": {"path":"C:/Users/Gašper/WebstormProjects/LP234-13/src/app_public/cypress/support/index.ts","statementMap":{},"fnMap":{},"branchMap":{},"s":{},"f":{},"b":{}}
,"C:/Users/Gašper/WebstormProjects/LP234-13/src/app_public/instrumented/main.ts": {"path":"C:/Users/Gašper/WebstormProjects/LP234-13/src/app_public/instrumented/main.ts","statementMap":{},"fnMap":{},"branchMap":{},"s":{},"f":{},"b":{}}
,"C:/Users/Gašper/WebstormProjects/LP234-13/src/app_public/instrumented/polyfills.ts": {"path":"C:/Users/Gašper/WebstormProjects/LP234-13/src/app_public/instrumented/polyfills.ts","statementMap":{},"fnMap":{},"branchMap":{},"s":{},"f":{},"b":{}}
,"C:/Users/Gašper/WebstormProjects/LP234-13/src/app_public/instrumented/app/app.module.ts": {"path":"C:/Users/Gašper/WebstormProjects/LP234-13/src/app_public/instrumented/app/app.module.ts","statementMap":{},"fnMap":{},"branchMap":{},"s":{},"f":{},"b":{}}
,"C:/Users/Gašper/WebstormProjects/LP234-13/src/app_public/instrumented/app/Classes/authenticationResult.ts": {"path":"C:/Users/Gašper/WebstormProjects/LP234-13/src/app_public/instrumented/app/Classes/authenticationResult.ts","statementMap":{},"fnMap":{},"branchMap":{},"s":{},"f":{},"b":{}}
,"C:/Users/Gašper/WebstormProjects/LP234-13/src/app_public/instrumented/app/Classes/storage.ts": {"path":"C:/Users/Gašper/WebstormProjects/LP234-13/src/app_public/instrumented/app/Classes/storage.ts","statementMap":{},"fnMap":{},"branchMap":{},"s":{},"f":{},"b":{}}
,"C:/Users/Gašper/WebstormProjects/LP234-13/src/app_public/instrumented/app/Models/Comment.ts": {"path":"C:/Users/Gašper/WebstormProjects/LP234-13/src/app_public/instrumented/app/Models/Comment.ts","statementMap":{},"fnMap":{},"branchMap":{},"s":{},"f":{},"b":{}}
,"C:/Users/Gašper/WebstormProjects/LP234-13/src/app_public/instrumented/app/Models/Oglas.ts": {"path":"C:/Users/Gašper/WebstormProjects/LP234-13/src/app_public/instrumented/app/Models/Oglas.ts","statementMap":{},"fnMap":{},"branchMap":{},"s":{},"f":{},"b":{}}
,"C:/Users/Gašper/WebstormProjects/LP234-13/src/app_public/instrumented/app/Models/User.ts": {"path":"C:/Users/Gašper/WebstormProjects/LP234-13/src/app_public/instrumented/app/Models/User.ts","statementMap":{},"fnMap":{},"branchMap":{},"s":{},"f":{},"b":{}}
,"C:/Users/Gašper/WebstormProjects/LP234-13/src/app_public/instrumented/app/components/home-page/home-page.component.ts": {"path":"C:/Users/Gašper/WebstormProjects/LP234-13/src/app_public/instrumented/app/components/home-page/home-page.component.ts","statementMap":{},"fnMap":{},"branchMap":{},"s":{},"f":{},"b":{}}
,"C:/Users/Gašper/WebstormProjects/LP234-13/src/app_public/instrumented/app/components/komentar/komentar.component.ts": {"path":"C:/Users/Gašper/WebstormProjects/LP234-13/src/app_public/instrumented/app/components/komentar/komentar.component.ts","statementMap":{},"fnMap":{},"branchMap":{},"s":{},"f":{},"b":{}}
,"C:/Users/Gašper/WebstormProjects/LP234-13/src/app_public/instrumented/app/components/navbar/navbar.component.ts": {"path":"C:/Users/Gašper/WebstormProjects/LP234-13/src/app_public/instrumented/app/components/navbar/navbar.component.ts","statementMap":{},"fnMap":{},"branchMap":{},"s":{},"f":{},"b":{}}
,"C:/Users/Gašper/WebstormProjects/LP234-13/src/app_public/instrumented/app/components/ogled-oglasa/ogled-oglasa.component.ts": {"path":"C:/Users/Gašper/WebstormProjects/LP234-13/src/app_public/instrumented/app/components/ogled-oglasa/ogled-oglasa.component.ts","statementMap":{},"fnMap":{},"branchMap":{},"s":{},"f":{},"b":{}}
,"C:/Users/Gašper/WebstormProjects/LP234-13/src/app_public/instrumented/app/components/ogled-profila/ogled-profila.component.ts": {"path":"C:/Users/Gašper/WebstormProjects/LP234-13/src/app_public/instrumented/app/components/ogled-profila/ogled-profila.component.ts","statementMap":{},"fnMap":{},"branchMap":{},"s":{},"f":{},"b":{}}
,"C:/Users/Gašper/WebstormProjects/LP234-13/src/app_public/instrumented/app/components/ogrodje/ogrodje.component.ts": {"path":"C:/Users/Gašper/WebstormProjects/LP234-13/src/app_public/instrumented/app/components/ogrodje/ogrodje.component.ts","statementMap":{},"fnMap":{},"branchMap":{},"s":{},"f":{},"b":{}}
,"C:/Users/Gašper/WebstormProjects/LP234-13/src/app_public/instrumented/app/components/profil-uporabnika/profil-uporabnika.component.ts": {"path":"C:/Users/Gašper/WebstormProjects/LP234-13/src/app_public/instrumented/app/components/profil-uporabnika/profil-uporabnika.component.ts","statementMap":{},"fnMap":{},"branchMap":{},"s":{},"f":{},"b":{}}
,"C:/Users/Gašper/WebstormProjects/LP234-13/src/app_public/instrumented/app/components/registracija/registracija.component.ts": {"path":"C:/Users/Gašper/WebstormProjects/LP234-13/src/app_public/instrumented/app/components/registracija/registracija.component.ts","statementMap":{},"fnMap":{},"branchMap":{},"s":{},"f":{},"b":{}}
,"C:/Users/Gašper/WebstormProjects/LP234-13/src/app_public/instrumented/app/components/urejanje-profila/urejanje-profila.component.ts": {"path":"C:/Users/Gašper/WebstormProjects/LP234-13/src/app_public/instrumented/app/components/urejanje-profila/urejanje-profila.component.ts","statementMap":{},"fnMap":{},"branchMap":{},"s":{},"f":{},"b":{}}
,"C:/Users/Gašper/WebstormProjects/LP234-13/src/app_public/instrumented/app/components/vsi-oglasi/vsi-oglasi.component.ts": {"path":"C:/Users/Gašper/WebstormProjects/LP234-13/src/app_public/instrumented/app/components/vsi-oglasi/vsi-oglasi.component.ts","statementMap":{},"fnMap":{},"branchMap":{},"s":{},"f":{},"b":{}}
,"C:/Users/Gašper/WebstormProjects/LP234-13/src/app_public/instrumented/app/components/vsi-oglasi/oglas/oglas.component.ts": {"path":"C:/Users/Gašper/WebstormProjects/LP234-13/src/app_public/instrumented/app/components/vsi-oglasi/oglas/oglas.component.ts","statementMap":{},"fnMap":{},"branchMap":{},"s":{},"f":{},"b":{}}
,"C:/Users/Gašper/WebstormProjects/LP234-13/src/app_public/instrumented/app/pipes/invert.pipe.ts": {"path":"C:/Users/Gašper/WebstormProjects/LP234-13/src/app_public/instrumented/app/pipes/invert.pipe.ts","statementMap":{},"fnMap":{},"branchMap":{},"s":{},"f":{},"b":{}}
,"C:/Users/Gašper/WebstormProjects/LP234-13/src/app_public/instrumented/app/services/app-data.service.ts": {"path":"C:/Users/Gašper/WebstormProjects/LP234-13/src/app_public/instrumented/app/services/app-data.service.ts","statementMap":{},"fnMap":{},"branchMap":{},"s":{},"f":{},"b":{}}
,"C:/Users/Gašper/WebstormProjects/LP234-13/src/app_public/instrumented/app/services/authentication.service.ts": {"path":"C:/Users/Gašper/WebstormProjects/LP234-13/src/app_public/instrumented/app/services/authentication.service.ts","statementMap":{},"fnMap":{},"branchMap":{},"s":{},"f":{},"b":{}}
,"C:/Users/Gašper/WebstormProjects/LP234-13/src/app_public/instrumented/app/services/oglasi.service.ts": {"path":"C:/Users/Gašper/WebstormProjects/LP234-13/src/app_public/instrumented/app/services/oglasi.service.ts","statementMap":{},"fnMap":{},"branchMap":{},"s":{},"f":{},"b":{}}
,"C:/Users/Gašper/WebstormProjects/LP234-13/src/app_public/instrumented/environments/environment.prod.ts": {"path":"C:/Users/Gašper/WebstormProjects/LP234-13/src/app_public/instrumented/environments/environment.prod.ts","statementMap":{},"fnMap":{},"branchMap":{},"s":{},"f":{},"b":{}}
,"C:/Users/Gašper/WebstormProjects/LP234-13/src/app_public/instrumented/environments/environment.ts": {"path":"C:/Users/Gašper/WebstormProjects/LP234-13/src/app_public/instrumented/environments/environment.ts","statementMap":{},"fnMap":{},"branchMap":{},"s":{},"f":{},"b":{}}
,"C:\\Users\\Gašper\\WebstormProjects\\LP234-13\\src\\app_public\\src\\main.ts": {"path":"C:\\Users\\Gašper\\WebstormProjects\\LP234-13\\src\\app_public\\src\\main.ts","statementMap":{"0":{"start":{"line":7,"column":0},"end":{"line":9,"column":null}},"1":{"start":{"line":8,"column":2},"end":{"line":8,"column":19}},"2":{"start":{"line":11,"column":0},"end":{"line":12,"column":36}},"3":{"start":{"line":12,"column":16},"end":{"line":12,"column":34}}},"fnMap":{"0":{"name":"(anonymous_0)","decl":{"start":{"line":12,"column":9},"end":{"line":12,"column":12}},"loc":{"start":{"line":12,"column":16},"end":{"line":12,"column":34}}}},"branchMap":{"0":{"loc":{"start":{"line":7,"column":0},"end":{"line":9,"column":null}},"type":"if","locations":[{"start":{"line":7,"column":0},"end":{"line":9,"column":null}},{"start":{"line":7,"column":0},"end":{"line":9,"column":null}}]}},"s":{"0":82,"1":0,"2":82,"3":0},"f":{"0":0},"b":{"0":[0,82]}}
,"C:/Users/Gašper/WebstormProjects/LP234-13/src/app_public/src/test.ts": {"path":"C:/Users/Gašper/WebstormProjects/LP234-13/src/app_public/src/test.ts","statementMap":{},"fnMap":{},"branchMap":{},"s":{},"f":{},"b":{}}
,"C:\\Users\\Gašper\\WebstormProjects\\LP234-13\\src\\app_public\\src\\app\\app.module.ts": {"path":"C:\\Users\\Gašper\\WebstormProjects\\LP234-13\\src\\app_public\\src\\app\\app.module.ts","statementMap":{"0":{"start":{"line":78,"column":13},"end":{"line":78,"column":null}},"1":{"start":{"line":78,"column":13},"end":{"line":76,"column":null}},"2":{"start":{"line":75,"column":13},"end":{"line":74,"column":null}},"3":{"start":{"line":78,"column":13},"end":{"line":73,"column":null}}},"fnMap":{"0":{"name":"AppModule_Factory","decl":{"start":{"line":78,"column":13},"end":{"line":78,"column":22}},"loc":{"start":{"line":78,"column":13},"end":{"line":78,"column":null}}}},"branchMap":{"0":{"loc":{"start":{"line":78,"column":13},"end":{"line":78,"column":22}},"type":"binary-expr","locations":[{"start":{"line":78,"column":13},"end":{"line":78,"column":22}},{"start":{"line":78,"column":13},"end":{"line":78,"column":22}}]},"1":{"loc":{"start":{"line":78,"column":13},"end":{"line":78,"column":22}},"type":"binary-expr","locations":[{"start":{"line":78,"column":13},"end":{"line":78,"column":22}},{"start":{"line":78,"column":13},"end":{"line":78,"column":22}},{"start":{"line":78,"column":13},"end":{"line":73,"column":null}}]}},"s":{"0":164,"1":82,"2":82,"3":164},"f":{"0":164},"b":{"0":[82,82],"1":[82,0,82]}}
,"C:/Users/Gašper/WebstormProjects/LP234-13/src/app_public/src/app/Classes/authenticationResult.ts": {"path":"C:/Users/Gašper/WebstormProjects/LP234-13/src/app_public/src/app/Classes/authenticationResult.ts","statementMap":{},"fnMap":{},"branchMap":{},"s":{},"f":{},"b":{}}
,"C:\\Users\\Gašper\\WebstormProjects\\LP234-13\\src\\app_public\\src\\app\\Classes\\storage.ts": {"path":"C:\\Users\\Gašper\\WebstormProjects\\LP234-13\\src\\app_public\\src\\app\\Classes\\storage.ts","statementMap":{"0":{"start":{"line":3,"column":34},"end":{"line":8,"column":null}},"1":{"start":{"line":7,"column":19},"end":{"line":7,"column":31}}},"fnMap":{"0":{"name":"(anonymous_0)","decl":{"start":{"line":7,"column":13},"end":{"line":7,"column":16}},"loc":{"start":{"line":7,"column":19},"end":{"line":7,"column":31}}}},"branchMap":{},"s":{"0":82,"1":82},"f":{"0":82},"b":{}}
,"C:/Users/Gašper/WebstormProjects/LP234-13/src/app_public/src/app/Models/User.ts": {"path":"C:/Users/Gašper/WebstormProjects/LP234-13/src/app_public/src/app/Models/User.ts","statementMap":{},"fnMap":{},"branchMap":{},"s":{},"f":{},"b":{}}
,"C:\\Users\\Gašper\\WebstormProjects\\LP234-13\\src\\app_public\\src\\app\\components\\hitri-kontakti\\hitri-kontakti.component.html": {"path":"C:\\Users\\Gašper\\WebstormProjects\\LP234-13\\src\\app_public\\src\\app\\components\\hitri-kontakti\\hitri-kontakti.component.html","statementMap":{"0":{"start":{"line":10,"column":4},"end":{"line":10,"column":null}},"1":{"start":{"line":10,"column":50},"end":{"line":10,"column":126}},"2":{"start":{"line":1,"column":0},"end":{"line":1,"column":null}},"3":{"start":{"line":3,"column":0},"end":{"line":3,"column":null}},"4":{"start":{"line":4,"column":2},"end":{"line":4,"column":null}},"5":{"start":{"line":5,"column":4},"end":{"line":5,"column":null}},"6":{"start":{"line":5,"column":12},"end":{"line":5,"column":88}},"7":{"start":{"line":5,"column":12},"end":{"line":5,"column":34}},"8":{"start":{"line":6,"column":6},"end":{"line":6,"column":null}},"9":{"start":{"line":7,"column":4},"end":{"line":7,"column":null}},"10":{"start":{"line":8,"column":2},"end":{"line":8,"column":null}},"11":{"start":{"line":9,"column":2},"end":{"line":9,"column":null}},"12":{"start":{"line":11,"column":2},"end":{"line":11,"column":null}},"13":{"start":{"line":13,"column":0},"end":{"line":13,"column":null}},"14":{"start":{"line":10,"column":37},"end":{"line":10,"column":50}}},"fnMap":{"0":{"name":"HitriKontaktiComponent_Template_button_click_3_listener","decl":{"start":{"line":5,"column":12},"end":{"line":5,"column":21}},"loc":{"start":{"line":5,"column":12},"end":{"line":5,"column":34}}}},"branchMap":{},"s":{"0":14,"1":70,"2":10,"3":10,"4":10,"5":10,"6":10,"7":0,"8":10,"9":10,"10":10,"11":10,"12":10,"13":10,"14":164},"f":{"0":0},"b":{}}
,"C:\\Users\\Gašper\\WebstormProjects\\LP234-13\\src\\app_public\\src\\app\\components\\hitri-kontakti\\hitri-kontakti.component.ts": {"path":"C:\\Users\\Gašper\\WebstormProjects\\LP234-13\\src\\app_public\\src\\app\\components\\hitri-kontakti\\hitri-kontakti.component.ts","statementMap":{"0":{"start":{"line":14,"column":22},"end":{"line":14,"column":55}},"1":{"start":{"line":14,"column":65},"end":{"line":14,"column":78}},"2":{"start":{"line":14,"column":88},"end":{"line":14,"column":111}},"3":{"start":{"line":20,"column":4},"end":{"line":20,"column":null}},"4":{"start":{"line":21,"column":4},"end":{"line":21,"column":null}},"5":{"start":{"line":22,"column":4},"end":{"line":22,"column":null}},"6":{"start":{"line":27,"column":4},"end":{"line":27,"column":null}},"7":{"start":{"line":31,"column":4},"end":{"line":31,"column":null}},"8":{"start":{"line":12,"column":13},"end":{"line":12,"column":null}}},"fnMap":{"0":{"name":"(anonymous_1)","decl":{"start":{"line":14,"column":2},"end":{"line":14,"column":22}},"loc":{"start":{"line":14,"column":111},"end":{"line":14,"column":116}}},"1":{"name":"(anonymous_2)","decl":{"start":{"line":19,"column":2},"end":{"line":19,"column":10}},"loc":{"start":{"line":19,"column":10},"end":{"line":24,"column":3}}},"2":{"name":"(anonymous_3)","decl":{"start":{"line":26,"column":2},"end":{"line":26,"column":9}},"loc":{"start":{"line":26,"column":9},"end":{"line":28,"column":3}}},"3":{"name":"(anonymous_4)","decl":{"start":{"line":30,"column":2},"end":{"line":30,"column":12}},"loc":{"start":{"line":30,"column":12},"end":{"line":32,"column":3}}},"4":{"name":"HitriKontaktiComponent_Factory","decl":{"start":{"line":12,"column":13},"end":{"line":12,"column":35}},"loc":{"start":{"line":12,"column":13},"end":{"line":12,"column":null}}}},"branchMap":{"0":{"loc":{"start":{"line":12,"column":13},"end":{"line":12,"column":35}},"type":"binary-expr","locations":[{"start":{"line":12,"column":13},"end":{"line":12,"column":35}},{"start":{"line":12,"column":13},"end":{"line":12,"column":35}}]}},"s":{"0":10,"1":10,"2":10,"3":10,"4":10,"5":10,"6":10,"7":0,"8":92},"f":{"0":10,"1":10,"2":10,"3":0,"4":10},"b":{"0":[10,10]}}
,"C:\\Users\\Gašper\\WebstormProjects\\LP234-13\\src\\app_public\\src\\app\\components\\hitri-kontakti\\kontakt\\kontakt.component.html": {"path":"C:\\Users\\Gašper\\WebstormProjects\\LP234-13\\src\\app_public\\src\\app\\components\\hitri-kontakti\\kontakt\\kontakt.component.html","statementMap":{"0":{"start":{"line":1,"column":0},"end":{"line":1,"column":null}},"1":{"start":{"line":2,"column":4},"end":{"line":2,"column":null}},"2":{"start":{"line":3,"column":4},"end":{"line":3,"column":null}},"3":{"start":{"line":4,"column":8},"end":{"line":4,"column":null}},"4":{"start":{"line":4,"column":16},"end":{"line":4,"column":97}},"5":{"start":{"line":4,"column":16},"end":{"line":4,"column":41}},"6":{"start":{"line":5,"column":8},"end":{"line":5,"column":34}},"7":{"start":{"line":5,"column":34},"end":{"line":5,"column":68}},"8":{"start":{"line":5,"column":64},"end":{"line":5,"column":null}},"9":{"start":{"line":6,"column":8},"end":{"line":6,"column":null}},"10":{"start":{"line":7,"column":6},"end":{"line":7,"column":null}},"11":{"start":{"line":7,"column":33},"end":{"line":7,"column":137}},"12":{"start":{"line":7,"column":33},"end":{"line":7,"column":67}},"13":{"start":{"line":8,"column":8},"end":{"line":8,"column":null}},"14":{"start":{"line":9,"column":6},"end":{"line":9,"column":null}},"15":{"start":{"line":10,"column":4},"end":{"line":10,"column":null}},"16":{"start":{"line":11,"column":0},"end":{"line":11,"column":null}},"17":{"start":{"line":1,"column":0},"end":{"line":11,"column":null}},"18":{"start":{"line":1,"column":6},"end":{"line":1,"column":30}}},"fnMap":{"0":{"name":"KontaktComponent_div_0_Template_button_click_3_listener","decl":{"start":{"line":4,"column":16},"end":{"line":4,"column":41}},"loc":{"start":{"line":4,"column":16},"end":{"line":4,"column":41}}},"1":{"name":"KontaktComponent_div_0_Template_button_click_6_listener","decl":{"start":{"line":7,"column":33},"end":{"line":7,"column":67}},"loc":{"start":{"line":7,"column":33},"end":{"line":7,"column":67}}}},"branchMap":{},"s":{"0":4,"1":4,"2":4,"3":4,"4":4,"5":3,"6":4,"7":144,"8":4,"9":4,"10":4,"11":4,"12":3,"13":4,"14":4,"15":4,"16":4,"17":4,"18":70},"f":{"0":1,"1":1},"b":{}}
,"C:\\Users\\Gašper\\WebstormProjects\\LP234-13\\src\\app_public\\src\\app\\components\\hitri-kontakti\\kontakt\\kontakt.component.ts": {"path":"C:\\Users\\Gašper\\WebstormProjects\\LP234-13\\src\\app_public\\src\\app\\components\\hitri-kontakti\\kontakt\\kontakt.component.ts","statementMap":{"0":{"start":{"line":16,"column":22},"end":{"line":16,"column":46}},"1":{"start":{"line":16,"column":56},"end":{"line":16,"column":70}},"2":{"start":{"line":16,"column":80},"end":{"line":16,"column":113}},"3":{"start":{"line":23,"column":4},"end":{"line":23,"column":null}},"4":{"start":{"line":31,"column":4},"end":{"line":38,"column":null}},"5":{"start":{"line":32,"column":6},"end":{"line":32,"column":null}},"6":{"start":{"line":33,"column":6},"end":{"line":33,"column":null}},"7":{"start":{"line":34,"column":6},"end":{"line":34,"column":null}},"8":{"start":{"line":36,"column":6},"end":{"line":36,"column":null}},"9":{"start":{"line":37,"column":6},"end":{"line":37,"column":null}},"10":{"start":{"line":42,"column":4},"end":{"line":42,"column":null}},"11":{"start":{"line":46,"column":4},"end":{"line":52,"column":null}},"12":{"start":{"line":47,"column":6},"end":{"line":47,"column":null}},"13":{"start":{"line":48,"column":6},"end":{"line":48,"column":null}},"14":{"start":{"line":50,"column":6},"end":{"line":50,"column":null}},"15":{"start":{"line":51,"column":6},"end":{"line":51,"column":null}},"16":{"start":{"line":14,"column":13},"end":{"line":14,"column":null}}},"fnMap":{"0":{"name":"(anonymous_3)","decl":{"start":{"line":16,"column":2},"end":{"line":16,"column":22}},"loc":{"start":{"line":16,"column":113},"end":{"line":16,"column":118}}},"1":{"name":"(anonymous_4)","decl":{"start":{"line":22,"column":2},"end":{"line":22,"column":10}},"loc":{"start":{"line":22,"column":10},"end":{"line":28,"column":3}}},"2":{"name":"(anonymous_5)","decl":{"start":{"line":30,"column":2},"end":{"line":30,"column":26}},"loc":{"start":{"line":30,"column":36},"end":{"line":39,"column":3}}},"3":{"name":"(anonymous_6)","decl":{"start":{"line":31,"column":37},"end":{"line":31,"column":38}},"loc":{"start":{"line":31,"column":58},"end":{"line":35,"column":5}}},"4":{"name":"(anonymous_7)","decl":{"start":{"line":35,"column":13},"end":{"line":35,"column":16}},"loc":{"start":{"line":35,"column":19},"end":{"line":38,"column":5}}},"5":{"name":"(anonymous_8)","decl":{"start":{"line":41,"column":2},"end":{"line":41,"column":15}},"loc":{"start":{"line":41,"column":15},"end":{"line":43,"column":3}}},"6":{"name":"(anonymous_9)","decl":{"start":{"line":45,"column":2},"end":{"line":45,"column":24}},"loc":{"start":{"line":45,"column":24},"end":{"line":53,"column":3}}},"7":{"name":"(anonymous_10)","decl":{"start":{"line":46,"column":54},"end":{"line":46,"column":55}},"loc":{"start":{"line":46,"column":87},"end":{"line":49,"column":5}}},"8":{"name":"(anonymous_11)","decl":{"start":{"line":49,"column":13},"end":{"line":49,"column":16}},"loc":{"start":{"line":49,"column":19},"end":{"line":52,"column":5}}},"9":{"name":"KontaktComponent_Factory","decl":{"start":{"line":14,"column":13},"end":{"line":14,"column":29}},"loc":{"start":{"line":14,"column":13},"end":{"line":14,"column":null}}}},"branchMap":{"0":{"loc":{"start":{"line":14,"column":13},"end":{"line":14,"column":29}},"type":"binary-expr","locations":[{"start":{"line":14,"column":13},"end":{"line":14,"column":29}},{"start":{"line":14,"column":13},"end":{"line":14,"column":29}}]}},"s":{"0":4,"1":4,"2":4,"3":4,"4":4,"5":4,"6":4,"7":4,"8":0,"9":0,"10":1,"11":1,"12":1,"13":1,"14":0,"15":0,"16":86},"f":{"0":4,"1":4,"2":4,"3":4,"4":0,"5":1,"6":1,"7":1,"8":0,"9":4},"b":{"0":[4,4]}}
,"C:\\Users\\Gašper\\WebstormProjects\\LP234-13\\src\\app_public\\src\\app\\components\\home-page\\home-page.component.html": {"path":"C:\\Users\\Gašper\\WebstormProjects\\LP234-13\\src\\app_public\\src\\app\\components\\home-page\\home-page.component.html","statementMap":{"0":{"start":{"line":1,"column":0},"end":{"line":1,"column":null}},"1":{"start":{"line":2,"column":4},"end":{"line":2,"column":null}},"2":{"start":{"line":3,"column":8},"end":{"line":5,"column":null}},"3":{"start":{"line":6,"column":8},"end":{"line":6,"column":null}},"4":{"start":{"line":7,"column":12},"end":{"line":7,"column":27}},"5":{"start":{"line":7,"column":16},"end":{"line":7,"column":32}},"6":{"start":{"line":7,"column":27},"end":{"line":7,"column":null}},"7":{"start":{"line":8,"column":12},"end":{"line":8,"column":null}},"8":{"start":{"line":9,"column":14},"end":{"line":9,"column":null}},"9":{"start":{"line":10,"column":16},"end":{"line":10,"column":55}},"10":{"start":{"line":10,"column":40},"end":{"line":10,"column":63}},"11":{"start":{"line":10,"column":55},"end":{"line":10,"column":null}},"12":{"start":{"line":11,"column":16},"end":{"line":11,"column":null}},"13":{"start":{"line":12,"column":14},"end":{"line":12,"column":null}},"14":{"start":{"line":13,"column":14},"end":{"line":13,"column":null}},"15":{"start":{"line":14,"column":16},"end":{"line":14,"column":48}},"16":{"start":{"line":14,"column":43},"end":{"line":14,"column":56}},"17":{"start":{"line":14,"column":48},"end":{"line":14,"column":null}},"18":{"start":{"line":15,"column":16},"end":{"line":15,"column":null}},"19":{"start":{"line":16,"column":14},"end":{"line":16,"column":null}},"20":{"start":{"line":17,"column":14},"end":{"line":17,"column":82}},"21":{"start":{"line":17,"column":22},"end":{"line":17,"column":75}},"22":{"start":{"line":17,"column":22},"end":{"line":17,"column":39}},"23":{"start":{"line":17,"column":75},"end":{"line":17,"column":91}},"24":{"start":{"line":17,"column":82},"end":{"line":17,"column":null}},"25":{"start":{"line":18,"column":12},"end":{"line":18,"column":null}},"26":{"start":{"line":19,"column":12},"end":{"line":19,"column":113}},"27":{"start":{"line":19,"column":98},"end":{"line":19,"column":122}},"28":{"start":{"line":19,"column":113},"end":{"line":19,"column":null}},"29":{"start":{"line":20,"column":12},"end":{"line":20,"column":86}},"30":{"start":{"line":20,"column":71},"end":{"line":20,"column":95}},"31":{"start":{"line":20,"column":86},"end":{"line":20,"column":null}},"32":{"start":{"line":21,"column":8},"end":{"line":21,"column":null}},"33":{"start":{"line":22,"column":8},"end":{"line":23,"column":null}},"34":{"start":{"line":24,"column":4},"end":{"line":24,"column":null}},"35":{"start":{"line":25,"column":0},"end":{"line":25,"column":null}}},"fnMap":{"0":{"name":"HomePageComponent_Template_button_click_17_listener","decl":{"start":{"line":17,"column":22},"end":{"line":17,"column":31}},"loc":{"start":{"line":17,"column":22},"end":{"line":17,"column":39}}}},"branchMap":{},"s":{"0":65,"1":65,"2":65,"3":65,"4":65,"5":65,"6":65,"7":65,"8":65,"9":65,"10":65,"11":65,"12":65,"13":65,"14":65,"15":65,"16":65,"17":65,"18":65,"19":65,"20":65,"21":65,"22":51,"23":65,"24":65,"25":65,"26":65,"27":65,"28":65,"29":65,"30":65,"31":65,"32":65,"33":65,"34":65,"35":65},"f":{"0":51},"b":{}}
,"C:\\Users\\Gašper\\WebstormProjects\\LP234-13\\src\\app_public\\src\\app\\components\\home-page\\home-page.component.ts": {"path":"C:\\Users\\Gašper\\WebstormProjects\\LP234-13\\src\\app_public\\src\\app\\components\\home-page\\home-page.component.ts","statementMap":{"0":{"start":{"line":17,"column":22},"end":{"line":17,"column":54}},"1":{"start":{"line":17,"column":64},"end":{"line":17,"column":77}},"2":{"start":{"line":17,"column":86},"end":{"line":17,"column":106}},"3":{"start":{"line":29,"column":4},"end":{"line":29,"column":null}},"4":{"start":{"line":30,"column":4},"end":{"line":30,"column":null}},"5":{"start":{"line":31,"column":30},"end":{"line":31,"column":74}},"6":{"start":{"line":32,"column":4},"end":{"line":32,"column":null}},"7":{"start":{"line":33,"column":4},"end":{"line":37,"column":null}},"8":{"start":{"line":34,"column":6},"end":{"line":34,"column":null}},"9":{"start":{"line":36,"column":6},"end":{"line":36,"column":null}},"10":{"start":{"line":12,"column":13},"end":{"line":12,"column":null}}},"fnMap":{"0":{"name":"(anonymous_0)","decl":{"start":{"line":17,"column":2},"end":{"line":17,"column":22}},"loc":{"start":{"line":17,"column":106},"end":{"line":17,"column":110}}},"1":{"name":"(anonymous_1)","decl":{"start":{"line":22,"column":2},"end":{"line":22,"column":10}},"loc":{"start":{"line":22,"column":10},"end":{"line":26,"column":3}}},"2":{"name":"(anonymous_2)","decl":{"start":{"line":28,"column":2},"end":{"line":28,"column":7}},"loc":{"start":{"line":28,"column":7},"end":{"line":38,"column":3}}},"3":{"name":"(anonymous_3)","decl":{"start":{"line":33,"column":42},"end":{"line":33,"column":43}},"loc":{"start":{"line":33,"column":46},"end":{"line":35,"column":5}}},"4":{"name":"(anonymous_4)","decl":{"start":{"line":35,"column":13},"end":{"line":35,"column":16}},"loc":{"start":{"line":35,"column":19},"end":{"line":37,"column":5}}},"5":{"name":"HomePageComponent_Factory","decl":{"start":{"line":12,"column":13},"end":{"line":12,"column":30}},"loc":{"start":{"line":12,"column":13},"end":{"line":12,"column":null}}}},"branchMap":{"0":{"loc":{"start":{"line":12,"column":13},"end":{"line":12,"column":30}},"type":"binary-expr","locations":[{"start":{"line":12,"column":13},"end":{"line":12,"column":30}},{"start":{"line":12,"column":13},"end":{"line":12,"column":30}}]}},"s":{"0":65,"1":65,"2":65,"3":51,"4":51,"5":51,"6":51,"7":51,"8":49,"9":2,"10":147},"f":{"0":65,"1":65,"2":51,"3":49,"4":2,"5":65},"b":{"0":[65,65]}}
,"C:\\Users\\Gašper\\WebstormProjects\\LP234-13\\src\\app_public\\src\\app\\components\\komentar\\komentar.component.html": {"path":"C:\\Users\\Gašper\\WebstormProjects\\LP234-13\\src\\app_public\\src\\app\\components\\komentar\\komentar.component.html","statementMap":{"0":{"start":{"line":1,"column":0},"end":{"line":1,"column":18}},"1":{"start":{"line":1,"column":3},"end":{"line":1,"column":22}},"2":{"start":{"line":1,"column":18},"end":{"line":1,"column":null}}},"fnMap":{},"branchMap":{},"s":{"0":0,"1":0,"2":0},"f":{},"b":{}}
,"C:\\Users\\Gašper\\WebstormProjects\\LP234-13\\src\\app_public\\src\\app\\components\\komentar\\komentar.component.ts": {"path":"C:\\Users\\Gašper\\WebstormProjects\\LP234-13\\src\\app_public\\src\\app\\components\\komentar\\komentar.component.ts","statementMap":{"0":{"start":{"line":15,"column":4},"end":{"line":19,"column":null}},"1":{"start":{"line":16,"column":6},"end":{"line":16,"column":null}},"2":{"start":{"line":18,"column":6},"end":{"line":18,"column":null}},"3":{"start":{"line":9,"column":13},"end":{"line":9,"column":null}}},"fnMap":{"0":{"name":"(anonymous_0)","decl":{"start":{"line":12,"column":2},"end":{"line":12,"column":18}},"loc":{"start":{"line":12,"column":2},"end":{"line":12,"column":19}}},"1":{"name":"(anonymous_1)","decl":{"start":{"line":14,"column":2},"end":{"line":14,"column":10}},"loc":{"start":{"line":14,"column":10},"end":{"line":20,"column":3}}},"2":{"name":"KomentarComponent_Factory","decl":{"start":{"line":9,"column":13},"end":{"line":9,"column":30}},"loc":{"start":{"line":9,"column":13},"end":{"line":9,"column":null}}}},"branchMap":{"0":{"loc":{"start":{"line":15,"column":4},"end":{"line":19,"column":null}},"type":"if","locations":[{"start":{"line":15,"column":4},"end":{"line":19,"column":null}},{"start":{"line":15,"column":4},"end":{"line":19,"column":null}}]},"1":{"loc":{"start":{"line":9,"column":13},"end":{"line":9,"column":30}},"type":"binary-expr","locations":[{"start":{"line":9,"column":13},"end":{"line":9,"column":30}},{"start":{"line":9,"column":13},"end":{"line":9,"column":30}}]}},"s":{"0":0,"1":0,"2":0,"3":82},"f":{"0":0,"1":0,"2":0},"b":{"0":[0,0],"1":[0,0]}}
,"C:\\Users\\Gašper\\WebstormProjects\\LP234-13\\src\\app_public\\src\\app\\components\\navbar\\navbar.component.html": {"path":"C:\\Users\\Gašper\\WebstormProjects\\LP234-13\\src\\app_public\\src\\app\\components\\navbar\\navbar.component.html","statementMap":{"0":{"start":{"line":9,"column":8},"end":{"line":9,"column":99}},"1":{"start":{"line":9,"column":39},"end":{"line":9,"column":93}},"2":{"start":{"line":9,"column":39},"end":{"line":9,"column":57}},"3":{"start":{"line":9,"column":93},"end":{"line":9,"column":108}},"4":{"start":{"line":9,"column":99},"end":{"line":9,"column":null}},"5":{"start":{"line":1,"column":0},"end":{"line":1,"column":null}},"6":{"start":{"line":2,"column":4},"end":{"line":2,"column":43}},"7":{"start":{"line":2,"column":8},"end":{"line":2,"column":33}},"8":{"start":{"line":2,"column":8},"end":{"line":2,"column":32}},"9":{"start":{"line":2,"column":33},"end":{"line":2,"column":48}},"10":{"start":{"line":2,"column":43},"end":{"line":2,"column":null}},"11":{"start":{"line":3,"column":4},"end":{"line":4,"column":null}},"12":{"start":{"line":5,"column":4},"end":{"line":5,"column":null}},"13":{"start":{"line":6,"column":8},"end":{"line":6,"column":null}},"14":{"start":{"line":7,"column":12},"end":{"line":7,"column":42}},"15":{"start":{"line":7,"column":42},"end":{"line":8,"column":17}},"16":{"start":{"line":8,"column":8},"end":{"line":8,"column":null}},"17":{"start":{"line":9,"column":8},"end":{"line":9,"column":null}},"18":{"start":{"line":10,"column":4},"end":{"line":10,"column":null}},"19":{"start":{"line":11,"column":0},"end":{"line":11,"column":null}},"20":{"start":{"line":9,"column":17},"end":{"line":9,"column":39}}},"fnMap":{"0":{"name":"NavbarComponent_button_8_Template_button_click_0_listener","decl":{"start":{"line":9,"column":39},"end":{"line":9,"column":57}},"loc":{"start":{"line":9,"column":39},"end":{"line":9,"column":57}}},"1":{"name":"NavbarComponent_Template_h3_click_1_listener","decl":{"start":{"line":2,"column":8},"end":{"line":2,"column":17}},"loc":{"start":{"line":2,"column":8},"end":{"line":2,"column":32}}}},"branchMap":{},"s":{"0":120,"1":120,"2":0,"3":120,"4":120,"5":130,"6":130,"7":130,"8":0,"9":130,"10":130,"11":130,"12":130,"13":130,"14":130,"15":130,"16":130,"17":130,"18":130,"19":130,"20":4404},"f":{"0":0,"1":0},"b":{}}
,"C:\\Users\\Gašper\\WebstormProjects\\LP234-13\\src\\app_public\\src\\app\\components\\navbar\\navbar.component.ts": {"path":"C:\\Users\\Gašper\\WebstormProjects\\LP234-13\\src\\app_public\\src\\app\\components\\navbar\\navbar.component.ts","statementMap":{"0":{"start":{"line":12,"column":22},"end":{"line":12,"column":54}},"1":{"start":{"line":12,"column":64},"end":{"line":12,"column":78}},"2":{"start":{"line":18,"column":4},"end":{"line":18,"column":null}},"3":{"start":{"line":19,"column":4},"end":{"line":19,"column":null}},"4":{"start":{"line":23,"column":4},"end":{"line":23,"column":null}},"5":{"start":{"line":27,"column":4},"end":{"line":27,"column":null}},"6":{"start":{"line":10,"column":13},"end":{"line":10,"column":null}}},"fnMap":{"0":{"name":"(anonymous_2)","decl":{"start":{"line":12,"column":2},"end":{"line":12,"column":22}},"loc":{"start":{"line":12,"column":78},"end":{"line":12,"column":83}}},"1":{"name":"(anonymous_3)","decl":{"start":{"line":14,"column":2},"end":{"line":14,"column":10}},"loc":{"start":{"line":14,"column":10},"end":{"line":15,"column":3}}},"2":{"name":"(anonymous_4)","decl":{"start":{"line":17,"column":2},"end":{"line":17,"column":8}},"loc":{"start":{"line":17,"column":8},"end":{"line":20,"column":3}}},"3":{"name":"(anonymous_5)","decl":{"start":{"line":22,"column":2},"end":{"line":22,"column":14}},"loc":{"start":{"line":22,"column":14},"end":{"line":24,"column":3}}},"4":{"name":"(anonymous_6)","decl":{"start":{"line":26,"column":2},"end":{"line":26,"column":14}},"loc":{"start":{"line":26,"column":14},"end":{"line":28,"column":3}}},"5":{"name":"NavbarComponent_Factory","decl":{"start":{"line":10,"column":13},"end":{"line":10,"column":28}},"loc":{"start":{"line":10,"column":13},"end":{"line":10,"column":null}}}},"branchMap":{"0":{"loc":{"start":{"line":10,"column":13},"end":{"line":10,"column":28}},"type":"binary-expr","locations":[{"start":{"line":10,"column":13},"end":{"line":10,"column":28}},{"start":{"line":10,"column":13},"end":{"line":10,"column":28}}]}},"s":{"0":130,"1":130,"2":0,"3":0,"4":2202,"5":0,"6":212},"f":{"0":130,"1":130,"2":0,"3":2202,"4":0,"5":130},"b":{"0":[130,130]}}
,"C:\\Users\\Gašper\\WebstormProjects\\LP234-13\\src\\app_public\\src\\app\\components\\oglasi-profila\\oglasi-profila.component.html": {"path":"C:\\Users\\Gašper\\WebstormProjects\\LP234-13\\src\\app_public\\src\\app\\components\\oglasi-profila\\oglasi-profila.component.html","statementMap":{"0":{"start":{"line":9,"column":8},"end":{"line":9,"column":null}},"1":{"start":{"line":9,"column":57},"end":{"line":9,"column":137}},"2":{"start":{"line":8,"column":6},"end":{"line":8,"column":null}},"3":{"start":{"line":10,"column":6},"end":{"line":10,"column":null}},"4":{"start":{"line":9,"column":37},"end":{"line":9,"column":57}},"5":{"start":{"line":12,"column":8},"end":{"line":12,"column":22}},"6":{"start":{"line":12,"column":12},"end":{"line":12,"column":27}},"7":{"start":{"line":12,"column":22},"end":{"line":12,"column":null}},"8":{"start":{"line":1,"column":0},"end":{"line":1,"column":null}},"9":{"start":{"line":2,"column":2},"end":{"line":2,"column":null}},"10":{"start":{"line":3,"column":2},"end":{"line":3,"column":null}},"11":{"start":{"line":4,"column":4},"end":{"line":4,"column":null}},"12":{"start":{"line":5,"column":6},"end":{"line":5,"column":null}},"13":{"start":{"line":5,"column":14},"end":{"line":5,"column":93}},"14":{"start":{"line":5,"column":14},"end":{"line":5,"column":39}},"15":{"start":{"line":6,"column":8},"end":{"line":6,"column":null}},"16":{"start":{"line":7,"column":6},"end":{"line":7,"column":null}},"17":{"start":{"line":8,"column":6},"end":{"line":10,"column":null}},"18":{"start":{"line":11,"column":6},"end":{"line":13,"column":null}},"19":{"start":{"line":15,"column":4},"end":{"line":15,"column":null}},"20":{"start":{"line":16,"column":2},"end":{"line":16,"column":null}},"21":{"start":{"line":18,"column":0},"end":{"line":18,"column":null}},"22":{"start":{"line":8,"column":12},"end":{"line":8,"column":59}}},"fnMap":{"0":{"name":"OglasiProfilaComponent_Template_button_click_4_listener","decl":{"start":{"line":5,"column":14},"end":{"line":5,"column":23}},"loc":{"start":{"line":5,"column":14},"end":{"line":5,"column":39}}}},"branchMap":{},"s":{"0":4,"1":8,"2":2,"3":2,"4":16,"5":2,"6":2,"7":2,"8":2,"9":2,"10":2,"11":2,"12":2,"13":2,"14":0,"15":2,"16":2,"17":2,"18":2,"19":2,"20":2,"21":2,"22":56},"f":{"0":0},"b":{}}
,"C:\\Users\\Gašper\\WebstormProjects\\LP234-13\\src\\app_public\\src\\app\\components\\oglasi-profila\\oglasi-profila.component.ts": {"path":"C:\\Users\\Gašper\\WebstormProjects\\LP234-13\\src\\app_public\\src\\app\\components\\oglasi-profila\\oglasi-profila.component.ts","statementMap":{"0":{"start":{"line":18,"column":22},"end":{"line":18,"column":45}},"1":{"start":{"line":18,"column":55},"end":{"line":18,"column":82}},"2":{"start":{"line":18,"column":92},"end":{"line":18,"column":112}},"3":{"start":{"line":18,"column":122},"end":{"line":18,"column":155}},"4":{"start":{"line":18,"column":165},"end":{"line":18,"column":178}},"5":{"start":{"line":18,"column":188},"end":{"line":18,"column":207}},"6":{"start":{"line":21,"column":4},"end":{"line":21,"column":null}},"7":{"start":{"line":22,"column":4},"end":{"line":22,"column":null}},"8":{"start":{"line":26,"column":4},"end":{"line":32,"column":null}},"9":{"start":{"line":27,"column":6},"end":{"line":27,"column":null}},"10":{"start":{"line":28,"column":6},"end":{"line":28,"column":null}},"11":{"start":{"line":30,"column":6},"end":{"line":30,"column":null}},"12":{"start":{"line":31,"column":6},"end":{"line":31,"column":null}},"13":{"start":{"line":36,"column":4},"end":{"line":36,"column":null}},"14":{"start":{"line":13,"column":13},"end":{"line":13,"column":null}}},"fnMap":{"0":{"name":"(anonymous_3)","decl":{"start":{"line":18,"column":2},"end":{"line":18,"column":22}},"loc":{"start":{"line":18,"column":207},"end":{"line":18,"column":212}}},"1":{"name":"(anonymous_4)","decl":{"start":{"line":20,"column":2},"end":{"line":20,"column":10}},"loc":{"start":{"line":20,"column":10},"end":{"line":23,"column":3}}},"2":{"name":"(anonymous_5)","decl":{"start":{"line":25,"column":2},"end":{"line":25,"column":14}},"loc":{"start":{"line":25,"column":25},"end":{"line":33,"column":3}}},"3":{"name":"(anonymous_6)","decl":{"start":{"line":26,"column":47},"end":{"line":26,"column":48}},"loc":{"start":{"line":26,"column":65},"end":{"line":29,"column":5}}},"4":{"name":"(anonymous_7)","decl":{"start":{"line":29,"column":13},"end":{"line":29,"column":16}},"loc":{"start":{"line":29,"column":18},"end":{"line":32,"column":5}}},"5":{"name":"(anonymous_8)","decl":{"start":{"line":35,"column":2},"end":{"line":35,"column":15}},"loc":{"start":{"line":35,"column":15},"end":{"line":37,"column":3}}},"6":{"name":"OglasiProfilaComponent_Factory","decl":{"start":{"line":13,"column":13},"end":{"line":13,"column":35}},"loc":{"start":{"line":13,"column":13},"end":{"line":13,"column":null}}}},"branchMap":{"0":{"loc":{"start":{"line":13,"column":13},"end":{"line":13,"column":35}},"type":"binary-expr","locations":[{"start":{"line":13,"column":13},"end":{"line":13,"column":35}},{"start":{"line":13,"column":13},"end":{"line":13,"column":35}}]}},"s":{"0":2,"1":2,"2":2,"3":2,"4":2,"5":2,"6":2,"7":2,"8":2,"9":2,"10":2,"11":0,"12":0,"13":0,"14":84},"f":{"0":2,"1":2,"2":2,"3":2,"4":0,"5":0,"6":2},"b":{"0":[2,2]}}
,"C:/Users/Gašper/WebstormProjects/LP234-13/src/app_public/src/app/components/oglasi-profila/oglas/oglas.component.ts": {"path":"C:/Users/Gašper/WebstormProjects/LP234-13/src/app_public/src/app/components/oglasi-profila/oglas/oglas.component.ts","statementMap":{},"fnMap":{},"branchMap":{},"s":{},"f":{},"b":{}}
,"C:\\Users\\Gašper\\WebstormProjects\\LP234-13\\src\\app_public\\src\\app\\components\\ogled-oglasa\\ogled-oglasa.component.html": {"path":"C:\\Users\\Gašper\\WebstormProjects\\LP234-13\\src\\app_public\\src\\app\\components\\ogled-oglasa\\ogled-oglasa.component.html","statementMap":{"0":{"start":{"line":17,"column":12},"end":{"line":17,"column":null}},"1":{"start":{"line":18,"column":16},"end":{"line":18,"column":null}},"2":{"start":{"line":19,"column":20},"end":{"line":19,"column":null}},"3":{"start":{"line":20,"column":16},"end":{"line":20,"column":null}},"4":{"start":{"line":21,"column":16},"end":{"line":21,"column":null}},"5":{"start":{"line":22,"column":20},"end":{"line":22,"column":null}},"6":{"start":{"line":23,"column":16},"end":{"line":23,"column":null}},"7":{"start":{"line":24,"column":12},"end":{"line":24,"column":null}},"8":{"start":{"line":4,"column":4},"end":{"line":4,"column":null}},"9":{"start":{"line":5,"column":8},"end":{"line":5,"column":null}},"10":{"start":{"line":6,"column":12},"end":{"line":6,"column":null}},"11":{"start":{"line":7,"column":16},"end":{"line":7,"column":null}},"12":{"start":{"line":7,"column":24},"end":{"line":7,"column":87}},"13":{"start":{"line":7,"column":24},"end":{"line":7,"column":46}},"14":{"start":{"line":8,"column":20},"end":{"line":8,"column":null}},"15":{"start":{"line":9,"column":16},"end":{"line":9,"column":null}},"16":{"start":{"line":10,"column":16},"end":{"line":10,"column":null}},"17":{"start":{"line":10,"column":24},"end":{"line":10,"column":103}},"18":{"start":{"line":10,"column":24},"end":{"line":10,"column":47}},"19":{"start":{"line":11,"column":20},"end":{"line":11,"column":50}},"20":{"start":{"line":11,"column":50},"end":{"line":12,"column":25}},"21":{"start":{"line":12,"column":16},"end":{"line":12,"column":null}},"22":{"start":{"line":13,"column":12},"end":{"line":13,"column":null}},"23":{"start":{"line":14,"column":12},"end":{"line":14,"column":null}},"24":{"start":{"line":15,"column":16},"end":{"line":15,"column":51}},"25":{"start":{"line":15,"column":37},"end":{"line":15,"column":56}},"26":{"start":{"line":15,"column":51},"end":{"line":15,"column":null}},"27":{"start":{"line":16,"column":12},"end":{"line":16,"column":null}},"28":{"start":{"line":17,"column":12},"end":{"line":24,"column":null}},"29":{"start":{"line":25,"column":8},"end":{"line":25,"column":null}},"30":{"start":{"line":27,"column":8},"end":{"line":27,"column":null}},"31":{"start":{"line":28,"column":12},"end":{"line":28,"column":null}},"32":{"start":{"line":29,"column":16},"end":{"line":29,"column":null}},"33":{"start":{"line":30,"column":20},"end":{"line":30,"column":null}},"34":{"start":{"line":31,"column":16},"end":{"line":31,"column":null}},"35":{"start":{"line":32,"column":12},"end":{"line":32,"column":null}},"36":{"start":{"line":33,"column":12},"end":{"line":33,"column":null}},"37":{"start":{"line":34,"column":16},"end":{"line":34,"column":42}},"38":{"start":{"line":34,"column":39},"end":{"line":34,"column":62}},"39":{"start":{"line":34,"column":42},"end":{"line":34,"column":66}},"40":{"start":{"line":34,"column":62},"end":{"line":34,"column":84}},"41":{"start":{"line":34,"column":66},"end":{"line":34,"column":88}},"42":{"start":{"line":34,"column":84},"end":{"line":34,"column":null}},"43":{"start":{"line":35,"column":16},"end":{"line":35,"column":182}},"44":{"start":{"line":35,"column":24},"end":{"line":35,"column":151}},"45":{"start":{"line":35,"column":24},"end":{"line":35,"column":48}},"46":{"start":{"line":35,"column":151},"end":{"line":35,"column":191}},"47":{"start":{"line":35,"column":182},"end":{"line":35,"column":null}},"48":{"start":{"line":36,"column":12},"end":{"line":36,"column":null}},"49":{"start":{"line":37,"column":8},"end":{"line":37,"column":null}},"50":{"start":{"line":39,"column":8},"end":{"line":39,"column":null}},"51":{"start":{"line":40,"column":12},"end":{"line":40,"column":null}},"52":{"start":{"line":41,"column":16},"end":{"line":41,"column":57}},"53":{"start":{"line":41,"column":54},"end":{"line":41,"column":71}},"54":{"start":{"line":41,"column":57},"end":{"line":41,"column":75}},"55":{"start":{"line":41,"column":71},"end":{"line":41,"column":null}},"56":{"start":{"line":41,"column":75},"end":{"line":42,"column":20}},"57":{"start":{"line":42,"column":16},"end":{"line":42,"column":null}},"58":{"start":{"line":43,"column":12},"end":{"line":43,"column":null}},"59":{"start":{"line":44,"column":8},"end":{"line":44,"column":null}},"60":{"start":{"line":46,"column":8},"end":{"line":46,"column":null}},"61":{"start":{"line":47,"column":12},"end":{"line":47,"column":null}},"62":{"start":{"line":48,"column":16},"end":{"line":48,"column":88}},"63":{"start":{"line":48,"column":74},"end":{"line":48,"column":97}},"64":{"start":{"line":48,"column":88},"end":{"line":48,"column":null}},"65":{"start":{"line":49,"column":12},"end":{"line":49,"column":null}},"66":{"start":{"line":51,"column":12},"end":{"line":51,"column":null}},"67":{"start":{"line":52,"column":16},"end":{"line":52,"column":70}},"68":{"start":{"line":52,"column":54},"end":{"line":52,"column":74}},"69":{"start":{"line":52,"column":70},"end":{"line":52,"column":null}},"70":{"start":{"line":53,"column":12},"end":{"line":53,"column":null}},"71":{"start":{"line":54,"column":8},"end":{"line":54,"column":null}},"72":{"start":{"line":56,"column":8},"end":{"line":56,"column":null}},"73":{"start":{"line":57,"column":12},"end":{"line":59,"column":null}},"74":{"start":{"line":60,"column":12},"end":{"line":62,"column":null}},"75":{"start":{"line":63,"column":8},"end":{"line":63,"column":null}},"76":{"start":{"line":66,"column":8},"end":{"line":66,"column":null}},"77":{"start":{"line":67,"column":12},"end":{"line":67,"column":null}},"78":{"start":{"line":68,"column":16},"end":{"line":68,"column":null}},"79":{"start":{"line":69,"column":20},"end":{"line":69,"column":null}},"80":{"start":{"line":70,"column":24},"end":{"line":70,"column":59}},"81":{"start":{"line":70,"column":48},"end":{"line":70,"column":64}},"82":{"start":{"line":70,"column":59},"end":{"line":70,"column":null}},"83":{"start":{"line":71,"column":20},"end":{"line":71,"column":null}},"84":{"start":{"line":72,"column":20},"end":{"line":72,"column":null}},"85":{"start":{"line":73,"column":24},"end":{"line":73,"column":null}},"86":{"start":{"line":74,"column":28},"end":{"line":74,"column":68}},"87":{"start":{"line":74,"column":54},"end":{"line":74,"column":76}},"88":{"start":{"line":74,"column":68},"end":{"line":74,"column":null}},"89":{"start":{"line":75,"column":28},"end":{"line":75,"column":null}},"90":{"start":{"line":76,"column":24},"end":{"line":76,"column":null}},"91":{"start":{"line":77,"column":24},"end":{"line":77,"column":null}},"92":{"start":{"line":78,"column":28},"end":{"line":78,"column":69}},"93":{"start":{"line":78,"column":57},"end":{"line":78,"column":77}},"94":{"start":{"line":78,"column":69},"end":{"line":78,"column":null}},"95":{"start":{"line":79,"column":28},"end":{"line":79,"column":null}},"96":{"start":{"line":80,"column":24},"end":{"line":80,"column":null}},"97":{"start":{"line":81,"column":24},"end":{"line":81,"column":null}},"98":{"start":{"line":82,"column":28},"end":{"line":82,"column":73}},"99":{"start":{"line":82,"column":57},"end":{"line":82,"column":81}},"100":{"start":{"line":82,"column":73},"end":{"line":82,"column":null}},"101":{"start":{"line":83,"column":28},"end":{"line":83,"column":null}},"102":{"start":{"line":84,"column":32},"end":{"line":84,"column":null}},"103":{"start":{"line":86,"column":36},"end":{"line":86,"column":68}},"104":{"start":{"line":86,"column":67},"end":{"line":86,"column":75}},"105":{"start":{"line":86,"column":68},"end":{"line":86,"column":null}},"106":{"start":{"line":87,"column":32},"end":{"line":87,"column":null}},"107":{"start":{"line":88,"column":32},"end":{"line":88,"column":null}},"108":{"start":{"line":89,"column":28},"end":{"line":89,"column":null}},"109":{"start":{"line":90,"column":24},"end":{"line":90,"column":null}},"110":{"start":{"line":91,"column":24},"end":{"line":91,"column":null}},"111":{"start":{"line":92,"column":28},"end":{"line":92,"column":64}},"112":{"start":{"line":92,"column":52},"end":{"line":92,"column":72}},"113":{"start":{"line":92,"column":64},"end":{"line":92,"column":null}},"114":{"start":{"line":93,"column":28},"end":{"line":93,"column":null}},"115":{"start":{"line":94,"column":28},"end":{"line":94,"column":101}},"116":{"start":{"line":94,"column":58},"end":{"line":94,"column":107}},"117":{"start":{"line":94,"column":101},"end":{"line":94,"column":null}},"118":{"start":{"line":95,"column":24},"end":{"line":95,"column":null}},"119":{"start":{"line":96,"column":20},"end":{"line":96,"column":null}},"120":{"start":{"line":97,"column":20},"end":{"line":97,"column":null}},"121":{"start":{"line":98,"column":24},"end":{"line":98,"column":126}},"122":{"start":{"line":98,"column":68},"end":{"line":98,"column":115}},"123":{"start":{"line":98,"column":68},"end":{"line":98,"column":90}},"124":{"start":{"line":98,"column":115},"end":{"line":98,"column":135}},"125":{"start":{"line":98,"column":126},"end":{"line":98,"column":null}},"126":{"start":{"line":99,"column":24},"end":{"line":99,"column":125}},"127":{"start":{"line":99,"column":120},"end":{"line":99,"column":134}},"128":{"start":{"line":99,"column":125},"end":{"line":99,"column":null}},"129":{"start":{"line":100,"column":20},"end":{"line":100,"column":null}},"130":{"start":{"line":102,"column":16},"end":{"line":102,"column":null}},"131":{"start":{"line":103,"column":12},"end":{"line":103,"column":null}},"132":{"start":{"line":104,"column":8},"end":{"line":104,"column":null}},"133":{"start":{"line":106,"column":6},"end":{"line":106,"column":null}},"134":{"start":{"line":107,"column":8},"end":{"line":107,"column":null}},"135":{"start":{"line":108,"column":10},"end":{"line":108,"column":null}},"136":{"start":{"line":109,"column":12},"end":{"line":109,"column":null}},"137":{"start":{"line":110,"column":14},"end":{"line":110,"column":null}},"138":{"start":{"line":111,"column":16},"end":{"line":111,"column":109}},"139":{"start":{"line":111,"column":63},"end":{"line":111,"column":114}},"140":{"start":{"line":111,"column":109},"end":{"line":111,"column":null}},"141":{"start":{"line":112,"column":16},"end":{"line":112,"column":79}},"142":{"start":{"line":112,"column":73},"end":{"line":112,"column":86}},"143":{"start":{"line":112,"column":79},"end":{"line":112,"column":93}},"144":{"start":{"line":112,"column":86},"end":{"line":112,"column":102}},"145":{"start":{"line":112,"column":93},"end":{"line":112,"column":null}},"146":{"start":{"line":113,"column":14},"end":{"line":113,"column":null}},"147":{"start":{"line":114,"column":14},"end":{"line":114,"column":null}},"148":{"start":{"line":115,"column":16},"end":{"line":115,"column":null}},"149":{"start":{"line":116,"column":18},"end":{"line":117,"column":20}},"150":{"start":{"line":117,"column":16},"end":{"line":117,"column":null}},"151":{"start":{"line":118,"column":14},"end":{"line":118,"column":null}},"152":{"start":{"line":119,"column":14},"end":{"line":119,"column":null}},"153":{"start":{"line":120,"column":16},"end":{"line":120,"column":132}},"154":{"start":{"line":120,"column":24},"end":{"line":120,"column":125}},"155":{"start":{"line":120,"column":24},"end":{"line":120,"column":48}},"156":{"start":{"line":120,"column":125},"end":{"line":120,"column":141}},"157":{"start":{"line":120,"column":132},"end":{"line":120,"column":null}},"158":{"start":{"line":121,"column":16},"end":{"line":121,"column":118}},"159":{"start":{"line":121,"column":110},"end":{"line":121,"column":127}},"160":{"start":{"line":121,"column":118},"end":{"line":121,"column":null}},"161":{"start":{"line":122,"column":14},"end":{"line":122,"column":null}},"162":{"start":{"line":123,"column":12},"end":{"line":123,"column":null}},"163":{"start":{"line":124,"column":10},"end":{"line":124,"column":null}},"164":{"start":{"line":125,"column":8},"end":{"line":125,"column":null}},"165":{"start":{"line":126,"column":6},"end":{"line":126,"column":null}},"166":{"start":{"line":128,"column":8},"end":{"line":128,"column":null}},"167":{"start":{"line":129,"column":10},"end":{"line":129,"column":null}},"168":{"start":{"line":130,"column":12},"end":{"line":130,"column":null}},"169":{"start":{"line":131,"column":14},"end":{"line":131,"column":87}},"170":{"start":{"line":131,"column":81},"end":{"line":131,"column":94}},"171":{"start":{"line":131,"column":87},"end":{"line":131,"column":101}},"172":{"start":{"line":131,"column":94},"end":{"line":131,"column":110}},"173":{"start":{"line":131,"column":101},"end":{"line":131,"column":null}},"174":{"start":{"line":132,"column":14},"end":{"line":139,"column":null}},"175":{"start":{"line":140,"column":12},"end":{"line":140,"column":null}},"176":{"start":{"line":141,"column":10},"end":{"line":141,"column":null}},"177":{"start":{"line":142,"column":8},"end":{"line":142,"column":null}},"178":{"start":{"line":143,"column":4},"end":{"line":143,"column":null}},"179":{"start":{"line":17,"column":18},"end":{"line":17,"column":115}},"180":{"start":{"line":30,"column":25},"end":{"line":30,"column":49}},"181":{"start":{"line":75,"column":66},"end":{"line":75,"column":126}},"182":{"start":{"line":79,"column":76},"end":{"line":79,"column":136}},"183":{"start":{"line":88,"column":68},"end":{"line":88,"column":132}},"184":{"start":{"line":1,"column":0},"end":{"line":1,"column":null}},"185":{"start":{"line":2,"column":4},"end":{"line":2,"column":null}},"186":{"start":{"line":4,"column":4},"end":{"line":143,"column":null}},"187":{"start":{"line":145,"column":0},"end":{"line":145,"column":null}},"188":{"start":{"line":4,"column":10},"end":{"line":4,"column":56}}},"fnMap":{"0":{"name":"OgledOglasaComponent_div_2_Template_button_click_3_listener","decl":{"start":{"line":7,"column":24},"end":{"line":7,"column":46}},"loc":{"start":{"line":7,"column":24},"end":{"line":7,"column":46}}},"1":{"name":"OgledOglasaComponent_div_2_Template_button_click_5_listener","decl":{"start":{"line":10,"column":24},"end":{"line":10,"column":47}},"loc":{"start":{"line":10,"column":24},"end":{"line":10,"column":47}}},"2":{"name":"OgledOglasaComponent_div_2_Template_button_click_21_listener","decl":{"start":{"line":35,"column":24},"end":{"line":35,"column":48}},"loc":{"start":{"line":35,"column":24},"end":{"line":35,"column":48}}},"3":{"name":"OgledOglasaComponent_div_2_Template_button_click_73_listener","decl":{"start":{"line":98,"column":68},"end":{"line":98,"column":90}},"loc":{"start":{"line":98,"column":68},"end":{"line":98,"column":90}}},"4":{"name":"OgledOglasaComponent_div_2_Template_button_click_91_listener","decl":{"start":{"line":120,"column":24},"end":{"line":120,"column":48}},"loc":{"start":{"line":120,"column":24},"end":{"line":120,"column":48}}}},"branchMap":{"0":{"loc":{"start":{"line":17,"column":18},"end":{"line":17,"column":72}},"type":"binary-expr","locations":[{"start":{"line":17,"column":18},"end":{"line":17,"column":72}},{"start":{"line":17,"column":18},"end":{"line":17,"column":72}}]}},"s":{"0":9,"1":9,"2":9,"3":9,"4":9,"5":9,"6":9,"7":9,"8":15,"9":15,"10":15,"11":15,"12":15,"13":0,"14":15,"15":15,"16":15,"17":15,"18":0,"19":15,"20":15,"21":15,"22":15,"23":15,"24":15,"25":191,"26":15,"27":15,"28":15,"29":15,"30":15,"31":15,"32":15,"33":15,"34":15,"35":15,"36":15,"37":15,"38":15,"39":15,"40":15,"41":171,"42":15,"43":15,"44":15,"45":6,"46":15,"47":15,"48":15,"49":15,"50":15,"51":15,"52":15,"53":15,"54":15,"55":15,"56":171,"57":15,"58":15,"59":15,"60":15,"61":15,"62":15,"63":15,"64":15,"65":15,"66":15,"67":15,"68":171,"69":15,"70":15,"71":15,"72":15,"73":15,"74":15,"75":15,"76":15,"77":15,"78":15,"79":15,"80":15,"81":15,"82":15,"83":15,"84":15,"85":15,"86":15,"87":15,"88":15,"89":15,"90":15,"91":15,"92":15,"93":15,"94":15,"95":15,"96":15,"97":15,"98":15,"99":15,"100":15,"101":15,"102":15,"103":15,"104":15,"105":15,"106":15,"107":15,"108":15,"109":15,"110":15,"111":15,"112":15,"113":15,"114":15,"115":15,"116":15,"117":15,"118":15,"119":15,"120":15,"121":15,"122":15,"123":9,"124":15,"125":15,"126":15,"127":15,"128":15,"129":15,"130":15,"131":15,"132":15,"133":15,"134":15,"135":15,"136":15,"137":15,"138":15,"139":15,"140":15,"141":15,"142":15,"143":15,"144":15,"145":15,"146":15,"147":15,"148":15,"149":15,"150":15,"151":15,"152":15,"153":15,"154":15,"155":6,"156":15,"157":15,"158":15,"159":15,"160":15,"161":15,"162":15,"163":15,"164":15,"165":15,"166":15,"167":15,"168":15,"169":15,"170":15,"171":15,"172":15,"173":15,"174":15,"175":15,"176":15,"177":15,"178":15,"179":176,"180":156,"181":156,"182":156,"183":156,"184":15,"185":15,"186":15,"187":15,"188":476},"f":{"0":0,"1":0,"2":2,"3":3,"4":2},"b":{"0":[88,8]}}
,"C:\\Users\\Gašper\\WebstormProjects\\LP234-13\\src\\app_public\\src\\app\\components\\ogled-oglasa\\ogled-oglasa.component.ts": {"path":"C:\\Users\\Gašper\\WebstormProjects\\LP234-13\\src\\app_public\\src\\app\\components\\ogled-oglasa\\ogled-oglasa.component.ts","statementMap":{"0":{"start":{"line":22,"column":22},"end":{"line":22,"column":49}},"1":{"start":{"line":22,"column":59},"end":{"line":22,"column":79}},"2":{"start":{"line":22,"column":89},"end":{"line":22,"column":102}},"3":{"start":{"line":22,"column":112},"end":{"line":22,"column":145}},"4":{"start":{"line":20,"column":2},"end":{"line":20,"column":null}},"5":{"start":{"line":25,"column":4},"end":{"line":25,"column":null}},"6":{"start":{"line":26,"column":4},"end":{"line":26,"column":null}},"7":{"start":{"line":27,"column":4},"end":{"line":27,"column":null}},"8":{"start":{"line":36,"column":4},"end":{"line":42,"column":null}},"9":{"start":{"line":37,"column":6},"end":{"line":37,"column":null}},"10":{"start":{"line":38,"column":6},"end":{"line":38,"column":null}},"11":{"start":{"line":40,"column":6},"end":{"line":40,"column":null}},"12":{"start":{"line":41,"column":6},"end":{"line":41,"column":null}},"13":{"start":{"line":46,"column":4},"end":{"line":46,"column":null}},"14":{"start":{"line":50,"column":4},"end":{"line":50,"column":null}},"15":{"start":{"line":51,"column":4},"end":{"line":57,"column":null}},"16":{"start":{"line":52,"column":6},"end":{"line":52,"column":null}},"17":{"start":{"line":53,"column":6},"end":{"line":53,"column":null}},"18":{"start":{"line":55,"column":6},"end":{"line":55,"column":null}},"19":{"start":{"line":56,"column":6},"end":{"line":56,"column":null}},"20":{"start":{"line":61,"column":4},"end":{"line":61,"column":null}},"21":{"start":{"line":62,"column":4},"end":{"line":67,"column":null}},"22":{"start":{"line":63,"column":6},"end":{"line":63,"column":null}},"23":{"start":{"line":65,"column":6},"end":{"line":65,"column":null}},"24":{"start":{"line":66,"column":6},"end":{"line":66,"column":12}},"25":{"start":{"line":68,"column":4},"end":{"line":73,"column":null}},"26":{"start":{"line":69,"column":6},"end":{"line":69,"column":null}},"27":{"start":{"line":71,"column":6},"end":{"line":71,"column":null}},"28":{"start":{"line":72,"column":6},"end":{"line":72,"column":12}},"29":{"start":{"line":74,"column":4},"end":{"line":74,"column":null}},"30":{"start":{"line":75,"column":4},"end":{"line":77,"column":null}},"31":{"start":{"line":76,"column":6},"end":{"line":76,"column":null}},"32":{"start":{"line":78,"column":4},"end":{"line":78,"column":null}},"33":{"start":{"line":80,"column":4},"end":{"line":87,"column":null}},"34":{"start":{"line":81,"column":6},"end":{"line":81,"column":null}},"35":{"start":{"line":82,"column":6},"end":{"line":82,"column":null}},"36":{"start":{"line":85,"column":6},"end":{"line":85,"column":null}},"37":{"start":{"line":86,"column":6},"end":{"line":86,"column":null}},"38":{"start":{"line":91,"column":4},"end":{"line":91,"column":null}},"39":{"start":{"line":92,"column":4},"end":{"line":92,"column":null}},"40":{"start":{"line":96,"column":4},"end":{"line":96,"column":null}},"41":{"start":{"line":100,"column":4},"end":{"line":100,"column":null}},"42":{"start":{"line":104,"column":4},"end":{"line":107,"column":null}},"43":{"start":{"line":105,"column":19},"end":{"line":105,"column":76}},"44":{"start":{"line":106,"column":6},"end":{"line":106,"column":null}},"45":{"start":{"line":108,"column":4},"end":{"line":108,"column":null}},"46":{"start":{"line":16,"column":13},"end":{"line":16,"column":null}}},"fnMap":{"0":{"name":"(anonymous_7)","decl":{"start":{"line":22,"column":2},"end":{"line":22,"column":22}},"loc":{"start":{"line":22,"column":145},"end":{"line":22,"column":150}}},"1":{"name":"(anonymous_8)","decl":{"start":{"line":24,"column":2},"end":{"line":24,"column":10}},"loc":{"start":{"line":24,"column":10},"end":{"line":28,"column":3}}},"2":{"name":"(anonymous_9)","decl":{"start":{"line":35,"column":2},"end":{"line":35,"column":13}},"loc":{"start":{"line":35,"column":24},"end":{"line":43,"column":3}}},"3":{"name":"(anonymous_10)","decl":{"start":{"line":36,"column":39},"end":{"line":36,"column":40}},"loc":{"start":{"line":36,"column":55},"end":{"line":39,"column":5}}},"4":{"name":"(anonymous_11)","decl":{"start":{"line":39,"column":13},"end":{"line":39,"column":16}},"loc":{"start":{"line":39,"column":18},"end":{"line":42,"column":5}}},"5":{"name":"(anonymous_12)","decl":{"start":{"line":45,"column":2},"end":{"line":45,"column":16}},"loc":{"start":{"line":45,"column":16},"end":{"line":47,"column":3}}},"6":{"name":"(anonymous_13)","decl":{"start":{"line":49,"column":2},"end":{"line":49,"column":14}},"loc":{"start":{"line":49,"column":14},"end":{"line":58,"column":3}}},"7":{"name":"(anonymous_14)","decl":{"start":{"line":51,"column":47},"end":{"line":51,"column":48}},"loc":{"start":{"line":51,"column":63},"end":{"line":54,"column":5}}},"8":{"name":"(anonymous_15)","decl":{"start":{"line":54,"column":13},"end":{"line":54,"column":16}},"loc":{"start":{"line":54,"column":19},"end":{"line":57,"column":5}}},"9":{"name":"(anonymous_16)","decl":{"start":{"line":60,"column":2},"end":{"line":60,"column":12}},"loc":{"start":{"line":60,"column":12},"end":{"line":88,"column":3}}},"10":{"name":"(anonymous_17)","decl":{"start":{"line":80,"column":56},"end":{"line":80,"column":57}},"loc":{"start":{"line":80,"column":72},"end":{"line":84,"column":5}}},"11":{"name":"(anonymous_18)","decl":{"start":{"line":84,"column":13},"end":{"line":84,"column":16}},"loc":{"start":{"line":84,"column":19},"end":{"line":87,"column":5}}},"12":{"name":"(anonymous_19)","decl":{"start":{"line":90,"column":2},"end":{"line":90,"column":13}},"loc":{"start":{"line":90,"column":13},"end":{"line":93,"column":3}}},"13":{"name":"(anonymous_20)","decl":{"start":{"line":95,"column":2},"end":{"line":95,"column":12}},"loc":{"start":{"line":95,"column":12},"end":{"line":97,"column":3}}},"14":{"name":"(anonymous_21)","decl":{"start":{"line":99,"column":2},"end":{"line":99,"column":27}},"loc":{"start":{"line":99,"column":27},"end":{"line":101,"column":3}}},"15":{"name":"(anonymous_22)","decl":{"start":{"line":103,"column":2},"end":{"line":103,"column":14}},"loc":{"start":{"line":103,"column":14},"end":{"line":109,"column":3}}},"16":{"name":"OgledOglasaComponent_Factory","decl":{"start":{"line":16,"column":13},"end":{"line":16,"column":33}},"loc":{"start":{"line":16,"column":13},"end":{"line":16,"column":null}}}},"branchMap":{"0":{"loc":{"start":{"line":62,"column":4},"end":{"line":67,"column":null}},"type":"if","locations":[{"start":{"line":62,"column":4},"end":{"line":67,"column":null}},{"start":{"line":62,"column":4},"end":{"line":67,"column":null}}]},"1":{"loc":{"start":{"line":68,"column":4},"end":{"line":73,"column":null}},"type":"if","locations":[{"start":{"line":68,"column":4},"end":{"line":73,"column":null}},{"start":{"line":68,"column":4},"end":{"line":73,"column":null}}]},"2":{"loc":{"start":{"line":75,"column":4},"end":{"line":77,"column":null}},"type":"if","locations":[{"start":{"line":75,"column":4},"end":{"line":77,"column":null}},{"start":{"line":75,"column":4},"end":{"line":77,"column":null}}]},"3":{"loc":{"start":{"line":104,"column":4},"end":{"line":107,"column":null}},"type":"if","locations":[{"start":{"line":104,"column":4},"end":{"line":107,"column":null}},{"start":{"line":104,"column":4},"end":{"line":107,"column":null}}]},"4":{"loc":{"start":{"line":16,"column":13},"end":{"line":16,"column":33}},"type":"binary-expr","locations":[{"start":{"line":16,"column":13},"end":{"line":16,"column":33}},{"start":{"line":16,"column":13},"end":{"line":16,"column":33}}]}},"s":{"0":15,"1":15,"2":15,"3":15,"4":15,"5":15,"6":15,"7":15,"8":15,"9":15,"10":15,"11":0,"12":0,"13":0,"14":2,"15":2,"16":2,"17":2,"18":0,"19":0,"20":3,"21":3,"22":1,"23":2,"24":2,"25":1,"26":1,"27":0,"28":0,"29":1,"30":1,"31":0,"32":1,"33":1,"34":1,"35":1,"36":0,"37":0,"38":0,"39":0,"40":0,"41":0,"42":2,"43":2,"44":2,"45":2,"46":97},"f":{"0":15,"1":15,"2":15,"3":15,"4":0,"5":0,"6":2,"7":2,"8":0,"9":3,"10":1,"11":0,"12":0,"13":0,"14":0,"15":2,"16":15},"b":{"0":[1,2],"1":[1,0],"2":[0,1],"3":[2,0],"4":[15,15]}}
,"C:\\Users\\Gašper\\WebstormProjects\\LP234-13\\src\\app_public\\src\\app\\components\\ogled-profila\\ogled-profila.component.html": {"path":"C:\\Users\\Gašper\\WebstormProjects\\LP234-13\\src\\app_public\\src\\app\\components\\ogled-profila\\ogled-profila.component.html","statementMap":{"0":{"start":{"line":7,"column":16},"end":{"line":7,"column":151}},"1":{"start":{"line":7,"column":51},"end":{"line":7,"column":127}},"2":{"start":{"line":7,"column":51},"end":{"line":7,"column":84}},"3":{"start":{"line":7,"column":127},"end":{"line":7,"column":160}},"4":{"start":{"line":7,"column":151},"end":{"line":7,"column":null}},"5":{"start":{"line":8,"column":16},"end":{"line":8,"column":151}},"6":{"start":{"line":8,"column":54},"end":{"line":8,"column":130}},"7":{"start":{"line":8,"column":54},"end":{"line":8,"column":88}},"8":{"start":{"line":8,"column":130},"end":{"line":8,"column":160}},"9":{"start":{"line":8,"column":151},"end":{"line":8,"column":null}},"10":{"start":{"line":60,"column":20},"end":{"line":60,"column":null}},"11":{"start":{"line":60,"column":146},"end":{"line":60,"column":259}},"12":{"start":{"line":60,"column":146},"end":{"line":60,"column":189}},"13":{"start":{"line":61,"column":20},"end":{"line":61,"column":null}},"14":{"start":{"line":62,"column":18},"end":{"line":62,"column":null}},"15":{"start":{"line":57,"column":16},"end":{"line":57,"column":null}},"16":{"start":{"line":58,"column":20},"end":{"line":58,"column":40}},"17":{"start":{"line":58,"column":23},"end":{"line":58,"column":44}},"18":{"start":{"line":58,"column":40},"end":{"line":58,"column":null}},"19":{"start":{"line":59,"column":20},"end":{"line":59,"column":25}},"20":{"start":{"line":59,"column":25},"end":{"line":60,"column":29}},"21":{"start":{"line":60,"column":20},"end":{"line":62,"column":null}},"22":{"start":{"line":63,"column":16},"end":{"line":63,"column":null}},"23":{"start":{"line":60,"column":29},"end":{"line":60,"column":146}},"24":{"start":{"line":4,"column":4},"end":{"line":4,"column":null}},"25":{"start":{"line":5,"column":8},"end":{"line":5,"column":null}},"26":{"start":{"line":6,"column":12},"end":{"line":6,"column":null}},"27":{"start":{"line":7,"column":16},"end":{"line":7,"column":null}},"28":{"start":{"line":8,"column":16},"end":{"line":8,"column":null}},"29":{"start":{"line":9,"column":16},"end":{"line":9,"column":123}},"30":{"start":{"line":9,"column":24},"end":{"line":9,"column":113}},"31":{"start":{"line":9,"column":24},"end":{"line":9,"column":48}},"32":{"start":{"line":9,"column":113},"end":{"line":9,"column":132}},"33":{"start":{"line":9,"column":123},"end":{"line":9,"column":null}},"34":{"start":{"line":10,"column":12},"end":{"line":10,"column":null}},"35":{"start":{"line":11,"column":12},"end":{"line":11,"column":null}},"36":{"start":{"line":12,"column":16},"end":{"line":12,"column":null}},"37":{"start":{"line":12,"column":24},"end":{"line":12,"column":100}},"38":{"start":{"line":12,"column":24},"end":{"line":12,"column":46}},"39":{"start":{"line":13,"column":20},"end":{"line":13,"column":null}},"40":{"start":{"line":14,"column":16},"end":{"line":14,"column":null}},"41":{"start":{"line":15,"column":12},"end":{"line":15,"column":null}},"42":{"start":{"line":16,"column":8},"end":{"line":16,"column":null}},"43":{"start":{"line":17,"column":8},"end":{"line":17,"column":null}},"44":{"start":{"line":18,"column":8},"end":{"line":18,"column":null}},"45":{"start":{"line":19,"column":12},"end":{"line":19,"column":null}},"46":{"start":{"line":20,"column":16},"end":{"line":20,"column":42}},"47":{"start":{"line":20,"column":39},"end":{"line":20,"column":57}},"48":{"start":{"line":20,"column":42},"end":{"line":20,"column":61}},"49":{"start":{"line":20,"column":57},"end":{"line":20,"column":62}},"50":{"start":{"line":20,"column":62},"end":{"line":20,"column":96}},"51":{"start":{"line":20,"column":92},"end":{"line":20,"column":null}},"52":{"start":{"line":21,"column":16},"end":{"line":21,"column":42}},"53":{"start":{"line":21,"column":39},"end":{"line":21,"column":56}},"54":{"start":{"line":21,"column":42},"end":{"line":21,"column":60}},"55":{"start":{"line":21,"column":56},"end":{"line":21,"column":61}},"56":{"start":{"line":21,"column":61},"end":{"line":21,"column":79}},"57":{"start":{"line":21,"column":75},"end":{"line":21,"column":null}},"58":{"start":{"line":22,"column":16},"end":{"line":22,"column":43}},"59":{"start":{"line":22,"column":40},"end":{"line":22,"column":50}},"60":{"start":{"line":22,"column":43},"end":{"line":22,"column":54}},"61":{"start":{"line":22,"column":50},"end":{"line":22,"column":55}},"62":{"start":{"line":22,"column":55},"end":{"line":22,"column":73}},"63":{"start":{"line":22,"column":69},"end":{"line":22,"column":null}},"64":{"start":{"line":23,"column":12},"end":{"line":23,"column":null}},"65":{"start":{"line":24,"column":12},"end":{"line":24,"column":null}},"66":{"start":{"line":25,"column":16},"end":{"line":25,"column":70}},"67":{"start":{"line":25,"column":67},"end":{"line":25,"column":76}},"68":{"start":{"line":25,"column":70},"end":{"line":25,"column":80}},"69":{"start":{"line":25,"column":76},"end":{"line":25,"column":84}},"70":{"start":{"line":25,"column":80},"end":{"line":25,"column":null}},"71":{"start":{"line":26,"column":16},"end":{"line":26,"column":null}},"72":{"start":{"line":27,"column":12},"end":{"line":27,"column":null}},"73":{"start":{"line":28,"column":8},"end":{"line":28,"column":null}},"74":{"start":{"line":30,"column":8},"end":{"line":30,"column":null}},"75":{"start":{"line":31,"column":12},"end":{"line":31,"column":null}},"76":{"start":{"line":32,"column":16},"end":{"line":32,"column":null}},"77":{"start":{"line":33,"column":20},"end":{"line":33,"column":26}},"78":{"start":{"line":33,"column":23},"end":{"line":33,"column":32}},"79":{"start":{"line":33,"column":26},"end":{"line":33,"column":36}},"80":{"start":{"line":33,"column":32},"end":{"line":33,"column":40}},"81":{"start":{"line":33,"column":36},"end":{"line":33,"column":44}},"82":{"start":{"line":33,"column":40},"end":{"line":33,"column":null}},"83":{"start":{"line":35,"column":18},"end":{"line":35,"column":null}},"84":{"start":{"line":36,"column":18},"end":{"line":36,"column":null}},"85":{"start":{"line":37,"column":18},"end":{"line":37,"column":null}},"86":{"start":{"line":38,"column":18},"end":{"line":38,"column":null}},"87":{"start":{"line":39,"column":18},"end":{"line":39,"column":null}},"88":{"start":{"line":40,"column":16},"end":{"line":40,"column":null}},"89":{"start":{"line":41,"column":14},"end":{"line":41,"column":null}},"90":{"start":{"line":42,"column":16},"end":{"line":42,"column":126}},"91":{"start":{"line":42,"column":115},"end":{"line":42,"column":135}},"92":{"start":{"line":42,"column":126},"end":{"line":42,"column":null}},"93":{"start":{"line":43,"column":16},"end":{"line":43,"column":71}},"94":{"start":{"line":43,"column":56},"end":{"line":43,"column":75}},"95":{"start":{"line":43,"column":71},"end":{"line":43,"column":null}},"96":{"start":{"line":44,"column":14},"end":{"line":44,"column":null}},"97":{"start":{"line":45,"column":12},"end":{"line":45,"column":null}},"98":{"start":{"line":46,"column":8},"end":{"line":46,"column":null}},"99":{"start":{"line":48,"column":8},"end":{"line":48,"column":null}},"100":{"start":{"line":49,"column":12},"end":{"line":49,"column":null}},"101":{"start":{"line":50,"column":16},"end":{"line":50,"column":155}},"102":{"start":{"line":50,"column":141},"end":{"line":50,"column":164}},"103":{"start":{"line":50,"column":155},"end":{"line":50,"column":null}},"104":{"start":{"line":51,"column":12},"end":{"line":51,"column":null}},"105":{"start":{"line":52,"column":12},"end":{"line":52,"column":null}},"106":{"start":{"line":54,"column":16},"end":{"line":54,"column":31}},"107":{"start":{"line":54,"column":19},"end":{"line":54,"column":35}},"108":{"start":{"line":54,"column":31},"end":{"line":54,"column":null}},"109":{"start":{"line":55,"column":12},"end":{"line":55,"column":null}},"110":{"start":{"line":56,"column":12},"end":{"line":56,"column":null}},"111":{"start":{"line":57,"column":16},"end":{"line":63,"column":null}},"112":{"start":{"line":64,"column":12},"end":{"line":64,"column":null}},"113":{"start":{"line":65,"column":8},"end":{"line":65,"column":null}},"114":{"start":{"line":66,"column":4},"end":{"line":66,"column":null}},"115":{"start":{"line":7,"column":25},"end":{"line":7,"column":51}},"116":{"start":{"line":8,"column":25},"end":{"line":8,"column":54}},"117":{"start":{"line":35,"column":21},"end":{"line":35,"column":76}},"118":{"start":{"line":36,"column":21},"end":{"line":36,"column":76}},"119":{"start":{"line":37,"column":21},"end":{"line":37,"column":76}},"120":{"start":{"line":38,"column":21},"end":{"line":38,"column":76}},"121":{"start":{"line":39,"column":21},"end":{"line":39,"column":76}},"122":{"start":{"line":57,"column":41},"end":{"line":57,"column":83}},"123":{"start":{"line":105,"column":10},"end":{"line":105,"column":null}},"124":{"start":{"line":106,"column":12},"end":{"line":106,"column":null}},"125":{"start":{"line":107,"column":14},"end":{"line":108,"column":99}},"126":{"start":{"line":108,"column":14},"end":{"line":108,"column":104}},"127":{"start":{"line":108,"column":99},"end":{"line":108,"column":113}},"128":{"start":{"line":108,"column":104},"end":{"line":108,"column":null}},"129":{"start":{"line":109,"column":12},"end":{"line":109,"column":null}},"130":{"start":{"line":110,"column":10},"end":{"line":110,"column":null}},"131":{"start":{"line":111,"column":10},"end":{"line":111,"column":null}},"132":{"start":{"line":112,"column":12},"end":{"line":112,"column":null}},"133":{"start":{"line":113,"column":14},"end":{"line":113,"column":111}},"134":{"start":{"line":113,"column":22},"end":{"line":113,"column":100}},"135":{"start":{"line":113,"column":22},"end":{"line":113,"column":44}},"136":{"start":{"line":113,"column":100},"end":{"line":113,"column":120}},"137":{"start":{"line":113,"column":111},"end":{"line":113,"column":null}},"138":{"start":{"line":114,"column":12},"end":{"line":114,"column":null}},"139":{"start":{"line":115,"column":10},"end":{"line":115,"column":null}},"140":{"start":{"line":1,"column":0},"end":{"line":1,"column":null}},"141":{"start":{"line":2,"column":4},"end":{"line":2,"column":null}},"142":{"start":{"line":4,"column":4},"end":{"line":66,"column":null}},"143":{"start":{"line":68,"column":4},"end":{"line":68,"column":null}},"144":{"start":{"line":69,"column":8},"end":{"line":69,"column":null}},"145":{"start":{"line":70,"column":12},"end":{"line":70,"column":null}},"146":{"start":{"line":71,"column":16},"end":{"line":71,"column":null}},"147":{"start":{"line":72,"column":20},"end":{"line":72,"column":58}},"148":{"start":{"line":72,"column":44},"end":{"line":72,"column":63}},"149":{"start":{"line":72,"column":58},"end":{"line":72,"column":null}},"150":{"start":{"line":73,"column":16},"end":{"line":73,"column":null}},"151":{"start":{"line":74,"column":16},"end":{"line":74,"column":null}},"152":{"start":{"line":75,"column":20},"end":{"line":75,"column":null}},"153":{"start":{"line":76,"column":24},"end":{"line":76,"column":43}},"154":{"start":{"line":76,"column":31},"end":{"line":76,"column":51}},"155":{"start":{"line":76,"column":43},"end":{"line":76,"column":null}},"156":{"start":{"line":77,"column":24},"end":{"line":77,"column":null}},"157":{"start":{"line":78,"column":20},"end":{"line":78,"column":null}},"158":{"start":{"line":79,"column":16},"end":{"line":79,"column":null}},"159":{"start":{"line":80,"column":16},"end":{"line":80,"column":null}},"160":{"start":{"line":81,"column":20},"end":{"line":81,"column":128}},"161":{"start":{"line":81,"column":64},"end":{"line":81,"column":114}},"162":{"start":{"line":81,"column":64},"end":{"line":81,"column":89}},"163":{"start":{"line":81,"column":114},"end":{"line":81,"column":137}},"164":{"start":{"line":81,"column":128},"end":{"line":81,"column":null}},"165":{"start":{"line":82,"column":20},"end":{"line":82,"column":121}},"166":{"start":{"line":82,"column":116},"end":{"line":82,"column":130}},"167":{"start":{"line":82,"column":121},"end":{"line":82,"column":null}},"168":{"start":{"line":83,"column":16},"end":{"line":83,"column":null}},"169":{"start":{"line":85,"column":12},"end":{"line":85,"column":null}},"170":{"start":{"line":86,"column":8},"end":{"line":86,"column":null}},"171":{"start":{"line":87,"column":4},"end":{"line":87,"column":null}},"172":{"start":{"line":88,"column":2},"end":{"line":88,"column":null}},"173":{"start":{"line":89,"column":4},"end":{"line":89,"column":null}},"174":{"start":{"line":90,"column":6},"end":{"line":90,"column":null}},"175":{"start":{"line":91,"column":8},"end":{"line":91,"column":null}},"176":{"start":{"line":92,"column":10},"end":{"line":92,"column":null}},"177":{"start":{"line":93,"column":12},"end":{"line":93,"column":47}},"178":{"start":{"line":93,"column":36},"end":{"line":93,"column":52}},"179":{"start":{"line":93,"column":47},"end":{"line":93,"column":null}},"180":{"start":{"line":94,"column":12},"end":{"line":94,"column":91}},"181":{"start":{"line":94,"column":85},"end":{"line":94,"column":98}},"182":{"start":{"line":94,"column":91},"end":{"line":94,"column":105}},"183":{"start":{"line":94,"column":98},"end":{"line":94,"column":114}},"184":{"start":{"line":94,"column":105},"end":{"line":94,"column":null}},"185":{"start":{"line":95,"column":10},"end":{"line":95,"column":null}},"186":{"start":{"line":96,"column":10},"end":{"line":96,"column":null}},"187":{"start":{"line":97,"column":12},"end":{"line":97,"column":null}},"188":{"start":{"line":97,"column":20},"end":{"line":97,"column":101}},"189":{"start":{"line":97,"column":20},"end":{"line":97,"column":39}},"190":{"start":{"line":98,"column":14},"end":{"line":98,"column":37}},"191":{"start":{"line":98,"column":36},"end":{"line":98,"column":46}},"192":{"start":{"line":98,"column":37},"end":{"line":98,"column":null}},"193":{"start":{"line":99,"column":14},"end":{"line":99,"column":37}},"194":{"start":{"line":99,"column":36},"end":{"line":99,"column":46}},"195":{"start":{"line":99,"column":37},"end":{"line":99,"column":null}},"196":{"start":{"line":100,"column":14},"end":{"line":100,"column":37}},"197":{"start":{"line":100,"column":36},"end":{"line":100,"column":46}},"198":{"start":{"line":100,"column":37},"end":{"line":100,"column":null}},"199":{"start":{"line":101,"column":14},"end":{"line":101,"column":37}},"200":{"start":{"line":101,"column":36},"end":{"line":101,"column":46}},"201":{"start":{"line":101,"column":37},"end":{"line":101,"column":null}},"202":{"start":{"line":102,"column":14},"end":{"line":102,"column":37}},"203":{"start":{"line":102,"column":36},"end":{"line":102,"column":46}},"204":{"start":{"line":102,"column":37},"end":{"line":102,"column":null}},"205":{"start":{"line":103,"column":12},
[...]
onymous_6)","decl":{"start":{"line":53,"column":12},"end":{"line":53,"column":19}},"loc":{"start":{"line":53,"column":23},"end":{"line":53,"column":39}}},"7":{"name":"(anonymous_7)","decl":{"start":{"line":58,"column":9},"end":{"line":58,"column":15}},"loc":{"start":{"line":58,"column":42},"end":{"line":71,"column":3}}},"8":{"name":"(anonymous_8)","decl":{"start":{"line":69,"column":12},"end":{"line":69,"column":19}},"loc":{"start":{"line":69,"column":23},"end":{"line":69,"column":39}}},"9":{"name":"(anonymous_9)","decl":{"start":{"line":74,"column":9},"end":{"line":74,"column":18}},"loc":{"start":{"line":74,"column":28},"end":{"line":87,"column":3}}},"10":{"name":"(anonymous_10)","decl":{"start":{"line":85,"column":12},"end":{"line":85,"column":19}},"loc":{"start":{"line":85,"column":23},"end":{"line":85,"column":30}}},"11":{"name":"(anonymous_11)","decl":{"start":{"line":91,"column":10},"end":{"line":91,"column":23}},"loc":{"start":{"line":91,"column":35},"end":{"line":94,"column":3}}},"12":{"name":"OglasiService_Factory","decl":{"start":{"line":10,"column":13},"end":{"line":10,"column":26}},"loc":{"start":{"line":10,"column":13},"end":{"line":10,"column":null}}}},"branchMap":{"0":{"loc":{"start":{"line":20,"column":4},"end":{"line":20,"column":null}},"type":"if","locations":[{"start":{"line":20,"column":4},"end":{"line":20,"column":null}},{"start":{"line":20,"column":4},"end":{"line":20,"column":null}}]},"1":{"loc":{"start":{"line":93,"column":26},"end":{"line":93,"column":40}},"type":"binary-expr","locations":[{"start":{"line":93,"column":26},"end":{"line":93,"column":40}},{"start":{"line":93,"column":44},"end":{"line":93,"column":50}}]},"2":{"loc":{"start":{"line":10,"column":13},"end":{"line":10,"column":26}},"type":"binary-expr","locations":[{"start":{"line":10,"column":13},"end":{"line":10,"column":26}},{"start":{"line":10,"column":13},"end":{"line":10,"column":26}}]}},"s":{"0":67,"1":67,"2":67,"3":71,"4":71,"5":0,"6":71,"7":71,"8":71,"9":15,"10":15,"11":15,"12":15,"13":6,"14":6,"15":6,"16":6,"17":4,"18":1,"19":1,"20":1,"21":1,"22":1,"23":2,"24":2,"25":2,"26":2,"27":2,"28":2,"29":2,"30":149,"31":82},"f":{"0":67,"1":71,"2":71,"3":15,"4":15,"5":6,"6":4,"7":1,"8":1,"9":2,"10":2,"11":2,"12":67},"b":{"0":[0,71],"1":[2,0],"2":[67,67]}}
,"C:\\Users\\Gašper\\WebstormProjects\\LP234-13\\src\\app_public\\src\\app\\services\\user.service.ts": {"path":"C:\\Users\\Gašper\\WebstormProjects\\LP234-13\\src\\app_public\\src\\app\\services\\user.service.ts","statementMap":{"0":{"start":{"line":17,"column":22},"end":{"line":17,"column":37}},"1":{"start":{"line":17,"column":47},"end":{"line":17,"column":80}},"2":{"start":{"line":15,"column":10},"end":{"line":15,"column":null}},"3":{"start":{"line":20,"column":24},"end":{"line":20,"column":44}},"4":{"start":{"line":21,"column":4},"end":{"line":21,"column":null}},"5":{"start":{"line":22,"column":4},"end":{"line":26,"column":null}},"6":{"start":{"line":25,"column":23},"end":{"line":25,"column":44}},"7":{"start":{"line":30,"column":24},"end":{"line":30,"column":35}},"8":{"start":{"line":31,"column":4},"end":{"line":31,"column":null}},"9":{"start":{"line":32,"column":4},"end":{"line":36,"column":null}},"10":{"start":{"line":35,"column":23},"end":{"line":35,"column":40}},"11":{"start":{"line":40,"column":24},"end":{"line":40,"column":67}},"12":{"start":{"line":41,"column":4},"end":{"line":41,"column":null}},"13":{"start":{"line":43,"column":24},"end":{"line":47,"column":6}},"14":{"start":{"line":49,"column":4},"end":{"line":53,"column":null}},"15":{"start":{"line":52,"column":23},"end":{"line":52,"column":41}},"16":{"start":{"line":58,"column":24},"end":{"line":58,"column":66}},"17":{"start":{"line":59,"column":24},"end":{"line":63,"column":6}},"18":{"start":{"line":64,"column":4},"end":{"line":64,"column":null}},"19":{"start":{"line":65,"column":4},"end":{"line":69,"column":null}},"20":{"start":{"line":68,"column":23},"end":{"line":68,"column":38}},"21":{"start":{"line":73,"column":24},"end":{"line":73,"column":99}},"22":{"start":{"line":74,"column":24},"end":{"line":78,"column":6}},"23":{"start":{"line":80,"column":4},"end":{"line":80,"column":null}},"24":{"start":{"line":81,"column":6},"end":{"line":85,"column":null}},"25":{"start":{"line":84,"column":25},"end":{"line":84,"column":40}},"26":{"start":{"line":89,"column":24},"end":{"line":89,"column":67}},"27":{"start":{"line":90,"column":24},"end":{"line":94,"column":6}},"28":{"start":{"line":95,"column":4},"end":{"line":95,"column":null}},"29":{"start":{"line":96,"column":4},"end":{"line":100,"column":null}},"30":{"start":{"line":99,"column":23},"end":{"line":99,"column":43}},"31":{"start":{"line":104,"column":24},"end":{"line":104,"column":50}},"32":{"start":{"line":105,"column":4},"end":{"line":105,"column":null}},"33":{"start":{"line":107,"column":24},"end":{"line":111,"column":6}},"34":{"start":{"line":113,"column":4},"end":{"line":117,"column":null}},"35":{"start":{"line":116,"column":23},"end":{"line":116,"column":54}},"36":{"start":{"line":121,"column":24},"end":{"line":121,"column":62}},"37":{"start":{"line":122,"column":4},"end":{"line":122,"column":null}},"38":{"start":{"line":124,"column":24},"end":{"line":128,"column":6}},"39":{"start":{"line":129,"column":4},"end":{"line":133,"column":null}},"40":{"start":{"line":132,"column":23},"end":{"line":132,"column":38}},"41":{"start":{"line":137,"column":24},"end":{"line":137,"column":66}},"42":{"start":{"line":138,"column":4},"end":{"line":138,"column":null}},"43":{"start":{"line":139,"column":4},"end":{"line":139,"column":null}},"44":{"start":{"line":141,"column":24},"end":{"line":145,"column":6}},"45":{"start":{"line":146,"column":4},"end":{"line":150,"column":null}},"46":{"start":{"line":149,"column":23},"end":{"line":149,"column":54}},"47":{"start":{"line":154,"column":24},"end":{"line":154,"column":66}},"48":{"start":{"line":155,"column":4},"end":{"line":155,"column":null}},"49":{"start":{"line":156,"column":4},"end":{"line":156,"column":null}},"50":{"start":{"line":157,"column":24},"end":{"line":161,"column":6}},"51":{"start":{"line":162,"column":4},"end":{"line":166,"column":null}},"52":{"start":{"line":165,"column":23},"end":{"line":165,"column":54}},"53":{"start":{"line":171,"column":4},"end":{"line":171,"column":49}},"54":{"start":{"line":172,"column":4},"end":{"line":172,"column":52}},"55":{"start":{"line":13,"column":13},"end":{"line":13,"column":null}},"56":{"start":{"line":13,"column":13},"end":{"line":11,"column":null}}},"fnMap":{"0":{"name":"(anonymous_0)","decl":{"start":{"line":17,"column":2},"end":{"line":17,"column":22}},"loc":{"start":{"line":17,"column":80},"end":{"line":17,"column":85}}},"1":{"name":"(anonymous_1)","decl":{"start":{"line":19,"column":9},"end":{"line":19,"column":15}},"loc":{"start":{"line":19,"column":25},"end":{"line":27,"column":3}}},"2":{"name":"(anonymous_2)","decl":{"start":{"line":25,"column":12},"end":{"line":25,"column":19}},"loc":{"start":{"line":25,"column":23},"end":{"line":25,"column":44}}},"3":{"name":"(anonymous_3)","decl":{"start":{"line":29,"column":9},"end":{"line":29,"column":15}},"loc":{"start":{"line":29,"column":15},"end":{"line":37,"column":3}}},"4":{"name":"(anonymous_4)","decl":{"start":{"line":35,"column":12},"end":{"line":35,"column":19}},"loc":{"start":{"line":35,"column":23},"end":{"line":35,"column":40}}},"5":{"name":"(anonymous_5)","decl":{"start":{"line":39,"column":9},"end":{"line":39,"column":25}},"loc":{"start":{"line":39,"column":40},"end":{"line":54,"column":3}}},"6":{"name":"(anonymous_6)","decl":{"start":{"line":52,"column":12},"end":{"line":52,"column":19}},"loc":{"start":{"line":52,"column":23},"end":{"line":52,"column":41}}},"7":{"name":"(anonymous_7)","decl":{"start":{"line":57,"column":9},"end":{"line":57,"column":22}},"loc":{"start":{"line":57,"column":50},"end":{"line":70,"column":3}}},"8":{"name":"(anonymous_8)","decl":{"start":{"line":68,"column":12},"end":{"line":68,"column":19}},"loc":{"start":{"line":68,"column":23},"end":{"line":68,"column":38}}},"9":{"name":"(anonymous_9)","decl":{"start":{"line":72,"column":9},"end":{"line":72,"column":22}},"loc":{"start":{"line":72,"column":56},"end":{"line":86,"column":5}}},"10":{"name":"(anonymous_10)","decl":{"start":{"line":84,"column":14},"end":{"line":84,"column":21}},"loc":{"start":{"line":84,"column":25},"end":{"line":84,"column":40}}},"11":{"name":"(anonymous_11)","decl":{"start":{"line":88,"column":9},"end":{"line":88,"column":20}},"loc":{"start":{"line":88,"column":35},"end":{"line":101,"column":3}}},"12":{"name":"(anonymous_12)","decl":{"start":{"line":99,"column":12},"end":{"line":99,"column":19}},"loc":{"start":{"line":99,"column":23},"end":{"line":99,"column":43}}},"13":{"name":"(anonymous_13)","decl":{"start":{"line":103,"column":9},"end":{"line":103,"column":17}},"loc":{"start":{"line":103,"column":47},"end":{"line":118,"column":3}}},"14":{"name":"(anonymous_14)","decl":{"start":{"line":116,"column":12},"end":{"line":116,"column":19}},"loc":{"start":{"line":116,"column":23},"end":{"line":116,"column":54}}},"15":{"name":"(anonymous_15)","decl":{"start":{"line":120,"column":9},"end":{"line":120,"column":19}},"loc":{"start":{"line":120,"column":49},"end":{"line":134,"column":3}}},"16":{"name":"(anonymous_16)","decl":{"start":{"line":132,"column":12},"end":{"line":132,"column":19}},"loc":{"start":{"line":132,"column":23},"end":{"line":132,"column":38}}},"17":{"name":"(anonymous_17)","decl":{"start":{"line":136,"column":9},"end":{"line":136,"column":19}},"loc":{"start":{"line":136,"column":34},"end":{"line":151,"column":3}}},"18":{"name":"(anonymous_18)","decl":{"start":{"line":149,"column":12},"end":{"line":149,"column":19}},"loc":{"start":{"line":149,"column":23},"end":{"line":149,"column":54}}},"19":{"name":"(anonymous_19)","decl":{"start":{"line":153,"column":9},"end":{"line":153,"column":22}},"loc":{"start":{"line":153,"column":37},"end":{"line":167,"column":3}}},"20":{"name":"(anonymous_20)","decl":{"start":{"line":165,"column":12},"end":{"line":165,"column":19}},"loc":{"start":{"line":165,"column":23},"end":{"line":165,"column":54}}},"21":{"name":"(anonymous_21)","decl":{"start":{"line":170,"column":10},"end":{"line":170,"column":23}},"loc":{"start":{"line":170,"column":35},"end":{"line":173,"column":3}}},"22":{"name":"UserService_Factory","decl":{"start":{"line":13,"column":13},"end":{"line":13,"column":24}},"loc":{"start":{"line":13,"column":13},"end":{"line":13,"column":null}}}},"branchMap":{"0":{"loc":{"start":{"line":172,"column":26},"end":{"line":172,"column":40}},"type":"binary-expr","locations":[{"start":{"line":172,"column":26},"end":{"line":172,"column":40}},{"start":{"line":172,"column":44},"end":{"line":172,"column":50}}]},"1":{"loc":{"start":{"line":13,"column":13},"end":{"line":13,"column":24}},"type":"binary-expr","locations":[{"start":{"line":13,"column":13},"end":{"line":13,"column":24}},{"start":{"line":13,"column":13},"end":{"line":13,"column":24}}]}},"s":{"0":63,"1":63,"2":63,"3":32,"4":32,"5":32,"6":32,"7":0,"8":0,"9":0,"10":0,"11":2,"12":2,"13":2,"14":2,"15":2,"16":1,"17":1,"18":1,"19":1,"20":1,"21":1,"22":1,"23":1,"24":1,"25":1,"26":5,"27":5,"28":5,"29":5,"30":5,"31":0,"32":0,"33":0,"34":0,"35":0,"36":1,"37":1,"38":1,"39":1,"40":0,"41":2,"42":2,"43":2,"44":2,"45":2,"46":2,"47":2,"48":2,"49":2,"50":2,"51":2,"52":2,"53":0,"54":0,"55":145,"56":82},"f":{"0":63,"1":32,"2":32,"3":0,"4":0,"5":2,"6":2,"7":1,"8":1,"9":1,"10":1,"11":5,"12":5,"13":0,"14":0,"15":1,"16":0,"17":2,"18":2,"19":2,"20":2,"21":0,"22":63},"b":{"0":[0,0],"1":[63,63]}}
,"C:/Users/Gašper/WebstormProjects/LP234-13/src/app_public/src/environments/environment.prod.ts": {"path":"C:/Users/Gašper/WebstormProjects/LP234-13/src/app_public/src/environments/environment.prod.ts","statementMap":{},"fnMap":{},"branchMap":{},"s":{},"f":{},"b":{}}
,"C:\\Users\\Gašper\\WebstormProjects\\LP234-13\\src\\app_public\\src\\environments\\environment.ts": {"path":"C:\\Users\\Gašper\\WebstormProjects\\LP234-13\\src\\app_public\\src\\environments\\environment.ts","statementMap":{"0":{"start":{"line":5,"column":27},"end":{"line":8,"column":2}}},"fnMap":{},"branchMap":{},"s":{"0":82},"f":{},"b":{}}
,"C:/Users/Gašper/WebstormProjects/LP234-13/src/app_public/src/instrumented/main.ts": {"path":"C:/Users/Gašper/WebstormProjects/LP234-13/src/app_public/src/instrumented/main.ts","statementMap":{},"fnMap":{},"branchMap":{},"s":{},"f":{},"b":{}}
,"C:/Users/Gašper/WebstormProjects/LP234-13/src/app_public/src/instrumented/polyfills.ts": {"path":"C:/Users/Gašper/WebstormProjects/LP234-13/src/app_public/src/instrumented/polyfills.ts","statementMap":{},"fnMap":{},"branchMap":{},"s":{},"f":{},"b":{}}
,"C:/Users/Gašper/WebstormProjects/LP234-13/src/app_public/src/instrumented/app/app.module.ts": {"path":"C:/Users/Gašper/WebstormProjects/LP234-13/src/app_public/src/instrumented/app/app.module.ts","statementMap":{},"fnMap":{},"branchMap":{},"s":{},"f":{},"b":{}}
,"C:/Users/Gašper/WebstormProjects/LP234-13/src/app_public/src/instrumented/app/Classes/authenticationResult.ts": {"path":"C:/Users/Gašper/WebstormProjects/LP234-13/src/app_public/src/instrumented/app/Classes/authenticationResult.ts","statementMap":{},"fnMap":{},"branchMap":{},"s":{},"f":{},"b":{}}
,"C:/Users/Gašper/WebstormProjects/LP234-13/src/app_public/src/instrumented/app/Classes/storage.ts": {"path":"C:/Users/Gašper/WebstormProjects/LP234-13/src/app_public/src/instrumented/app/Classes/storage.ts","statementMap":{},"fnMap":{},"branchMap":{},"s":{},"f":{},"b":{}}
,"C:/Users/Gašper/WebstormProjects/LP234-13/src/app_public/src/instrumented/app/Models/Comment.ts": {"path":"C:/Users/Gašper/WebstormProjects/LP234-13/src/app_public/src/instrumented/app/Models/Comment.ts","statementMap":{},"fnMap":{},"branchMap":{},"s":{},"f":{},"b":{}}
,"C:/Users/Gašper/WebstormProjects/LP234-13/src/app_public/src/instrumented/app/Models/Oglas.ts": {"path":"C:/Users/Gašper/WebstormProjects/LP234-13/src/app_public/src/instrumented/app/Models/Oglas.ts","statementMap":{},"fnMap":{},"branchMap":{},"s":{},"f":{},"b":{}}
,"C:/Users/Gašper/WebstormProjects/LP234-13/src/app_public/src/instrumented/app/Models/User.ts": {"path":"C:/Users/Gašper/WebstormProjects/LP234-13/src/app_public/src/instrumented/app/Models/User.ts","statementMap":{},"fnMap":{},"branchMap":{},"s":{},"f":{},"b":{}}
,"C:/Users/Gašper/WebstormProjects/LP234-13/src/app_public/src/instrumented/app/components/home-page/home-page.component.ts": {"path":"C:/Users/Gašper/WebstormProjects/LP234-13/src/app_public/src/instrumented/app/components/home-page/home-page.component.ts","statementMap":{},"fnMap":{},"branchMap":{},"s":{},"f":{},"b":{}}
,"C:/Users/Gašper/WebstormProjects/LP234-13/src/app_public/src/instrumented/app/components/komentar/komentar.component.ts": {"path":"C:/Users/Gašper/WebstormProjects/LP234-13/src/app_public/src/instrumented/app/components/komentar/komentar.component.ts","statementMap":{},"fnMap":{},"branchMap":{},"s":{},"f":{},"b":{}}
,"C:/Users/Gašper/WebstormProjects/LP234-13/src/app_public/src/instrumented/app/components/navbar/navbar.component.ts": {"path":"C:/Users/Gašper/WebstormProjects/LP234-13/src/app_public/src/instrumented/app/components/navbar/navbar.component.ts","statementMap":{},"fnMap":{},"branchMap":{},"s":{},"f":{},"b":{}}
,"C:/Users/Gašper/WebstormProjects/LP234-13/src/app_public/src/instrumented/app/components/ogled-oglasa/ogled-oglasa.component.ts": {"path":"C:/Users/Gašper/WebstormProjects/LP234-13/src/app_public/src/instrumented/app/components/ogled-oglasa/ogled-oglasa.component.ts","statementMap":{},"fnMap":{},"branchMap":{},"s":{},"f":{},"b":{}}
,"C:/Users/Gašper/WebstormProjects/LP234-13/src/app_public/src/instrumented/app/components/ogled-profila/ogled-profila.component.ts": {"path":"C:/Users/Gašper/WebstormProjects/LP234-13/src/app_public/src/instrumented/app/components/ogled-profila/ogled-profila.component.ts","statementMap":{},"fnMap":{},"branchMap":{},"s":{},"f":{},"b":{}}
,"C:/Users/Gašper/WebstormProjects/LP234-13/src/app_public/src/instrumented/app/components/ogrodje/ogrodje.component.ts": {"path":"C:/Users/Gašper/WebstormProjects/LP234-13/src/app_public/src/instrumented/app/components/ogrodje/ogrodje.component.ts","statementMap":{},"fnMap":{},"branchMap":{},"s":{},"f":{},"b":{}}
,"C:/Users/Gašper/WebstormProjects/LP234-13/src/app_public/src/instrumented/app/components/profil-uporabnika/profil-uporabnika.component.ts": {"path":"C:/Users/Gašper/WebstormProjects/LP234-13/src/app_public/src/instrumented/app/components/profil-uporabnika/profil-uporabnika.component.ts","statementMap":{},"fnMap":{},"branchMap":{},"s":{},"f":{},"b":{}}
,"C:/Users/Gašper/WebstormProjects/LP234-13/src/app_public/src/instrumented/app/components/registracija/registracija.component.ts": {"path":"C:/Users/Gašper/WebstormProjects/LP234-13/src/app_public/src/instrumented/app/components/registracija/registracija.component.ts","statementMap":{},"fnMap":{},"branchMap":{},"s":{},"f":{},"b":{}}
,"C:/Users/Gašper/WebstormProjects/LP234-13/src/app_public/src/instrumented/app/components/urejanje-profila/urejanje-profila.component.ts": {"path":"C:/Users/Gašper/WebstormProjects/LP234-13/src/app_public/src/instrumented/app/components/urejanje-profila/urejanje-profila.component.ts","statementMap":{},"fnMap":{},"branchMap":{},"s":{},"f":{},"b":{}}
,"C:/Users/Gašper/WebstormProjects/LP234-13/src/app_public/src/instrumented/app/components/vsi-oglasi/vsi-oglasi.component.ts": {"path":"C:/Users/Gašper/WebstormProjects/LP234-13/src/app_public/src/instrumented/app/components/vsi-oglasi/vsi-oglasi.component.ts","statementMap":{},"fnMap":{},"branchMap":{},"s":{},"f":{},"b":{}}
,"C:/Users/Gašper/WebstormProjects/LP234-13/src/app_public/src/instrumented/app/components/vsi-oglasi/oglas/oglas.component.ts": {"path":"C:/Users/Gašper/WebstormProjects/LP234-13/src/app_public/src/instrumented/app/components/vsi-oglasi/oglas/oglas.component.ts","statementMap":{},"fnMap":{},"branchMap":{},"s":{},"f":{},"b":{}}
,"C:/Users/Gašper/WebstormProjects/LP234-13/src/app_public/src/instrumented/app/pipes/invert.pipe.ts": {"path":"C:/Users/Gašper/WebstormProjects/LP234-13/src/app_public/src/instrumented/app/pipes/invert.pipe.ts","statementMap":{},"fnMap":{},"branchMap":{},"s":{},"f":{},"b":{}}
,"C:/Users/Gašper/WebstormProjects/LP234-13/src/app_public/src/instrumented/app/services/app-data.service.ts": {"path":"C:/Users/Gašper/WebstormProjects/LP234-13/src/app_public/src/instrumented/app/services/app-data.service.ts","statementMap":{},"fnMap":{},"branchMap":{},"s":{},"f":{},"b":{}}
,"C:/Users/Gašper/WebstormProjects/LP234-13/src/app_public/src/instrumented/app/services/authentication.service.ts": {"path":"C:/Users/Gašper/WebstormProjects/LP234-13/src/app_public/src/instrumented/app/services/authentication.service.ts","statementMap":{},"fnMap":{},"branchMap":{},"s":{},"f":{},"b":{}}
,"C:/Users/Gašper/WebstormProjects/LP234-13/src/app_public/src/instrumented/app/services/oglasi.service.ts": {"path":"C:/Users/Gašper/WebstormProjects/LP234-13/src/app_public/src/instrumented/app/services/oglasi.service.ts","statementMap":{},"fnMap":{},"branchMap":{},"s":{},"f":{},"b":{}}
,"C:/Users/Gašper/WebstormProjects/LP234-13/src/app_public/src/instrumented/app/services/user.service.ts": {"path":"C:/Users/Gašper/WebstormProjects/LP234-13/src/app_public/src/instrumented/app/services/user.service.ts","statementMap":{},"fnMap":{},"branchMap":{},"s":{},"f":{},"b":{}}
,"C:/Users/Gašper/WebstormProjects/LP234-13/src/app_public/src/instrumented/environments/environment.prod.ts": {"path":"C:/Users/Gašper/WebstormProjects/LP234-13/src/app_public/src/instrumented/environments/environment.prod.ts","statementMap":{},"fnMap":{},"branchMap":{},"s":{},"f":{},"b":{}}
,"C:/Users/Gašper/WebstormProjects/LP234-13/src/app_public/src/instrumented/environments/environment.ts": {"path":"C:/Users/Gašper/WebstormProjects/LP234-13/src/app_public/src/instrumented/environments/environment.ts","statementMap":{},"fnMap":{},"branchMap":{},"s":{},"f":{},"b":{}}
}
