TN:
SF:karma.conf.js
FNF:0
FNH:0
LF:0
LH:0
BRF:0
BRH:0
end_of_record
TN:
SF:coverage\lcov-report\block-navigation.js
FNF:0
FNH:0
LF:0
LH:0
BRF:0
BRH:0
end_of_record
TN:
SF:coverage\lcov-report\prettify.js
FNF:0
FNH:0
LF:0
LH:0
BRF:0
BRH:0
end_of_record
TN:
SF:coverage\lcov-report\sorter.js
FNF:0
FNH:0
LF:0
LH:0
BRF:0
BRH:0
end_of_record
TN:
SF:cypress\coverage.webpack.js
FNF:0
FNH:0
LF:0
LH:0
BRF:0
BRH:0
end_of_record
TN:
SF:cypress\integration\spec.ts
FNF:0
FNH:0
LF:0
LH:0
BRF:0
BRH:0
end_of_record
TN:
SF:cypress\plugins\cy-ts-preprocessor.js
FNF:0
FNH:0
LF:0
LH:0
BRF:0
BRH:0
end_of_record
TN:
SF:cypress\plugins\index.js
FNF:0
FNH:0
LF:0
LH:0
BRF:0
BRH:0
end_of_record
TN:
SF:cypress\support\commands.ts
FNF:0
FNH:0
LF:0
LH:0
BRF:0
BRH:0
end_of_record
TN:
SF:cypress\support\index.ts
FNF:0
FNH:0
LF:0
LH:0
BRF:0
BRH:0
end_of_record
TN:
SF:instrumented\main.ts
FNF:0
FNH:0
LF:0
LH:0
BRF:0
BRH:0
end_of_record
TN:
SF:instrumented\polyfills.ts
FNF:0
FNH:0
LF:0
LH:0
BRF:0
BRH:0
end_of_record
TN:
SF:instrumented\app\app.module.ts
FNF:0
FNH:0
LF:0
LH:0
BRF:0
BRH:0
end_of_record
TN:
SF:instrumented\app\Classes\authenticationResult.ts
FNF:0
FNH:0
LF:0
LH:0
BRF:0
BRH:0
end_of_record
TN:
SF:instrumented\app\Classes\storage.ts
FNF:0
FNH:0
LF:0
LH:0
BRF:0
BRH:0
end_of_record
TN:
SF:instrumented\app\Models\Comment.ts
FNF:0
FNH:0
LF:0
LH:0
BRF:0
BRH:0
end_of_record
TN:
SF:instrumented\app\Models\Oglas.ts
FNF:0
FNH:0
LF:0
LH:0
BRF:0
BRH:0
end_of_record
TN:
SF:instrumented\app\Models\User.ts
FNF:0
FNH:0
LF:0
LH:0
BRF:0
BRH:0
end_of_record
TN:
SF:instrumented\app\components\home-page\home-page.component.ts
FNF:0
FNH:0
LF:0
LH:0
BRF:0
BRH:0
end_of_record
TN:
SF:instrumented\app\components\komentar\komentar.component.ts
FNF:0
FNH:0
LF:0
LH:0
BRF:0
BRH:0
end_of_record
TN:
SF:instrumented\app\components\navbar\navbar.component.ts
FNF:0
FNH:0
LF:0
LH:0
BRF:0
BRH:0
end_of_record
TN:
SF:instrumented\app\components\ogled-oglasa\ogled-oglasa.component.ts
FNF:0
FNH:0
LF:0
LH:0
BRF:0
BRH:0
end_of_record
TN:
SF:instrumented\app\components\ogled-profila\ogled-profila.component.ts
FNF:0
FNH:0
LF:0
LH:0
BRF:0
BRH:0
end_of_record
TN:
SF:instrumented\app\components\ogrodje\ogrodje.component.ts
FNF:0
FNH:0
LF:0
LH:0
BRF:0
BRH:0
end_of_record
TN:
SF:instrumented\app\components\profil-uporabnika\profil-uporabnika.component.ts
FNF:0
FNH:0
LF:0
LH:0
BRF:0
BRH:0
end_of_record
TN:
SF:instrumented\app\components\registracija\registracija.component.ts
FNF:0
FNH:0
LF:0
LH:0
BRF:0
BRH:0
end_of_record
TN:
SF:instrumented\app\components\urejanje-profila\urejanje-profila.component.ts
FNF:0
FNH:0
LF:0
LH:0
BRF:0
BRH:0
end_of_record
TN:
SF:instrumented\app\components\vsi-oglasi\vsi-oglasi.component.ts
FNF:0
FNH:0
LF:0
LH:0
BRF:0
BRH:0
end_of_record
TN:
SF:instrumented\app\components\vsi-oglasi\oglas\oglas.component.ts
FNF:0
FNH:0
LF:0
LH:0
BRF:0
BRH:0
end_of_record
TN:
SF:instrumented\app\pipes\invert.pipe.ts
FNF:0
FNH:0
LF:0
LH:0
BRF:0
BRH:0
end_of_record
TN:
SF:instrumented\app\services\app-data.service.ts
FNF:0
FNH:0
LF:0
LH:0
BRF:0
BRH:0
end_of_record
TN:
SF:instrumented\app\services\authentication.service.ts
FNF:0
FNH:0
LF:0
LH:0
BRF:0
BRH:0
end_of_record
TN:
SF:instrumented\app\services\oglasi.service.ts
FNF:0
FNH:0
LF:0
LH:0
BRF:0
BRH:0
end_of_record
TN:
SF:instrumented\environments\environment.prod.ts
FNF:0
FNH:0
LF:0
LH:0
BRF:0
BRH:0
end_of_record
TN:
SF:instrumented\environments\environment.ts
FNF:0
FNH:0
LF:0
LH:0
BRF:0
BRH:0
end_of_record
TN:
SF:src\main.ts
FN:12,(anonymous_0)
FNF:1
FNH:0
FNDA:0,(anonymous_0)
DA:7,79
DA:8,0
DA:11,79
DA:12,0
LF:4
LH:2
BRDA:7,0,0,0
BRDA:7,0,1,79
BRF:2
BRH:1
end_of_record
TN:
SF:src\test.ts
FNF:0
FNH:0
LF:0
LH:0
BRF:0
BRH:0
end_of_record
TN:
SF:src\app\app.module.ts
FN:78,AppModule_Factory
FNF:1
FNH:1
FNDA:158,AppModule_Factory
DA:75,79
DA:78,158
LF:2
LH:2
BRDA:78,0,0,79
BRDA:78,0,1,79
BRDA:78,1,0,79
BRDA:78,1,1,0
BRDA:78,1,2,79
BRF:5
BRH:4
end_of_record
TN:
SF:src\app\Classes\authenticationResult.ts
FNF:0
FNH:0
LF:0
LH:0
BRF:0
BRH:0
end_of_record
TN:
SF:src\app\Classes\storage.ts
FN:7,(anonymous_0)
FNF:1
FNH:1
FNDA:79,(anonymous_0)
DA:3,79
DA:7,79
LF:2
LH:2
BRF:0
BRH:0
end_of_record
TN:
SF:src\app\Models\User.ts
FNF:0
FNH:0
LF:0
LH:0
BRF:0
BRH:0
end_of_record
TN:
SF:src\app\components\hitri-kontakti\hitri-kontakti.component.html
FN:5,HitriKontaktiComponent_Template_button_click_3_listener
FNF:1
FNH:0
FNDA:0,HitriKontaktiComponent_Template_button_click_3_listener
DA:1,7
DA:3,7
DA:4,7
DA:5,7
DA:6,7
DA:7,7
DA:8,7
DA:9,7
DA:10,100
DA:11,7
DA:13,7
LF:11
LH:11
BRF:0
BRH:0
end_of_record
TN:
SF:src\app\components\hitri-kontakti\hitri-kontakti.component.ts
FN:14,(anonymous_1)
FN:19,(anonymous_2)
FN:26,(anonymous_3)
FN:30,(anonymous_4)
FN:12,HitriKontaktiComponent_Factory
FNF:5
FNH:4
FNDA:7,(anonymous_1)
FNDA:7,(anonymous_2)
FNDA:7,(anonymous_3)
FNDA:0,(anonymous_4)
FNDA:7,HitriKontaktiComponent_Factory
DA:12,86
DA:14,7
DA:20,7
DA:21,7
DA:22,7
DA:27,7
DA:31,0
LF:7
LH:6
BRDA:12,0,0,7
BRDA:12,0,1,7
BRF:2
BRH:2
end_of_record
TN:
SF:src\app\components\hitri-kontakti\kontakt\kontakt.component.html
FN:4,KontaktComponent_div_0_Template_button_click_3_listener
FNF:1
FNH:1
FNDA:1,KontaktComponent_div_0_Template_button_click_3_listener
DA:1,42
DA:2,3
DA:3,3
DA:4,3
DA:5,87
DA:6,3
DA:7,3
DA:8,3
LF:8
LH:8
BRF:0
BRH:0
end_of_record
TN:
SF:src\app\components\hitri-kontakti\kontakt\kontakt.component.ts
FN:14,(anonymous_2)
FN:20,(anonymous_3)
FN:28,(anonymous_4)
FN:29,(anonymous_5)
FN:33,(anonymous_6)
FN:39,(anonymous_7)
FN:12,KontaktComponent_Factory
FNF:7
FNH:6
FNDA:3,(anonymous_2)
FNDA:3,(anonymous_3)
FNDA:3,(anonymous_4)
FNDA:3,(anonymous_5)
FNDA:0,(anonymous_6)
FNDA:1,(anonymous_7)
FNDA:3,KontaktComponent_Factory
DA:12,82
DA:14,3
DA:21,3
DA:29,3
DA:30,3
DA:31,3
DA:32,3
DA:34,0
DA:35,0
DA:40,1
LF:10
LH:8
BRDA:12,0,0,3
BRDA:12,0,1,3
BRF:2
BRH:2
end_of_record
TN:
SF:src\app\components\home-page\home-page.component.html
FN:17,HomePageComponent_Template_button_click_17_listener
FNF:1
FNH:1
FNDA:50,HomePageComponent_Template_button_click_17_listener
DA:1,64
DA:2,64
DA:3,64
DA:6,64
DA:7,64
DA:8,64
DA:9,64
DA:10,64
DA:11,64
DA:12,64
DA:13,64
DA:14,64
DA:15,64
DA:16,64
DA:17,64
DA:18,64
DA:19,64
DA:20,64
DA:21,64
DA:22,64
DA:24,64
DA:25,64
LF:22
LH:22
BRF:0
BRH:0
end_of_record
TN:
SF:src\app\components\home-page\home-page.component.ts
FN:17,(anonymous_0)
FN:22,(anonymous_1)
FN:28,(anonymous_2)
FN:33,(anonymous_3)
FN:35,(anonymous_4)
FN:12,HomePageComponent_Factory
FNF:6
FNH:6
FNDA:64,(anonymous_0)
FNDA:64,(anonymous_1)
FNDA:50,(anonymous_2)
FNDA:48,(anonymous_3)
FNDA:2,(anonymous_4)
FNDA:64,HomePageComponent_Factory
DA:12,143
DA:17,64
DA:29,50
DA:30,50
DA:31,50
DA:32,50
DA:33,50
DA:34,48
DA:36,2
LF:9
LH:9
BRDA:12,0,0,64
BRDA:12,0,1,64
BRF:2
BRH:2
end_of_record
TN:
SF:src\app\components\komentar\komentar.component.html
FNF:0
FNH:0
DA:1,0
LF:1
LH:0
BRF:0
BRH:0
end_of_record
TN:
SF:src\app\components\komentar\komentar.component.ts
FN:12,(anonymous_0)
FN:14,(anonymous_1)
FN:9,KomentarComponent_Factory
FNF:3
FNH:0
FNDA:0,(anonymous_0)
FNDA:0,(anonymous_1)
FNDA:0,KomentarComponent_Factory
DA:9,79
DA:15,0
DA:16,0
DA:18,0
LF:4
LH:1
BRDA:15,0,0,0
BRDA:15,0,1,0
BRDA:9,1,0,0
BRDA:9,1,1,0
BRF:4
BRH:0
end_of_record
TN:
SF:src\app\components\navbar\navbar.component.html
FN:9,NavbarComponent_button_8_Template_button_click_0_listener
FN:2,NavbarComponent_Template_h3_click_1_listener
FNF:2
FNH:0
FNDA:0,NavbarComponent_button_8_Template_button_click_0_listener
FNDA:0,NavbarComponent_Template_h3_click_1_listener
DA:1,123
DA:2,123
DA:3,123
DA:5,123
DA:6,123
DA:7,123
DA:8,123
DA:9,4172
DA:10,123
DA:11,123
LF:10
LH:10
BRF:0
BRH:0
end_of_record
TN:
SF:src\app\components\navbar\navbar.component.ts
FN:12,(anonymous_2)
FN:14,(anonymous_3)
FN:17,(anonymous_4)
FN:22,(anonymous_5)
FN:26,(anonymous_6)
FN:10,NavbarComponent_Factory
FNF:6
FNH:4
FNDA:123,(anonymous_2)
FNDA:123,(anonymous_3)
FNDA:0,(anonymous_4)
FNDA:2086,(anonymous_5)
FNDA:0,(anonymous_6)
FNDA:123,NavbarComponent_Factory
DA:10,202
DA:12,123
DA:18,0
DA:19,0
DA:23,2086
DA:27,0
LF:6
LH:3
BRDA:10,0,0,123
BRDA:10,0,1,123
BRF:2
BRH:2
end_of_record
TN:
SF:src\app\components\oglasi-profila\oglasi-profila.component.html
FN:5,OglasiProfilaComponent_Template_button_click_4_listener
FNF:1
FNH:0
FNDA:0,OglasiProfilaComponent_Template_button_click_4_listener
DA:1,2
DA:2,2
DA:3,2
DA:4,2
DA:5,2
DA:6,2
DA:7,2
DA:8,56
DA:9,16
DA:10,2
DA:11,2
DA:12,2
DA:15,2
DA:16,2
DA:18,2
LF:15
LH:15
BRF:0
BRH:0
end_of_record
TN:
SF:src\app\components\oglasi-profila\oglasi-profila.component.ts
FN:18,(anonymous_3)
FN:20,(anonymous_4)
FN:25,(anonymous_5)
FN:26,(anonymous_6)
FN:29,(anonymous_7)
FN:35,(anonymous_8)
FN:13,OglasiProfilaComponent_Factory
FNF:7
FNH:5
FNDA:2,(anonymous_3)
FNDA:2,(anonymous_4)
FNDA:2,(anonymous_5)
FNDA:2,(anonymous_6)
FNDA:0,(anonymous_7)
FNDA:0,(anonymous_8)
FNDA:2,OglasiProfilaComponent_Factory
DA:13,81
DA:18,2
DA:21,2
DA:22,2
DA:26,2
DA:27,2
DA:28,2
DA:30,0
DA:31,0
DA:36,0
LF:10
LH:7
BRDA:13,0,0,2
BRDA:13,0,1,2
BRF:2
BRH:2
end_of_record
TN:
SF:src\app\components\oglasi-profila\oglas\oglas.component.ts
FNF:0
FNH:0
LF:0
LH:0
BRF:0
BRH:0
end_of_record
TN:
SF:src\app\components\ogled-oglasa\ogled-oglasa.component.html
FN:7,OgledOglasaComponent_div_2_Template_button_click_3_listener
FN:10,OgledOglasaComponent_div_2_Template_button_click_5_listener
FN:35,OgledOglasaComponent_div_2_Template_button_click_21_listener
FN:98,OgledOglasaComponent_div_2_Template_button_click_73_listener
FN:120,OgledOglasaComponent_div_2_Template_button_click_91_listener
FNF:5
FNH:3
FNDA:0,OgledOglasaComponent_div_2_Template_button_click_3_listener
FNDA:0,OgledOglasaComponent_div_2_Template_button_click_5_listener
FNDA:2,OgledOglasaComponent_div_2_Template_button_click_21_listener
FNDA:3,OgledOglasaComponent_div_2_Template_button_click_73_listener
FNDA:2,OgledOglasaComponent_div_2_Template_button_click_91_listener
DA:1,15
DA:2,15
DA:4,464
DA:5,15
DA:6,15
DA:7,15
DA:8,15
DA:9,15
DA:10,15
DA:11,15
DA:12,15
DA:13,15
DA:14,15
DA:15,179
DA:16,15
DA:17,164
DA:18,9
DA:19,9
DA:20,9
DA:21,9
DA:22,9
DA:23,9
DA:24,9
DA:25,15
DA:27,15
DA:28,15
DA:29,15
DA:30,144
DA:31,15
DA:32,15
DA:33,15
DA:34,159
DA:35,15
DA:36,15
DA:37,15
DA:39,15
DA:40,15
DA:41,159
DA:42,15
DA:43,15
DA:44,15
DA:46,15
DA:47,15
DA:48,15
DA:49,15
DA:51,15
DA:52,159
DA:53,15
DA:54,15
DA:56,15
DA:57,15
DA:60,15
DA:63,15
DA:66,15
DA:67,15
DA:68,15
DA:69,15
DA:70,15
DA:71,15
DA:72,15
DA:73,15
DA:74,15
DA:75,144
DA:76,15
DA:77,15
DA:78,15
DA:79,144
DA:80,15
DA:81,15
DA:82,15
DA:83,15
DA:84,15
DA:86,15
DA:87,15
DA:88,144
DA:89,15
DA:90,15
DA:91,15
DA:92,15
DA:93,15
DA:94,15
DA:95,15
DA:96,15
DA:97,15
DA:98,15
DA:99,15
DA:100,15
DA:102,15
DA:103,15
DA:104,15
DA:106,15
DA:107,15
DA:108,15
DA:109,15
DA:110,15
DA:111,15
DA:112,15
DA:113,15
DA:114,15
DA:115,15
DA:116,15
DA:117,15
DA:118,15
DA:119,15
DA:120,15
DA:121,15
DA:122,15
DA:123,15
DA:124,15
DA:125,15
DA:126,15
DA:128,15
DA:129,15
DA:130,15
DA:131,15
DA:132,15
DA:140,15
DA:141,15
DA:142,15
DA:143,15
DA:145,15
LF:121
LH:121
BRDA:17,0,0,82
BRDA:17,0,1,8
BRF:2
BRH:2
end_of_record
TN:
SF:src\app\components\ogled-oglasa\ogled-oglasa.component.ts
FN:22,(anonymous_7)
FN:24,(anonymous_8)
FN:35,(anonymous_9)
FN:36,(anonymous_10)
FN:39,(anonymous_11)
FN:45,(anonymous_12)
FN:49,(anonymous_13)
FN:51,(anonymous_14)
FN:54,(anonymous_15)
FN:60,(anonymous_16)
FN:80,(anonymous_17)
FN:84,(anonymous_18)
FN:90,(anonymous_19)
FN:95,(anonymous_20)
FN:99,(anonymous_21)
FN:103,(anonymous_22)
FN:16,OgledOglasaComponent_Factory
FNF:17
FNH:10
FNDA:15,(anonymous_7)
FNDA:15,(anonymous_8)
FNDA:15,(anonymous_9)
FNDA:15,(anonymous_10)
FNDA:0,(anonymous_11)
FNDA:0,(anonymous_12)
FNDA:2,(anonymous_13)
FNDA:1,(anonymous_14)
FNDA:0,(anonymous_15)
FNDA:3,(anonymous_16)
FNDA:1,(anonymous_17)
FNDA:0,(anonymous_18)
FNDA:0,(anonymous_19)
FNDA:0,(anonymous_20)
FNDA:0,(anonymous_21)
FNDA:2,(anonymous_22)
FNDA:15,OgledOglasaComponent_Factory
DA:16,94
DA:20,15
DA:22,15
DA:25,15
DA:26,15
DA:27,15
DA:36,15
DA:37,15
DA:38,15
DA:40,0
DA:41,0
DA:46,0
DA:50,2
DA:51,2
DA:52,1
DA:53,1
DA:55,0
DA:56,0
DA:61,3
DA:62,3
DA:63,1
DA:65,2
DA:66,2
DA:68,1
DA:69,1
DA:71,0
DA:72,0
DA:74,1
DA:75,1
DA:76,0
DA:78,1
DA:80,1
DA:81,1
DA:82,1
DA:85,0
DA:86,0
DA:91,0
DA:92,0
DA:96,0
DA:100,0
DA:104,2
DA:105,2
DA:106,2
DA:108,2
LF:44
LH:30
BRDA:62,0,0,1
BRDA:62,0,1,2
BRDA:68,1,0,1
BRDA:68,1,1,0
BRDA:75,2,0,0
BRDA:75,2,1,1
BRDA:104,3,0,2
BRDA:104,3,1,0
BRDA:16,4,0,15
BRDA:16,4,1,15
BRF:10
BRH:7
end_of_record
TN:
SF:src\app\components\ogled-profila\ogled-profila.component.html
FN:7,OgledProfilaComponent_div_2_button_3_Template_button_click_0_listener
FN:8,OgledProfilaComponent_div_2_button_4_Template_button_click_0_listener
FN:60,OgledProfilaComponent_div_2_div_55_button_5_Template_button_click_0_listener
FN:9,OgledProfilaComponent_div_2_Template_button_click_5_listener
FN:12,OgledProfilaComponent_div_2_Template_button_click_8_listener
FN:113,OgledProfilaComponent_div_43_Template_button_click_2_listener
FN:81,OgledProfilaComponent_Template_button_click_16_listener
FN:97,OgledProfilaComponent_Template_select_ngModelChange_31_listener
FN:135,OgledProfilaComponent_Template_button_click_58_listener
FNF:9
FNH:9
FNDA:3,OgledProfilaComponent_div_2_button_3_Template_button_click_0_listener
FNDA:1,OgledProfilaComponent_div_2_button_4_Template_button_click_0_listener
FNDA:3,OgledProfilaComponent_div_2_div_55_button_5_Template_button_click_0_listener
FNDA:2,OgledProfilaComponent_div_2_Template_button_click_5_listener
FNDA:4,OgledProfilaComponent_div_2_Template_button_click_8_listener
FNDA:1,OgledProfilaComponent_div_43_Template_button_click_2_listener
FNDA:1,OgledProfilaComponent_Template_button_click_16_listener
FNDA:3,OgledProfilaComponent_Template_select_ngModelChange_31_listener
FNDA:1,OgledProfilaComponent_Template_button_click_58_listener
DA:1,27
DA:2,27
DA:4,1084
DA:5,27
DA:6,27
DA:7,436
DA:8,436
DA:9,27
DA:10,27
DA:11,27
DA:12,27
DA:13,27
DA:14,27
DA:15,27
DA:16,27
DA:17,27
DA:18,27
DA:19,27
DA:20,463
DA:21,463
DA:22,463
DA:23,27
DA:24,27
DA:25,27
DA:26,27
DA:27,27
DA:28,27
DA:30,27
DA:31,27
DA:32,27
DA:33,27
DA:35,436
DA:36,436
DA:37,436
DA:38,436
DA:39,436
DA:40,27
DA:41,27
DA:42,27
DA:43,463
DA:44,27
DA:45,27
DA:46,27
DA:48,27
DA:49,27
DA:50,27
DA:51,27
DA:52,27
DA:54,27
DA:55,27
DA:56,27
DA:57,436
DA:58,103
DA:59,103
DA:60,96
DA:61,7
DA:62,7
DA:63,7
DA:64,27
DA:65,27
DA:66,27
DA:68,27
DA:69,27
DA:70,27
DA:71,27
DA:72,27
DA:73,27
DA:74,27
DA:75,27
DA:76,27
DA:77,27
DA:78,27
DA:79,27
DA:80,27
DA:81,27
DA:82,27
DA:83,27
DA:85,27
DA:86,27
DA:87,27
DA:88,27
DA:89,27
DA:90,27
DA:91,27
DA:92,27
DA:93,27
DA:94,27
DA:95,27
DA:96,27
DA:97,1111
DA:98,1084
DA:99,1084
DA:100,1084
DA:101,1084
DA:102,1084
DA:103,27
DA:104,27
DA:105,1084
DA:106,0
DA:107,0
DA:108,0
DA:109,0
DA:110,0
DA:111,1084
DA:112,27
DA:113,27
DA:114,27
DA:115,27
DA:116,27
DA:117,27
DA:118,27
DA:119,27
DA:121,27
DA:122,27
DA:123,27
DA:124,27
DA:125,27
DA:126,27
DA:127,27
DA:128,27
DA:129,27
DA:130,27
DA:131,27
DA:132,27
DA:133,27
DA:134,27
DA:135,27
DA:136,27
DA:137,27
DA:138,27
DA:139,27
DA:140,27
DA:141,27
DA:143,27
LF:134
LH:129
BRDA:60,0,0,48
BRDA:60,0,1,0
BRDA:35,1,0,24
BRDA:35,1,1,194
BRDA:36,2,0,218
BRDA:36,2,1,0
BRDA:37,3,0,218
BRDA:37,3,1,0
BRDA:38,4,0,218
BRDA:38,4,1,0
BRDA:39,5,0,218
BRDA:39,5,1,0
BRF:12
BRH:7
end_of_record
TN:
SF:src\app\components\ogled-profila\ogled-profila.component.ts
FN:23,(anonymous_13)
FN:25,(anonymous_14)
FN:38,(anonymous_15)
FN:53,(anonymous_16)
FN:54,(anonymous_17)
FN:56,(anonymous_18)
FN:62,(anonymous_19)
FN:66,(anonymous_20)
FN:70,(anonymous_21)
FN:72,(anonymous_22)
FN:78,(anonymous_23)
FN:83,(anonymous_24)
FN:87,(anonymous_25)
FN:89,(anonymous_26)
FN:95,(anonymous_27)
FN:99,(anonymous_28)
FN:103,(anonymous_29)
FN:108,(anonymous_30)
FN:117,(anonymous_31)
FN:123,(anonymous_32)
FN:125,(anonymous_33)
FN:128,(anonymous_34)
FN:138,(anonymous_35)
FN:140,(anonymous_36)
FN:143,(anonymous_37)
FN:14,OgledProfilaComponent_Factory
FNF:26
FNH:21
FNDA:27,(anonymous_13)
FNDA:27,(anonymous_14)
FNDA:27,(anonymous_15)
FNDA:27,(anonymous_16)
FNDA:27,(anonymous_17)
FNDA:0,(anonymous_18)
FNDA:48,(anonymous_19)
FNDA:1,(anonymous_20)
FNDA:1,(anonymous_21)
FNDA:0,(anonymous_22)
FNDA:3,(anonymous_23)
FNDA:1,(anonymous_24)
FNDA:1,(anonymous_25)
FNDA:0,(anonymous_26)
FNDA:2,(anonymous_27)
FNDA:4,(anonymous_28)
FNDA:1,(anonymous_29)
FNDA:1,(anonymous_30)
FNDA:1,(anonymous_31)
FNDA:3,(anonymous_32)
FNDA:1,(anonymous_33)
FNDA:0,(anonymous_34)
FNDA:1,(anonymous_35)
FNDA:1,(anonymous_36)
FNDA:0,(anonymous_37)
FNDA:27,OgledProfilaComponent_Factory
DA:14,106
DA:17,27
DA:18,27
DA:19,27
DA:20,27
DA:23,27
DA:26,27
DA:27,27
DA:28,27
DA:30,27
DA:31,0
DA:34,27
DA:39,27
DA:40,27
DA:41,3
DA:42,3
DA:43,3
DA:47,24
DA:54,27
DA:55,27
DA:57,0
DA:58,0
DA:63,48
DA:67,1
DA:68,1
DA:70,1
DA:71,1
DA:73,0
DA:74,0
DA:79,3
DA:80,3
DA:84,1
DA:85,1
DA:87,1
DA:88,1
DA:90,0
DA:91,0
DA:96,2
DA:100,4
DA:104,1
DA:105,1
DA:106,1
DA:107,1
DA:109,1
DA:110,1
DA:111,1
DA:112,0
DA:114,0
DA:118,1
DA:124,3
DA:125,1
DA:126,1
DA:127,1
DA:129,0
DA:130,0
DA:133,2
DA:139,1
DA:140,1
DA:141,1
DA:142,1
DA:144,0
DA:145,0
LF:62
LH:49
BRDA:30,0,0,0
BRDA:30,0,1,27
BRDA:42,1,0,3
BRDA:42,1,1,0
BRDA:105,2,0,1
BRDA:105,2,1,0
BRDA:110,3,0,1
BRDA:110,3,1,0
BRDA:124,4,0,1
BRDA:124,4,1,2
BRDA:139,5,0,1
BRDA:139,5,1,0
BRDA:14,6,0,27
BRDA:14,6,1,27
BRF:14
BRH:9
end_of_record
TN:
SF:src\app\components\ogrodje\ogrodje.component.html
FNF:0
FNH:0
DA:1,79
LF:1
LH:1
BRF:0
BRH:0
end_of_record
TN:
SF:src\app\components\ogrodje\ogrodje.component.ts
FN:10,(anonymous_0)
FN:12,(anonymous_1)
FN:8,OgrodjeComponent_Factory
FNF:3
FNH:3
FNDA:79,(anonymous_0)
FNDA:79,(anonymous_1)
FNDA:79,OgrodjeComponent_Factory
DA:8,158
LF:1
LH:1
BRDA:8,0,0,79
BRDA:8,0,1,79
BRF:2
BRH:2
end_of_record
TN:
SF:src\app\components\profil-uporabnika\profil-uporabnika.component.html
FN:29,ProfilUporabnikaComponent_div_2_Template_button_click_25_listener
FN:83,ProfilUporabnikaComponent_div_2_Template_button_click_65_listener
FNF:2
FNH:0
FNDA:0,ProfilUporabnikaComponent_div_2_Template_button_click_25_listener
FNDA:0,ProfilUporabnikaComponent_div_2_Template_button_click_65_listener
DA:1,5
DA:2,5
DA:4,140
DA:5,5
DA:6,5
DA:7,5
DA:8,5
DA:9,5
DA:10,5
DA:11,5
DA:12,5
DA:14,5
DA:15,5
DA:17,5
DA:19,5
DA:20,5
DA:21,145
DA:22,145
DA:23,145
DA:24,5
DA:25,5
DA:27,5
DA:28,5
DA:29,5
DA:30,5
DA:31,5
DA:33,5
DA:34,5
DA:35,145
DA:36,5
DA:37,5
DA:38,5
DA:39,5
DA:40,5
DA:41,5
DA:42,5
DA:43,5
DA:44,5
DA:45,5
DA:47,5
DA:49,5
DA:50,5
DA:52,5
DA:53,5
DA:55,5
DA:56,5
DA:57,5
DA:58,140
DA:59,0
DA:60,0
DA:61,0
DA:62,0
DA:63,0
DA:64,0
DA:65,0
DA:66,5
DA:67,5
DA:69,5
DA:70,5
DA:71,5
DA:72,5
DA:73,5
DA:74,5
DA:75,5
DA:76,5
DA:77,5
DA:78,5
DA:79,5
DA:80,5
DA:81,5
DA:82,5
DA:83,5
DA:84,5
DA:85,5
DA:86,5
DA:87,5
DA:88,5
DA:89,5
DA:91,5
DA:95,5
LF:80
LH:73
BRDA:62,0,0,0
BRDA:62,0,1,0
BRF:2
BRH:0
end_of_record
TN:
SF:src\app\components\profil-uporabnika\profil-uporabnika.component.ts
FN:21,(anonymous_5)
FN:26,(anonymous_6)
FN:38,(anonymous_7)
FN:39,(anonymous_8)
FN:41,(anonymous_9)
FN:47,(anonymous_10)
FN:52,(anonymous_11)
FN:15,ProfilUporabnikaComponent_Factory
FNF:8
FNH:6
FNDA:5,(anonymous_5)
FNDA:5,(anonymous_6)
FNDA:5,(anonymous_7)
FNDA:5,(anonymous_8)
FNDA:0,(anonymous_9)
FNDA:5,(anonymous_10)
FNDA:0,(anonymous_11)
FNDA:5,ProfilUporabnikaComponent_Factory
DA:15,84
DA:18,5
DA:21,5
DA:27,5
DA:28,0
DA:31,5
DA:32,5
DA:39,5
DA:40,5
DA:42,0
DA:43,0
DA:48,5
DA:49,5
DA:53,0
LF:14
LH:10
BRDA:27,0,0,0
BRDA:27,0,1,5
BRDA:15,1,0,5
BRDA:15,1,1,5
BRF:4
BRH:3
end_of_record
TN:
SF:src\app\components\registracija\registracija.component.html
FN:44,RegistracijaComponent_Template_input_click_53_listener
FN:46,RegistracijaComponent_Template_input_click_57_listener
FN:49,RegistracijaComponent_Template_button_click_60_listener
FNF:3
FNH:3
FNDA:8,RegistracijaComponent_Template_input_click_53_listener
FNDA:2,RegistracijaComponent_Template_input_click_57_listener
FNDA:10,RegistracijaComponent_Template_button_click_60_listener
DA:1,10
DA:2,10
DA:5,10
DA:6,10
DA:7,10
DA:8,10
DA:9,10
DA:10,10
DA:11,10
DA:12,10
DA:13,10
DA:14,10
DA:15,10
DA:16,10
DA:17,10
DA:18,10
DA:19,10
DA:20,10
DA:21,10
DA:22,10
DA:23,10
DA:24,10
DA:25,10
DA:26,10
DA:27,10
DA:28,10
DA:29,10
DA:30,10
DA:31,10
DA:32,10
DA:33,10
DA:34,10
DA:35,10
DA:36,10
DA:37,10
DA:38,10
DA:39,10
DA:40,10
DA:41,10
DA:42,10
DA:43,10
DA:44,20
DA:45,10
DA:46,20
DA:47,10
DA:48,10
DA:49,10
DA:50,248
DA:51,10
DA:52,10
DA:54,10
DA:55,10
DA:56,10
DA:57,10
DA:59,10
LF:55
LH:55
BRF:0
BRH:0
end_of_record
TN:
SF:src\app\components\registracija\registracija.component.ts
FN:13,(anonymous_1)
FN:15,(anonymous_2)
FN:39,(anonymous_3)
FN:43,(anonymous_4)
FN:120,(anonymous_5)
FN:123,(anonymous_6)
FN:124,(anonymous_7)
FN:127,(anonymous_8)
FN:11,RegistracijaComponent_Factory
FNF:9
FNH:8
FNDA:10,(anonymous_1)
FNDA:10,(anonymous_2)
FNDA:10,(anonymous_3)
FNDA:10,(anonymous_4)
FNDA:8,(anonymous_5)
FNDA:8,(anonymous_6)
FNDA:0,(anonymous_7)
FNDA:10,(anonymous_8)
FNDA:10,RegistracijaComponent_Factory
DA:11,89
DA:13,10
DA:27,10
DA:37,10
DA:40,10
DA:44,10
DA:45,10
DA:46,10
DA:47,10
DA:48,10
DA:49,10
DA:50,10
DA:51,10
DA:52,10
DA:53,10
DA:54,10
DA:63,0
DA:66,10
DA:67,10
DA:68,10
DA:69,10
DA:71,10
DA:72,10
DA:73,10
DA:74,10
DA:75,10
DA:78,10
DA:79,10
DA:80,10
DA:81,10
DA:82,10
DA:86,10
DA:87,0
DA:89,10
DA:90,0
DA:92,10
DA:93,2
DA:95,10
DA:96,0
DA:98,10
DA:99,0
DA:101,10
DA:102,0
DA:104,10
DA:105,8
DA:115,8
DA:116,8
DA:121,8
DA:123,8
DA:124,0
DA:128,10
DA:129,10
LF:52
LH:45
BRDA:54,0,0,0
BRDA:54,0,1,10
BRDA:55,1,0,10
BRDA:55,1,1,10
BRDA:55,1,2,10
BRDA:55,1,3,10
BRDA:55,1,4,10
BRDA:55,1,5,10
BRDA:55,1,6,10
BRDA:79,2,0,10
BRDA:79,2,1,0
BRDA:81,3,0,10
BRDA:81,3,1,0
BRDA:86,4,0,0
BRDA:86,4,1,10
BRDA:89,5,0,0
BRDA:89,5,1,10
BRDA:92,6,0,2
BRDA:92,6,1,8
BRDA:95,7,0,0
BRDA:95,7,1,10
BRDA:98,8,0,0
BRDA:98,8,1,10
BRDA:101,9,0,0
BRDA:101,9,1,10
BRDA:104,10,0,8
BRDA:104,10,1,2
BRDA:104,11,0,10
BRDA:104,11,1,10
BRDA:104,11,2,8
BRDA:104,11,3,8
BRDA:104,11,4,8
BRDA:104,11,5,8
BRDA:11,12,0,10
BRDA:11,12,1,10
BRF:35
BRH:27
end_of_record
TN:
SF:src\app\components\urejanje-profila\urejanje-profila.component.html
FN:103,UrejanjeProfilaComponent_div_2_div_83_Template_button_click_2_listener
FN:7,UrejanjeProfilaComponent_div_2_Template_button_click_3_listener
FN:19,UrejanjeProfilaComponent_div_2_Template_input_ngModelChange_14_listener
FN:23,UrejanjeProfilaComponent_div_2_Template_input_ngModelChange_18_listener
FN:25,UrejanjeProfilaComponent_div_2_Template_button_click_19_listener
FN:34,UrejanjeProfilaComponent_div_2_Template_input_ngModelChange_27_listener
FN:38,UrejanjeProfilaComponent_div_2_Template_input_ngModelChange_31_listener
FN:42,UrejanjeProfilaComponent_div_2_Template_input_ngModelChange_35_listener
FN:46,UrejanjeProfilaComponent_div_2_Template_input_ngModelChange_39_listener
FN:63,UrejanjeProfilaComponent_div_2_Template_textarea_ngModelChange_55_listener
FNF:10
FNH:2
FNDA:3,UrejanjeProfilaComponent_div_2_div_83_Template_button_click_2_listener
FNDA:0,UrejanjeProfilaComponent_div_2_Template_button_click_3_listener
FNDA:0,UrejanjeProfilaComponent_div_2_Template_input_ngModelChange_14_listener
FNDA:0,UrejanjeProfilaComponent_div_2_Template_input_ngModelChange_18_listener
FNDA:3,UrejanjeProfilaComponent_div_2_Template_button_click_19_listener
FNDA:0,UrejanjeProfilaComponent_div_2_Template_input_ngModelChange_27_listener
FNDA:0,UrejanjeProfilaComponent_div_2_Template_input_ngModelChange_31_listener
FNDA:0,UrejanjeProfilaComponent_div_2_Template_input_ngModelChange_35_listener
FNDA:0,UrejanjeProfilaComponent_div_2_Template_input_ngModelChange_39_listener
FNDA:0,UrejanjeProfilaComponent_div_2_Template_textarea_ngModelChange_55_listener
DA:1,3
DA:2,3
DA:4,96
DA:5,3
DA:6,3
DA:7,3
DA:8,3
DA:9,3
DA:10,3
DA:11,3
DA:12,3
DA:13,3
DA:14,3
DA:15,3
DA:16,3
DA:17,3
DA:18,3
DA:19,96
DA:20,3
DA:21,3
DA:22,3
DA:23,96
DA:24,3
DA:25,9
DA:26,3
DA:27,3
DA:28,3
DA:29,3
DA:30,3
DA:31,3
DA:32,3
DA:33,3
DA:34,96
DA:35,3
DA:36,3
DA:37,3
DA:38,96
DA:39,3
DA:40,3
DA:41,3
DA:42,96
DA:43,3
DA:44,3
DA:45,3
DA:46,96
DA:47,3
DA:48,3
DA:49,3
DA:50,3
DA:51,3
DA:52,3
DA:53,3
DA:54,3
DA:55,3
DA:56,3
DA:57,3
DA:58,3
DA:59,96
DA:60,3
DA:61,3
DA:62,3
DA:63,99
DA:64,3
DA:65,3
DA:66,3
DA:68,3
DA:69,3
DA:70,3
DA:71,3
DA:72,3
DA:73,3
DA:74,3
DA:76,3
DA:77,3
DA:78,3
DA:79,3
DA:80,3
DA:81,3
DA:82,3
DA:83,3
DA:84,3
DA:85,3
DA:86,3
DA:87,3
DA:88,3
DA:89,3
DA:90,3
DA:91,3
DA:92,3
DA:93,3
DA:94,96
DA:95,96
DA:96,2
DA:97,2
DA:98,2
DA:99,2
DA:100,2
DA:101,96
DA:102,3
DA:103,9
DA:104,3
DA:105,3
DA:106,3
DA:107,3
DA:108,3
DA:109,3
DA:110,3
DA:111,3
LF:108
LH:108
BRF:0
BRH:0
end_of_record
TN:
SF:src\app\components\urejanje-profila\urejanje-profila.component.ts
FN:21,(anonymous_15)
FN:23,(anonymous_16)
FN:29,(anonymous_17)
FN:35,(anonymous_18)
FN:37,(anonymous_19)
FN:43,(anonymous_20)
FN:49,(anonymous_21)
FN:71,(anonymous_22)
FN:79,(anonymous_23)
FN:85,(anonymous_24)
FN:117,(anonymous_25)
FN:12,UrejanjeProfilaComponent_Factory
FNF:12
FNH:7
FNDA:3,(anonymous_15)
FNDA:3,(anonymous_16)
FNDA:3,(anonymous_17)
FNDA:0,(anonymous_18)
FNDA:0,(anonymous_19)
FNDA:0,(anonymous_20)
FNDA:3,(anonymous_21)
FNDA:2,(anonymous_22)
FNDA:0,(anonymous_23)
FNDA:0,(anonymous_24)
FNDA:3,(anonymous_25)
FNDA:3,UrejanjeProfilaComponent_Factory
DA:12,82
DA:16,3
DA:17,3
DA:18,3
DA:21,3
DA:24,3
DA:25,3
DA:30,3
DA:31,3
DA:32,3
DA:36,0
DA:38,0
DA:39,0
DA:44,0
DA:45,0
DA:50,3
DA:52,3
DA:53,3
DA:55,3
DA:56,3
DA:57,3
DA:58,3
DA:59,3
DA:61,3
DA:62,1
DA:64,2
DA:65,0
DA:67,2
DA:69,3
DA:70,2
DA:72,2
DA:73,2
DA:74,2
DA:76,0
DA:80,0
DA:87,0
DA:88,0
DA:89,0
DA:91,0
DA:92,0
DA:93,0
DA:94,0
DA:97,0
DA:98,0
DA:100,0
DA:101,0
DA:103,0
DA:104,0
DA:106,0
DA:107,0
DA:109,0
DA:110,0
DA:111,0
DA:113,0
DA:118,3
DA:119,3
DA:120,3
LF:57
LH:30
BRDA:24,0,0,3
BRDA:24,0,1,0
BRDA:44,1,0,0
BRDA:44,1,1,0
BRDA:57,2,0,3
BRDA:57,2,1,0
BRDA:61,3,0,1
BRDA:61,3,1,2
BRDA:64,4,0,0
BRDA:64,4,1,2
BRDA:69,5,0,2
BRDA:69,5,1,1
BRDA:69,6,0,3
BRDA:69,6,1,2
BRDA:72,7,0,2
BRDA:72,7,1,0
BRDA:97,8,0,0
BRDA:97,8,1,0
BRDA:100,9,0,0
BRDA:100,9,1,0
BRDA:103,10,0,0
BRDA:103,10,1,0
BRDA:106,11,0,0
BRDA:106,11,1,0
BRDA:109,12,0,0
BRDA:109,12,1,0
BRDA:109,13,0,0
BRDA:109,13,1,0
BRDA:109,13,2,0
BRDA:109,13,3,0
BRDA:12,14,0,3
BRDA:12,14,1,3
BRF:32
BRH:12
end_of_record
TN:
SF:src\app\components\vsi-oglasi\vsi-oglasi.component.html
FN:65,VsiOglasiComponent_div_52_Template_input_change_3_listener
FN:13,VsiOglasiComponent_Template_input_keyup_11_listener
FN:14,VsiOglasiComponent_Template_button_click_12_listener
FN:19,VsiOglasiComponent_Template_button_click_16_listener
FN:77,VsiOglasiComponent_Template_button_click_55_listener
FNF:5
FNH:3
FNDA:0,VsiOglasiComponent_div_52_Template_input_change_3_listener
FNDA:0,VsiOglasiComponent_Template_input_keyup_11_listener
FNDA:4,VsiOglasiComponent_Template_button_click_12_listener
FNDA:7,VsiOglasiComponent_Template_button_click_16_listener
FNDA:6,VsiOglasiComponent_Template_button_click_55_listener
DA:1,64
DA:2,64
DA:3,64
DA:4,64
DA:5,64
DA:6,64
DA:7,64
DA:8,64
DA:9,64
DA:10,64
DA:11,64
DA:12,64
DA:13,128
DA:14,64
DA:15,64
DA:16,64
DA:17,64
DA:18,64
DA:19,64
DA:20,64
DA:21,64
DA:22,64
DA:23,2252
DA:24,792
DA:25,63
DA:26,64
DA:27,64
DA:30,64
DA:31,64
DA:34,64
DA:35,64
DA:36,64
DA:37,64
DA:38,64
DA:39,64
DA:40,64
DA:41,64
DA:42,64
DA:43,64
DA:44,64
DA:45,64
DA:46,64
DA:47,64
DA:48,64
DA:49,64
DA:50,64
DA:51,64
DA:52,64
DA:53,64
DA:54,64
DA:55,64
DA:56,64
DA:58,64
DA:59,64
DA:60,64
DA:61,64
DA:62,64
DA:63,2252
DA:64,64
DA:65,128
DA:66,64
DA:67,64
DA:68,2252
DA:69,0
DA:70,0
DA:71,0
DA:72,0
DA:73,0
DA:74,0
DA:75,64
DA:76,64
DA:77,64
DA:78,64
DA:79,64
DA:81,64
DA:82,64
DA:83,64
DA:84,64
LF:78
LH:72
BRF:0
BRH:0
end_of_record
TN:
SF:src\app\components\vsi-oglasi\vsi-oglasi.component.ts
FN:20,(anonymous_6)
FN:58,(anonymous_7)
FN:58,(anonymous_8)
FN:67,(anonymous_9)
FN:71,(anonymous_10)
FN:104,(anonymous_11)
FN:104,(anonymous_12)
FN:107,(anonymous_13)
FN:108,(anonymous_14)
FN:111,(anonymous_15)
FN:111,(anonymous_16)
FN:29,(anonymous_17)
FN:33,(anonymous_18)
FN:34,(anonymous_19)
FN:37,(anonymous_20)
FN:43,(anonymous_21)
FN:47,(anonymous_22)
FN:79,(anonymous_23)
FN:83,(anonymous_24)
FN:85,(anonymous_25)
FN:87,(anonymous_26)
FN:95,(anonymous_27)
FN:14,VsiOglasiComponent_Factory
FNF:23
FNH:13
FNDA:64,(anonymous_6)
FNDA:6,(anonymous_7)
FNDA:6,(anonymous_8)
FNDA:4,(anonymous_9)
FNDA:2,(anonymous_10)
FNDA:0,(anonymous_11)
FNDA:0,(anonymous_12)
FNDA:0,(anonymous_13)
FNDA:0,(anonymous_14)
FNDA:0,(anonymous_15)
FNDA:0,(anonymous_16)
FNDA:64,(anonymous_17)
FNDA:64,(anonymous_18)
FNDA:63,(anonymous_19)
FNDA:0,(anonymous_20)
FNDA:0,(anonymous_21)
FNDA:7,(anonymous_22)
FNDA:0,(anonymous_23)
FNDA:4,(anonymous_24)
FNDA:4,(anonymous_25)
FNDA:0,(anonymous_26)
FNDA:4,(anonymous_27)
FNDA:64,VsiOglasiComponent_Factory
DA:14,143
DA:17,64
DA:20,64
DA:30,64
DA:34,64
DA:35,63
DA:38,0
DA:39,0
DA:44,0
DA:48,7
DA:49,5
DA:51,2
DA:58,64
DA:59,6
DA:60,6
DA:61,6
DA:62,6
DA:63,6
DA:64,6
DA:65,6
DA:67,6
DA:68,4
DA:69,4
DA:72,2
DA:73,2
DA:80,0
DA:84,4
DA:85,4
DA:86,4
DA:88,0
DA:91,0
DA:96,4
DA:97,4
DA:98,4
DA:99,4
DA:101,0
DA:104,64
DA:105,0
DA:106,0
DA:107,0
DA:108,0
DA:111,64
DA:112,0
LF:43
LH:31
BRDA:48,0,0,5
BRDA:48,0,1,2
BRDA:48,1,0,7
BRDA:48,1,1,7
BRDA:84,2,0,4
BRDA:84,2,1,0
BRDA:98,3,0,4
BRDA:98,3,1,0
BRDA:14,4,0,64
BRDA:14,4,1,64
BRF:10
BRH:8
end_of_record
TN:
SF:src\app\components\vsi-oglasi\oglas\oglas.component.html
FN:11,OglasComponent_div_0_Template_button_click_9_listener
FN:15,OglasComponent_div_0_Template_button_click_12_listener
FNF:2
FNH:2
FNDA:16,OglasComponent_div_0_Template_button_click_9_listener
FNDA:13,OglasComponent_div_0_Template_button_click_12_listener
DA:1,740
DA:2,131
DA:3,131
DA:5,131
DA:6,1480
DA:7,131
DA:8,1611
DA:9,1611
DA:11,131
DA:12,131
DA:13,131
DA:15,131
DA:16,131
DA:17,131
DA:19,131
DA:20,131
LF:16
LH:16
BRF:0
BRH:0
end_of_record
TN:
SF:src\app\components\vsi-oglasi\oglas\oglas.component.ts
FN:17,(anonymous_3)
FN:19,(anonymous_4)
FN:28,(anonymous_5)
FN:33,(anonymous_6)
FN:12,OglasComponent_Factory
FNF:5
FNH:5
FNDA:131,(anonymous_3)
FNDA:131,(anonymous_4)
FNDA:13,(anonymous_5)
FNDA:16,(anonymous_6)
FNDA:131,OglasComponent_Factory
DA:12,210
DA:17,131
DA:21,131
DA:24,0
DA:29,13
DA:30,13
DA:34,16
DA:35,16
DA:36,16
LF:9
LH:8
BRDA:21,0,0,131
BRDA:21,0,1,0
BRDA:12,1,0,131
BRDA:12,1,1,131
BRF:4
BRH:3
end_of_record
TN:
SF:src\app\pipes\invert.pipe.ts
FN:8,(anonymous_0)
FN:6,InvertPipe_Factory
FNF:2
FNH:2
FNDA:69,(anonymous_0)
FNDA:65,InvertPipe_Factory
DA:6,223
DA:9,69
LF:2
LH:2
BRDA:6,0,0,65
BRDA:6,0,1,65
BRF:2
BRH:2
end_of_record
TN:
SF:src\app\services\app-data.service.ts
FN:13,(anonymous_0)
FN:15,(anonymous_1)
FN:19,(anonymous_2)
FN:24,(anonymous_3)
FN:30,(anonymous_4)
FN:35,(anonymous_5)
FN:10,AppDataService_Factory
FNF:7
FNH:7
FNDA:79,(anonymous_0)
FNDA:50,(anonymous_1)
FNDA:8,(anonymous_2)
FNDA:58,(anonymous_3)
FNDA:56,(anonymous_4)
FNDA:2,(anonymous_5)
FNDA:79,AppDataService_Factory
DA:10,158
DA:12,79
DA:13,79
DA:16,50
DA:21,8
DA:25,58
DA:26,58
DA:27,58
DA:30,56
DA:36,2
DA:37,2
LF:11
LH:11
BRDA:37,0,0,2
BRDA:37,0,1,0
BRDA:10,1,0,79
BRDA:10,1,1,79
BRF:4
BRH:3
end_of_record
TN:
SF:src\app\services\authentication.service.ts
FN:17,(anonymous_0)
FN:20,(anonymous_1)
FN:23,(anonymous_2)
FN:29,(anonymous_3)
FN:32,(anonymous_4)
FN:38,(anonymous_5)
FN:49,(anonymous_6)
FN:53,(anonymous_7)
FN:57,(anonymous_8)
FN:61,(anonymous_9)
FN:66,(anonymous_10)
FN:78,(anonymous_11)
FN:110,(anonymous_12)
FN:13,AuthenticationService_Factory
FNF:14
FNH:12
FNDA:79,(anonymous_0)
FNDA:50,(anonymous_1)
FNDA:48,(anonymous_2)
FNDA:8,(anonymous_3)
FNDA:8,(anonymous_4)
FNDA:2,(anonymous_5)
FNDA:2,(anonymous_6)
FNDA:0,(anonymous_7)
FNDA:2433,(anonymous_8)
FNDA:58,(anonymous_9)
FNDA:2257,(anonymous_10)
FNDA:156,(anonymous_11)
FNDA:0,(anonymous_12)
FNDA:79,AuthenticationService_Factory
DA:13,158
DA:15,79
DA:17,79
DA:18,79
DA:21,50
DA:24,48
DA:25,48
DA:30,8
DA:33,8
DA:34,8
DA:39,2
DA:40,2
DA:41,2
DA:46,2
DA:49,2
DA:54,0
DA:58,2433
DA:62,58
DA:67,2257
DA:68,2257
DA:69,2119
DA:72,2119
DA:74,138
DA:79,156
DA:80,152
DA:92,152
DA:93,152
DA:94,152
DA:111,0
DA:112,0
LF:30
LH:27
BRDA:68,0,0,2119
BRDA:68,0,1,138
BRDA:79,1,0,152
BRDA:79,1,1,4
BRDA:112,2,0,0
BRDA:112,2,1,0
BRDA:13,3,0,79
BRDA:13,3,1,79
BRF:8
BRH:6
end_of_record
TN:
SF:src\app\services\oglasi.service.ts
FN:14,(anonymous_0)
FN:18,(anonymous_1)
FN:25,(anonymous_2)
FN:30,(anonymous_3)
FN:36,(anonymous_4)
FN:42,(anonymous_5)
FN:53,(anonymous_6)
FN:58,(anonymous_7)
FN:69,(anonymous_8)
FN:74,(anonymous_9)
FN:85,(anonymous_10)
FN:91,(anonymous_11)
FN:10,OglasiService_Factory
FNF:13
FNH:13
FNDA:65,(anonymous_0)
FNDA:68,(anonymous_1)
FNDA:67,(anonymous_2)
FNDA:15,(anonymous_3)
FNDA:15,(anonymous_4)
FNDA:6,(anonymous_5)
FNDA:4,(anonymous_6)
FNDA:1,(anonymous_7)
FNDA:1,(anonymous_8)
FNDA:2,(anonymous_9)
FNDA:1,(anonymous_10)
FNDA:2,(anonymous_11)
FNDA:65,OglasiService_Factory
DA:10,144
DA:12,65
DA:14,65
DA:19,68
DA:20,68
DA:21,68
DA:22,68
DA:25,67
DA:31,15
DA:32,15
DA:33,15
DA:36,15
DA:43,6
DA:44,6
DA:49,6
DA:50,6
DA:53,4
DA:59,1
DA:60,1
DA:65,1
DA:66,1
DA:69,1
DA:75,2
DA:76,2
DA:81,2
DA:82,2
DA:85,1
DA:92,2
DA:93,2
LF:29
LH:29
BRDA:20,0,0,0
BRDA:20,0,1,68
BRDA:93,1,0,2
BRDA:93,1,1,0
BRDA:10,2,0,65
BRDA:10,2,1,65
BRF:6
BRH:4
end_of_record
TN:
SF:src\app\services\user.service.ts
FN:17,(anonymous_0)
FN:19,(anonymous_1)
FN:25,(anonymous_2)
FN:29,(anonymous_3)
FN:35,(anonymous_4)
FN:39,(anonymous_5)
FN:52,(anonymous_6)
FN:57,(anonymous_7)
FN:68,(anonymous_8)
FN:72,(anonymous_9)
FN:84,(anonymous_10)
FN:88,(anonymous_11)
FN:99,(anonymous_12)
FN:103,(anonymous_13)
FN:116,(anonymous_14)
FN:120,(anonymous_15)
FN:132,(anonymous_16)
FN:136,(anonymous_17)
FN:149,(anonymous_18)
FN:153,(anonymous_19)
FN:165,(anonymous_20)
FN:170,(anonymous_21)
FN:13,UserService_Factory
FNF:23
FNH:18
FNDA:60,(anonymous_0)
FNDA:30,(anonymous_1)
FNDA:30,(anonymous_2)
FNDA:0,(anonymous_3)
FNDA:0,(anonymous_4)
FNDA:2,(anonymous_5)
FNDA:2,(anonymous_6)
FNDA:1,(anonymous_7)
FNDA:1,(anonymous_8)
FNDA:1,(anonymous_9)
FNDA:1,(anonymous_10)
FNDA:5,(anonymous_11)
FNDA:5,(anonymous_12)
FNDA:0,(anonymous_13)
FNDA:0,(anonymous_14)
FNDA:1,(anonymous_15)
FNDA:1,(anonymous_16)
FNDA:1,(anonymous_17)
FNDA:1,(anonymous_18)
FNDA:1,(anonymous_19)
FNDA:1,(anonymous_20)
FNDA:0,(anonymous_21)
FNDA:60,UserService_Factory
DA:13,139
DA:15,60
DA:17,60
DA:20,30
DA:21,30
DA:22,30
DA:25,30
DA:30,0
DA:31,0
DA:32,0
DA:35,0
DA:40,2
DA:41,2
DA:43,2
DA:49,2
DA:52,2
DA:58,1
DA:59,1
DA:64,1
DA:65,1
DA:68,1
DA:73,1
DA:74,1
DA:80,1
DA:81,1
DA:84,1
DA:89,5
DA:90,5
DA:95,5
DA:96,5
DA:99,5
DA:104,0
DA:105,0
DA:107,0
DA:113,0
DA:116,0
DA:121,1
DA:122,1
DA:124,1
DA:129,1
DA:132,1
DA:137,1
DA:138,1
DA:139,1
DA:141,1
DA:146,1
DA:149,1
DA:154,1
DA:155,1
DA:156,1
DA:157,1
DA:162,1
DA:165,1
DA:171,0
DA:172,0
LF:55
LH:44
BRDA:172,0,0,0
BRDA:172,0,1,0
BRDA:13,1,0,60
BRDA:13,1,1,60
BRF:4
BRH:2
end_of_record
TN:
SF:src\environments\environment.prod.ts
FNF:0
FNH:0
LF:0
LH:0
BRF:0
BRH:0
end_of_record
TN:
SF:src\environments\environment.ts
FNF:0
FNH:0
DA:5,79
LF:1
LH:1
BRF:0
BRH:0
end_of_record
TN:
SF:src\instrumented\main.ts
FNF:0
FNH:0
LF:0
LH:0
BRF:0
BRH:0
end_of_record
TN:
SF:src\instrumented\polyfills.ts
FNF:0
FNH:0
LF:0
LH:0
BRF:0
BRH:0
end_of_record
TN:
SF:src\instrumented\app\app.module.ts
FNF:0
FNH:0
LF:0
LH:0
BRF:0
BRH:0
end_of_record
TN:
SF:src\instrumented\app\Classes\authenticationResult.ts
FNF:0
FNH:0
LF:0
LH:0
BRF:0
BRH:0
end_of_record
TN:
SF:src\instrumented\app\Classes\storage.ts
FNF:0
FNH:0
LF:0
LH:0
BRF:0
BRH:0
end_of_record
TN:
SF:src\instrumented\app\Models\Comment.ts
FNF:0
FNH:0
LF:0
LH:0
BRF:0
BRH:0
end_of_record
TN:
SF:src\instrumented\app\Models\Oglas.ts
FNF:0
FNH:0
LF:0
LH:0
BRF:0
BRH:0
end_of_record
TN:
SF:src\instrumented\app\Models\User.ts
FNF:0
FNH:0
LF:0
LH:0
BRF:0
BRH:0
end_of_record
TN:
SF:src\instrumented\app\components\home-page\home-page.component.ts
FNF:0
FNH:0
LF:0
LH:0
BRF:0
BRH:0
end_of_record
TN:
SF:src\instrumented\app\components\komentar\komentar.component.ts
FNF:0
FNH:0
LF:0
LH:0
BRF:0
BRH:0
end_of_record
TN:
SF:src\instrumented\app\components\navbar\navbar.component.ts
FNF:0
FNH:0
LF:0
LH:0
BRF:0
BRH:0
end_of_record
TN:
SF:src\instrumented\app\components\ogled-oglasa\ogled-oglasa.component.ts
FNF:0
FNH:0
LF:0
LH:0
BRF:0
BRH:0
end_of_record
TN:
SF:src\instrumented\app\components\ogled-profila\ogled-profila.component.ts
FNF:0
FNH:0
LF:0
LH:0
BRF:0
BRH:0
end_of_record
TN:
SF:src\instrumented\app\components\ogrodje\ogrodje.component.ts
FNF:0
FNH:0
LF:0
LH:0
BRF:0
BRH:0
end_of_record
TN:
SF:src\instrumented\app\components\profil-uporabnika\profil-uporabnika.component.ts
FNF:0
FNH:0
LF:0
LH:0
BRF:0
BRH:0
end_of_record
TN:
SF:src\instrumented\app\components\registracija\registracija.component.ts
FNF:0
FNH:0
LF:0
LH:0
BRF:0
BRH:0
end_of_record
TN:
SF:src\instrumented\app\components\urejanje-profila\urejanje-profila.component.ts
FNF:0
FNH:0
LF:0
LH:0
BRF:0
BRH:0
end_of_record
TN:
SF:src\instrumented\app\components\vsi-oglasi\vsi-oglasi.component.ts
FNF:0
FNH:0
LF:0
LH:0
BRF:0
BRH:0
end_of_record
TN:
SF:src\instrumented\app\components\vsi-oglasi\oglas\oglas.component.ts
FNF:0
FNH:0
LF:0
LH:0
BRF:0
BRH:0
end_of_record
TN:
SF:src\instrumented\app\pipes\invert.pipe.ts
FNF:0
FNH:0
LF:0
LH:0
BRF:0
BRH:0
end_of_record
TN:
SF:src\instrumented\app\services\app-data.service.ts
FNF:0
FNH:0
LF:0
LH:0
BRF:0
BRH:0
end_of_record
TN:
SF:src\instrumented\app\services\authentication.service.ts
FNF:0
FNH:0
LF:0
LH:0
BRF:0
BRH:0
end_of_record
TN:
SF:src\instrumented\app\services\oglasi.service.ts
FNF:0
FNH:0
LF:0
LH:0
BRF:0
BRH:0
end_of_record
TN:
SF:src\instrumented\app\services\user.service.ts
FNF:0
FNH:0
LF:0
LH:0
BRF:0
BRH:0
end_of_record
TN:
SF:src\instrumented\environments\environment.prod.ts
FNF:0
FNH:0
LF:0
LH:0
BRF:0
BRH:0
end_of_record
TN:
SF:src\instrumented\environments\environment.ts
FNF:0
FNH:0
LF:0
LH:0
BRF:0
BRH:0
end_of_record
