TN:
SF:karma.conf.js
FNF:0
FNH:0
LF:0
LH:0
BRF:0
BRH:0
end_of_record
TN:
SF:cypress\coverage.webpack.js
FNF:0
FNH:0
LF:0
LH:0
BRF:0
BRH:0
end_of_record
TN:
SF:cypress\integration\spec.ts
FNF:0
FNH:0
LF:0
LH:0
BRF:0
BRH:0
end_of_record
TN:
SF:cypress\plugins\cy-ts-preprocessor.js
FNF:0
FNH:0
LF:0
LH:0
BRF:0
BRH:0
end_of_record
TN:
SF:cypress\plugins\index.js
FNF:0
FNH:0
LF:0
LH:0
BRF:0
BRH:0
end_of_record
TN:
SF:cypress\support\commands.ts
FNF:0
FNH:0
LF:0
LH:0
BRF:0
BRH:0
end_of_record
TN:
SF:cypress\support\index.ts
FNF:0
FNH:0
LF:0
LH:0
BRF:0
BRH:0
end_of_record
TN:
SF:instrumented\main.ts
FNF:0
FNH:0
LF:0
LH:0
BRF:0
BRH:0
end_of_record
TN:
SF:instrumented\polyfills.ts
FNF:0
FNH:0
LF:0
LH:0
BRF:0
BRH:0
end_of_record
TN:
SF:instrumented\app\app.module.ts
FNF:0
FNH:0
LF:0
LH:0
BRF:0
BRH:0
end_of_record
TN:
SF:instrumented\app\Classes\authenticationResult.ts
FNF:0
FNH:0
LF:0
LH:0
BRF:0
BRH:0
end_of_record
TN:
SF:instrumented\app\Classes\storage.ts
FNF:0
FNH:0
LF:0
LH:0
BRF:0
BRH:0
end_of_record
TN:
SF:instrumented\app\Models\Comment.ts
FNF:0
FNH:0
LF:0
LH:0
BRF:0
BRH:0
end_of_record
TN:
SF:instrumented\app\Models\Oglas.ts
FNF:0
FNH:0
LF:0
LH:0
BRF:0
BRH:0
end_of_record
TN:
SF:instrumented\app\Models\User.ts
FNF:0
FNH:0
LF:0
LH:0
BRF:0
BRH:0
end_of_record
TN:
SF:instrumented\app\components\home-page\home-page.component.ts
FNF:0
FNH:0
LF:0
LH:0
BRF:0
BRH:0
end_of_record
TN:
SF:instrumented\app\components\komentar\komentar.component.ts
FNF:0
FNH:0
LF:0
LH:0
BRF:0
BRH:0
end_of_record
TN:
SF:instrumented\app\components\navbar\navbar.component.ts
FNF:0
FNH:0
LF:0
LH:0
BRF:0
BRH:0
end_of_record
TN:
SF:instrumented\app\components\ogled-oglasa\ogled-oglasa.component.ts
FNF:0
FNH:0
LF:0
LH:0
BRF:0
BRH:0
end_of_record
TN:
SF:instrumented\app\components\ogled-profila\ogled-profila.component.ts
FNF:0
FNH:0
LF:0
LH:0
BRF:0
BRH:0
end_of_record
TN:
SF:instrumented\app\components\ogrodje\ogrodje.component.ts
FNF:0
FNH:0
LF:0
LH:0
BRF:0
BRH:0
end_of_record
TN:
SF:instrumented\app\components\profil-uporabnika\profil-uporabnika.component.ts
FNF:0
FNH:0
LF:0
LH:0
BRF:0
BRH:0
end_of_record
TN:
SF:instrumented\app\components\registracija\registracija.component.ts
FNF:0
FNH:0
LF:0
LH:0
BRF:0
BRH:0
end_of_record
TN:
SF:instrumented\app\components\urejanje-profila\urejanje-profila.component.ts
FNF:0
FNH:0
LF:0
LH:0
BRF:0
BRH:0
end_of_record
TN:
SF:instrumented\app\components\vsi-oglasi\vsi-oglasi.component.ts
FNF:0
FNH:0
LF:0
LH:0
BRF:0
BRH:0
end_of_record
TN:
SF:instrumented\app\components\vsi-oglasi\oglas\oglas.component.ts
FNF:0
FNH:0
LF:0
LH:0
BRF:0
BRH:0
end_of_record
TN:
SF:instrumented\app\pipes\invert.pipe.ts
FNF:0
FNH:0
LF:0
LH:0
BRF:0
BRH:0
end_of_record
TN:
SF:instrumented\app\services\app-data.service.ts
FNF:0
FNH:0
LF:0
LH:0
BRF:0
BRH:0
end_of_record
TN:
SF:instrumented\app\services\authentication.service.ts
FNF:0
FNH:0
LF:0
LH:0
BRF:0
BRH:0
end_of_record
TN:
SF:instrumented\app\services\oglasi.service.ts
FNF:0
FNH:0
LF:0
LH:0
BRF:0
BRH:0
end_of_record
TN:
SF:instrumented\environments\environment.prod.ts
FNF:0
FNH:0
LF:0
LH:0
BRF:0
BRH:0
end_of_record
TN:
SF:instrumented\environments\environment.ts
FNF:0
FNH:0
LF:0
LH:0
BRF:0
BRH:0
end_of_record
TN:
SF:src\main.ts
FN:12,(anonymous_0)
FNF:1
FNH:0
FNDA:0,(anonymous_0)
DA:7,82
DA:8,0
DA:11,82
DA:12,0
LF:4
LH:2
BRDA:7,0,0,0
BRDA:7,0,1,82
BRF:2
BRH:1
end_of_record
TN:
SF:src\test.ts
FNF:0
FNH:0
LF:0
LH:0
BRF:0
BRH:0
end_of_record
TN:
SF:src\app\app.module.ts
FN:78,AppModule_Factory
FNF:1
FNH:1
FNDA:164,AppModule_Factory
DA:75,82
DA:78,164
LF:2
LH:2
BRDA:78,0,0,82
BRDA:78,0,1,82
BRDA:78,1,0,82
BRDA:78,1,1,0
BRDA:78,1,2,82
BRF:5
BRH:4
end_of_record
TN:
SF:src\app\Classes\authenticationResult.ts
FNF:0
FNH:0
LF:0
LH:0
BRF:0
BRH:0
end_of_record
TN:
SF:src\app\Classes\storage.ts
FN:7,(anonymous_0)
FNF:1
FNH:1
FNDA:82,(anonymous_0)
DA:3,82
DA:7,82
LF:2
LH:2
BRF:0
BRH:0
end_of_record
TN:
SF:src\app\Models\User.ts
FNF:0
FNH:0
LF:0
LH:0
BRF:0
BRH:0
end_of_record
TN:
SF:src\app\components\hitri-kontakti\hitri-kontakti.component.html
FN:5,HitriKontaktiComponent_Template_button_click_3_listener
FNF:1
FNH:0
FNDA:0,HitriKontaktiComponent_Template_button_click_3_listener
DA:1,10
DA:3,10
DA:4,10
DA:5,10
DA:6,10
DA:7,10
DA:8,10
DA:9,10
DA:10,164
DA:11,10
DA:13,10
LF:11
LH:11
BRF:0
BRH:0
end_of_record
TN:
SF:src\app\components\hitri-kontakti\hitri-kontakti.component.ts
FN:14,(anonymous_1)
FN:19,(anonymous_2)
FN:26,(anonymous_3)
FN:30,(anonymous_4)
FN:12,HitriKontaktiComponent_Factory
FNF:5
FNH:4
FNDA:10,(anonymous_1)
FNDA:10,(anonymous_2)
FNDA:10,(anonymous_3)
FNDA:0,(anonymous_4)
FNDA:10,HitriKontaktiComponent_Factory
DA:12,92
DA:14,10
DA:20,10
DA:21,10
DA:22,10
DA:27,10
DA:31,0
LF:7
LH:6
BRDA:12,0,0,10
BRDA:12,0,1,10
BRF:2
BRH:2
end_of_record
TN:
SF:src\app\components\hitri-kontakti\kontakt\kontakt.component.html
FN:4,KontaktComponent_div_0_Template_button_click_3_listener
FN:7,KontaktComponent_div_0_Template_button_click_6_listener
FNF:2
FNH:2
FNDA:1,KontaktComponent_div_0_Template_button_click_3_listener
FNDA:1,KontaktComponent_div_0_Template_button_click_6_listener
DA:1,70
DA:2,4
DA:3,4
DA:4,4
DA:5,144
DA:6,4
DA:7,4
DA:8,4
DA:9,4
DA:10,4
DA:11,4
LF:11
LH:11
BRF:0
BRH:0
end_of_record
TN:
SF:src\app\components\hitri-kontakti\kontakt\kontakt.component.ts
FN:16,(anonymous_3)
FN:22,(anonymous_4)
FN:30,(anonymous_5)
FN:31,(anonymous_6)
FN:35,(anonymous_7)
FN:41,(anonymous_8)
FN:45,(anonymous_9)
FN:46,(anonymous_10)
FN:49,(anonymous_11)
FN:14,KontaktComponent_Factory
FNF:10
FNH:8
FNDA:4,(anonymous_3)
FNDA:4,(anonymous_4)
FNDA:4,(anonymous_5)
FNDA:4,(anonymous_6)
FNDA:0,(anonymous_7)
FNDA:1,(anonymous_8)
FNDA:1,(anonymous_9)
FNDA:1,(anonymous_10)
FNDA:0,(anonymous_11)
FNDA:4,KontaktComponent_Factory
DA:14,86
DA:16,4
DA:23,4
DA:31,4
DA:32,4
DA:33,4
DA:34,4
DA:36,0
DA:37,0
DA:42,1
DA:46,1
DA:47,1
DA:48,1
DA:50,0
DA:51,0
LF:15
LH:11
BRDA:14,0,0,4
BRDA:14,0,1,4
BRF:2
BRH:2
end_of_record
TN:
SF:src\app\components\home-page\home-page.component.html
FN:17,HomePageComponent_Template_button_click_17_listener
FNF:1
FNH:1
FNDA:51,HomePageComponent_Template_button_click_17_listener
DA:1,65
DA:2,65
DA:3,65
DA:6,65
DA:7,65
DA:8,65
DA:9,65
DA:10,65
DA:11,65
DA:12,65
DA:13,65
DA:14,65
DA:15,65
DA:16,65
DA:17,65
DA:18,65
DA:19,65
DA:20,65
DA:21,65
DA:22,65
DA:24,65
DA:25,65
LF:22
LH:22
BRF:0
BRH:0
end_of_record
TN:
SF:src\app\components\home-page\home-page.component.ts
FN:17,(anonymous_0)
FN:22,(anonymous_1)
FN:28,(anonymous_2)
FN:33,(anonymous_3)
FN:35,(anonymous_4)
FN:12,HomePageComponent_Factory
FNF:6
FNH:6
FNDA:65,(anonymous_0)
FNDA:65,(anonymous_1)
FNDA:51,(anonymous_2)
FNDA:49,(anonymous_3)
FNDA:2,(anonymous_4)
FNDA:65,HomePageComponent_Factory
DA:12,147
DA:17,65
DA:29,51
DA:30,51
DA:31,51
DA:32,51
DA:33,51
DA:34,49
DA:36,2
LF:9
LH:9
BRDA:12,0,0,65
BRDA:12,0,1,65
BRF:2
BRH:2
end_of_record
TN:
SF:src\app\components\komentar\komentar.component.html
FNF:0
FNH:0
DA:1,0
LF:1
LH:0
BRF:0
BRH:0
end_of_record
TN:
SF:src\app\components\komentar\komentar.component.ts
FN:12,(anonymous_0)
FN:14,(anonymous_1)
FN:9,KomentarComponent_Factory
FNF:3
FNH:0
FNDA:0,(anonymous_0)
FNDA:0,(anonymous_1)
FNDA:0,KomentarComponent_Factory
DA:9,82
DA:15,0
DA:16,0
DA:18,0
LF:4
LH:1
BRDA:15,0,0,0
BRDA:15,0,1,0
BRDA:9,1,0,0
BRDA:9,1,1,0
BRF:4
BRH:0
end_of_record
TN:
SF:src\app\components\navbar\navbar.component.html
FN:9,NavbarComponent_button_8_Template_button_click_0_listener
FN:2,NavbarComponent_Template_h3_click_1_listener
FNF:2
FNH:0
FNDA:0,NavbarComponent_button_8_Template_button_click_0_listener
FNDA:0,NavbarComponent_Template_h3_click_1_listener
DA:1,130
DA:2,130
DA:3,130
DA:5,130
DA:6,130
DA:7,130
DA:8,130
DA:9,4404
DA:10,130
DA:11,130
LF:10
LH:10
BRF:0
BRH:0
end_of_record
TN:
SF:src\app\components\navbar\navbar.component.ts
FN:12,(anonymous_2)
FN:14,(anonymous_3)
FN:17,(anonymous_4)
FN:22,(anonymous_5)
FN:26,(anonymous_6)
FN:10,NavbarComponent_Factory
FNF:6
FNH:4
FNDA:130,(anonymous_2)
FNDA:130,(anonymous_3)
FNDA:0,(anonymous_4)
FNDA:2202,(anonymous_5)
FNDA:0,(anonymous_6)
FNDA:130,NavbarComponent_Factory
DA:10,212
DA:12,130
DA:18,0
DA:19,0
DA:23,2202
DA:27,0
LF:6
LH:3
BRDA:10,0,0,130
BRDA:10,0,1,130
BRF:2
BRH:2
end_of_record
TN:
SF:src\app\components\oglasi-profila\oglasi-profila.component.html
FN:5,OglasiProfilaComponent_Template_button_click_4_listener
FNF:1
FNH:0
FNDA:0,OglasiProfilaComponent_Template_button_click_4_listener
DA:1,2
DA:2,2
DA:3,2
DA:4,2
DA:5,2
DA:6,2
DA:7,2
DA:8,56
DA:9,16
DA:10,2
DA:11,2
DA:12,2
DA:15,2
DA:16,2
DA:18,2
LF:15
LH:15
BRF:0
BRH:0
end_of_record
TN:
SF:src\app\components\oglasi-profila\oglasi-profila.component.ts
FN:18,(anonymous_3)
FN:20,(anonymous_4)
FN:25,(anonymous_5)
FN:26,(anonymous_6)
FN:29,(anonymous_7)
FN:35,(anonymous_8)
FN:13,OglasiProfilaComponent_Factory
FNF:7
FNH:5
FNDA:2,(anonymous_3)
FNDA:2,(anonymous_4)
FNDA:2,(anonymous_5)
FNDA:2,(anonymous_6)
FNDA:0,(anonymous_7)
FNDA:0,(anonymous_8)
FNDA:2,OglasiProfilaComponent_Factory
DA:13,84
DA:18,2
DA:21,2
DA:22,2
DA:26,2
DA:27,2
DA:28,2
DA:30,0
DA:31,0
DA:36,0
LF:10
LH:7
BRDA:13,0,0,2
BRDA:13,0,1,2
BRF:2
BRH:2
end_of_record
TN:
SF:src\app\components\oglasi-profila\oglas\oglas.component.ts
FNF:0
FNH:0
LF:0
LH:0
BRF:0
BRH:0
end_of_record
TN:
SF:src\app\components\ogled-oglasa\ogled-oglasa.component.html
FN:7,OgledOglasaComponent_div_2_Template_button_click_3_listener
FN:10,OgledOglasaComponent_div_2_Template_button_click_5_listener
FN:35,OgledOglasaComponent_div_2_Template_button_click_21_listener
FN:98,OgledOglasaComponent_div_2_Template_button_click_73_listener
FN:120,OgledOglasaComponent_div_2_Template_button_click_91_listener
FNF:5
FNH:3
FNDA:0,OgledOglasaComponent_div_2_Template_button_click_3_listener
FNDA:0,OgledOglasaComponent_div_2_Template_button_click_5_listener
FNDA:2,OgledOglasaComponent_div_2_Template_button_click_21_listener
FNDA:3,OgledOglasaComponent_div_2_Template_button_click_73_listener
FNDA:2,OgledOglasaComponent_div_2_Template_button_click_91_listener
DA:1,15
DA:2,15
DA:4,476
DA:5,15
DA:6,15
DA:7,15
DA:8,15
DA:9,15
DA:10,15
DA:11,15
DA:12,15
DA:13,15
DA:14,15
DA:15,191
DA:16,15
DA:17,176
DA:18,9
DA:19,9
DA:20,9
DA:21,9
DA:22,9
DA:23,9
DA:24,9
DA:25,15
DA:27,15
DA:28,15
DA:29,15
DA:30,156
DA:31,15
DA:32,15
DA:33,15
DA:34,171
DA:35,15
DA:36,15
DA:37,15
DA:39,15
DA:40,15
DA:41,171
DA:42,15
DA:43,15
DA:44,15
DA:46,15
DA:47,15
DA:48,15
DA:49,15
DA:51,15
DA:52,171
DA:53,15
DA:54,15
DA:56,15
DA:57,15
DA:60,15
DA:63,15
DA:66,15
DA:67,15
DA:68,15
DA:69,15
DA:70,15
DA:71,15
DA:72,15
DA:73,15
DA:74,15
DA:75,156
DA:76,15
DA:77,15
DA:78,15
DA:79,156
DA:80,15
DA:81,15
DA:82,15
DA:83,15
DA:84,15
DA:86,15
DA:87,15
DA:88,156
DA:89,15
DA:90,15
DA:91,15
DA:92,15
DA:93,15
DA:94,15
DA:95,15
DA:96,15
DA:97,15
DA:98,15
DA:99,15
DA:100,15
DA:102,15
DA:103,15
DA:104,15
DA:106,15
DA:107,15
DA:108,15
DA:109,15
DA:110,15
DA:111,15
DA:112,15
DA:113,15
DA:114,15
DA:115,15
DA:116,15
DA:117,15
DA:118,15
DA:119,15
DA:120,15
DA:121,15
DA:122,15
DA:123,15
DA:124,15
DA:125,15
DA:126,15
DA:128,15
DA:129,15
DA:130,15
DA:131,15
DA:132,15
DA:140,15
DA:141,15
DA:142,15
DA:143,15
DA:145,15
LF:121
LH:121
BRDA:17,0,0,88
BRDA:17,0,1,8
BRF:2
BRH:2
end_of_record
TN:
SF:src\app\components\ogled-oglasa\ogled-oglasa.component.ts
FN:22,(anonymous_7)
FN:24,(anonymous_8)
FN:35,(anonymous_9)
FN:36,(anonymous_10)
FN:39,(anonymous_11)
FN:45,(anonymous_12)
FN:49,(anonymous_13)
FN:51,(anonymous_14)
FN:54,(anonymous_15)
FN:60,(anonymous_16)
FN:80,(anonymous_17)
FN:84,(anonymous_18)
FN:90,(anonymous_19)
FN:95,(anonymous_20)
FN:99,(anonymous_21)
FN:103,(anonymous_22)
FN:16,OgledOglasaComponent_Factory
FNF:17
FNH:10
FNDA:15,(anonymous_7)
FNDA:15,(anonymous_8)
FNDA:15,(anonymous_9)
FNDA:15,(anonymous_10)
FNDA:0,(anonymous_11)
FNDA:0,(anonymous_12)
FNDA:2,(anonymous_13)
FNDA:2,(anonymous_14)
FNDA:0,(anonymous_15)
FNDA:3,(anonymous_16)
FNDA:1,(anonymous_17)
FNDA:0,(anonymous_18)
FNDA:0,(anonymous_19)
FNDA:0,(anonymous_20)
FNDA:0,(anonymous_21)
FNDA:2,(anonymous_22)
FNDA:15,OgledOglasaComponent_Factory
DA:16,97
DA:20,15
DA:22,15
DA:25,15
DA:26,15
DA:27,15
DA:36,15
DA:37,15
DA:38,15
DA:40,0
DA:41,0
DA:46,0
DA:50,2
DA:51,2
DA:52,2
DA:53,2
DA:55,0
DA:56,0
DA:61,3
DA:62,3
DA:63,1
DA:65,2
DA:66,2
DA:68,1
DA:69,1
DA:71,0
DA:72,0
DA:74,1
DA:75,1
DA:76,0
DA:78,1
DA:80,1
DA:81,1
DA:82,1
DA:85,0
DA:86,0
DA:91,0
DA:92,0
DA:96,0
DA:100,0
DA:104,2
DA:105,2
DA:106,2
DA:108,2
LF:44
LH:30
BRDA:62,0,0,1
BRDA:62,0,1,2
BRDA:68,1,0,1
BRDA:68,1,1,0
BRDA:75,2,0,0
BRDA:75,2,1,1
BRDA:104,3,0,2
BRDA:104,3,1,0
BRDA:16,4,0,15
BRDA:16,4,1,15
BRF:10
BRH:7
end_of_record
TN:
SF:src\app\components\ogled-profila\ogled-profila.component.html
FN:7,OgledProfilaComponent_div_2_button_3_Template_button_click_0_listener
FN:8,OgledProfilaComponent_div_2_button_4_Template_button_click_0_listener
FN:60,OgledProfilaComponent_div_2_div_55_button_5_Template_button_click_0_listener
FN:9,OgledProfilaComponent_div_2_Template_button_click_5_listener
FN:12,OgledProfilaComponent_div_2_Template_button_click_8_listener
FN:113,OgledProfilaComponent_div_43_Template_button_click_2_listener
FN:81,OgledProfilaComponent_Template_button_click_16_listener
FN:97,OgledProfilaComponent_Template_select_ngModelChange_31_listener
FN:135,OgledProfilaComponent_Template_button_click_58_listener
FNF:9
FNH:9
FNDA:4,OgledProfilaComponent_div_2_button_3_Template_button_click_0_listener
FNDA:1,OgledProfilaComponent_div_2_button_4_Template_button_click_0_listener
FNDA:3,OgledProfilaComponent_div_2_div_55_button_5_Template_button_click_0_listener
FNDA:2,OgledProfilaComponent_div_2_Template_button_click_5_listener
FNDA:5,OgledProfilaComponent_div_2_Template_button_click_8_listener
FNDA:1,OgledProfilaComponent_div_43_Template_button_click_2_listener
FNDA:1,OgledProfilaComponent_Template_button_click_16_listener
FNDA:3,OgledProfilaComponent_Template_select_ngModelChange_31_listener
FNDA:1,OgledProfilaComponent_Template_button_click_58_listener
DA:1,28
DA:2,28
DA:4,1124
DA:5,28
DA:6,28
DA:7,452
DA:8,452
DA:9,28
DA:10,28
DA:11,28
DA:12,28
DA:13,28
DA:14,28
DA:15,28
DA:16,28
DA:17,28
DA:18,28
DA:19,28
DA:20,480
DA:21,480
DA:22,480
DA:23,28
DA:24,28
DA:25,28
DA:26,28
DA:27,28
DA:28,28
DA:30,28
DA:31,28
DA:32,28
DA:33,28
DA:35,452
DA:36,452
DA:37,452
DA:38,452
DA:39,452
DA:40,28
DA:41,28
DA:42,28
DA:43,480
DA:44,28
DA:45,28
DA:46,28
DA:48,28
DA:49,28
DA:50,28
DA:51,28
DA:52,28
DA:54,28
DA:55,28
DA:56,28
DA:57,452
DA:58,103
DA:59,103
DA:60,96
DA:61,7
DA:62,7
DA:63,7
DA:64,28
DA:65,28
DA:66,28
DA:68,28
DA:69,28
DA:70,28
DA:71,28
DA:72,28
DA:73,28
DA:74,28
DA:75,28
DA:76,28
DA:77,28
DA:78,28
DA:79,28
DA:80,28
DA:81,28
DA:82,28
DA:83,28
DA:85,28
DA:86,28
DA:87,28
DA:88,28
DA:89,28
DA:90,28
DA:91,28
DA:92,28
DA:93,28
DA:94,28
DA:95,28
DA:96,28
DA:97,1152
DA:98,1124
DA:99,1124
DA:100,1124
DA:101,1124
DA:102,1124
DA:103,28
DA:104,28
DA:105,1124
DA:106,0
DA:107,0
DA:108,0
DA:109,0
DA:110,0
DA:111,1124
DA:112,28
DA:113,28
DA:114,28
DA:115,28
DA:116,28
DA:117,28
DA:118,28
DA:119,28
DA:121,28
DA:122,28
DA:123,28
DA:124,28
DA:125,28
DA:126,28
DA:127,28
DA:128,28
DA:129,28
DA:130,28
DA:131,28
DA:132,28
DA:133,28
DA:134,28
DA:135,28
DA:136,28
DA:137,28
DA:138,28
DA:139,28
DA:140,28
DA:141,28
DA:143,28
LF:134
LH:129
BRDA:60,0,0,48
BRDA:60,0,1,0
BRDA:35,1,0,24
BRDA:35,1,1,202
BRDA:36,2,0,226
BRDA:36,2,1,0
BRDA:37,3,0,226
BRDA:37,3,1,0
BRDA:38,4,0,226
BRDA:38,4,1,0
BRDA:39,5,0,226
BRDA:39,5,1,0
BRF:12
BRH:7
end_of_record
TN:
SF:src\app\components\ogled-profila\ogled-profila.component.ts
FN:23,(anonymous_13)
FN:25,(anonymous_14)
FN:38,(anonymous_15)
FN:53,(anonymous_16)
FN:54,(anonymous_17)
FN:56,(anonymous_18)
FN:62,(anonymous_19)
FN:66,(anonymous_20)
FN:70,(anonymous_21)
FN:72,(anonymous_22)
FN:78,(anonymous_23)
FN:83,(anonymous_24)
FN:87,(anonymous_25)
FN:89,(anonymous_26)
FN:95,(anonymous_27)
FN:99,(anonymous_28)
FN:103,(anonymous_29)
FN:108,(anonymous_30)
FN:117,(anonymous_31)
FN:123,(anonymous_32)
FN:125,(anonymous_33)
FN:128,(anonymous_34)
FN:138,(anonymous_35)
FN:140,(anonymous_36)
FN:143,(anonymous_37)
FN:14,OgledProfilaComponent_Factory
FNF:26
FNH:19
FNDA:28,(anonymous_13)
FNDA:28,(anonymous_14)
FNDA:28,(anonymous_15)
FNDA:28,(anonymous_16)
FNDA:28,(anonymous_17)
FNDA:0,(anonymous_18)
FNDA:48,(anonymous_19)
FNDA:1,(anonymous_20)
FNDA:1,(anonymous_21)
FNDA:0,(anonymous_22)
FNDA:3,(anonymous_23)
FNDA:1,(anonymous_24)
FNDA:1,(anonymous_25)
FNDA:0,(anonymous_26)
FNDA:2,(anonymous_27)
FNDA:5,(anonymous_28)
FNDA:1,(anonymous_29)
FNDA:0,(anonymous_30)
FNDA:0,(anonymous_31)
FNDA:4,(anonymous_32)
FNDA:2,(anonymous_33)
FNDA:0,(anonymous_34)
FNDA:1,(anonymous_35)
FNDA:1,(anonymous_36)
FNDA:0,(anonymous_37)
FNDA:28,OgledProfilaComponent_Factory
DA:14,110
DA:17,28
DA:18,28
DA:19,28
DA:20,28
DA:23,28
DA:26,28
DA:27,28
DA:28,28
DA:30,28
DA:31,0
DA:34,28
DA:39,28
DA:40,28
DA:41,4
DA:42,4
DA:43,4
DA:47,24
DA:54,28
DA:55,28
DA:57,0
DA:58,0
DA:63,48
DA:67,1
DA:68,1
DA:70,1
DA:71,1
DA:73,0
DA:74,0
DA:79,3
DA:80,3
DA:84,1
DA:85,1
DA:87,1
DA:88,1
DA:90,0
DA:91,0
DA:96,2
DA:100,5
DA:104,1
DA:105,1
DA:106,1
DA:107,1
DA:109,0
DA:110,0
DA:111,0
DA:112,0
DA:114,0
DA:118,0
DA:124,4
DA:125,2
DA:126,2
DA:127,2
DA:129,0
DA:130,0
DA:133,2
DA:139,1
DA:140,1
DA:141,1
DA:142,1
DA:144,0
DA:145,0
LF:62
LH:45
BRDA:30,0,0,0
BRDA:30,0,1,28
BRDA:42,1,0,4
BRDA:42,1,1,0
BRDA:105,2,0,1
BRDA:105,2,1,0
BRDA:110,3,0,0
BRDA:110,3,1,0
BRDA:124,4,0,2
BRDA:124,4,1,2
BRDA:139,5,0,1
BRDA:139,5,1,0
BRDA:14,6,0,28
BRDA:14,6,1,28
BRF:14
BRH:8
end_of_record
TN:
SF:src\app\components\ogrodje\ogrodje.component.html
FNF:0
FNH:0
DA:1,82
LF:1
LH:1
BRF:0
BRH:0
end_of_record
TN:
SF:src\app\components\ogrodje\ogrodje.component.ts
FN:10,(anonymous_0)
FN:12,(anonymous_1)
FN:8,OgrodjeComponent_Factory
FNF:3
FNH:3
FNDA:82,(anonymous_0)
FNDA:82,(anonymous_1)
FNDA:82,OgrodjeComponent_Factory
DA:8,164
LF:1
LH:1
BRDA:8,0,0,82
BRDA:8,0,1,82
BRF:2
BRH:2
end_of_record
TN:
SF:src\app\components\profil-uporabnika\profil-uporabnika.component.html
FN:29,ProfilUporabnikaComponent_div_2_Template_button_click_25_listener
FN:83,ProfilUporabnikaComponent_div_2_Template_button_click_65_listener
FNF:2
FNH:0
FNDA:0,ProfilUporabnikaComponent_div_2_Template_button_click_25_listener
FNDA:0,ProfilUporabnikaComponent_div_2_Template_button_click_65_listener
DA:1,5
DA:2,5
DA:4,140
DA:5,5
DA:6,5
DA:7,5
DA:8,5
DA:9,5
DA:10,5
DA:11,5
DA:12,5
DA:14,5
DA:15,5
DA:17,5
DA:19,5
DA:20,5
DA:21,145
DA:22,145
DA:23,145
DA:24,5
DA:25,5
DA:27,5
DA:28,5
DA:29,5
DA:30,5
DA:31,5
DA:33,5
DA:34,5
DA:35,145
DA:36,5
DA:37,5
DA:38,5
DA:39,5
DA:40,5
DA:41,5
DA:42,5
DA:43,5
DA:44,5
DA:45,5
DA:47,5
DA:49,5
DA:50,5
DA:52,5
DA:53,5
DA:55,5
DA:56,5
DA:57,5
DA:58,140
DA:59,0
DA:60,0
DA:61,0
DA:62,0
DA:63,0
DA:64,0
DA:65,0
DA:66,5
DA:67,5
DA:69,5
DA:70,5
DA:71,5
DA:72,5
DA:73,5
DA:74,5
DA:75,5
DA:76,5
DA:77,5
DA:78,5
DA:79,5
DA:80,5
DA:81,5
DA:82,5
DA:83,5
DA:84,5
DA:85,5
DA:86,5
DA:87,5
DA:88,5
DA:89,5
DA:91,5
DA:95,5
LF:80
LH:73
BRDA:62,0,0,0
BRDA:62,0,1,0
BRF:2
BRH:0
end_of_record
TN:
SF:src\app\components\profil-uporabnika\profil-uporabnika.component.ts
FN:21,(anonymous_5)
FN:26,(anonymous_6)
FN:38,(anonymous_7)
FN:39,(anonymous_8)
FN:41,(anonymous_9)
FN:47,(anonymous_10)
FN:52,(anonymous_11)
FN:15,ProfilUporabnikaComponent_Factory
FNF:8
FNH:6
FNDA:5,(anonymous_5)
FNDA:5,(anonymous_6)
FNDA:5,(anonymous_7)
FNDA:5,(anonymous_8)
FNDA:0,(anonymous_9)
FNDA:5,(anonymous_10)
FNDA:0,(anonymous_11)
FNDA:5,ProfilUporabnikaComponent_Factory
DA:15,87
DA:18,5
DA:21,5
DA:27,5
DA:28,0
DA:31,5
DA:32,5
DA:39,5
DA:40,5
DA:42,0
DA:43,0
DA:48,5
DA:49,5
DA:53,0
LF:14
LH:10
BRDA:27,0,0,0
BRDA:27,0,1,5
BRDA:15,1,0,5
BRDA:15,1,1,5
BRF:4
BRH:3
end_of_record
TN:
SF:src\app\components\registracija\registracija.component.html
FN:44,RegistracijaComponent_Template_input_click_53_listener
FN:46,RegistracijaComponent_Template_input_click_57_listener
FN:49,RegistracijaComponent_Template_button_click_60_listener
FNF:3
FNH:3
FNDA:8,RegistracijaComponent_Template_input_click_53_listener
FNDA:2,RegistracijaComponent_Template_input_click_57_listener
FNDA:10,RegistracijaComponent_Template_button_click_60_listener
DA:1,10
DA:2,10
DA:5,10
DA:6,10
DA:7,10
DA:8,10
DA:9,10
DA:10,10
DA:11,10
DA:12,10
DA:13,10
DA:14,10
DA:15,10
DA:16,10
DA:17,10
DA:18,10
DA:19,10
DA:20,10
DA:21,10
DA:22,10
DA:23,10
DA:24,10
DA:25,10
DA:26,10
DA:27,10
DA:28,10
DA:29,10
DA:30,10
DA:31,10
DA:32,10
DA:33,10
DA:34,10
DA:35,10
DA:36,10
DA:37,10
DA:38,10
DA:39,10
DA:40,10
DA:41,10
DA:42,10
DA:43,10
DA:44,20
DA:45,10
DA:46,20
DA:47,10
DA:48,10
DA:49,10
DA:50,248
DA:51,10
DA:52,10
DA:54,10
DA:55,10
DA:56,10
DA:57,10
DA:59,10
LF:55
LH:55
BRF:0
BRH:0
end_of_record
TN:
SF:src\app\components\registracija\registracija.component.ts
FN:13,(anonymous_1)
FN:15,(anonymous_2)
FN:39,(anonymous_3)
FN:43,(anonymous_4)
FN:120,(anonymous_5)
FN:123,(anonymous_6)
FN:124,(anonymous_7)
FN:127,(anonymous_8)
FN:11,RegistracijaComponent_Factory
FNF:9
FNH:8
FNDA:10,(anonymous_1)
FNDA:10,(anonymous_2)
FNDA:10,(anonymous_3)
FNDA:10,(anonymous_4)
FNDA:8,(anonymous_5)
FNDA:8,(anonymous_6)
FNDA:0,(anonymous_7)
FNDA:10,(anonymous_8)
FNDA:10,RegistracijaComponent_Factory
DA:11,92
DA:13,10
DA:27,10
DA:37,10
DA:40,10
DA:44,10
DA:45,10
DA:46,10
DA:47,10
DA:48,10
DA:49,10
DA:50,10
DA:51,10
DA:52,10
DA:53,10
DA:54,10
DA:63,0
DA:66,10
DA:67,10
DA:68,10
DA:69,10
DA:71,10
DA:72,10
DA:73,10
DA:74,10
DA:75,10
DA:78,10
DA:79,10
DA:80,10
DA:81,10
DA:82,10
DA:86,10
DA:87,0
DA:89,10
DA:90,0
DA:92,10
DA:93,2
DA:95,10
DA:96,0
DA:98,10
DA:99,0
DA:101,10
DA:102,0
DA:104,10
DA:105,8
DA:115,8
DA:116,8
DA:121,8
DA:123,8
DA:124,0
DA:128,10
DA:129,10
LF:52
LH:45
BRDA:54,0,0,0
BRDA:54,0,1,10
BRDA:55,1,0,10
BRDA:55,1,1,10
BRDA:55,1,2,10
BRDA:55,1,3,10
BRDA:55,1,4,10
BRDA:55,1,5,10
BRDA:55,1,6,10
BRDA:79,2,0,10
BRDA:79,2,1,0
BRDA:81,3,0,10
BRDA:81,3,1,0
BRDA:86,4,0,0
BRDA:86,4,1,10
BRDA:89,5,0,0
BRDA:89,5,1,10
BRDA:92,6,0,2
BRDA:92,6,1,8
BRDA:95,7,0,0
BRDA:95,7,1,10
BRDA:98,8,0,0
BRDA:98,8,1,10
BRDA:101,9,0,0
BRDA:101,9,1,10
BRDA:104,10,0,8
BRDA:104,10,1,2
BRDA:104,11,0,10
BRDA:104,11,1,10
BRDA:104,11,2,8
BRDA:104,11,3,8
BRDA:104,11,4,8
BRDA:104,11,5,8
BRDA:11,12,0,10
BRDA:11,12,1,10
BRF:35
BRH:27
end_of_record
TN:
SF:src\app\components\urejanje-profila\urejanje-profila.component.html
FN:103,UrejanjeProfilaComponent_div_2_div_83_Template_button_click_2_listener
FN:7,UrejanjeProfilaComponent_div_2_Template_button_click_3_listener
FN:19,UrejanjeProfilaComponent_div_2_Template_input_ngModelChange_14_listener
FN:23,UrejanjeProfilaComponent_div_2_Template_input_ngModelChange_18_listener
FN:25,UrejanjeProfilaComponent_div_2_Template_button_click_19_listener
FN:34,UrejanjeProfilaComponent_div_2_Template_input_ngModelChange_27_listener
FN:38,UrejanjeProfilaComponent_div_2_Template_input_ngModelChange_31_listener
FN:42,UrejanjeProfilaComponent_div_2_Template_input_ngModelChange_35_listener
FN:46,UrejanjeProfilaComponent_div_2_Template_input_ngModelChange_39_listener
FN:63,UrejanjeProfilaComponent_div_2_Template_textarea_ngModelChange_55_listener
FNF:10
FNH:2
FNDA:3,UrejanjeProfilaComponent_div_2_div_83_Template_button_click_2_listener
FNDA:0,UrejanjeProfilaComponent_div_2_Template_button_click_3_listener
FNDA:0,UrejanjeProfilaComponent_div_2_Template_input_ngModelChange_14_listener
FNDA:0,UrejanjeProfilaComponent_div_2_Template_input_ngModelChange_18_listener
FNDA:3,UrejanjeProfilaComponent_div_2_Template_button_click_19_listener
FNDA:0,UrejanjeProfilaComponent_div_2_Template_input_ngModelChange_27_listener
FNDA:0,UrejanjeProfilaComponent_div_2_Template_input_ngModelChange_31_listener
FNDA:0,UrejanjeProfilaComponent_div_2_Template_input_ngModelChange_35_listener
FNDA:0,UrejanjeProfilaComponent_div_2_Template_input_ngModelChange_39_listener
FNDA:0,UrejanjeProfilaComponent_div_2_Template_textarea_ngModelChange_55_listener
DA:1,3
DA:2,3
DA:4,96
DA:5,3
DA:6,3
DA:7,3
DA:8,3
DA:9,3
DA:10,3
DA:11,3
DA:12,3
DA:13,3
DA:14,3
DA:15,3
DA:16,3
DA:17,3
DA:18,3
DA:19,96
DA:20,3
DA:21,3
DA:22,3
DA:23,96
DA:24,3
DA:25,9
DA:26,3
DA:27,3
DA:28,3
DA:29,3
DA:30,3
DA:31,3
DA:32,3
DA:33,3
DA:34,96
DA:35,3
DA:36,3
DA:37,3
DA:38,96
DA:39,3
DA:40,3
DA:41,3
DA:42,96
DA:43,3
DA:44,3
DA:45,3
DA:46,96
DA:47,3
DA:48,3
DA:49,3
DA:50,3
DA:51,3
DA:52,3
DA:53,3
DA:54,3
DA:55,3
DA:56,3
DA:57,3
DA:58,3
DA:59,96
DA:60,3
DA:61,3
DA:62,3
DA:63,99
DA:64,3
DA:65,3
DA:66,3
DA:68,3
DA:69,3
DA:70,3
DA:71,3
DA:72,3
DA:73,3
DA:74,3
DA:76,3
DA:77,3
DA:78,3
DA:79,3
DA:80,3
DA:81,3
DA:82,3
DA:83,3
DA:84,3
DA:85,3
DA:86,3
DA:87,3
DA:88,3
DA:89,3
DA:90,3
DA:91,3
DA:92,3
DA:93,3
DA:94,96
DA:95,96
DA:96,2
DA:97,2
DA:98,2
DA:99,2
DA:100,2
DA:101,96
DA:102,3
DA:103,9
DA:104,3
DA:105,3
DA:106,3
DA:107,3
DA:108,3
DA:109,3
DA:110,3
DA:111,3
LF:108
LH:108
BRF:0
BRH:0
end_of_record
TN:
SF:src\app\components\urejanje-profila\urejanje-profila.component.ts
FN:21,(anonymous_15)
FN:23,(anonymous_16)
FN:29,(anonymous_17)
FN:35,(anonymous_18)
FN:37,(anonymous_19)
FN:43,(anonymous_20)
FN:49,(anonymous_21)
FN:71,(anonymous_22)
FN:79,(anonymous_23)
FN:85,(anonymous_24)
FN:117,(anonymous_25)
FN:12,UrejanjeProfilaComponent_Factory
FNF:12
FNH:7
FNDA:3,(anonymous_15)
FNDA:3,(anonymous_16)
FNDA:3,(anonymous_17)
FNDA:0,(anonymous_18)
FNDA:0,(anonymous_19)
FNDA:0,(anonymous_20)
FNDA:3,(anonymous_21)
FNDA:2,(anonymous_22)
FNDA:0,(anonymous_23)
FNDA:0,(anonymous_24)
FNDA:3,(anonymous_25)
FNDA:3,UrejanjeProfilaComponent_Factory
DA:12,85
DA:16,3
DA:17,3
DA:18,3
DA:21,3
DA:24,3
DA:25,3
DA:30,3
DA:31,3
DA:32,3
DA:36,0
DA:38,0
DA:39,0
DA:44,0
DA:45,0
DA:50,3
DA:52,3
DA:53,3
DA:55,3
DA:56,3
DA:57,3
DA:58,3
DA:59,3
DA:61,3
DA:62,1
DA:64,2
DA:65,0
DA:67,2
DA:69,3
DA:70,2
DA:72,2
DA:73,2
DA:74,2
DA:76,0
DA:80,0
DA:87,0
DA:88,0
DA:89,0
DA:91,0
DA:92,0
DA:93,0
DA:94,0
DA:97,0
DA:98,0
DA:100,0
DA:101,0
DA:103,0
DA:104,0
DA:106,0
DA:107,0
DA:109,0
DA:110,0
DA:111,0
DA:113,0
DA:118,3
DA:119,3
DA:120,3
LF:57
LH:30
BRDA:24,0,0,3
BRDA:24,0,1,0
BRDA:44,1,0,0
BRDA:44,1,1,0
BRDA:57,2,0,3
BRDA:57,2,1,0
BRDA:61,3,0,1
BRDA:61,3,1,2
BRDA:64,4,0,0
BRDA:64,4,1,2
BRDA:69,5,0,2
BRDA:69,5,1,1
BRDA:69,6,0,3
BRDA:69,6,1,2
BRDA:72,7,0,2
BRDA:72,7,1,0
BRDA:97,8,0,0
BRDA:97,8,1,0
BRDA:100,9,0,0
BRDA:100,9,1,0
BRDA:103,10,0,0
BRDA:103,10,1,0
BRDA:106,11,0,0
BRDA:106,11,1,0
BRDA:109,12,0,0
BRDA:109,12,1,0
BRDA:109,13,0,0
BRDA:109,13,1,0
BRDA:109,13,2,0
BRDA:109,13,3,0
BRDA:12,14,0,3
BRDA:12,14,1,3
BRF:32
BRH:12
end_of_record
TN:
SF:src\app\components\vsi-oglasi\vsi-oglasi.component.html
FN:65,VsiOglasiComponent_div_52_Template_input_change_3_listener
FN:13,VsiOglasiComponent_Template_input_keyup_11_listener
FN:14,VsiOglasiComponent_Template_button_click_12_listener
FN:19,VsiOglasiComponent_Template_button_click_16_listener
FN:77,VsiOglasiComponent_Template_button_click_55_listener
FNF:5
FNH:3
FNDA:0,VsiOglasiComponent_div_52_Template_input_change_3_listener
FNDA:0,VsiOglasiComponent_Template_input_keyup_11_listener
FNDA:4,VsiOglasiComponent_Template_button_click_12_listener
FNDA:8,VsiOglasiComponent_Template_button_click_16_listener
FNDA:6,VsiOglasiComponent_Template_button_click_55_listener
DA:1,67
DA:2,67
DA:3,67
DA:4,67
DA:5,67
DA:6,67
DA:7,67
DA:8,67
DA:9,67
DA:10,67
DA:11,67
DA:12,67
DA:13,134
DA:14,67
DA:15,67
DA:16,67
DA:17,67
DA:18,67
DA:19,67
DA:20,67
DA:21,67
DA:22,67
DA:23,2368
DA:24,824
DA:25,67
DA:26,67
DA:27,67
DA:30,67
DA:31,67
DA:34,67
DA:35,67
DA:36,67
DA:37,67
DA:38,67
DA:39,67
DA:40,67
DA:41,67
DA:42,67
DA:43,67
DA:44,67
DA:45,67
DA:46,67
DA:47,67
DA:48,67
DA:49,67
DA:50,67
DA:51,67
DA:52,67
DA:53,67
DA:54,67
DA:55,67
DA:56,67
DA:58,67
DA:59,67
DA:60,67
DA:61,67
DA:62,67
DA:63,2368
DA:64,67
DA:65,134
DA:66,67
DA:67,67
DA:68,2368
DA:69,0
DA:70,0
DA:71,0
DA:72,0
DA:73,0
DA:74,0
DA:75,67
DA:76,67
DA:77,67
DA:78,67
DA:79,67
DA:81,67
DA:82,67
DA:83,67
DA:84,67
LF:78
LH:72
BRF:0
BRH:0
end_of_record
TN:
SF:src\app\components\vsi-oglasi\vsi-oglasi.component.ts
FN:20,(anonymous_6)
FN:58,(anonymous_7)
FN:58,(anonymous_8)
FN:67,(anonymous_9)
FN:71,(anonymous_10)
FN:104,(anonymous_11)
FN:104,(anonymous_12)
FN:107,(anonymous_13)
FN:108,(anonymous_14)
FN:111,(anonymous_15)
FN:111,(anonymous_16)
FN:29,(anonymous_17)
FN:33,(anonymous_18)
FN:34,(anonymous_19)
FN:37,(anonymous_20)
FN:43,(anonymous_21)
FN:47,(anonymous_22)
FN:79,(anonymous_23)
FN:83,(anonymous_24)
FN:85,(anonymous_25)
FN:87,(anonymous_26)
FN:95,(anonymous_27)
FN:14,VsiOglasiComponent_Factory
FNF:23
FNH:13
FNDA:67,(anonymous_6)
FNDA:6,(anonymous_7)
FNDA:6,(anonymous_8)
FNDA:4,(anonymous_9)
FNDA:2,(anonymous_10)
FNDA:0,(anonymous_11)
FNDA:0,(anonymous_12)
FNDA:0,(anonymous_13)
FNDA:0,(anonymous_14)
FNDA:0,(anonymous_15)
FNDA:0,(anonymous_16)
FNDA:67,(anonymous_17)
FNDA:67,(anonymous_18)
FNDA:67,(anonymous_19)
FNDA:0,(anonymous_20)
FNDA:0,(anonymous_21)
FNDA:8,(anonymous_22)
FNDA:0,(anonymous_23)
FNDA:4,(anonymous_24)
FNDA:4,(anonymous_25)
FNDA:0,(anonymous_26)
FNDA:4,(anonymous_27)
FNDA:67,VsiOglasiComponent_Factory
DA:14,149
DA:17,67
DA:20,67
DA:30,67
DA:34,67
DA:35,67
DA:38,0
DA:39,0
DA:44,0
DA:48,8
DA:49,6
DA:51,2
DA:58,67
DA:59,6
DA:60,6
DA:61,6
DA:62,6
DA:63,6
DA:64,6
DA:65,6
DA:67,6
DA:68,4
DA:69,4
DA:72,2
DA:73,2
DA:80,0
DA:84,4
DA:85,4
DA:86,4
DA:88,0
DA:91,0
DA:96,4
DA:97,4
DA:98,4
DA:99,4
DA:101,0
DA:104,67
DA:105,0
DA:106,0
DA:107,0
DA:108,0
DA:111,67
DA:112,0
LF:43
LH:31
BRDA:48,0,0,6
BRDA:48,0,1,2
BRDA:48,1,0,8
BRDA:48,1,1,8
BRDA:84,2,0,4
BRDA:84,2,1,0
BRDA:98,3,0,4
BRDA:98,3,1,0
BRDA:14,4,0,67
BRDA:14,4,1,67
BRF:10
BRH:8
end_of_record
TN:
SF:src\app\components\vsi-oglasi\oglas\oglas.component.html
FN:11,OglasComponent_div_0_Template_button_click_9_listener
FN:15,OglasComponent_div_0_Template_button_click_12_listener
FNF:2
FNH:2
FNDA:17,OglasComponent_div_0_Template_button_click_9_listener
FNDA:13,OglasComponent_div_0_Template_button_click_12_listener
DA:1,772
DA:2,139
DA:3,139
DA:5,139
DA:6,1544
DA:7,139
DA:8,1683
DA:9,1683
DA:11,139
DA:12,139
DA:13,139
DA:15,139
DA:16,139
DA:17,139
DA:19,139
DA:20,139
LF:16
LH:16
BRF:0
BRH:0
end_of_record
TN:
SF:src\app\components\vsi-oglasi\oglas\oglas.component.ts
FN:17,(anonymous_3)
FN:19,(anonymous_4)
FN:28,(anonymous_5)
FN:33,(anonymous_6)
FN:12,OglasComponent_Factory
FNF:5
FNH:5
FNDA:139,(anonymous_3)
FNDA:139,(anonymous_4)
FNDA:13,(anonymous_5)
FNDA:17,(anonymous_6)
FNDA:139,OglasComponent_Factory
DA:12,221
DA:17,139
DA:21,139
DA:24,0
DA:29,13
DA:30,13
DA:34,17
DA:35,17
DA:36,17
LF:9
LH:8
BRDA:21,0,0,139
BRDA:21,0,1,0
BRDA:12,1,0,139
BRDA:12,1,1,139
BRF:4
BRH:3
end_of_record
TN:
SF:src\app\pipes\invert.pipe.ts
FN:8,(anonymous_0)
FN:6,InvertPipe_Factory
FNF:2
FNH:2
FNDA:73,(anonymous_0)
FNDA:69,InvertPipe_Factory
DA:6,233
DA:9,73
LF:2
LH:2
BRDA:6,0,0,69
BRDA:6,0,1,69
BRF:2
BRH:2
end_of_record
TN:
SF:src\app\services\app-data.service.ts
FN:13,(anonymous_0)
FN:15,(anonymous_1)
FN:19,(anonymous_2)
FN:24,(anonymous_3)
FN:30,(anonymous_4)
FN:35,(anonymous_5)
FN:10,AppDataService_Factory
FNF:7
FNH:7
FNDA:82,(anonymous_0)
FNDA:51,(anonymous_1)
FNDA:8,(anonymous_2)
FNDA:59,(anonymous_3)
FNDA:57,(anonymous_4)
FNDA:2,(anonymous_5)
FNDA:82,AppDataService_Factory
DA:10,164
DA:12,82
DA:13,82
DA:16,51
DA:21,8
DA:25,59
DA:26,59
DA:27,59
DA:30,57
DA:36,2
DA:37,2
LF:11
LH:11
BRDA:37,0,0,2
BRDA:37,0,1,0
BRDA:10,1,0,82
BRDA:10,1,1,82
BRF:4
BRH:3
end_of_record
TN:
SF:src\app\services\authentication.service.ts
FN:17,(anonymous_0)
FN:20,(anonymous_1)
FN:23,(anonymous_2)
FN:29,(anonymous_3)
FN:32,(anonymous_4)
FN:38,(anonymous_5)
FN:49,(anonymous_6)
FN:53,(anonymous_7)
FN:57,(anonymous_8)
FN:61,(anonymous_9)
FN:66,(anonymous_10)
FN:78,(anonymous_11)
FN:110,(anonymous_12)
FN:13,AuthenticationService_Factory
FNF:14
FNH:12
FNDA:82,(anonymous_0)
FNDA:51,(anonymous_1)
FNDA:49,(anonymous_2)
FNDA:8,(anonymous_3)
FNDA:8,(anonymous_4)
FNDA:2,(anonymous_5)
FNDA:2,(anonymous_6)
FNDA:0,(anonymous_7)
FNDA:2565,(anonymous_8)
FNDA:61,(anonymous_9)
FNDA:2380,(anonymous_10)
FNDA:162,(anonymous_11)
FNDA:0,(anonymous_12)
FNDA:82,AuthenticationService_Factory
DA:13,164
DA:15,82
DA:17,82
DA:18,82
DA:21,51
DA:24,49
DA:25,49
DA:30,8
DA:33,8
DA:34,8
DA:39,2
DA:40,2
DA:41,2
DA:46,2
DA:49,2
DA:54,0
DA:58,2565
DA:62,61
DA:67,2380
DA:68,2380
DA:69,2252
DA:72,2252
DA:74,128
DA:79,162
DA:80,158
DA:92,158
DA:93,158
DA:94,158
DA:111,0
DA:112,0
LF:30
LH:27
BRDA:68,0,0,2252
BRDA:68,0,1,128
BRDA:79,1,0,158
BRDA:79,1,1,4
BRDA:112,2,0,0
BRDA:112,2,1,0
BRDA:13,3,0,82
BRDA:13,3,1,82
BRF:8
BRH:6
end_of_record
TN:
SF:src\app\services\oglasi.service.ts
FN:14,(anonymous_0)
FN:18,(anonymous_1)
FN:25,(anonymous_2)
FN:30,(anonymous_3)
FN:36,(anonymous_4)
FN:42,(anonymous_5)
FN:53,(anonymous_6)
FN:58,(anonymous_7)
FN:69,(anonymous_8)
FN:74,(anonymous_9)
FN:85,(anonymous_10)
FN:91,(anonymous_11)
FN:10,OglasiService_Factory
FNF:13
FNH:13
FNDA:67,(anonymous_0)
FNDA:71,(anonymous_1)
FNDA:71,(anonymous_2)
FNDA:15,(anonymous_3)
FNDA:15,(anonymous_4)
FNDA:6,(anonymous_5)
FNDA:4,(anonymous_6)
FNDA:1,(anonymous_7)
FNDA:1,(anonymous_8)
FNDA:2,(anonymous_9)
FNDA:2,(anonymous_10)
FNDA:2,(anonymous_11)
FNDA:67,OglasiService_Factory
DA:10,149
DA:12,67
DA:14,67
DA:19,71
DA:20,71
DA:21,71
DA:22,71
DA:25,71
DA:31,15
DA:32,15
DA:33,15
DA:36,15
DA:43,6
DA:44,6
DA:49,6
DA:50,6
DA:53,4
DA:59,1
DA:60,1
DA:65,1
DA:66,1
DA:69,1
DA:75,2
DA:76,2
DA:81,2
DA:82,2
DA:85,2
DA:92,2
DA:93,2
LF:29
LH:29
BRDA:20,0,0,0
BRDA:20,0,1,71
BRDA:93,1,0,2
BRDA:93,1,1,0
BRDA:10,2,0,67
BRDA:10,2,1,67
BRF:6
BRH:4
end_of_record
TN:
SF:src\app\services\user.service.ts
FN:17,(anonymous_0)
FN:19,(anonymous_1)
FN:25,(anonymous_2)
FN:29,(anonymous_3)
FN:35,(anonymous_4)
FN:39,(anonymous_5)
FN:52,(anonymous_6)
FN:57,(anonymous_7)
FN:68,(anonymous_8)
FN:72,(anonymous_9)
FN:84,(anonymous_10)
FN:88,(anonymous_11)
FN:99,(anonymous_12)
FN:103,(anonymous_13)
FN:116,(anonymous_14)
FN:120,(anonymous_15)
FN:132,(anonymous_16)
FN:136,(anonymous_17)
FN:149,(anonymous_18)
FN:153,(anonymous_19)
FN:165,(anonymous_20)
FN:170,(anonymous_21)
FN:13,UserService_Factory
FNF:23
FNH:17
FNDA:63,(anonymous_0)
FNDA:32,(anonymous_1)
FNDA:32,(anonymous_2)
FNDA:0,(anonymous_3)
FNDA:0,(anonymous_4)
FNDA:2,(anonymous_5)
FNDA:2,(anonymous_6)
FNDA:1,(anonymous_7)
FNDA:1,(anonymous_8)
FNDA:1,(anonymous_9)
FNDA:1,(anonymous_10)
FNDA:5,(anonymous_11)
FNDA:5,(anonymous_12)
FNDA:0,(anonymous_13)
FNDA:0,(anonymous_14)
FNDA:1,(anonymous_15)
FNDA:0,(anonymous_16)
FNDA:2,(anonymous_17)
FNDA:2,(anonymous_18)
FNDA:2,(anonymous_19)
FNDA:2,(anonymous_20)
FNDA:0,(anonymous_21)
FNDA:63,UserService_Factory
DA:13,145
DA:15,63
DA:17,63
DA:20,32
DA:21,32
DA:22,32
DA:25,32
DA:30,0
DA:31,0
DA:32,0
DA:35,0
DA:40,2
DA:41,2
DA:43,2
DA:49,2
DA:52,2
DA:58,1
DA:59,1
DA:64,1
DA:65,1
DA:68,1
DA:73,1
DA:74,1
DA:80,1
DA:81,1
DA:84,1
DA:89,5
DA:90,5
DA:95,5
DA:96,5
DA:99,5
DA:104,0
DA:105,0
DA:107,0
DA:113,0
DA:116,0
DA:121,1
DA:122,1
DA:124,1
DA:129,1
DA:132,0
DA:137,2
DA:138,2
DA:139,2
DA:141,2
DA:146,2
DA:149,2
DA:154,2
DA:155,2
DA:156,2
DA:157,2
DA:162,2
DA:165,2
DA:171,0
DA:172,0
LF:55
LH:43
BRDA:172,0,0,0
BRDA:172,0,1,0
BRDA:13,1,0,63
BRDA:13,1,1,63
BRF:4
BRH:2
end_of_record
TN:
SF:src\environments\environment.prod.ts
FNF:0
FNH:0
LF:0
LH:0
BRF:0
BRH:0
end_of_record
TN:
SF:src\environments\environment.ts
FNF:0
FNH:0
DA:5,82
LF:1
LH:1
BRF:0
BRH:0
end_of_record
TN:
SF:src\instrumented\main.ts
FNF:0
FNH:0
LF:0
LH:0
BRF:0
BRH:0
end_of_record
TN:
SF:src\instrumented\polyfills.ts
FNF:0
FNH:0
LF:0
LH:0
BRF:0
BRH:0
end_of_record
TN:
SF:src\instrumented\app\app.module.ts
FNF:0
FNH:0
LF:0
LH:0
BRF:0
BRH:0
end_of_record
TN:
SF:src\instrumented\app\Classes\authenticationResult.ts
FNF:0
FNH:0
LF:0
LH:0
BRF:0
BRH:0
end_of_record
TN:
SF:src\instrumented\app\Classes\storage.ts
FNF:0
FNH:0
LF:0
LH:0
BRF:0
BRH:0
end_of_record
TN:
SF:src\instrumented\app\Models\Comment.ts
FNF:0
FNH:0
LF:0
LH:0
BRF:0
BRH:0
end_of_record
TN:
SF:src\instrumented\app\Models\Oglas.ts
FNF:0
FNH:0
LF:0
LH:0
BRF:0
BRH:0
end_of_record
TN:
SF:src\instrumented\app\Models\User.ts
FNF:0
FNH:0
LF:0
LH:0
BRF:0
BRH:0
end_of_record
TN:
SF:src\instrumented\app\components\home-page\home-page.component.ts
FNF:0
FNH:0
LF:0
LH:0
BRF:0
BRH:0
end_of_record
TN:
SF:src\instrumented\app\components\komentar\komentar.component.ts
FNF:0
FNH:0
LF:0
LH:0
BRF:0
BRH:0
end_of_record
TN:
SF:src\instrumented\app\components\navbar\navbar.component.ts
FNF:0
FNH:0
LF:0
LH:0
BRF:0
BRH:0
end_of_record
TN:
SF:src\instrumented\app\components\ogled-oglasa\ogled-oglasa.component.ts
FNF:0
FNH:0
LF:0
LH:0
BRF:0
BRH:0
end_of_record
TN:
SF:src\instrumented\app\components\ogled-profila\ogled-profila.component.ts
FNF:0
FNH:0
LF:0
LH:0
BRF:0
BRH:0
end_of_record
TN:
SF:src\instrumented\app\components\ogrodje\ogrodje.component.ts
FNF:0
FNH:0
LF:0
LH:0
BRF:0
BRH:0
end_of_record
TN:
SF:src\instrumented\app\components\profil-uporabnika\profil-uporabnika.component.ts
FNF:0
FNH:0
LF:0
LH:0
BRF:0
BRH:0
end_of_record
TN:
SF:src\instrumented\app\components\registracija\registracija.component.ts
FNF:0
FNH:0
LF:0
LH:0
BRF:0
BRH:0
end_of_record
TN:
SF:src\instrumented\app\components\urejanje-profila\urejanje-profila.component.ts
FNF:0
FNH:0
LF:0
LH:0
BRF:0
BRH:0
end_of_record
TN:
SF:src\instrumented\app\components\vsi-oglasi\vsi-oglasi.component.ts
FNF:0
FNH:0
LF:0
LH:0
BRF:0
BRH:0
end_of_record
TN:
SF:src\instrumented\app\components\vsi-oglasi\oglas\oglas.component.ts
FNF:0
FNH:0
LF:0
LH:0
BRF:0
BRH:0
end_of_record
TN:
SF:src\instrumented\app\pipes\invert.pipe.ts
FNF:0
FNH:0
LF:0
LH:0
BRF:0
BRH:0
end_of_record
TN:
SF:src\instrumented\app\services\app-data.service.ts
FNF:0
FNH:0
LF:0
LH:0
BRF:0
BRH:0
end_of_record
TN:
SF:src\instrumented\app\services\authentication.service.ts
FNF:0
FNH:0
LF:0
LH:0
BRF:0
BRH:0
end_of_record
TN:
SF:src\instrumented\app\services\oglasi.service.ts
FNF:0
FNH:0
LF:0
LH:0
BRF:0
BRH:0
end_of_record
TN:
SF:src\instrumented\app\services\user.service.ts
FNF:0
FNH:0
LF:0
LH:0
BRF:0
BRH:0
end_of_record
TN:
SF:src\instrumented\environments\environment.prod.ts
FNF:0
FNH:0
LF:0
LH:0
BRF:0
BRH:0
end_of_record
TN:
SF:src\instrumented\environments\environment.ts
FNF:0
FNH:0
LF:0
LH:0
BRF:0
BRH:0
end_of_record
