{
  "C:\\Users\\Gašper\\WebstormProjects\\LP234-13\\src\\app_public\\src\\polyfills.ts": {
    "path": "C:\\Users\\Gašper\\WebstormProjects\\LP234-13\\src\\app_public\\src\\polyfills.ts",
    "statementMap": {},
    "fnMap": {},
    "branchMap": {},
    "s": {},
    "f": {},
    "b": {},
    "inputSourceMap": {
      "version": 3,
      "file": "polyfills.js",
      "sourceRoot": "",
      "sources": [
        "C:\\Users\\Gašper\\WebstormProjects\\LP234-13\\src\\app_public\\src\\polyfills.ts"
      ],
      "names": [],
      "mappings": "AAAA;;;;;;;;;;;;;;GAcG;AAEH;;GAEG;AAEH;;GAEG;AACH,oEAAoE;AAEpE;;;;GAIG;AACH,8EAA8E;AAE9E;;;;;;;;;;;;;;;;;;;;;;GAsBG;AAEH;;GAEG;AACH,OAAO,mBAAmB,CAAC,CAAE,6BAA6B;AAG1D;;GAEG",
      "sourcesContent": [
        "/**\r\n * This file includes polyfills needed by Angular and is loaded before the app.\r\n * You can add your own extra polyfills to this file.\r\n *\r\n * This file is divided into 2 sections:\r\n *   1. Browser polyfills. These are applied before loading ZoneJS and are sorted by browsers.\r\n *   2. Application imports. Files imported after ZoneJS that should be loaded before your main\r\n *      file.\r\n *\r\n * The current setup is for so-called \"evergreen\" browsers; the last versions of browsers that\r\n * automatically update themselves. This includes Safari >= 10, Chrome >= 55 (including Opera),\r\n * Edge >= 13 on the desktop, and iOS 10 and Chrome on mobile.\r\n *\r\n * Learn more in https://angular.io/guide/browser-support\r\n */\r\n\r\n/***************************************************************************************************\r\n * BROWSER POLYFILLS\r\n */\r\n\r\n/**\r\n * IE11 requires the following for NgClass support on SVG elements\r\n */\r\n// import 'classlist.js';  // Run `npm install --save classlist.js`.\r\n\r\n/**\r\n * Web Animations `@angular/platform-browser/animations`\r\n * Only required if AnimationBuilder is used within the application and using IE/Edge or Safari.\r\n * Standard animation support in Angular DOES NOT require any polyfills (as of Angular 6.0).\r\n */\r\n// import 'web-animations-js';  // Run `npm install --save web-animations-js`.\r\n\r\n/**\r\n * By default, zone.js will patch all possible macroTask and DomEvents\r\n * user can disable parts of macroTask/DomEvents patch by setting following flags\r\n * because those flags need to be set before `zone.js` being loaded, and webpack\r\n * will put import in the top of bundle, so user need to create a separate file\r\n * in this directory (for example: zone-flags.ts), and put the following flags\r\n * into that file, and then add the following code before importing zone.js.\r\n * import './zone-flags';\r\n *\r\n * The flags allowed in zone-flags.ts are listed here.\r\n *\r\n * The following flags will work for all browsers.\r\n *\r\n * (window as any).__Zone_disable_requestAnimationFrame = true; // disable patch requestAnimationFrame\r\n * (window as any).__Zone_disable_on_property = true; // disable patch onProperty such as onclick\r\n * (window as any).__zone_symbol__UNPATCHED_EVENTS = ['scroll', 'mousemove']; // disable patch specified eventNames\r\n *\r\n *  in IE/Edge developer tools, the addEventListener will also be wrapped by zone.js\r\n *  with the following flag, it will bypass `zone.js` patch for IE/Edge\r\n *\r\n *  (window as any).__Zone_enable_cross_context_check = true;\r\n *\r\n */\r\n\r\n/***************************************************************************************************\r\n * Zone JS is required by default for Angular itself.\r\n */\r\nimport 'zone.js/dist/zone';  // Included with Angular CLI.\r\n\r\n\r\n/***************************************************************************************************\r\n * APPLICATION IMPORTS\r\n */\r\n"
      ]
    },
    "_coverageSchema": "332fd63041d2c1bcb487cc26dd0d5f7d97098a6c",
    "hash": "18ec13f910cf373148a5cf5ec121768899784aa5"
  },
  "C:\\Users\\Gašper\\WebstormProjects\\LP234-13\\src\\app_public\\src\\app\\Classes\\storage.ts": {
    "path": "C:\\Users\\Gašper\\WebstormProjects\\LP234-13\\src\\app_public\\src\\app\\Classes\\storage.ts",
    "statementMap": {
      "0": {
        "start": {
          "line": 2,
          "column": 34
        },
        "end": {
          "line": 5,
          "column": 2
        }
      },
      "1": {
        "start": {
          "line": 4,
          "column": 19
        },
        "end": {
          "line": 4,
          "column": 31
        }
      }
    },
    "fnMap": {
      "0": {
        "name": "(anonymous_0)",
        "decl": {
          "start": {
            "line": 4,
            "column": 13
          },
          "end": {
            "line": 4,
            "column": 14
          }
        },
        "loc": {
          "start": {
            "line": 4,
            "column": 19
          },
          "end": {
            "line": 4,
            "column": 31
          }
        },
        "line": 4
      }
    },
    "branchMap": {},
    "s": {
      "0": 82,
      "1": 82
    },
    "f": {
      "0": 82
    },
    "b": {},
    "inputSourceMap": {
      "version": 3,
      "file": "storage.js",
      "sourceRoot": "",
      "sources": [
        "C:\\Users\\Gašper\\WebstormProjects\\LP234-13\\src\\app_public\\src\\app\\Classes\\storage.ts"
      ],
      "names": [],
      "mappings": "AAAA,OAAO,EAAE,cAAc,EAAE,MAAM,eAAe,CAAC;AAE/C,MAAM,CAAC,MAAM,kBAAkB,GAAG,IAAI,cAAc,CAClD,iBAAiB,EACjB;IACE,UAAU,EAAE,MAAM;IAClB,OAAO,EAAE,GAAG,EAAE,CAAC,YAAY;CAC5B,CACF,CAAC",
      "sourcesContent": [
        "import { InjectionToken } from '@angular/core';\r\n\r\nexport const SHRAMBA_BRSKALNIKA = new InjectionToken<Storage>(\r\n  'Browser storage',\r\n  {\r\n    providedIn: 'root',\r\n    factory: () => localStorage\r\n  }\r\n);\r\n"
      ]
    },
    "_coverageSchema": "332fd63041d2c1bcb487cc26dd0d5f7d97098a6c",
    "hash": "ece8aa8c6cfc4a6bf48486729c05da66303412fd"
  },
  "C:\\Users\\Gašper\\WebstormProjects\\LP234-13\\src\\app_public\\src\\environments\\environment.ts": {
    "path": "C:\\Users\\Gašper\\WebstormProjects\\LP234-13\\src\\app_public\\src\\environments\\environment.ts",
    "statementMap": {
      "0": {
        "start": {
          "line": 4,
          "column": 27
        },
        "end": {
          "line": 7,
          "column": 1
        }
      }
    },
    "fnMap": {},
    "branchMap": {},
    "s": {
      "0": 82
    },
    "f": {},
    "b": {},
    "inputSourceMap": {
      "version": 3,
      "file": "environment.js",
      "sourceRoot": "",
      "sources": [
        "C:\\Users\\Gašper\\WebstormProjects\\LP234-13\\src\\app_public\\src\\environments\\environment.ts"
      ],
      "names": [],
      "mappings": "AAAA,gFAAgF;AAChF,0EAA0E;AAC1E,gEAAgE;AAEhE,MAAM,CAAC,MAAM,WAAW,GAAG;IACzB,UAAU,EAAE,KAAK;IACjB,MAAM,EAAE,8BAA8B;CACvC,CAAC;AAEF;;;;;;GAMG;AACH,mEAAmE",
      "sourcesContent": [
        "// This file can be replaced during build by using the `fileReplacements` array.\r\n// `ng build --prod` replaces `environment.ts` with `environment.prod.ts`.\r\n// The list of file replacements can be found in `angular.json`.\r\n\r\nexport const environment = {\r\n  production: false,\r\n  apiUrl: \"http://localhost:3000/api/v1\"\r\n};\r\n\r\n/*\r\n * For easier debugging in development mode, you can import the following file\r\n * to ignore zone related error stack frames such as `zone.run`, `zoneDelegate.invokeTask`.\r\n *\r\n * This import should be commented out in production mode because it will have a negative impact\r\n * on performance if an error is thrown.\r\n */\r\n// import 'zone.js/dist/zone-error';  // Included with Angular CLI.\r\n"
      ]
    },
    "_coverageSchema": "332fd63041d2c1bcb487cc26dd0d5f7d97098a6c",
    "hash": "543262914d92966060835ebba8c2e6379bb714a4"
  },
  "C:\\Users\\Gašper\\WebstormProjects\\LP234-13\\src\\app_public\\src\\app\\services\\app-data.service.ts": {
    "path": "C:\\Users\\Gašper\\WebstormProjects\\LP234-13\\src\\app_public\\src\\app\\services\\app-data.service.ts",
    "statementMap": {
      "0": {
        "start": {
          "line": 6,
          "column": 8
        },
        "end": {
          "line": 6,
          "column": 25
        }
      },
      "1": {
        "start": {
          "line": 7,
          "column": 8
        },
        "end": {
          "line": 7,
          "column": 41
        }
      },
      "2": {
        "start": {
          "line": 10,
          "column": 8
        },
        "end": {
          "line": 10,
          "column": 59
        }
      },
      "3": {
        "start": {
          "line": 14,
          "column": 8
        },
        "end": {
          "line": 14,
          "column": 65
        }
      },
      "4": {
        "start": {
          "line": 17,
          "column": 20
        },
        "end": {
          "line": 17,
          "column": 49
        }
      },
      "5": {
        "start": {
          "line": 18,
          "column": 8
        },
        "end": {
          "line": 18,
          "column": 35
        }
      },
      "6": {
        "start": {
          "line": 19,
          "column": 8
        },
        "end": {
          "line": 23,
          "column": 39
        }
      },
      "7": {
        "start": {
          "line": 22,
          "column": 30
        },
        "end": {
          "line": 22,
          "column": 38
        }
      },
      "8": {
        "start": {
          "line": 27,
          "column": 8
        },
        "end": {
          "line": 27,
          "column": 53
        }
      },
      "9": {
        "start": {
          "line": 28,
          "column": 8
        },
        "end": {
          "line": 28,
          "column": 56
        }
      },
      "10": {
        "start": {
          "line": 31,
          "column": 0
        },
        "end": {
          "line": 31,
          "column": 123
        }
      },
      "11": {
        "start": {
          "line": 31,
          "column": 59
        },
        "end": {
          "line": 31,
          "column": 120
        }
      },
      "12": {
        "start": {
          "line": 32,
          "column": 0
        },
        "end": {
          "line": 32,
          "column": 122
        }
      }
    },
    "fnMap": {
      "0": {
        "name": "(anonymous_0)",
        "decl": {
          "start": {
            "line": 5,
            "column": 4
          },
          "end": {
            "line": 5,
            "column": 5
          }
        },
        "loc": {
          "start": {
            "line": 5,
            "column": 22
          },
          "end": {
            "line": 8,
            "column": 5
          }
        },
        "line": 5
      },
      "1": {
        "name": "(anonymous_1)",
        "decl": {
          "start": {
            "line": 9,
            "column": 4
          },
          "end": {
            "line": 9,
            "column": 5
          }
        },
        "loc": {
          "start": {
            "line": 9,
            "column": 23
          },
          "end": {
            "line": 11,
            "column": 5
          }
        },
        "line": 9
      },
      "2": {
        "name": "(anonymous_2)",
        "decl": {
          "start": {
            "line": 12,
            "column": 4
          },
          "end": {
            "line": 12,
            "column": 5
          }
        },
        "loc": {
          "start": {
            "line": 12,
            "column": 31
          },
          "end": {
            "line": 15,
            "column": 5
          }
        },
        "line": 12
      },
      "3": {
        "name": "(anonymous_3)",
        "decl": {
          "start": {
            "line": 16,
            "column": 4
          },
          "end": {
            "line": 16,
            "column": 5
          }
        },
        "loc": {
          "start": {
            "line": 16,
            "column": 40
          },
          "end": {
            "line": 24,
            "column": 5
          }
        },
        "line": 16
      },
      "4": {
        "name": "(anonymous_4)",
        "decl": {
          "start": {
            "line": 22,
            "column": 18
          },
          "end": {
            "line": 22,
            "column": 19
          }
        },
        "loc": {
          "start": {
            "line": 22,
            "column": 30
          },
          "end": {
            "line": 22,
            "column": 38
          }
        },
        "line": 22
      },
      "5": {
        "name": "(anonymous_5)",
        "decl": {
          "start": {
            "line": 26,
            "column": 4
          },
          "end": {
            "line": 26,
            "column": 5
          }
        },
        "loc": {
          "start": {
            "line": 26,
            "column": 26
          },
          "end": {
            "line": 29,
            "column": 5
          }
        },
        "line": 26
      },
      "6": {
        "name": "AppDataService_Factory",
        "decl": {
          "start": {
            "line": 31,
            "column": 31
          },
          "end": {
            "line": 31,
            "column": 53
          }
        },
        "loc": {
          "start": {
            "line": 31,
            "column": 57
          },
          "end": {
            "line": 31,
            "column": 122
          }
        },
        "line": 31
      }
    },
    "branchMap": {
      "0": {
        "loc": {
          "start": {
            "line": 28,
            "column": 30
          },
          "end": {
            "line": 28,
            "column": 54
          }
        },
        "type": "binary-expr",
        "locations": [
          {
            "start": {
              "line": 28,
              "column": 30
            },
            "end": {
              "line": 28,
              "column": 44
            }
          },
          {
            "start": {
              "line": 28,
              "column": 48
            },
            "end": {
              "line": 28,
              "column": 54
            }
          }
        ],
        "line": 28
      },
      "1": {
        "loc": {
          "start": {
            "line": 31,
            "column": 71
          },
          "end": {
            "line": 31,
            "column": 90
          }
        },
        "type": "binary-expr",
        "locations": [
          {
            "start": {
              "line": 31,
              "column": 71
            },
            "end": {
              "line": 31,
              "column": 72
            }
          },
          {
            "start": {
              "line": 31,
              "column": 76
            },
            "end": {
              "line": 31,
              "column": 90
            }
          }
        ],
        "line": 31
      }
    },
    "s": {
      "0": 82,
      "1": 82,
      "2": 51,
      "3": 8,
      "4": 59,
      "5": 59,
      "6": 59,
      "7": 57,
      "8": 2,
      "9": 2,
      "10": 82,
      "11": 82,
      "12": 82
    },
    "f": {
      "0": 82,
      "1": 51,
      "2": 8,
      "3": 59,
      "4": 57,
      "5": 2,
      "6": 82
    },
    "b": {
      "0": [
        2,
        0
      ],
      "1": [
        82,
        82
      ]
    },
    "inputSourceMap": {
      "version": 3,
      "file": "app-data.service.js",
      "sourceRoot": "",
      "sources": [
        "C:\\Users\\Gašper\\WebstormProjects\\LP234-13\\src\\app_public\\src\\app\\services\\app-data.service.ts"
      ],
      "names": [],
      "mappings": "AAGA,OAAO,EAAC,WAAW,EAAC,MAAM,gCAAgC,CAAC;;;AAM3D,MAAM,OAAO,cAAc;IAGzB,YAAoB,IAAe;QAAf,SAAI,GAAJ,IAAI,CAAW;QAD3B,WAAM,GAAG,WAAW,CAAC,MAAM,CAAC;IACG,CAAC;IAEjC,OAAO,CAAC,SAAoB;QACjC,OAAO,IAAI,CAAC,aAAa,CAAC,YAAY,EAAE,SAAS,CAAC,CAAC;IACrD,CAAC;IAEM,YAAY,CAAC,YAA0B;QAC5C,qDAAqD;QACrD,OAAO,IAAI,CAAC,aAAa,CAAC,eAAe,EAAE,YAAY,CAAC,CAAC;IAC3D,CAAC;IAEO,aAAa,CAAC,SAAiB,EAAE,SAAc;QACrD,MAAM,GAAG,GAAW,GAAG,IAAI,CAAC,MAAM,IAAI,SAAS,EAAE,CAAC;QAClD,OAAO,CAAC,GAAG,CAAC,OAAO,GAAC,GAAG,CAAC,CAAA;QACxB,OAAO,IAAI,CAAC,IAAI;aACb,IAAI,CAAC,GAAG,EAAE,SAAS,CAAC;aACpB,SAAS,EAAE;aACX,IAAI,CAAC,QAAQ,CAAC,EAAE,CAAC,QAAgC,CAAC;aAClD,KAAK,CAAC,IAAI,CAAC,aAAa,CAAC,CAAC;IAC/B,CAAC;IAED,0BAA0B;IAClB,aAAa,CAAC,MAAW;QAC/B,OAAO,CAAC,KAAK,CAAC,qBAAqB,EAAE,MAAM,CAAC,CAAC;QAC7C,OAAO,OAAO,CAAC,MAAM,CAAC,MAAM,CAAC,OAAO,IAAI,MAAM,CAAC,CAAC;IAClD,CAAC;;4EA5BU,cAAc;sDAAd,cAAc,WAAd,cAAc,mBAFb,MAAM",
      "sourcesContent": [
        "import { Injectable } from '@angular/core';\r\nimport {AuthenticationResult} from \"../Classes/authenticationResult\";\r\nimport {HttpClient, HttpHeaders} from \"@angular/common/http\";\r\nimport {environment} from \"../../environments/environment\";\r\nimport {UserLogin, UserRegister, User} from \"../Models/User\";\r\n\r\n@Injectable({\r\n  providedIn: 'root'\r\n})\r\nexport class AppDataService {\r\n\r\n  private apiUrl = environment.apiUrl;\r\n  constructor(private http:HttpClient) { }\r\n\r\n  public prijava(loginData: UserLogin): Promise<AuthenticationResult> {\r\n    return this.avtentikacija('auth/login', loginData);\r\n  }\r\n\r\n  public registracija(registerData: UserRegister): Promise<AuthenticationResult> {\r\n    //console.log(\"got to app-data.service registracija\")\r\n    return this.avtentikacija('auth/register', registerData);\r\n  }\r\n\r\n  private avtentikacija(urlNaslov: string, uporabnik: any): Promise<AuthenticationResult> {\r\n    const url: string = `${this.apiUrl}/${urlNaslov}`;\r\n    console.log(\"url: \"+url)\r\n    return this.http\r\n      .post(url, uporabnik)\r\n      .toPromise()\r\n      .then(rezultat => rezultat as AuthenticationResult)\r\n      .catch(this.obdelajNapako);\r\n  }\r\n\r\n  /** obdelovanje napake **/\r\n  private obdelajNapako(napaka: any): Promise<any> {\r\n    console.error('Prišlo je do napake', napaka);\r\n    return Promise.reject(napaka.message || napaka);\r\n  }\r\n}\r\n"
      ]
    },
    "_coverageSchema": "332fd63041d2c1bcb487cc26dd0d5f7d97098a6c",
    "hash": "b8bed52c004a0c9ebc634a846f50640af7ccb88f"
  },
  "C:\\Users\\Gašper\\WebstormProjects\\LP234-13\\src\\app_public\\src\\app\\services\\authentication.service.ts": {
    "path": "C:\\Users\\Gašper\\WebstormProjects\\LP234-13\\src\\app_public\\src\\app\\services\\authentication.service.ts",
    "statementMap": {
      "0": {
        "start": {
          "line": 10,
          "column": 8
        },
        "end": {
          "line": 10,
          "column": 31
        }
      },
      "1": {
        "start": {
          "line": 11,
          "column": 8
        },
        "end": {
          "line": 11,
          "column": 45
        }
      },
      "2": {
        "start": {
          "line": 12,
          "column": 8
        },
        "end": {
          "line": 12,
          "column": 25
        }
      },
      "3": {
        "start": {
          "line": 13,
          "column": 8
        },
        "end": {
          "line": 13,
          "column": 51
        }
      },
      "4": {
        "start": {
          "line": 16,
          "column": 8
        },
        "end": {
          "line": 21,
          "column": 11
        }
      },
      "5": {
        "start": {
          "line": 19,
          "column": 12
        },
        "end": {
          "line": 19,
          "column": 59
        }
      },
      "6": {
        "start": {
          "line": 20,
          "column": 12
        },
        "end": {
          "line": 20,
          "column": 40
        }
      },
      "7": {
        "start": {
          "line": 24,
          "column": 8
        },
        "end": {
          "line": 29,
          "column": 11
        }
      },
      "8": {
        "start": {
          "line": 27,
          "column": 12
        },
        "end": {
          "line": 27,
          "column": 59
        }
      },
      "9": {
        "start": {
          "line": 28,
          "column": 12
        },
        "end": {
          "line": 28,
          "column": 32
        }
      },
      "10": {
        "start": {
          "line": 32,
          "column": 20
        },
        "end": {
          "line": 32,
          "column": 41
        }
      },
      "11": {
        "start": {
          "line": 33,
          "column": 8
        },
        "end": {
          "line": 33,
          "column": 35
        }
      },
      "12": {
        "start": {
          "line": 34,
          "column": 28
        },
        "end": {
          "line": 38,
          "column": 9
        }
      },
      "13": {
        "start": {
          "line": 39,
          "column": 8
        },
        "end": {
          "line": 43,
          "column": 39
        }
      },
      "14": {
        "start": {
          "line": 42,
          "column": 30
        },
        "end": {
          "line": 42,
          "column": 38
        }
      },
      "15": {
        "start": {
          "line": 46,
          "column": 8
        },
        "end": {
          "line": 46,
          "column": 39
        }
      },
      "16": {
        "start": {
          "line": 49,
          "column": 8
        },
        "end": {
          "line": 49,
          "column": 43
        }
      },
      "17": {
        "start": {
          "line": 52,
          "column": 8
        },
        "end": {
          "line": 52,
          "column": 43
        }
      },
      "18": {
        "start": {
          "line": 55,
          "column": 22
        },
        "end": {
          "line": 55,
          "column": 38
        }
      },
      "19": {
        "start": {
          "line": 56,
          "column": 8
        },
        "end": {
          "line": 64,
          "column": 9
        }
      },
      "20": {
        "start": {
          "line": 57,
          "column": 31
        },
        "end": {
          "line": 57,
          "column": 48
        }
      },
      "21": {
        "start": {
          "line": 60,
          "column": 12
        },
        "end": {
          "line": 60,
          "column": 56
        }
      },
      "22": {
        "start": {
          "line": 63,
          "column": 12
        },
        "end": {
          "line": 63,
          "column": 25
        }
      },
      "23": {
        "start": {
          "line": 67,
          "column": 8
        },
        "end": {
          "line": 84,
          "column": 9
        }
      },
      "24": {
        "start": {
          "line": 68,
          "column": 26
        },
        "end": {
          "line": 68,
          "column": 42
        }
      },
      "25": {
        "start": {
          "line": 69,
          "column": 111
        },
        "end": {
          "line": 69,
          "column": 128
        }
      },
      "26": {
        "start": {
          "line": 70,
          "column": 12
        },
        "end": {
          "line": 70,
          "column": 34
        }
      },
      "27": {
        "start": {
          "line": 71,
          "column": 12
        },
        "end": {
          "line": 83,
          "column": 14
        }
      },
      "28": {
        "start": {
          "line": 88,
          "column": 8
        },
        "end": {
          "line": 88,
          "column": 53
        }
      },
      "29": {
        "start": {
          "line": 89,
          "column": 8
        },
        "end": {
          "line": 89,
          "column": 56
        }
      },
      "30": {
        "start": {
          "line": 92,
          "column": 0
        },
        "end": {
          "line": 92,
          "column": 209
        }
      },
      "31": {
        "start": {
          "line": 92,
          "column": 73
        },
        "end": {
          "line": 92,
          "column": 206
        }
      },
      "32": {
        "start": {
          "line": 93,
          "column": 0
        },
        "end": {
          "line": 93,
          "column": 143
        }
      }
    },
    "fnMap": {
      "0": {
        "name": "(anonymous_0)",
        "decl": {
          "start": {
            "line": 9,
            "column": 4
          },
          "end": {
            "line": 9,
            "column": 5
          }
        },
        "loc": {
          "start": {
            "line": 9,
            "column": 47
          },
          "end": {
            "line": 14,
            "column": 5
          }
        },
        "line": 9
      },
      "1": {
        "name": "(anonymous_1)",
        "decl": {
          "start": {
            "line": 15,
            "column": 4
          },
          "end": {
            "line": 15,
            "column": 5
          }
        },
        "loc": {
          "start": {
            "line": 15,
            "column": 21
          },
          "end": {
            "line": 22,
            "column": 5
          }
        },
        "line": 15
      },
      "2": {
        "name": "(anonymous_2)",
        "decl": {
          "start": {
            "line": 18,
            "column": 18
          },
          "end": {
            "line": 18,
            "column": 19
          }
        },
        "loc": {
          "start": {
            "line": 18,
            "column": 45
          },
          "end": {
            "line": 21,
            "column": 9
          }
        },
        "line": 18
      },
      "3": {
        "name": "(anonymous_3)",
        "decl": {
          "start": {
            "line": 23,
            "column": 4
          },
          "end": {
            "line": 23,
            "column": 5
          }
        },
        "loc": {
          "start": {
            "line": 23,
            "column": 24
          },
          "end": {
            "line": 30,
            "column": 5
          }
        },
        "line": 23
      },
      "4": {
        "name": "(anonymous_4)",
        "decl": {
          "start": {
            "line": 26,
            "column": 18
          },
          "end": {
            "line": 26,
            "column": 19
          }
        },
        "loc": {
          "start": {
            "line": 26,
            "column": 45
          },
          "end": {
            "line": 29,
            "column": 9
          }
        },
        "line": 26
      },
      "5": {
        "name": "(anonymous_5)",
        "decl": {
          "start": {
            "line": 31,
            "column": 4
          },
          "end": {
            "line": 31,
            "column": 5
          }
        },
        "loc": {
          "start": {
            "line": 31,
            "column": 29
          },
          "end": {
            "line": 44,
            "column": 5
          }
        },
        "line": 31
      },
      "6": {
        "name": "(anonymous_6)",
        "decl": {
          "start": {
            "line": 42,
            "column": 18
          },
          "end": {
            "line": 42,
            "column": 19
          }
        },
        "loc": {
          "start": {
            "line": 42,
            "column": 30
          },
          "end": {
            "line": 42,
            "column": 38
          }
        },
        "line": 42
      },
      "7": {
        "name": "(anonymous_7)",
        "decl": {
          "start": {
            "line": 45,
            "column": 4
          },
          "end": {
            "line": 45,
            "column": 5
          }
        },
        "loc": {
          "start": {
            "line": 45,
            "column": 13
          },
          "end": {
            "line": 47,
            "column": 5
          }
        },
        "line": 45
      },
      "8": {
        "name": "(anonymous_8)",
        "decl": {
          "start": {
            "line": 48,
            "column": 4
          },
          "end": {
            "line": 48,
            "column": 5
          }
        },
        "loc": {
          "start": {
            "line": 48,
            "column": 16
          },
          "end": {
            "line": 50,
            "column": 5
          }
        },
        "line": 48
      },
      "9": {
        "name": "(anonymous_9)",
        "decl": {
          "start": {
            "line": 51,
            "column": 4
          },
          "end": {
            "line": 51,
            "column": 5
          }
        },
        "loc": {
          "start": {
            "line": 51,
            "column": 23
          },
          "end": {
            "line": 53,
            "column": 5
          }
        },
        "line": 51
      },
      "10": {
        "name": "(anonymous_10)",
        "decl": {
          "start": {
            "line": 54,
            "column": 4
          },
          "end": {
            "line": 54,
            "column": 5
          }
        },
        "loc": {
          "start": {
            "line": 54,
            "column": 19
          },
          "end": {
            "line": 65,
            "column": 5
          }
        },
        "line": 54
      },
      "11": {
        "name": "(anonymous_11)",
        "decl": {
          "start": {
            "line": 66,
            "column": 4
          },
          "end": {
            "line": 66,
            "column": 5
          }
        },
        "loc": {
          "start": {
            "line": 66,
            "column": 31
          },
          "end": {
            "line": 85,
            "column": 5
          }
        },
        "line": 66
      },
      "12": {
        "name": "(anonymous_12)",
        "decl": {
          "start": {
            "line": 87,
            "column": 4
          },
          "end": {
            "line": 87,
            "column": 5
          }
        },
        "loc": {
          "start": {
            "line": 87,
            "column": 26
          },
          "end": {
            "line": 90,
            "column": 5
          }
        },
        "line": 87
      },
      "13": {
        "name": "AuthenticationService_Factory",
        "decl": {
          "start": {
            "line": 92,
            "column": 38
          },
          "end": {
            "line": 92,
            "column": 67
          }
        },
        "loc": {
          "start": {
            "line": 92,
            "column": 71
          },
          "end": {
            "line": 92,
            "column": 208
          }
        },
        "line": 92
      }
    },
    "branchMap": {
      "0": {
        "loc": {
          "start": {
            "line": 56,
            "column": 8
          },
          "end": {
            "line": 64,
            "column": 9
          }
        },
        "type": "if",
        "locations": [
          {
            "start": {
              "line": 56,
              "column": 8
            },
            "end": {
              "line": 64,
              "column": 9
            }
          },
          {
            "start": {
              "line": 56,
              "column": 8
            },
            "end": {
              "line": 64,
              "column": 9
            }
          }
        ],
        "line": 56
      },
      "1": {
        "loc": {
          "start": {
            "line": 67,
            "column": 8
          },
          "end": {
            "line": 84,
            "column": 9
          }
        },
        "type": "if",
        "locations": [
          {
            "start": {
              "line": 67,
              "column": 8
            },
            "end": {
              "line": 84,
              "column": 9
            }
          },
          {
            "start": {
              "line": 67,
              "column": 8
            },
            "end": {
              "line": 84,
              "column": 9
            }
          }
        ],
        "line": 67
      },
      "2": {
        "loc": {
          "start": {
            "line": 89,
            "column": 30
          },
          "end": {
            "line": 89,
            "column": 54
          }
        },
        "type": "binary-expr",
        "locations": [
          {
            "start": {
              "line": 89,
              "column": 30
            },
            "end": {
              "line": 89,
              "column": 44
            }
          },
          {
            "start": {
              "line": 89,
              "column": 48
            },
            "end": {
              "line": 89,
              "column": 54
            }
          }
        ],
        "line": 89
      },
      "3": {
        "loc": {
          "start": {
            "line": 92,
            "column": 85
          },
          "end": {
            "line": 92,
            "column": 111
          }
        },
        "type": "binary-expr",
        "locations": [
          {
            "start": {
              "line": 92,
              "column": 85
            },
            "end": {
              "line": 92,
              "column": 86
            }
          },
          {
            "start": {
              "line": 92,
              "column": 90
            },
            "end": {
              "line": 92,
              "column": 111
            }
          }
        ],
        "line": 92
      }
    },
    "s": {
      "0": 82,
      "1": 82,
      "2": 82,
      "3": 82,
      "4": 51,
      "5": 49,
      "6": 49,
      "7": 8,
      "8": 8,
      "9": 8,
      "10": 2,
      "11": 2,
      "12": 2,
      "13": 2,
      "14": 2,
      "15": 0,
      "16": 2565,
      "17": 61,
      "18": 2380,
      "19": 2380,
      "20": 2252,
      "21": 2252,
      "22": 128,
      "23": 162,
      "24": 158,
      "25": 158,
      "26": 158,
      "27": 158,
      "28": 0,
      "29": 0,
      "30": 82,
      "31": 82,
      "32": 82
    },
    "f": {
      "0": 82,
      "1": 51,
      "2": 49,
      "3": 8,
      "4": 8,
      "5": 2,
      "6": 2,
      "7": 0,
      "8": 2565,
      "9": 61,
      "10": 2380,
      "11": 162,
      "12": 0,
      "13": 82
    },
    "b": {
      "0": [
        2252,
        128
      ],
      "1": [
        158,
        4
      ],
      "2": [
        0,
        0
      ],
      "3": [
        82,
        82
      ]
    },
    "inputSourceMap": {
      "version": 3,
      "file": "authentication.service.js",
      "sourceRoot": "",
      "sources": [
        "C:\\Users\\Gašper\\WebstormProjects\\LP234-13\\src\\app_public\\src\\app\\services\\authentication.service.ts"
      ],
      "names": [],
      "mappings": "AAGA,OAAO,EAAC,kBAAkB,EAAC,MAAM,oBAAoB,CAAC;AAEtD,OAAO,EAAa,WAAW,EAAC,MAAM,sBAAsB,CAAC;AAC7D,OAAO,EAAC,WAAW,EAAC,MAAM,gCAAgC,CAAC;AAC3D,OAAO,UAAU,MAAM,YAAY,CAAC;;;;AAKpC,MAAM,OAAO,qBAAqB;IAIhC,YAAgD,OAAgB,EAC5C,cAA8B,EAAU,IAAe;QAD3B,YAAO,GAAP,OAAO,CAAS;QAC5C,mBAAc,GAAd,cAAc,CAAgB;QAAU,SAAI,GAAJ,IAAI,CAAW;QAHnE,WAAM,GAAG,WAAW,CAAC,MAAM,GAAC,OAAO,CAAA;IAGoC,CAAC;IAEzE,KAAK,CAAC,SAAoB;QAC/B,OAAO,IAAI,CAAC,cAAc;aACvB,OAAO,CAAC,SAAS,CAAC;aAClB,IAAI,CAAC,CAAC,qBAA2C,EAAE,EAAE;YACpD,IAAI,CAAC,WAAW,CAAC,qBAAqB,CAAC,KAAK,CAAC,CAAC,CAAA;YAC5C,OAAO,CAAC,GAAG,CAAC,cAAc,CAAC,CAAA;QAC/B,CAAC,CAAC,CAAC;IACP,CAAC;IAEM,QAAQ,CAAC,SAAuB;QACrC,OAAO,IAAI,CAAC,cAAc;aACvB,YAAY,CAAC,SAAS,CAAC;aACvB,IAAI,CAAC,CAAC,qBAA2C,EAAE,EAAE;YACpD,IAAI,CAAC,WAAW,CAAC,qBAAqB,CAAC,KAAK,CAAC,CAAC,CAAC;YAC/C,OAAO,CAAC,GAAG,CAAC,MAAM,CAAC,CAAA;QACrB,CAAC,CAAC,CAAC;IACP,CAAC;IAEM,cAAc,CAAC,QAAgB;QACpC,MAAM,GAAG,GAAW,GAAG,IAAI,CAAC,MAAM,OAAO,CAAC;QAC1C,OAAO,CAAC,GAAG,CAAC,OAAO,GAAC,GAAG,CAAC,CAAA;QACxB,MAAM,WAAW,GAAG;YAClB,OAAO,EAAE,IAAI,WAAW,CAAC;gBACvB,eAAe,EAAE,UAAU,IAAI,CAAC,SAAS,EAAE,EAAE;aAC9C,CAAC;SACH,CAAC;QACF,OAAO,IAAI,CAAC,IAAI;aACb,GAAG,CAAC,GAAG,EAAE,EAAC,QAAQ,EAAE,QAAQ,EAAC,EAAE,WAAW,CAAC;aAC3C,SAAS,EAAE;aACX,IAAI,CAAC,QAAQ,CAAC,EAAE,CAAC,QAAmB,CAAC;aACrC,KAAK,CAAC,IAAI,CAAC,aAAa,CAAC,CAAC;IAC/B,CAAC;IAEM,MAAM;QACX,YAAY,CAAC,UAAU,CAAC,KAAK,CAAC,CAAC;IACjC,CAAC;IAEM,SAAS;QACd,OAAO,YAAY,CAAC,OAAO,CAAC,KAAK,CAAC,CAAC;IACrC,CAAC;IAEM,WAAW,CAAC,KAAa;QAC9B,YAAY,CAAC,OAAO,CAAC,KAAK,EAAE,KAAK,CAAC,CAAC;IACrC,CAAC;IAGM,YAAY;QACjB,MAAM,KAAK,GAAW,IAAI,CAAC,SAAS,EAAE,CAAC;QACvC,IAAI,KAAK,EAAE;YACT,MAAM,UAAU,GAAG,UAAU,CAAC,KAAK,CAAC,CAAA;YACpC,2DAA2D;YAC3D,aAAa;YACb,OAAO,UAAU,CAAC,GAAG,GAAG,CAAC,IAAI,CAAC,GAAG,EAAE,GAAG,IAAI,CAAC,CAAC;SAC7C;aAAM;YACL,OAAO,KAAK,CAAC;SACd;IACH,CAAC;IAEM,wBAAwB;QAC7B,IAAI,IAAI,CAAC,YAAY,EAAE,EAAE;YACvB,MAAM,KAAK,GAAW,IAAI,CAAC,SAAS,EAAE,CAAC;YACvC,MAAM,EACJ,EAAE,EACF,IAAI,EACJ,OAAO,EACP,KAAK,EACL,OAAO,EACP,OAAO,EACP,KAAK,EACL,IAAI,EACJ,MAAM,EACN,QAAQ,EACR,WAAW,EAAE,GAAG,UAAU,CAAC,KAAK,CAAQ,CAAC;YAC3C,OAAO,CAAC,GAAG,CAAC,QAAQ,CAAC,CAAA;YACrB,OAAO;gBACL,EAAE;gBACF,IAAI;gBACJ,OAAO;gBACP,KAAK;gBACL,OAAO;gBACP,OAAO;gBACP,KAAK;gBACL,MAAM;gBACN,WAAW;gBACX,QAAQ;gBACR,IAAI;aAAU,CAAC;SAClB;IACH,CAAC;IAED,0BAA0B;IAClB,aAAa,CAAC,MAAW;QAC/B,OAAO,CAAC,KAAK,CAAC,qBAAqB,EAAE,MAAM,CAAC,CAAC;QAC7C,OAAO,OAAO,CAAC,MAAM,CAAC,MAAM,CAAC,OAAO,IAAI,MAAM,CAAC,CAAC;IAClD,CAAC;;0FApGU,qBAAqB,cAIZ,kBAAkB;6DAJ3B,qBAAqB,WAArB,qBAAqB,mBAFpB,MAAM",
      "sourcesContent": [
        "import {Inject, Injectable} from '@angular/core';\r\nimport {AuthenticationResult} from \"../Classes/authenticationResult\";\r\nimport {AppDataService} from \"./app-data.service\";\r\nimport {SHRAMBA_BRSKALNIKA} from \"../Classes/storage\";\r\nimport {User, UserLogin, UserRegister} from \"../Models/User\";\r\nimport {HttpClient, HttpHeaders} from \"@angular/common/http\";\r\nimport {environment} from \"../../environments/environment\";\r\nimport jwt_decode from \"jwt-decode\";\r\n\r\n@Injectable({\r\n  providedIn: 'root'\r\n})\r\nexport class AuthenticationService {\r\n\r\n  private apiUrl = environment.apiUrl+'/auth'\r\n\r\n  constructor(@Inject(SHRAMBA_BRSKALNIKA) private storage: Storage,\r\n              private appDataService: AppDataService, private http:HttpClient) { }\r\n\r\n  public login(uporabnik: UserLogin): Promise<any> {\r\n    return this.appDataService\r\n      .prijava(uporabnik)\r\n      .then((rezultatAvtentikacije: AuthenticationResult) => {\r\n        this.shraniZeton(rezultatAvtentikacije[\"jwt\"])\r\n          console.log(\"da bom dojeu\")\r\n      });\r\n  }\r\n\r\n  public register(uporabnik: UserRegister): Promise<any> {\r\n    return this.appDataService\r\n      .registracija(uporabnik)\r\n      .then((rezultatAvtentikacije: AuthenticationResult) => {\r\n        this.shraniZeton(rezultatAvtentikacije[\"jwt\"]);\r\n        console.log(\"auth\")\r\n      });\r\n  }\r\n\r\n  public updatePassword(password: string): Promise<boolean> {\r\n    const url: string = `${this.apiUrl}/pass`;\r\n    console.log(\"url: \"+url)\r\n    const httpHeaders = {\r\n      headers: new HttpHeaders({\r\n        'Authorization': `Bearer ${this.vrniZeton()}`\r\n      })\r\n    };\r\n    return this.http\r\n      .put(url, {password: password}, httpHeaders)\r\n      .toPromise()\r\n      .then(rezultat => rezultat as boolean)\r\n      .catch(this.obdelajNapako);\r\n  }\r\n\r\n  public odjava(): void {\r\n    localStorage.removeItem('jwt');\r\n  }\r\n\r\n  public vrniZeton(): string {\r\n    return localStorage.getItem('jwt');\r\n  }\r\n\r\n  public shraniZeton(zeton: string): void {\r\n    localStorage.setItem('jwt', zeton);\r\n  }\r\n\r\n\r\n  public jePrijavljen(): boolean {\r\n    const zeton: string = this.vrniZeton();\r\n    if (zeton) {\r\n      const usefulInfo = jwt_decode(zeton)\r\n      //const usefulinfo = JSON.parse(atob(zeton.split('.')[1]));\r\n      // @ts-ignore\r\n      return usefulInfo.exp > (Date.now() / 1000);\r\n    } else {\r\n      return false;\r\n    }\r\n  }\r\n\r\n  public vrniTrenutnegaUporabnika(): User {\r\n    if (this.jePrijavljen()) {\r\n      const zeton: string = this.vrniZeton();\r\n      const {\r\n        id,\r\n        name,\r\n        surname,\r\n        phone,\r\n        address,\r\n        country,\r\n        email,\r\n        role,\r\n        rating,\r\n        contacts,\r\n        description } = jwt_decode(zeton) as any;\r\n      console.log(contacts)\r\n      return {\r\n        id,\r\n        name,\r\n        surname,\r\n        phone,\r\n        address,\r\n        country,\r\n        email,\r\n        rating,\r\n        description,\r\n        contacts,\r\n        role } as User;\r\n    }\r\n  }\r\n\r\n  /** obdelovanje napake **/\r\n  private obdelajNapako(napaka: any): Promise<any> {\r\n    console.error('Prišlo je do napake', napaka);\r\n    return Promise.reject(napaka.message || napaka);\r\n  }\r\n}\r\n"
      ]
    },
    "_coverageSchema": "332fd63041d2c1bcb487cc26dd0d5f7d97098a6c",
    "hash": "286dd6899f177cd3fb43335910b4b7a31c96c55b"
  },
  "C:\\Users\\Gašper\\WebstormProjects\\LP234-13\\src\\app_public\\src\\app\\components\\home-page\\home-page.component.ts": {
    "path": "C:\\Users\\Gašper\\WebstormProjects\\LP234-13\\src\\app_public\\src\\app\\components\\home-page\\home-page.component.ts",
    "statementMap": {
      "0": {
        "start": {
          "line": 4,
          "column": 12
        },
        "end": {
          "line": 4,
          "column": 26
        }
      },
      "1": {
        "start": {
          "line": 5,
          "column": 12
        },
        "end": {
          "line": 5,
          "column": 29
        }
      },
      "2": {
        "start": {
          "line": 8,
          "column": 8
        },
        "end": {
          "line": 8,
          "column": 37
        }
      },
      "3": {
        "start": {
          "line": 9,
          "column": 8
        },
        "end": {
          "line": 9,
          "column": 29
        }
      },
      "4": {
        "start": {
          "line": 10,
          "column": 8
        },
        "end": {
          "line": 10,
          "column": 27
        }
      },
      "5": {
        "start": {
          "line": 18,
          "column": 8
        },
        "end": {
          "line": 18,
          "column": 57
        }
      },
      "6": {
        "start": {
          "line": 19,
          "column": 8
        },
        "end": {
          "line": 19,
          "column": 63
        }
      },
      "7": {
        "start": {
          "line": 20,
          "column": 24
        },
        "end": {
          "line": 20,
          "column": 70
        }
      },
      "8": {
        "start": {
          "line": 21,
          "column": 8
        },
        "end": {
          "line": 21,
          "column": 31
        }
      },
      "9": {
        "start": {
          "line": 22,
          "column": 8
        },
        "end": {
          "line": 26,
          "column": 11
        }
      },
      "10": {
        "start": {
          "line": 23,
          "column": 12
        },
        "end": {
          "line": 23,
          "column": 73
        }
      },
      "11": {
        "start": {
          "line": 25,
          "column": 12
        },
        "end": {
          "line": 25,
          "column": 55
        }
      },
      "12": {
        "start": {
          "line": 29,
          "column": 0
        },
        "end": {
          "line": 29,
          "column": 226
        }
      },
      "13": {
        "start": {
          "line": 29,
          "column": 65
        },
        "end": {
          "line": 29,
          "column": 223
        }
      },
      "14": {
        "start": {
          "line": 30,
          "column": 0
        },
        "end": {
          "line": 73,
          "column": 1659
        }
      },
      "15": {
        "start": {
          "line": 30,
          "column": 160
        },
        "end": {
          "line": 33,
          "column": 5
        }
      },
      "16": {
        "start": {
          "line": 31,
          "column": 8
        },
        "end": {
          "line": 31,
          "column": 31
        }
      },
      "17": {
        "start": {
          "line": 32,
          "column": 8
        },
        "end": {
          "line": 32,
          "column": 31
        }
      },
      "18": {
        "start": {
          "line": 33,
          "column": 6
        },
        "end": {
          "line": 37,
          "column": 5
        }
      },
      "19": {
        "start": {
          "line": 35,
          "column": 8
        },
        "end": {
          "line": 35,
          "column": 80
        }
      },
      "20": {
        "start": {
          "line": 36,
          "column": 8
        },
        "end": {
          "line": 36,
          "column": 83
        }
      },
      "21": {
        "start": {
          "line": 37,
          "column": 646
        },
        "end": {
          "line": 73,
          "column": 5
        }
      },
      "22": {
        "start": {
          "line": 38,
          "column": 8
        },
        "end": {
          "line": 38,
          "column": 39
        }
      },
      "23": {
        "start": {
          "line": 39,
          "column": 8
        },
        "end": {
          "line": 39,
          "column": 39
        }
      },
      "24": {
        "start": {
          "line": 40,
          "column": 8
        },
        "end": {
          "line": 40,
          "column": 34
        }
      },
      "25": {
        "start": {
          "line": 41,
          "column": 8
        },
        "end": {
          "line": 41,
          "column": 39
        }
      },
      "26": {
        "start": {
          "line": 42,
          "column": 8
        },
        "end": {
          "line": 42,
          "column": 35
        }
      },
      "27": {
        "start": {
          "line": 43,
          "column": 8
        },
        "end": {
          "line": 43,
          "column": 36
        }
      },
      "28": {
        "start": {
          "line": 44,
          "column": 8
        },
        "end": {
          "line": 44,
          "column": 26
        }
      },
      "29": {
        "start": {
          "line": 45,
          "column": 8
        },
        "end": {
          "line": 45,
          "column": 39
        }
      },
      "30": {
        "start": {
          "line": 46,
          "column": 8
        },
        "end": {
          "line": 46,
          "column": 39
        }
      },
      "31": {
        "start": {
          "line": 47,
          "column": 8
        },
        "end": {
          "line": 47,
          "column": 41
        }
      },
      "32": {
        "start": {
          "line": 48,
          "column": 8
        },
        "end": {
          "line": 48,
          "column": 45
        }
      },
      "33": {
        "start": {
          "line": 49,
          "column": 8
        },
        "end": {
          "line": 49,
          "column": 26
        }
      },
      "34": {
        "start": {
          "line": 50,
          "column": 8
        },
        "end": {
          "line": 50,
          "column": 40
        }
      },
      "35": {
        "start": {
          "line": 51,
          "column": 8
        },
        "end": {
          "line": 51,
          "column": 26
        }
      },
      "36": {
        "start": {
          "line": 52,
          "column": 8
        },
        "end": {
          "line": 52,
          "column": 40
        }
      },
      "37": {
        "start": {
          "line": 53,
          "column": 8
        },
        "end": {
          "line": 53,
          "column": 42
        }
      },
      "38": {
        "start": {
          "line": 54,
          "column": 8
        },
        "end": {
          "line": 54,
          "column": 31
        }
      },
      "39": {
        "start": {
          "line": 55,
          "column": 8
        },
        "end": {
          "line": 55,
          "column": 26
        }
      },
      "40": {
        "start": {
          "line": 56,
          "column": 8
        },
        "end": {
          "line": 56,
          "column": 41
        }
      },
      "41": {
        "start": {
          "line": 57,
          "column": 8
        },
        "end": {
          "line": 57,
          "column": 26
        }
      },
      "42": {
        "start": {
          "line": 58,
          "column": 8
        },
        "end": {
          "line": 58,
          "column": 44
        }
      },
      "43": {
        "start": {
          "line": 59,
          "column": 8
        },
        "end": {
          "line": 59,
          "column": 119
        }
      },
      "44": {
        "start": {
          "line": 59,
          "column": 96
        },
        "end": {
          "line": 59,
          "column": 115
        }
      },
      "45": {
        "start": {
          "line": 60,
          "column": 8
        },
        "end": {
          "line": 60,
          "column": 33
        }
      },
      "46": {
        "start": {
          "line": 61,
          "column": 8
        },
        "end": {
          "line": 61,
          "column": 26
        }
      },
      "47": {
        "start": {
          "line": 62,
          "column": 8
        },
        "end": {
          "line": 62,
          "column": 26
        }
      },
      "48": {
        "start": {
          "line": 63,
          "column": 8
        },
        "end": {
          "line": 63,
          "column": 44
        }
      },
      "49": {
        "start": {
          "line": 64,
          "column": 8
        },
        "end": {
          "line": 64,
          "column": 41
        }
      },
      "50": {
        "start": {
          "line": 65,
          "column": 8
        },
        "end": {
          "line": 65,
          "column": 26
        }
      },
      "51": {
        "start": {
          "line": 66,
          "column": 8
        },
        "end": {
          "line": 66,
          "column": 44
        }
      },
      "52": {
        "start": {
          "line": 67,
          "column": 8
        },
        "end": {
          "line": 67,
          "column": 41
        }
      },
      "53": {
        "start": {
          "line": 68,
          "column": 8
        },
        "end": {
          "line": 68,
          "column": 26
        }
      },
      "54": {
        "start": {
          "line": 69,
          "column": 8
        },
        "end": {
          "line": 69,
          "column": 26
        }
      },
      "55": {
        "start": {
          "line": 70,
          "column": 8
        },
        "end": {
          "line": 70,
          "column": 35
        }
      },
      "56": {
        "start": {
          "line": 71,
          "column": 8
        },
        "end": {
          "line": 71,
          "column": 26
        }
      },
      "57": {
        "start": {
          "line": 72,
          "column": 8
        },
        "end": {
          "line": 72,
          "column": 26
        }
      }
    },
    "fnMap": {
      "0": {
        "name": "(anonymous_0)",
        "decl": {
          "start": {
            "line": 7,
            "column": 4
          },
          "end": {
            "line": 7,
            "column": 5
          }
        },
        "loc": {
          "start": {
            "line": 7,
            "column": 43
          },
          "end": {
            "line": 11,
            "column": 5
          }
        },
        "line": 7
      },
      "1": {
        "name": "(anonymous_1)",
        "decl": {
          "start": {
            "line": 12,
            "column": 4
          },
          "end": {
            "line": 12,
            "column": 5
          }
        },
        "loc": {
          "start": {
            "line": 12,
            "column": 15
          },
          "end": {
            "line": 16,
            "column": 5
          }
        },
        "line": 12
      },
      "2": {
        "name": "(anonymous_2)",
        "decl": {
          "start": {
            "line": 17,
            "column": 4
          },
          "end": {
            "line": 17,
            "column": 5
          }
        },
        "loc": {
          "start": {
            "line": 17,
            "column": 12
          },
          "end": {
            "line": 27,
            "column": 5
          }
        },
        "line": 17
      },
      "3": {
        "name": "(anonymous_3)",
        "decl": {
          "start": {
            "line": 22,
            "column": 46
          },
          "end": {
            "line": 22,
            "column": 47
          }
        },
        "loc": {
          "start": {
            "line": 22,
            "column": 51
          },
          "end": {
            "line": 24,
            "column": 9
          }
        },
        "line": 22
      },
      "4": {
        "name": "(anonymous_4)",
        "decl": {
          "start": {
            "line": 24,
            "column": 17
          },
          "end": {
            "line": 24,
            "column": 18
          }
        },
        "loc": {
          "start": {
            "line": 24,
            "column": 24
          },
          "end": {
            "line": 26,
            "column": 9
          }
        },
        "line": 24
      },
      "5": {
        "name": "HomePageComponent_Factory",
        "decl": {
          "start": {
            "line": 29,
            "column": 34
          },
          "end": {
            "line": 29,
            "column": 59
          }
        },
        "loc": {
          "start": {
            "line": 29,
            "column": 63
          },
          "end": {
            "line": 29,
            "column": 225
          }
        },
        "line": 29
      },
      "6": {
        "name": "HomePageComponent_Query",
        "decl": {
          "start": {
            "line": 30,
            "column": 125
          },
          "end": {
            "line": 30,
            "column": 148
          }
        },
        "loc": {
          "start": {
            "line": 30,
            "column": 158
          },
          "end": {
            "line": 37,
            "column": 7
          }
        },
        "line": 30
      },
      "7": {
        "name": "HomePageComponent_Template",
        "decl": {
          "start": {
            "line": 37,
            "column": 608
          },
          "end": {
            "line": 37,
            "column": 634
          }
        },
        "loc": {
          "start": {
            "line": 37,
            "column": 644
          },
          "end": {
            "line": 73,
            "column": 7
          }
        },
        "line": 37
      },
      "8": {
        "name": "HomePageComponent_Template_button_click_17_listener",
        "decl": {
          "start": {
            "line": 59,
            "column": 40
          },
          "end": {
            "line": 59,
            "column": 91
          }
        },
        "loc": {
          "start": {
            "line": 59,
            "column": 94
          },
          "end": {
            "line": 59,
            "column": 117
          }
        },
        "line": 59
      }
    },
    "branchMap": {
      "0": {
        "loc": {
          "start": {
            "line": 29,
            "column": 77
          },
          "end": {
            "line": 29,
            "column": 99
          }
        },
        "type": "binary-expr",
        "locations": [
          {
            "start": {
              "line": 29,
              "column": 77
            },
            "end": {
              "line": 29,
              "column": 78
            }
          },
          {
            "start": {
              "line": 29,
              "column": 82
            },
            "end": {
              "line": 29,
              "column": 99
            }
          }
        ],
        "line": 29
      },
      "1": {
        "loc": {
          "start": {
            "line": 30,
            "column": 160
          },
          "end": {
            "line": 33,
            "column": 5
          }
        },
        "type": "if",
        "locations": [
          {
            "start": {
              "line": 30,
              "column": 160
            },
            "end": {
              "line": 33,
              "column": 5
            }
          },
          {
            "start": {
              "line": 30,
              "column": 160
            },
            "end": {
              "line": 33,
              "column": 5
            }
          }
        ],
        "line": 30
      },
      "2": {
        "loc": {
          "start": {
            "line": 33,
            "column": 6
          },
          "end": {
            "line": 37,
            "column": 5
          }
        },
        "type": "if",
        "locations": [
          {
            "start": {
              "line": 33,
              "column": 6
            },
            "end": {
              "line": 37,
              "column": 5
            }
          },
          {
            "start": {
              "line": 33,
              "column": 6
            },
            "end": {
              "line": 37,
              "column": 5
            }
          }
        ],
        "line": 33
      },
      "3": {
        "loc": {
          "start": {
            "line": 35,
            "column": 8
          },
          "end": {
            "line": 35,
            "column": 79
          }
        },
        "type": "binary-expr",
        "locations": [
          {
            "start": {
              "line": 35,
              "column": 8
            },
            "end": {
              "line": 35,
              "column": 48
            }
          },
          {
            "start": {
              "line": 35,
              "column": 53
            },
            "end": {
              "line": 35,
              "column": 78
            }
          }
        ],
        "line": 35
      },
      "4": {
        "loc": {
          "start": {
            "line": 36,
            "column": 8
          },
          "end": {
            "line": 36,
            "column": 82
          }
        },
        "type": "binary-expr",
        "locations": [
          {
            "start": {
              "line": 36,
              "column": 8
            },
            "end": {
              "line": 36,
              "column": 48
            }
          },
          {
            "start": {
              "line": 36,
              "column": 53
            },
            "end": {
              "line": 36,
              "column": 81
            }
          }
        ],
        "line": 36
      },
      "5": {
        "loc": {
          "start": {
            "line": 37,
            "column": 646
          },
          "end": {
            "line": 73,
            "column": 5
          }
        },
        "type": "if",
        "locations": [
          {
            "start": {
              "line": 37,
              "column": 646
            },
            "end": {
              "line": 73,
              "column": 5
            }
          },
          {
            "start": {
              "line": 37,
              "column": 646
            },
            "end": {
              "line": 73,
              "column": 5
            }
          }
        ],
        "line": 37
      }
    },
    "s": {
      "0": 82,
      "1": 82,
      "2": 65,
      "3": 65,
      "4": 65,
      "5": 51,
      "6": 51,
      "7": 51,
      "8": 51,
      "9": 51,
      "10": 49,
      "11": 2,
      "12": 82,
      "13": 65,
      "14": 82,
      "15": 733,
      "16": 65,
      "17": 65,
      "18": 733,
      "19": 668,
      "20": 668,
      "21": 733,
      "22": 65,
      "23": 65,
      "24": 65,
      "25": 65,
      "26": 65,
      "27": 65,
      "28": 65,
      "29": 65,
      "30": 65,
      "31": 65,
      "32": 65,
      "33": 65,
      "34": 65,
      "35": 65,
      "36": 65,
      "37": 65,
      "38": 65,
      "39": 65,
      "40": 65,
      "41": 65,
      "42": 65,
      "43": 65,
      "44": 51,
      "45": 65,
      "46": 65,
      "47": 65,
      "48": 65,
      "49": 65,
      "50": 65,
      "51": 65,
      "52": 65,
      "53": 65,
      "54": 65,
      "55": 65,
      "56": 65,
      "57": 65
    },
    "f": {
      "0": 65,
      "1": 65,
      "2": 51,
      "3": 49,
      "4": 2,
      "5": 65,
      "6": 733,
      "7": 733,
      "8": 51
    },
    "b": {
      "0": [
        65,
        65
      ],
      "1": [
        65,
        668
      ],
      "2": [
        668,
        65
      ],
      "3": [
        668,
        65
      ],
      "4": [
        668,
        65
      ],
      "5": [
        65,
        668
      ]
    },
    "inputSourceMap": {
      "version": 3,
      "file": "home-page.component.js",
      "sourceRoot": "",
      "sources": [
        "C:\\Users\\Gašper\\WebstormProjects\\LP234-13\\src\\app_public\\src\\app\\components\\home-page\\home-page.component.ts",
        "C:\\Users\\Gašper\\WebstormProjects\\LP234-13\\src\\app_public\\src\\app\\components\\home-page\\home-page.component.html"
      ],
      "names": [],
      "mappings": ";;;;;AAWA,MAAM,OAAO,iBAAiB;IAK5B,YAAoB,UAAgC,EAAU,MAAa,EAAS,KAAoB;QAApF,eAAU,GAAV,UAAU,CAAsB;QAAU,WAAM,GAAN,MAAM,CAAO;QAAS,UAAK,GAAL,KAAK,CAAe;IAAG,CAAC;IAK5G,QAAQ;QACN,sCAAsC;QACtC,6DAA6D;QAC7D,IAAI;IACN,CAAC;IAED,KAAK;QACH,IAAI,CAAC,KAAK,GAAG,IAAI,CAAC,UAAU,CAAC,aAAa,CAAC,KAAK,CAAA;QAChD,IAAI,CAAC,QAAQ,GAAG,IAAI,CAAC,aAAa,CAAC,aAAa,CAAC,KAAK,CAAA;QACtD,IAAI,SAAS,GAAa,EAAC,KAAK,EAAE,IAAI,CAAC,KAAK,EAAE,QAAQ,EAAE,IAAI,CAAC,QAAQ,EAAC,CAAA;QACtE,OAAO,CAAC,GAAG,CAAC,SAAS,CAAC,CAAA;QACtB,IAAI,CAAC,UAAU,CAAC,KAAK,CAAC,SAAS,CAAC,CAAC,IAAI,CAAC,CAAC,CAAC,EAAE;YACxC,IAAI,CAAC,MAAM,CAAC,QAAQ,CAAC,CAAC,QAAQ,CAAC,EAAC,EAAC,UAAU,EAAC,IAAI,CAAC,KAAK,EAAC,CAAC,CAAA;QAC1D,CAAC,CAAC,CAAC,KAAK,CAAC,GAAG,CAAC,EAAE;YACb,KAAK,CAAC,mCAAmC,CAAC,CAAA;QAC5C,CAAC,CAAC,CAAA;IACJ,CAAC;;kFA1BU,iBAAiB;sDAAjB,iBAAiB;;;;;;;;QCX9B,8BAAuB;QACnB,8BAAiB;QACb,yBAEM;QACN,8BAA4D;QACxD,0BAAI;QAAA,2BAAW;QAAA,iBAAK;QACpB,8BAAkB;QAChB,8BAAwB;QACtB,gCAAwB;QAAA,oCAAe;QAAA,iBAAQ;QAC/C,+BAAqE;QACvE,iBAAM;QACN,+BAAwB;QACtB,iCAA2B;QAAA,sBAAK;QAAA,iBAAQ;QACxC,gCAA8E;QAChF,iBAAM;QACN,mCAA6D;QAArD,+FAAS,WAAO,IAAC;QAAoC,wBAAO;QAAA,iBAAS;QAC/E,iBAAM;QACN,mCAAsF;QAAA,gCAAe;QAAA,iBAAS;QAC9G,mCAA2D;QAAA,gCAAe;QAAA,iBAAS;QACvF,iBAAM;QACN,0BACM;QACV,iBAAM;QACV,iBAAM",
      "sourcesContent": [
        "import { Component, ElementRef, Input, OnInit, ViewChild } from '@angular/core';\r\nimport {ActivatedRoute, Router} from '@angular/router';\r\nimport { connectableObservableDescriptor } from 'rxjs/internal/observable/ConnectableObservable';\r\nimport { UserLogin } from 'src/app/Models/User';\r\nimport { AuthenticationService } from 'src/app/services/authentication.service';\r\n\r\n@Component({\r\n  selector: 'app-home-page',\r\n  templateUrl: './home-page.component.html',\r\n  styleUrls: ['./home-page.component.css']\r\n})\r\nexport class HomePageComponent implements OnInit {\r\n\r\n  password:string;\r\n  email:string;\r\n\r\n  constructor(private authServis:AuthenticationService, private router:Router,private route:ActivatedRoute) {}\r\n\r\n  @ViewChild('emailInput') emailInput: ElementRef;\r\n  @ViewChild('passwordInput') passwordInput: ElementRef;\r\n\r\n  ngOnInit(): void {\r\n    // if(this.authServis.jePrijavljen()){\r\n    //   this.router.navigate(['oglasi'],{relativeTo:this.route})\r\n    // }\r\n  }\r\n\r\n  login(){\r\n    this.email = this.emailInput.nativeElement.value\r\n    this.password = this.passwordInput.nativeElement.value\r\n    let userLogin:UserLogin = {email: this.email, password: this.password}\r\n    console.log(userLogin)\r\n    this.authServis.login(userLogin).then(r => {\r\n      this.router.navigate(['oglasi'],{relativeTo:this.route})\r\n    }).catch(err => {\r\n      alert(\"napačno uporabniško ime ali geslo\")\r\n    })\r\n  }\r\n\r\n\r\n}\r\n",
        "<div class=\"container\">\r\n    <div class=\"row\">\r\n        <div class=\"col-12 col-md-4 col-lg-4 col-xl-4 main-buttons\">\r\n\r\n        </div>\r\n        <div class=\"col-12 col-md-4 col-lg-4 col-xl-4 main-buttons\">\r\n            <h2>DOG WALKERS</h2>\r\n            <div class=\"form\">\r\n              <div class=\"form-group\">\r\n                <label for=\"loginEmail\">Uporabniško ime</label>\r\n                <input #emailInput type=\"email\" class=\"form-control\" id=\"loginEmail\">\r\n              </div>\r\n              <div class=\"form-group\">\r\n                <label for=\"loginPassword\">Geslo</label>\r\n                <input #passwordInput type=\"password\" class=\"form-control\" id=\"loginPassword\">\r\n              </div>\r\n              <button (click)=\"login()\" class=\"btn btn-success\" id=\"login\">Prijava</button>\r\n            </div>\r\n            <button class=\"btn btn-primary registration\" routerLink=\"/registracija\" id=\"register\">Registriraj se!</button>\r\n            <button class=\"btn btn-primary guest\" routerLink=\"/oglasi\">Vstopi kot gost</button>\r\n        </div>\r\n        <div class=\"col-12 col-md-4 col-lg-4 col-xl-4 main-buttons\">\r\n        </div>\r\n    </div>\r\n</div>\r\n"
      ]
    },
    "_coverageSchema": "332fd63041d2c1bcb487cc26dd0d5f7d97098a6c",
    "hash": "5b682c5b8f22c1fef72e1eb164b46728037d97af"
  },
  "C:\\Users\\Gašper\\WebstormProjects\\LP234-13\\src\\app_public\\src\\app\\Models\\Oglas.ts": {
    "path": "C:\\Users\\Gašper\\WebstormProjects\\LP234-13\\src\\app_public\\src\\app\\Models\\Oglas.ts",
    "statementMap": {},
    "fnMap": {},
    "branchMap": {},
    "s": {},
    "f": {},
    "b": {},
    "inputSourceMap": {
      "version": 3,
      "file": "Oglas.js",
      "sourceRoot": "",
      "sources": [
        "C:\\Users\\Gašper\\WebstormProjects\\LP234-13\\src\\app_public\\src\\app\\Models\\Oglas.ts"
      ],
      "names": [],
      "mappings": "AAcA,MAAM,OAAO,KAAK;CASjB",
      "sourcesContent": [
        "export interface OglasCreate{\r\n  name: string\r\n  description: string\r\n  location: string\r\n  price?: number\r\n  picutre?: string\r\n}\r\nexport interface OglasUpdate{\r\n  name?: string\r\n  description?: string\r\n  location?: string\r\n  price?: number\r\n  picutre?: string\r\n}\r\nexport class Oglas{\r\n  _id: string\r\n  creator: string\r\n  owner: string\r\n  name: string\r\n  description: string\r\n  price: number\r\n  location: string\r\n  picture: string\r\n}\r\n"
      ]
    },
    "_coverageSchema": "332fd63041d2c1bcb487cc26dd0d5f7d97098a6c",
    "hash": "4eded0f96e6dc1e29db5d6b2170022499bdf151e"
  },
  "C:\\Users\\Gašper\\WebstormProjects\\LP234-13\\src\\app_public\\src\\app\\services\\oglasi.service.ts": {
    "path": "C:\\Users\\Gašper\\WebstormProjects\\LP234-13\\src\\app_public\\src\\app\\services\\oglasi.service.ts",
    "statementMap": {
      "0": {
        "start": {
          "line": 8,
          "column": 8
        },
        "end": {
          "line": 8,
          "column": 25
        }
      },
      "1": {
        "start": {
          "line": 9,
          "column": 8
        },
        "end": {
          "line": 9,
          "column": 39
        }
      },
      "2": {
        "start": {
          "line": 10,
          "column": 8
        },
        "end": {
          "line": 10,
          "column": 52
        }
      },
      "3": {
        "start": {
          "line": 14,
          "column": 18
        },
        "end": {
          "line": 14,
          "column": 29
        }
      },
      "4": {
        "start": {
          "line": 15,
          "column": 8
        },
        "end": {
          "line": 16,
          "column": 39
        }
      },
      "5": {
        "start": {
          "line": 16,
          "column": 12
        },
        "end": {
          "line": 16,
          "column": 39
        }
      },
      "6": {
        "start": {
          "line": 17,
          "column": 8
        },
        "end": {
          "line": 17,
          "column": 33
        }
      },
      "7": {
        "start": {
          "line": 18,
          "column": 8
        },
        "end": {
          "line": 22,
          "column": 39
        }
      },
      "8": {
        "start": {
          "line": 21,
          "column": 29
        },
        "end": {
          "line": 21,
          "column": 36
        }
      },
      "9": {
        "start": {
          "line": 26,
          "column": 20
        },
        "end": {
          "line": 26,
          "column": 42
        }
      },
      "10": {
        "start": {
          "line": 27,
          "column": 8
        },
        "end": {
          "line": 27,
          "column": 33
        }
      },
      "11": {
        "start": {
          "line": 28,
          "column": 8
        },
        "end": {
          "line": 32,
          "column": 39
        }
      },
      "12": {
        "start": {
          "line": 31,
          "column": 29
        },
        "end": {
          "line": 31,
          "column": 36
        }
      },
      "13": {
        "start": {
          "line": 37,
          "column": 20
        },
        "end": {
          "line": 37,
          "column": 31
        }
      },
      "14": {
        "start": {
          "line": 38,
          "column": 28
        },
        "end": {
          "line": 42,
          "column": 9
        }
      },
      "15": {
        "start": {
          "line": 43,
          "column": 8
        },
        "end": {
          "line": 43,
          "column": 34
        }
      },
      "16": {
        "start": {
          "line": 44,
          "column": 8
        },
        "end": {
          "line": 48,
          "column": 39
        }
      },
      "17": {
        "start": {
          "line": 47,
          "column": 29
        },
        "end": {
          "line": 47,
          "column": 36
        }
      },
      "18": {
        "start": {
          "line": 52,
          "column": 20
        },
        "end": {
          "line": 52,
          "column": 42
        }
      },
      "19": {
        "start": {
          "line": 53,
          "column": 28
        },
        "end": {
          "line": 57,
          "column": 9
        }
      },
      "20": {
        "start": {
          "line": 58,
          "column": 8
        },
        "end": {
          "line": 58,
          "column": 33
        }
      },
      "21": {
        "start": {
          "line": 59,
          "column": 8
        },
        "end": {
          "line": 63,
          "column": 39
        }
      },
      "22": {
        "start": {
          "line": 62,
          "column": 29
        },
        "end": {
          "line": 62,
          "column": 36
        }
      },
      "23": {
        "start": {
          "line": 67,
          "column": 20
        },
        "end": {
          "line": 67,
          "column": 42
        }
      },
      "24": {
        "start": {
          "line": 68,
          "column": 28
        },
        "end": {
          "line": 72,
          "column": 9
        }
      },
      "25": {
        "start": {
          "line": 73,
          "column": 8
        },
        "end": {
          "line": 73,
          "column": 36
        }
      },
      "26": {
        "start": {
          "line": 74,
          "column": 8
        },
        "end": {
          "line": 78,
          "column": 39
        }
      },
      "27": {
        "start": {
          "line": 77,
          "column": 29
        },
        "end": {
          "line": 77,
          "column": 36
        }
      },
      "28": {
        "start": {
          "line": 82,
          "column": 8
        },
        "end": {
          "line": 82,
          "column": 53
        }
      },
      "29": {
        "start": {
          "line": 83,
          "column": 8
        },
        "end": {
          "line": 83,
          "column": 56
        }
      },
      "30": {
        "start": {
          "line": 86,
          "column": 0
        },
        "end": {
          "line": 86,
          "column": 159
        }
      },
      "31": {
        "start": {
          "line": 86,
          "column": 57
        },
        "end": {
          "line": 86,
          "column": 156
        }
      },
      "32": {
        "start": {
          "line": 87,
          "column": 0
        },
        "end": {
          "line": 87,
          "column": 119
        }
      }
    },
    "fnMap": {
      "0": {
        "name": "(anonymous_0)",
        "decl": {
          "start": {
            "line": 7,
            "column": 4
          },
          "end": {
            "line": 7,
            "column": 5
          }
        },
        "loc": {
          "start": {
            "line": 7,
            "column": 35
          },
          "end": {
            "line": 11,
            "column": 5
          }
        },
        "line": 7
      },
      "1": {
        "name": "(anonymous_1)",
        "decl": {
          "start": {
            "line": 13,
            "column": 4
          },
          "end": {
            "line": 13,
            "column": 5
          }
        },
        "loc": {
          "start": {
            "line": 13,
            "column": 19
          },
          "end": {
            "line": 23,
            "column": 5
          }
        },
        "line": 13
      },
      "2": {
        "name": "(anonymous_2)",
        "decl": {
          "start": {
            "line": 21,
            "column": 18
          },
          "end": {
            "line": 21,
            "column": 19
          }
        },
        "loc": {
          "start": {
            "line": 21,
            "column": 29
          },
          "end": {
            "line": 21,
            "column": 36
          }
        },
        "line": 21
      },
      "3": {
        "name": "(anonymous_3)",
        "decl": {
          "start": {
            "line": 25,
            "column": 4
          },
          "end": {
            "line": 25,
            "column": 5
          }
        },
        "loc": {
          "start": {
            "line": 25,
            "column": 15
          },
          "end": {
            "line": 33,
            "column": 5
          }
        },
        "line": 25
      },
      "4": {
        "name": "(anonymous_4)",
        "decl": {
          "start": {
            "line": 31,
            "column": 18
          },
          "end": {
            "line": 31,
            "column": 19
          }
        },
        "loc": {
          "start": {
            "line": 31,
            "column": 29
          },
          "end": {
            "line": 31,
            "column": 36
          }
        },
        "line": 31
      },
      "5": {
        "name": "(anonymous_5)",
        "decl": {
          "start": {
            "line": 36,
            "column": 4
          },
          "end": {
            "line": 36,
            "column": 5
          }
        },
        "loc": {
          "start": {
            "line": 36,
            "column": 17
          },
          "end": {
            "line": 49,
            "column": 5
          }
        },
        "line": 36
      },
      "6": {
        "name": "(anonymous_6)",
        "decl": {
          "start": {
            "line": 47,
            "column": 18
          },
          "end": {
            "line": 47,
            "column": 19
          }
        },
        "loc": {
          "start": {
            "line": 47,
            "column": 29
          },
          "end": {
            "line": 47,
            "column": 36
          }
        },
        "line": 47
      },
      "7": {
        "name": "(anonymous_7)",
        "decl": {
          "start": {
            "line": 51,
            "column": 4
          },
          "end": {
            "line": 51,
            "column": 5
          }
        },
        "loc": {
          "start": {
            "line": 51,
            "column": 21
          },
          "end": {
            "line": 64,
            "column": 5
          }
        },
        "line": 51
      },
      "8": {
        "name": "(anonymous_8)",
        "decl": {
          "start": {
            "line": 62,
            "column": 18
          },
          "end": {
            "line": 62,
            "column": 19
          }
        },
        "loc": {
          "start": {
            "line": 62,
            "column": 29
          },
          "end": {
            "line": 62,
            "column": 36
          }
        },
        "line": 62
      },
      "9": {
        "name": "(anonymous_9)",
        "decl": {
          "start": {
            "line": 66,
            "column": 4
          },
          "end": {
            "line": 66,
            "column": 5
          }
        },
        "loc": {
          "start": {
            "line": 66,
            "column": 18
          },
          "end": {
            "line": 79,
            "column": 5
          }
        },
        "line": 66
      },
      "10": {
        "name": "(anonymous_10)",
        "decl": {
          "start": {
            "line": 77,
            "column": 18
          },
          "end": {
            "line": 77,
            "column": 19
          }
        },
        "loc": {
          "start": {
            "line": 77,
            "column": 29
          },
          "end": {
            "line": 77,
            "column": 36
          }
        },
        "line": 77
      },
      "11": {
        "name": "(anonymous_11)",
        "decl": {
          "start": {
            "line": 81,
            "column": 4
          },
          "end": {
            "line": 81,
            "column": 5
          }
        },
        "loc": {
          "start": {
            "line": 81,
            "column": 26
          },
          "end": {
            "line": 84,
            "column": 5
          }
        },
        "line": 81
      },
      "12": {
        "name": "OglasiService_Factory",
        "decl": {
          "start": {
            "line": 86,
            "column": 30
          },
          "end": {
            "line": 86,
            "column": 51
          }
        },
        "loc": {
          "start": {
            "line": 86,
            "column": 55
          },
          "end": {
            "line": 86,
            "column": 158
          }
        },
        "line": 86
      }
    },
    "branchMap": {
      "0": {
        "loc": {
          "start": {
            "line": 15,
            "column": 8
          },
          "end": {
            "line": 16,
            "column": 39
          }
        },
        "type": "if",
        "locations": [
          {
            "start": {
              "line": 15,
              "column": 8
            },
            "end": {
              "line": 16,
              "column": 39
            }
          },
          {
            "start": {
              "line": 15,
              "column": 8
            },
            "end": {
              "line": 16,
              "column": 39
            }
          }
        ],
        "line": 15
      },
      "1": {
        "loc": {
          "start": {
            "line": 83,
            "column": 30
          },
          "end": {
            "line": 83,
            "column": 54
          }
        },
        "type": "binary-expr",
        "locations": [
          {
            "start": {
              "line": 83,
              "column": 30
            },
            "end": {
              "line": 83,
              "column": 44
            }
          },
          {
            "start": {
              "line": 83,
              "column": 48
            },
            "end": {
              "line": 83,
              "column": 54
            }
          }
        ],
        "line": 83
      },
      "2": {
        "loc": {
          "start": {
            "line": 86,
            "column": 69
          },
          "end": {
            "line": 86,
            "column": 87
          }
        },
        "type": "binary-expr",
        "locations": [
          {
            "start": {
              "line": 86,
              "column": 69
            },
            "end": {
              "line": 86,
              "column": 70
            }
          },
          {
            "start": {
              "line": 86,
[...]
  },
  "C:/Users/Gašper/WebstormProjects/LP234-13/src/app_public/instrumented/main.ts": {
    "path": "C:/Users/Gašper/WebstormProjects/LP234-13/src/app_public/instrumented/main.ts",
    "statementMap": {},
    "fnMap": {},
    "branchMap": {},
    "s": {},
    "f": {},
    "b": {}
  },
  "C:/Users/Gašper/WebstormProjects/LP234-13/src/app_public/instrumented/polyfills.ts": {
    "path": "C:/Users/Gašper/WebstormProjects/LP234-13/src/app_public/instrumented/polyfills.ts",
    "statementMap": {},
    "fnMap": {},
    "branchMap": {},
    "s": {},
    "f": {},
    "b": {}
  },
  "C:/Users/Gašper/WebstormProjects/LP234-13/src/app_public/src/test.ts": {
    "path": "C:/Users/Gašper/WebstormProjects/LP234-13/src/app_public/src/test.ts",
    "statementMap": {},
    "fnMap": {},
    "branchMap": {},
    "s": {},
    "f": {},
    "b": {}
  },
  "C:/Users/Gašper/WebstormProjects/LP234-13/src/app_public/cypress/integration/spec.ts": {
    "path": "C:/Users/Gašper/WebstormProjects/LP234-13/src/app_public/cypress/integration/spec.ts",
    "statementMap": {},
    "fnMap": {},
    "branchMap": {},
    "s": {},
    "f": {},
    "b": {}
  },
  "C:/Users/Gašper/WebstormProjects/LP234-13/src/app_public/cypress/support/commands.ts": {
    "path": "C:/Users/Gašper/WebstormProjects/LP234-13/src/app_public/cypress/support/commands.ts",
    "statementMap": {},
    "fnMap": {},
    "branchMap": {},
    "s": {},
    "f": {},
    "b": {}
  },
  "C:/Users/Gašper/WebstormProjects/LP234-13/src/app_public/cypress/support/index.ts": {
    "path": "C:/Users/Gašper/WebstormProjects/LP234-13/src/app_public/cypress/support/index.ts",
    "statementMap": {},
    "fnMap": {},
    "branchMap": {},
    "s": {},
    "f": {},
    "b": {}
  },
  "C:/Users/Gašper/WebstormProjects/LP234-13/src/app_public/instrumented/app/app.module.ts": {
    "path": "C:/Users/Gašper/WebstormProjects/LP234-13/src/app_public/instrumented/app/app.module.ts",
    "statementMap": {},
    "fnMap": {},
    "branchMap": {},
    "s": {},
    "f": {},
    "b": {}
  },
  "C:/Users/Gašper/WebstormProjects/LP234-13/src/app_public/instrumented/environments/environment.prod.ts": {
    "path": "C:/Users/Gašper/WebstormProjects/LP234-13/src/app_public/instrumented/environments/environment.prod.ts",
    "statementMap": {},
    "fnMap": {},
    "branchMap": {},
    "s": {},
    "f": {},
    "b": {}
  },
  "C:/Users/Gašper/WebstormProjects/LP234-13/src/app_public/instrumented/environments/environment.ts": {
    "path": "C:/Users/Gašper/WebstormProjects/LP234-13/src/app_public/instrumented/environments/environment.ts",
    "statementMap": {},
    "fnMap": {},
    "branchMap": {},
    "s": {},
    "f": {},
    "b": {}
  },
  "C:/Users/Gašper/WebstormProjects/LP234-13/src/app_public/src/environments/environment.prod.ts": {
    "path": "C:/Users/Gašper/WebstormProjects/LP234-13/src/app_public/src/environments/environment.prod.ts",
    "statementMap": {},
    "fnMap": {},
    "branchMap": {},
    "s": {},
    "f": {},
    "b": {}
  },
  "C:/Users/Gašper/WebstormProjects/LP234-13/src/app_public/src/instrumented/main.ts": {
    "path": "C:/Users/Gašper/WebstormProjects/LP234-13/src/app_public/src/instrumented/main.ts",
    "statementMap": {},
    "fnMap": {},
    "branchMap": {},
    "s": {},
    "f": {},
    "b": {}
  },
  "C:/Users/Gašper/WebstormProjects/LP234-13/src/app_public/src/instrumented/polyfills.ts": {
    "path": "C:/Users/Gašper/WebstormProjects/LP234-13/src/app_public/src/instrumented/polyfills.ts",
    "statementMap": {},
    "fnMap": {},
    "branchMap": {},
    "s": {},
    "f": {},
    "b": {}
  },
  "C:/Users/Gašper/WebstormProjects/LP234-13/src/app_public/instrumented/app/Classes/authenticationResult.ts": {
    "path": "C:/Users/Gašper/WebstormProjects/LP234-13/src/app_public/instrumented/app/Classes/authenticationResult.ts",
    "statementMap": {},
    "fnMap": {},
    "branchMap": {},
    "s": {},
    "f": {},
    "b": {}
  },
  "C:/Users/Gašper/WebstormProjects/LP234-13/src/app_public/instrumented/app/Classes/storage.ts": {
    "path": "C:/Users/Gašper/WebstormProjects/LP234-13/src/app_public/instrumented/app/Classes/storage.ts",
    "statementMap": {},
    "fnMap": {},
    "branchMap": {},
    "s": {},
    "f": {},
    "b": {}
  },
  "C:/Users/Gašper/WebstormProjects/LP234-13/src/app_public/instrumented/app/Models/Comment.ts": {
    "path": "C:/Users/Gašper/WebstormProjects/LP234-13/src/app_public/instrumented/app/Models/Comment.ts",
    "statementMap": {},
    "fnMap": {},
    "branchMap": {},
    "s": {},
    "f": {},
    "b": {}
  },
  "C:/Users/Gašper/WebstormProjects/LP234-13/src/app_public/instrumented/app/Models/Oglas.ts": {
    "path": "C:/Users/Gašper/WebstormProjects/LP234-13/src/app_public/instrumented/app/Models/Oglas.ts",
    "statementMap": {},
    "fnMap": {},
    "branchMap": {},
    "s": {},
    "f": {},
    "b": {}
  },
  "C:/Users/Gašper/WebstormProjects/LP234-13/src/app_public/instrumented/app/Models/User.ts": {
    "path": "C:/Users/Gašper/WebstormProjects/LP234-13/src/app_public/instrumented/app/Models/User.ts",
    "statementMap": {},
    "fnMap": {},
    "branchMap": {},
    "s": {},
    "f": {},
    "b": {}
  },
  "C:/Users/Gašper/WebstormProjects/LP234-13/src/app_public/instrumented/app/pipes/invert.pipe.ts": {
    "path": "C:/Users/Gašper/WebstormProjects/LP234-13/src/app_public/instrumented/app/pipes/invert.pipe.ts",
    "statementMap": {},
    "fnMap": {},
    "branchMap": {},
    "s": {},
    "f": {},
    "b": {}
  },
  "C:/Users/Gašper/WebstormProjects/LP234-13/src/app_public/instrumented/app/services/app-data.service.ts": {
    "path": "C:/Users/Gašper/WebstormProjects/LP234-13/src/app_public/instrumented/app/services/app-data.service.ts",
    "statementMap": {},
    "fnMap": {},
    "branchMap": {},
    "s": {},
    "f": {},
    "b": {}
  },
  "C:/Users/Gašper/WebstormProjects/LP234-13/src/app_public/instrumented/app/services/authentication.service.ts": {
    "path": "C:/Users/Gašper/WebstormProjects/LP234-13/src/app_public/instrumented/app/services/authentication.service.ts",
    "statementMap": {},
    "fnMap": {},
    "branchMap": {},
    "s": {},
    "f": {},
    "b": {}
  },
  "C:/Users/Gašper/WebstormProjects/LP234-13/src/app_public/instrumented/app/services/oglasi.service.ts": {
    "path": "C:/Users/Gašper/WebstormProjects/LP234-13/src/app_public/instrumented/app/services/oglasi.service.ts",
    "statementMap": {},
    "fnMap": {},
    "branchMap": {},
    "s": {},
    "f": {},
    "b": {}
  },
  "C:/Users/Gašper/WebstormProjects/LP234-13/src/app_public/src/app/Classes/authenticationResult.ts": {
    "path": "C:/Users/Gašper/WebstormProjects/LP234-13/src/app_public/src/app/Classes/authenticationResult.ts",
    "statementMap": {},
    "fnMap": {},
    "branchMap": {},
    "s": {},
    "f": {},
    "b": {}
  },
  "C:/Users/Gašper/WebstormProjects/LP234-13/src/app_public/src/app/Models/User.ts": {
    "path": "C:/Users/Gašper/WebstormProjects/LP234-13/src/app_public/src/app/Models/User.ts",
    "statementMap": {},
    "fnMap": {},
    "branchMap": {},
    "s": {},
    "f": {},
    "b": {}
  },
  "C:/Users/Gašper/WebstormProjects/LP234-13/src/app_public/src/instrumented/app/app.module.ts": {
    "path": "C:/Users/Gašper/WebstormProjects/LP234-13/src/app_public/src/instrumented/app/app.module.ts",
    "statementMap": {},
    "fnMap": {},
    "branchMap": {},
    "s": {},
    "f": {},
    "b": {}
  },
  "C:/Users/Gašper/WebstormProjects/LP234-13/src/app_public/src/instrumented/environments/environment.prod.ts": {
    "path": "C:/Users/Gašper/WebstormProjects/LP234-13/src/app_public/src/instrumented/environments/environment.prod.ts",
    "statementMap": {},
    "fnMap": {},
    "branchMap": {},
    "s": {},
    "f": {},
    "b": {}
  },
  "C:/Users/Gašper/WebstormProjects/LP234-13/src/app_public/src/instrumented/environments/environment.ts": {
    "path": "C:/Users/Gašper/WebstormProjects/LP234-13/src/app_public/src/instrumented/environments/environment.ts",
    "statementMap": {},
    "fnMap": {},
    "branchMap": {},
    "s": {},
    "f": {},
    "b": {}
  },
  "C:/Users/Gašper/WebstormProjects/LP234-13/src/app_public/instrumented/app/components/home-page/home-page.component.ts": {
    "path": "C:/Users/Gašper/WebstormProjects/LP234-13/src/app_public/instrumented/app/components/home-page/home-page.component.ts",
    "statementMap": {},
    "fnMap": {},
    "branchMap": {},
    "s": {},
    "f": {},
    "b": {}
  },
  "C:/Users/Gašper/WebstormProjects/LP234-13/src/app_public/instrumented/app/components/komentar/komentar.component.ts": {
    "path": "C:/Users/Gašper/WebstormProjects/LP234-13/src/app_public/instrumented/app/components/komentar/komentar.component.ts",
    "statementMap": {},
    "fnMap": {},
    "branchMap": {},
    "s": {},
    "f": {},
    "b": {}
  },
  "C:/Users/Gašper/WebstormProjects/LP234-13/src/app_public/instrumented/app/components/navbar/navbar.component.ts": {
    "path": "C:/Users/Gašper/WebstormProjects/LP234-13/src/app_public/instrumented/app/components/navbar/navbar.component.ts",
    "statementMap": {},
    "fnMap": {},
    "branchMap": {},
    "s": {},
    "f": {},
    "b": {}
  },
  "C:/Users/Gašper/WebstormProjects/LP234-13/src/app_public/instrumented/app/components/ogled-oglasa/ogled-oglasa.component.ts": {
    "path": "C:/Users/Gašper/WebstormProjects/LP234-13/src/app_public/instrumented/app/components/ogled-oglasa/ogled-oglasa.component.ts",
    "statementMap": {},
    "fnMap": {},
    "branchMap": {},
    "s": {},
    "f": {},
    "b": {}
  },
  "C:/Users/Gašper/WebstormProjects/LP234-13/src/app_public/instrumented/app/components/ogled-profila/ogled-profila.component.ts": {
    "path": "C:/Users/Gašper/WebstormProjects/LP234-13/src/app_public/instrumented/app/components/ogled-profila/ogled-profila.component.ts",
    "statementMap": {},
    "fnMap": {},
    "branchMap": {},
    "s": {},
    "f": {},
    "b": {}
  },
  "C:/Users/Gašper/WebstormProjects/LP234-13/src/app_public/instrumented/app/components/ogrodje/ogrodje.component.ts": {
    "path": "C:/Users/Gašper/WebstormProjects/LP234-13/src/app_public/instrumented/app/components/ogrodje/ogrodje.component.ts",
    "statementMap": {},
    "fnMap": {},
    "branchMap": {},
    "s": {},
    "f": {},
    "b": {}
  },
  "C:/Users/Gašper/WebstormProjects/LP234-13/src/app_public/instrumented/app/components/profil-uporabnika/profil-uporabnika.component.ts": {
    "path": "C:/Users/Gašper/WebstormProjects/LP234-13/src/app_public/instrumented/app/components/profil-uporabnika/profil-uporabnika.component.ts",
    "statementMap": {},
    "fnMap": {},
    "branchMap": {},
    "s": {},
    "f": {},
    "b": {}
  },
  "C:/Users/Gašper/WebstormProjects/LP234-13/src/app_public/instrumented/app/components/registracija/registracija.component.ts": {
    "path": "C:/Users/Gašper/WebstormProjects/LP234-13/src/app_public/instrumented/app/components/registracija/registracija.component.ts",
    "statementMap": {},
    "fnMap": {},
    "branchMap": {},
    "s": {},
    "f": {},
    "b": {}
  },
  "C:/Users/Gašper/WebstormProjects/LP234-13/src/app_public/instrumented/app/components/urejanje-profila/urejanje-profila.component.ts": {
    "path": "C:/Users/Gašper/WebstormProjects/LP234-13/src/app_public/instrumented/app/components/urejanje-profila/urejanje-profila.component.ts",
    "statementMap": {},
    "fnMap": {},
    "branchMap": {},
    "s": {},
    "f": {},
    "b": {}
  },
  "C:/Users/Gašper/WebstormProjects/LP234-13/src/app_public/instrumented/app/components/vsi-oglasi/vsi-oglasi.component.ts": {
    "path": "C:/Users/Gašper/WebstormProjects/LP234-13/src/app_public/instrumented/app/components/vsi-oglasi/vsi-oglasi.component.ts",
    "statementMap": {},
    "fnMap": {},
    "branchMap": {},
    "s": {},
    "f": {},
    "b": {}
  },
  "C:/Users/Gašper/WebstormProjects/LP234-13/src/app_public/src/instrumented/app/Classes/authenticationResult.ts": {
    "path": "C:/Users/Gašper/WebstormProjects/LP234-13/src/app_public/src/instrumented/app/Classes/authenticationResult.ts",
    "statementMap": {},
    "fnMap": {},
    "branchMap": {},
    "s": {},
    "f": {},
    "b": {}
  },
  "C:/Users/Gašper/WebstormProjects/LP234-13/src/app_public/src/instrumented/app/Classes/storage.ts": {
    "path": "C:/Users/Gašper/WebstormProjects/LP234-13/src/app_public/src/instrumented/app/Classes/storage.ts",
    "statementMap": {},
    "fnMap": {},
    "branchMap": {},
    "s": {},
    "f": {},
    "b": {}
  },
  "C:/Users/Gašper/WebstormProjects/LP234-13/src/app_public/src/instrumented/app/Models/Comment.ts": {
    "path": "C:/Users/Gašper/WebstormProjects/LP234-13/src/app_public/src/instrumented/app/Models/Comment.ts",
    "statementMap": {},
    "fnMap": {},
    "branchMap": {},
    "s": {},
    "f": {},
    "b": {}
  },
  "C:/Users/Gašper/WebstormProjects/LP234-13/src/app_public/src/instrumented/app/Models/Oglas.ts": {
    "path": "C:/Users/Gašper/WebstormProjects/LP234-13/src/app_public/src/instrumented/app/Models/Oglas.ts",
    "statementMap": {},
    "fnMap": {},
    "branchMap": {},
    "s": {},
    "f": {},
    "b": {}
  },
  "C:/Users/Gašper/WebstormProjects/LP234-13/src/app_public/src/instrumented/app/Models/User.ts": {
    "path": "C:/Users/Gašper/WebstormProjects/LP234-13/src/app_public/src/instrumented/app/Models/User.ts",
    "statementMap": {},
    "fnMap": {},
    "branchMap": {},
    "s": {},
    "f": {},
    "b": {}
  },
  "C:/Users/Gašper/WebstormProjects/LP234-13/src/app_public/src/instrumented/app/pipes/invert.pipe.ts": {
    "path": "C:/Users/Gašper/WebstormProjects/LP234-13/src/app_public/src/instrumented/app/pipes/invert.pipe.ts",
    "statementMap": {},
    "fnMap": {},
    "branchMap": {},
    "s": {},
    "f": {},
    "b": {}
  },
  "C:/Users/Gašper/WebstormProjects/LP234-13/src/app_public/src/instrumented/app/services/app-data.service.ts": {
    "path": "C:/Users/Gašper/WebstormProjects/LP234-13/src/app_public/src/instrumented/app/services/app-data.service.ts",
    "statementMap": {},
    "fnMap": {},
    "branchMap": {},
    "s": {},
    "f": {},
    "b": {}
  },
  "C:/Users/Gašper/WebstormProjects/LP234-13/src/app_public/src/instrumented/app/services/authentication.service.ts": {
    "path": "C:/Users/Gašper/WebstormProjects/LP234-13/src/app_public/src/instrumented/app/services/authentication.service.ts",
    "statementMap": {},
    "fnMap": {},
    "branchMap": {},
    "s": {},
    "f": {},
    "b": {}
  },
  "C:/Users/Gašper/WebstormProjects/LP234-13/src/app_public/src/instrumented/app/services/oglasi.service.ts": {
    "path": "C:/Users/Gašper/WebstormProjects/LP234-13/src/app_public/src/instrumented/app/services/oglasi.service.ts",
    "statementMap": {},
    "fnMap": {},
    "branchMap": {},
    "s": {},
    "f": {},
    "b": {}
  },
  "C:/Users/Gašper/WebstormProjects/LP234-13/src/app_public/src/instrumented/app/services/user.service.ts": {
    "path": "C:/Users/Gašper/WebstormProjects/LP234-13/src/app_public/src/instrumented/app/services/user.service.ts",
    "statementMap": {},
    "fnMap": {},
    "branchMap": {},
    "s": {},
    "f": {},
    "b": {}
  },
  "C:/Users/Gašper/WebstormProjects/LP234-13/src/app_public/instrumented/app/components/vsi-oglasi/oglas/oglas.component.ts": {
    "path": "C:/Users/Gašper/WebstormProjects/LP234-13/src/app_public/instrumented/app/components/vsi-oglasi/oglas/oglas.component.ts",
    "statementMap": {},
    "fnMap": {},
    "branchMap": {},
    "s": {},
    "f": {},
    "b": {}
  },
  "C:/Users/Gašper/WebstormProjects/LP234-13/src/app_public/src/app/components/oglasi-profila/oglas/oglas.component.ts": {
    "path": "C:/Users/Gašper/WebstormProjects/LP234-13/src/app_public/src/app/components/oglasi-profila/oglas/oglas.component.ts",
    "statementMap": {},
    "fnMap": {},
    "branchMap": {},
    "s": {},
    "f": {},
    "b": {}
  },
  "C:/Users/Gašper/WebstormProjects/LP234-13/src/app_public/src/instrumented/app/components/home-page/home-page.component.ts": {
    "path": "C:/Users/Gašper/WebstormProjects/LP234-13/src/app_public/src/instrumented/app/components/home-page/home-page.component.ts",
    "statementMap": {},
    "fnMap": {},
    "branchMap": {},
    "s": {},
    "f": {},
    "b": {}
  },
  "C:/Users/Gašper/WebstormProjects/LP234-13/src/app_public/src/instrumented/app/components/komentar/komentar.component.ts": {
    "path": "C:/Users/Gašper/WebstormProjects/LP234-13/src/app_public/src/instrumented/app/components/komentar/komentar.component.ts",
    "statementMap": {},
    "fnMap": {},
    "branchMap": {},
    "s": {},
    "f": {},
    "b": {}
  },
  "C:/Users/Gašper/WebstormProjects/LP234-13/src/app_public/src/instrumented/app/components/navbar/navbar.component.ts": {
    "path": "C:/Users/Gašper/WebstormProjects/LP234-13/src/app_public/src/instrumented/app/components/navbar/navbar.component.ts",
    "statementMap": {},
    "fnMap": {},
    "branchMap": {},
    "s": {},
    "f": {},
    "b": {}
  },
  "C:/Users/Gašper/WebstormProjects/LP234-13/src/app_public/src/instrumented/app/components/ogled-oglasa/ogled-oglasa.component.ts": {
    "path": "C:/Users/Gašper/WebstormProjects/LP234-13/src/app_public/src/instrumented/app/components/ogled-oglasa/ogled-oglasa.component.ts",
    "statementMap": {},
    "fnMap": {},
    "branchMap": {},
    "s": {},
    "f": {},
    "b": {}
  },
  "C:/Users/Gašper/WebstormProjects/LP234-13/src/app_public/src/instrumented/app/components/ogled-profila/ogled-profila.component.ts": {
    "path": "C:/Users/Gašper/WebstormProjects/LP234-13/src/app_public/src/instrumented/app/components/ogled-profila/ogled-profila.component.ts",
    "statementMap": {},
    "fnMap": {},
    "branchMap": {},
    "s": {},
    "f": {},
    "b": {}
  },
  "C:/Users/Gašper/WebstormProjects/LP234-13/src/app_public/src/instrumented/app/components/ogrodje/ogrodje.component.ts": {
    "path": "C:/Users/Gašper/WebstormProjects/LP234-13/src/app_public/src/instrumented/app/components/ogrodje/ogrodje.component.ts",
    "statementMap": {},
    "fnMap": {},
    "branchMap": {},
    "s": {},
    "f": {},
    "b": {}
  },
  "C:/Users/Gašper/WebstormProjects/LP234-13/src/app_public/src/instrumented/app/components/profil-uporabnika/profil-uporabnika.component.ts": {
    "path": "C:/Users/Gašper/WebstormProjects/LP234-13/src/app_public/src/instrumented/app/components/profil-uporabnika/profil-uporabnika.component.ts",
    "statementMap": {},
    "fnMap": {},
    "branchMap": {},
    "s": {},
    "f": {},
    "b": {}
  },
  "C:/Users/Gašper/WebstormProjects/LP234-13/src/app_public/src/instrumented/app/components/registracija/registracija.component.ts": {
    "path": "C:/Users/Gašper/WebstormProjects/LP234-13/src/app_public/src/instrumented/app/components/registracija/registracija.component.ts",
    "statementMap": {},
    "fnMap": {},
    "branchMap": {},
    "s": {},
    "f": {},
    "b": {}
  },
  "C:/Users/Gašper/WebstormProjects/LP234-13/src/app_public/src/instrumented/app/components/urejanje-profila/urejanje-profila.component.ts": {
    "path": "C:/Users/Gašper/WebstormProjects/LP234-13/src/app_public/src/instrumented/app/components/urejanje-profila/urejanje-profila.component.ts",
    "statementMap": {},
    "fnMap": {},
    "branchMap": {},
    "s": {},
    "f": {},
    "b": {}
  },
  "C:/Users/Gašper/WebstormProjects/LP234-13/src/app_public/src/instrumented/app/components/vsi-oglasi/vsi-oglasi.component.ts": {
    "path": "C:/Users/Gašper/WebstormProjects/LP234-13/src/app_public/src/instrumented/app/components/vsi-oglasi/vsi-oglasi.component.ts",
    "statementMap": {},
    "fnMap": {},
    "branchMap": {},
    "s": {},
    "f": {},
    "b": {}
  },
  "C:/Users/Gašper/WebstormProjects/LP234-13/src/app_public/src/instrumented/app/components/vsi-oglasi/oglas/oglas.component.ts": {
    "path": "C:/Users/Gašper/WebstormProjects/LP234-13/src/app_public/src/instrumented/app/components/vsi-oglasi/oglas/oglas.component.ts",
    "statementMap": {},
    "fnMap": {},
    "branchMap": {},
    "s": {},
    "f": {},
    "b": {}
  }
}
